[0.034s] Invoking command in '/home/nuc/autoware.ai/src/autoware/utilities/app_cmd_sender/build/app_cmd_sender': /usr/bin/cmake --build /home/nuc/autoware.ai/src/autoware/utilities/app_cmd_sender/build/app_cmd_sender -- -j8 -l8
[0.147s] [  0%] Built target sensor_msgs_generate_messages_nodejs
[0.160s] [  0%] Built target tablet_socket_msgs_generate_messages_nodejs
[0.160s] [  0%] Built target tablet_socket_msgs_generate_messages_lisp
[0.161s] [  0%] Built target rosgraph_msgs_generate_messages_lisp
[0.163s] [  0%] Built target tablet_socket_msgs_generate_messages_py
[0.175s] [  0%] Built target rosgraph_msgs_generate_messages_nodejs
[0.175s] [  0%] Built target tablet_socket_msgs_generate_messages_eus
[0.189s] [  0%] Built target rosgraph_msgs_generate_messages_py
[0.229s] [  0%] Built target actionlib_msgs_generate_messages_lisp
[0.231s] [  0%] Built target roscpp_generate_messages_lisp
[0.238s] [  0%] Built target jsk_footstep_msgs_generate_messages_nodejs
[0.240s] [  0%] Built target actionlib_msgs_generate_messages_cpp
[0.242s] [  0%] Built target roscpp_generate_messages_py
[0.258s] [  0%] Built target jsk_footstep_msgs_generate_messages_lisp
[0.260s] [  0%] Built target actionlib_msgs_generate_messages_py
[0.321s] [  0%] Built target jsk_footstep_msgs_generate_messages_eus
[0.324s] [  0%] Built target pcl_msgs_generate_messages_nodejs
[0.336s] [  0%] Built target pcl_msgs_generate_messages_lisp
[0.346s] [  0%] Built target pcl_msgs_generate_messages_eus
[0.366s] [  0%] Built target pcl_msgs_generate_messages_py
[0.367s] [  0%] Built target rosgraph_msgs_generate_messages_cpp
[0.380s] [  0%] Built target std_msgs_generate_messages_nodejs
[0.417s] [  0%] Built target autoware_msgs_generate_messages_cpp
[0.429s] [  0%] Built target sensor_msgs_generate_messages_cpp
[0.435s] [  0%] Built target sensor_msgs_generate_messages_eus
[0.456s] [  0%] Built target tablet_socket_msgs_generate_messages_cpp
[0.474s] [  0%] Built target jsk_footstep_msgs_generate_messages_cpp
[0.475s] [  0%] Built target autoware_can_msgs_generate_messages_py
[0.484s] [  0%] Built target std_msgs_generate_messages_lisp
[0.528s] [  0%] Built target std_msgs_generate_messages_eus
[0.552s] [  0%] Built target autoware_msgs_generate_messages_nodejs
[0.566s] [  0%] Built target std_msgs_generate_messages_cpp
[0.599s] [  0%] Built target jsk_footstep_msgs_generate_messages_py
[0.600s] [  0%] Built target geometry_msgs_generate_messages_py
[0.602s] [  0%] Built target autoware_msgs_generate_messages_py
[0.610s] [  0%] Built target std_msgs_generate_messages_py
[0.632s] [  0%] Built target actionlib_msgs_generate_messages_nodejs
[0.672s] [  0%] Built target autoware_can_msgs_generate_messages_eus
[0.679s] [  0%] Built target sensor_msgs_generate_messages_py
[0.700s] [  0%] Built target geometry_msgs_generate_messages_nodejs
[0.749s] [  0%] Built target jsk_recognition_msgs_generate_messages_py
[0.750s] [  0%] Built target autoware_can_msgs_generate_messages_cpp
[0.751s] [  0%] Built target autoware_can_msgs_generate_messages_lisp
[0.756s] [  0%] Built target autoware_msgs_generate_messages_eus
[0.767s] [  0%] Built target autoware_can_msgs_generate_messages_nodejs
[0.777s] [  0%] Built target sensor_msgs_generate_messages_lisp
[0.787s] [  0%] Built target jsk_recognition_msgs_generate_messages_cpp
[0.832s] [  0%] Built target pcl_msgs_generate_messages_cpp
[0.847s] [  0%] Built target roscpp_generate_messages_nodejs
[0.859s] [  0%] Built target actionlib_msgs_generate_messages_eus
[0.870s] [  0%] Built target roscpp_generate_messages_eus
[0.894s] [  0%] Built target autoware_msgs_generate_messages_lisp
[0.912s] [  0%] Built target geometry_msgs_generate_messages_cpp
[0.925s] [  0%] Built target geometry_msgs_generate_messages_eus
[0.972s] [  0%] Built target geometry_msgs_generate_messages_lisp
[0.973s] [  0%] Built target jsk_recognition_msgs_generate_messages_lisp
[0.984s] [  0%] Built target jsk_recognition_msgs_generate_messages_eus
[1.012s] [  0%] Built target jsk_recognition_msgs_generate_messages_nodejs
[1.013s] [  0%] Built target rosgraph_msgs_generate_messages_eus
[1.017s] [  0%] Built target roscpp_generate_messages_cpp
[1.053s] [35m[1mScanning dependencies of target app_cmd_sender[0m
[1.098s] [ 50%] [32mBuilding CXX object CMakeFiles/app_cmd_sender.dir/nodes/app_cmd_sender.cpp.o[0m
[3.823s] [01m[K/home/nuc/autoware.ai/src/autoware/utilities/app_cmd_sender/nodes/app_cmd_sender.cpp:[m[K In function ‘[01m[Kvoid centerlineCallback(const MarkerArray&)[m[K’:
[3.824s] [01m[K/home/nuc/autoware.ai/src/autoware/utilities/app_cmd_sender/nodes/app_cmd_sender.cpp:68:32:[m[K [01;35m[Kwarning: [m[Knarrowing conversion of ‘[01m[Kpt.geometry_msgs::Point_<std::allocator<void> >::x[m[K’ from ‘[01m[Kgeometry_msgs::Point_<std::allocator<void> >::_x_type {aka double}[m[K’ to ‘[01m[Kfloat[m[K’ inside { } [[01;35m[K-Wnarrowing[m[K]
[3.824s]          centerpt.push_back({[01;35m[Kpt.x[m[K,pt.y});
[3.824s]                              [01;35m[K~~~^[m[K
[3.824s] [01m[K/home/nuc/autoware.ai/src/autoware/utilities/app_cmd_sender/nodes/app_cmd_sender.cpp:68:37:[m[K [01;35m[Kwarning: [m[Knarrowing conversion of ‘[01m[Kpt.geometry_msgs::Point_<std::allocator<void> >::y[m[K’ from ‘[01m[Kgeometry_msgs::Point_<std::allocator<void> >::_y_type {aka double}[m[K’ to ‘[01m[Kfloat[m[K’ inside { } [[01;35m[K-Wnarrowing[m[K]
[3.824s]          centerpt.push_back({pt.x,[01;35m[Kpt.y[m[K});
[3.824s]                                   [01;35m[K~~~^[m[K
[3.824s] In file included from [01m[K/opt/ros/melodic/include/ros/ros.h:40:0[m[K,
[3.824s]                  from [01m[K/home/nuc/autoware.ai/src/autoware/utilities/app_cmd_sender/nodes/app_cmd_sender.cpp:17[m[K:
[3.824s] [01m[K/opt/ros/melodic/include/ros/console.h:348:176:[m[K [01;35m[Kwarning: [m[Kformat ‘[01m[K%d[m[K’ expects argument of type ‘[01m[Kint[m[K’, but argument 8 has type ‘[01m[Kstd::vector<geometry_msgs::Point_<std::allocator<void> >, std::allocator<geometry_msgs::Point_<std::allocator<void> > > >::size_type {aka long unsigned int}[m[K’ [[01;35m[K-Wformat=[m[K]
[3.824s]  oc.logger_, __rosconsole_define_location__loc.level_, __FILE__, __LINE__, __ROSCONSOLE_FUNCTION__, __VA_ARGS__[01;35m[K)[m[K
[3.824s]                                                                                                                [01;35m[K^[m[K
[3.824s] [01m[K/opt/ros/melodic/include/ros/console.h:351:5:[m[K [01;36m[Knote: [m[Kin expansion of macro ‘[01m[KROSCONSOLE_PRINT_AT_LOCATION_WITH_FILTER[m[K’
[3.824s]      [01;36m[KROSCONSOLE_PRINT_AT_LOCATION_WITH_FILTER[m[K(NULL, __VA_ARGS__)
[3.824s]      [01;36m[K^~~~~~~~~~~~~~~~~~~~~~~~~~~~~~~~~~~~~~~~[m[K
[3.825s] [01m[K/opt/ros/melodic/include/ros/console.h:387:7:[m[K [01;36m[Knote: [m[Kin expansion of macro ‘[01m[KROSCONSOLE_PRINT_AT_LOCATION[m[K’
[3.825s]        [01;36m[KROSCONSOLE_PRINT_AT_LOCATION[m[K(__VA_ARGS__); \
[3.825s]        [01;36m[K^~~~~~~~~~~~~~~~~~~~~~~~~~~~[m[K
[3.825s] [01m[K/opt/ros/melodic/include/ros/console.h:572:35:[m[K [01;36m[Knote: [m[Kin expansion of macro ‘[01m[KROS_LOG_COND[m[K’
[3.825s]  #define ROS_LOG(level, name, ...) [01;36m[KROS_LOG_COND[m[K(true, level, name, __VA_ARGS__)
[3.825s]                                    [01;36m[K^~~~~~~~~~~~[m[K
[3.825s] [01m[K/opt/ros/melodic/include/rosconsole/macros_generated.h:162:23:[m[K [01;36m[Knote: [m[Kin expansion of macro ‘[01m[KROS_LOG[m[K’
[3.825s]  #define ROS_WARN(...) [01;36m[KROS_LOG[m[K(::ros::console::levels::Warn, ROSCONSOLE_DEFAULT_NAME, __VA_ARGS__)
[3.825s]                        [01;36m[K^~~~~~~[m[K
[3.825s] [01m[K/home/nuc/autoware.ai/src/autoware/utilities/app_cmd_sender/nodes/app_cmd_sender.cpp:70:5:[m[K [01;36m[Knote: [m[Kin expansion of macro ‘[01m[KROS_WARN[m[K’
[3.825s]      [01;36m[KR[m[KOS_WARN("IM centerline, SIZE=%d",  ary.markers[0].points.size());
[3.825s]      [01;36m[K^[m[K
[3.826s] [01m[K/home/nuc/autoware.ai/src/autoware/utilities/app_cmd_sender/nodes/app_cmd_sender.cpp:[m[K In function ‘[01m[Kvoid planlineCallback(const MarkerArray&)[m[K’:
[3.826s] [01m[K/opt/ros/melodic/include/ros/console.h:348:176:[m[K [01;35m[Kwarning: [m[Kformat ‘[01m[K%d[m[K’ expects argument of type ‘[01m[Kint[m[K’, but argument 8 has type ‘[01m[Kstd::vector<geometry_msgs::Point_<std::allocator<void> >, std::allocator<geometry_msgs::Point_<std::allocator<void> > > >::size_type {aka long unsigned int}[m[K’ [[01;35m[K-Wformat=[m[K]
[3.826s]  oc.logger_, __rosconsole_define_location__loc.level_, __FILE__, __LINE__, __ROSCONSOLE_FUNCTION__, __VA_ARGS__[01;35m[K)[m[K
[3.826s]                                                                                                                [01;35m[K^[m[K
[3.826s] [01m[K/opt/ros/melodic/include/ros/console.h:351:5:[m[K [01;36m[Knote: [m[Kin expansion of macro ‘[01m[KROSCONSOLE_PRINT_AT_LOCATION_WITH_FILTER[m[K’
[3.826s]      [01;36m[KROSCONSOLE_PRINT_AT_LOCATION_WITH_FILTER[m[K(NULL, __VA_ARGS__)
[3.826s]      [01;36m[K^~~~~~~~~~~~~~~~~~~~~~~~~~~~~~~~~~~~~~~~[m[K
[3.826s] [01m[K/opt/ros/melodic/include/ros/console.h:387:7:[m[K [01;36m[Knote: [m[Kin expansion of macro ‘[01m[KROSCONSOLE_PRINT_AT_LOCATION[m[K’
[3.826s]        [01;36m[KROSCONSOLE_PRINT_AT_LOCATION[m[K(__VA_ARGS__); \
[3.826s]        [01;36m[K^~~~~~~~~~~~~~~~~~~~~~~~~~~~[m[K
[3.826s] [01m[K/opt/ros/melodic/include/ros/console.h:572:35:[m[K [01;36m[Knote: [m[Kin expansion of macro ‘[01m[KROS_LOG_COND[m[K’
[3.826s]  #define ROS_LOG(level, name, ...) [01;36m[KROS_LOG_COND[m[K(true, level, name, __VA_ARGS__)
[3.826s]                                    [01;36m[K^~~~~~~~~~~~[m[K
[3.826s] [01m[K/opt/ros/melodic/include/rosconsole/macros_generated.h:162:23:[m[K [01;36m[Knote: [m[Kin expansion of macro ‘[01m[KROS_LOG[m[K’
[3.826s]  #define ROS_WARN(...) [01;36m[KROS_LOG[m[K(::ros::console::levels::Warn, ROSCONSOLE_DEFAULT_NAME, __VA_ARGS__)
[3.826s]                        [01;36m[K^~~~~~~[m[K
[3.826s] [01m[K/home/nuc/autoware.ai/src/autoware/utilities/app_cmd_sender/nodes/app_cmd_sender.cpp:79:9:[m[K [01;36m[Knote: [m[Kin expansion of macro ‘[01m[KROS_WARN[m[K’
[3.827s]          [01;36m[KR[m[KOS_WARN("IM planline, SIZE=%d",  ary.markers[0].points.size());
[3.827s]          [01;36m[K^[m[K
[3.827s] [01m[K/home/nuc/autoware.ai/src/autoware/utilities/app_cmd_sender/nodes/app_cmd_sender.cpp:83:57:[m[K [01;35m[Kwarning: [m[Knarrowing conversion of ‘[01m[Kpt.geometry_msgs::Point_<std::allocator<void> >::x[m[K’ from ‘[01m[Kgeometry_msgs::Point_<std::allocator<void> >::_x_type {aka double}[m[K’ to ‘[01m[Kfloat[m[K’ inside { } [[01;35m[K-Wnarrowing[m[K]
[3.827s]              plannedline.push_back(std::vector<float>{[01;35m[Kpt.x[m[K,pt.y});
[3.827s]                                                       [01;35m[K~~~^[m[K
[3.827s] [01m[K/home/nuc/autoware.ai/src/autoware/utilities/app_cmd_sender/nodes/app_cmd_sender.cpp:83:57:[m[K [01;35m[Kwarning: [m[Knarrowing conversion of ‘[01m[Kpt.geometry_msgs::Point_<std::allocator<void> >::x[m[K’ from ‘[01m[Kgeometry_msgs::Point_<std::allocator<void> >::_x_type {aka double}[m[K’ to ‘[01m[Kfloat[m[K’ inside { } [[01;35m[K-Wnarrowing[m[K]
[3.827s] [01m[K/home/nuc/autoware.ai/src/autoware/utilities/app_cmd_sender/nodes/app_cmd_sender.cpp:83:62:[m[K [01;35m[Kwarning: [m[Knarrowing conversion of ‘[01m[Kpt.geometry_msgs::Point_<std::allocator<void> >::y[m[K’ from ‘[01m[Kgeometry_msgs::Point_<std::allocator<void> >::_y_type {aka double}[m[K’ to ‘[01m[Kfloat[m[K’ inside { } [[01;35m[K-Wnarrowing[m[K]
[3.827s]              plannedline.push_back(std::vector<float>{pt.x,[01;35m[Kpt.y[m[K});
[3.827s]                                                            [01;35m[K~~~^[m[K
[3.827s] [01m[K/home/nuc/autoware.ai/src/autoware/utilities/app_cmd_sender/nodes/app_cmd_sender.cpp:83:62:[m[K [01;35m[Kwarning: [m[Knarrowing conversion of ‘[01m[Kpt.geometry_msgs::Point_<std::allocator<void> >::y[m[K’ from ‘[01m[Kgeometry_msgs::Point_<std::allocator<void> >::_y_type {aka double}[m[K’ to ‘[01m[Kfloat[m[K’ inside { } [[01;35m[K-Wnarrowing[m[K]
[3.832s] [01m[K/home/nuc/autoware.ai/src/autoware/utilities/app_cmd_sender/nodes/app_cmd_sender.cpp:[m[K In function ‘[01m[Kvoid currentposeCallback(const PoseStamped&)[m[K’:
[3.832s] [01m[K/home/nuc/autoware.ai/src/autoware/utilities/app_cmd_sender/nodes/app_cmd_sender.cpp:105:32:[m[K [01;35m[Kwarning: [m[Knarrowing conversion of ‘[01m[K(geometry_msgs::Point_<std::allocator<void> >::_x_type)odm.geometry_msgs::PoseStamped_<std::allocator<void> >::pose.geometry_msgs::Pose_<std::allocator<void> >::position.geometry_msgs::Point_<std::allocator<void> >::x[m[K’ from ‘[01m[Kgeometry_msgs::Point_<std::allocator<void> >::_x_type {aka double}[m[K’ to ‘[01m[Kfloat[m[K’ inside { } [[01;35m[K-Wnarrowing[m[K]
[3.832s]      point pt{[01;35m[Kodm.pose.position.x[m[K,odm.pose.position.y};
[3.832s]               [01;35m[K~~~~~~~~~~~~~~~~~~^[m[K
[3.833s] [01m[K/home/nuc/autoware.ai/src/autoware/utilities/app_cmd_sender/nodes/app_cmd_sender.cpp:105:52:[m[K [01;35m[Kwarning: [m[Knarrowing conversion of ‘[01m[K(geometry_msgs::Point_<std::allocator<void> >::_y_type)odm.geometry_msgs::PoseStamped_<std::allocator<void> >::pose.geometry_msgs::Pose_<std::allocator<void> >::position.geometry_msgs::Point_<std::allocator<void> >::y[m[K’ from ‘[01m[Kgeometry_msgs::Point_<std::allocator<void> >::_y_type {aka double}[m[K’ to ‘[01m[Kfloat[m[K’ inside { } [[01;35m[K-Wnarrowing[m[K]
[3.833s]      point pt{odm.pose.position.x,[01;35m[Kodm.pose.position.y[m[K};
[3.833s]                                   [01;35m[K~~~~~~~~~~~~~~~~~~^[m[K
[3.841s] In file included from [01m[K/opt/ros/melodic/include/ros/ros.h:40:0[m[K,
[3.842s]                  from [01m[K/home/nuc/autoware.ai/src/autoware/utilities/app_cmd_sender/nodes/app_cmd_sender.cpp:17[m[K:
[3.842s] [01m[K/home/nuc/autoware.ai/src/autoware/utilities/app_cmd_sender/nodes/app_cmd_sender.cpp:[m[K In function ‘[01m[Kint main(int, char**)[m[K’:
[3.842s] [01m[K/opt/ros/melodic/include/ros/console.h:348:176:[m[K [01;35m[Kwarning: [m[Kformat not a string literal and no format arguments [[01;35m[K-Wformat-security[m[K]
[3.842s]  oc.logger_, __rosconsole_define_location__loc.level_, __FILE__, __LINE__, __ROSCONSOLE_FUNCTION__, __VA_ARGS__[01;35m[K)[m[K
[3.842s]                                                                                                                [01;35m[K^[m[K
[3.842s] [01m[K/opt/ros/melodic/include/ros/console.h:351:5:[m[K [01;36m[Knote: [m[Kin expansion of macro ‘[01m[KROSCONSOLE_PRINT_AT_LOCATION_WITH_FILTER[m[K’
[3.842s]      [01;36m[KROSCONSOLE_PRINT_AT_LOCATION_WITH_FILTER[m[K(NULL, __VA_ARGS__)
[3.842s]      [01;36m[K^~~~~~~~~~~~~~~~~~~~~~~~~~~~~~~~~~~~~~~~[m[K
[3.842s] [01m[K/opt/ros/melodic/include/ros/console.h:387:7:[m[K [01;36m[Knote: [m[Kin expansion of macro ‘[01m[KROSCONSOLE_PRINT_AT_LOCATION[m[K’
[3.842s]        [01;36m[KROSCONSOLE_PRINT_AT_LOCATION[m[K(__VA_ARGS__); \
[3.842s]        [01;36m[K^~~~~~~~~~~~~~~~~~~~~~~~~~~~[m[K
[3.842s] [01m[K/opt/ros/melodic/include/ros/console.h:572:35:[m[K [01;36m[Knote: [m[Kin expansion of macro ‘[01m[KROS_LOG_COND[m[K’
[3.842s]  #define ROS_LOG(level, name, ...) [01;36m[KROS_LOG_COND[m[K(true, level, name, __VA_ARGS__)
[3.842s]                                    [01;36m[K^~~~~~~~~~~~[m[K
[3.842s] [01m[K/opt/ros/melodic/include/rosconsole/macros_generated.h:162:23:[m[K [01;36m[Knote: [m[Kin expansion of macro ‘[01m[KROS_LOG[m[K’
[3.842s]  #define ROS_WARN(...) [01;36m[KROS_LOG[m[K(::ros::console::levels::Warn, ROSCONSOLE_DEFAULT_NAME, __VA_ARGS__)
[3.843s]                        [01;36m[K^~~~~~~[m[K
[3.843s] [01m[K/home/nuc/autoware.ai/src/autoware/utilities/app_cmd_sender/nodes/app_cmd_sender.cpp:207:9:[m[K [01;36m[Knote: [m[Kin expansion of macro ‘[01m[KROS_WARN[m[K’
[3.843s]          [01;36m[KR[m[KOS_WARN((pwd+"/RegisteredFace"+"not ready").c_str());
[3.843s]          [01;36m[K^[m[K
[10.449s] [100%] [32m[1mLinking CXX executable devel/lib/app_cmd_sender/app_cmd_sender[0m
[10.830s] [100%] Built target app_cmd_sender
[10.843s] Invoked command in '/home/nuc/autoware.ai/src/autoware/utilities/app_cmd_sender/build/app_cmd_sender' returned '0': /usr/bin/cmake --build /home/nuc/autoware.ai/src/autoware/utilities/app_cmd_sender/build/app_cmd_sender -- -j8 -l8
[10.962s] Invoking command in '/home/nuc/autoware.ai/src/autoware/utilities/app_cmd_sender/build/app_cmd_sender': /usr/bin/cmake --build /home/nuc/autoware.ai/src/autoware/utilities/app_cmd_sender/build/app_cmd_sender --target tests -- -j8 -l8
[11.044s] Built target tests
[11.058s] Invoked command in '/home/nuc/autoware.ai/src/autoware/utilities/app_cmd_sender/build/app_cmd_sender' returned '0': /usr/bin/cmake --build /home/nuc/autoware.ai/src/autoware/utilities/app_cmd_sender/build/app_cmd_sender --target tests -- -j8 -l8
[11.191s] Invoking command in '/home/nuc/autoware.ai/src/autoware/utilities/app_cmd_sender/build/app_cmd_sender': /usr/bin/cmake --build /home/nuc/autoware.ai/src/autoware/utilities/app_cmd_sender/build/app_cmd_sender --target install -- -j8 -l8
[11.273s] [  0%] Built target sensor_msgs_generate_messages_nodejs
[11.273s] [  0%] Built target tablet_socket_msgs_generate_messages_lisp
[11.273s] [  0%] Built target rosgraph_msgs_generate_messages_lisp
[11.274s] [  0%] Built target tablet_socket_msgs_generate_messages_eus
[11.276s] [  0%] Built target tablet_socket_msgs_generate_messages_nodejs
[11.276s] [  0%] Built target rosgraph_msgs_generate_messages_nodejs
[11.276s] [  0%] Built target tablet_socket_msgs_generate_messages_py
[11.283s] [  0%] Built target rosgraph_msgs_generate_messages_py
[11.313s] [  0%] Built target actionlib_msgs_generate_messages_lisp
[11.317s] [  0%] Built target roscpp_generate_messages_lisp
[11.319s] [  0%] Built target roscpp_generate_messages_py
[11.319s] [  0%] Built target actionlib_msgs_generate_messages_cpp
[11.324s] [  0%] Built target jsk_footstep_msgs_generate_messages_lisp
[11.327s] [  0%] Built target jsk_footstep_msgs_generate_messages_eus
[11.328s] [  0%] Built target jsk_footstep_msgs_generate_messages_nodejs
[11.334s] [  0%] Built target actionlib_msgs_generate_messages_py
[11.359s] [  0%] Built target pcl_msgs_generate_messages_nodejs
[11.361s] [  0%] Built target pcl_msgs_generate_messages_py
[11.370s] [  0%] Built target pcl_msgs_generate_messages_eus
[11.370s] [  0%] Built target pcl_msgs_generate_messages_lisp
[11.371s] [  0%] Built target autoware_msgs_generate_messages_cpp
[11.376s] [  0%] Built target std_msgs_generate_messages_lisp
[11.376s] [  0%] Built target rosgraph_msgs_generate_messages_cpp
[11.378s] [  0%] Built target std_msgs_generate_messages_nodejs
[11.402s] [  0%] Built target sensor_msgs_generate_messages_cpp
[11.408s] [  0%] Built target sensor_msgs_generate_messages_eus
[11.414s] [  0%] Built target jsk_footstep_msgs_generate_messages_cpp
[11.415s] [  0%] Built target tablet_socket_msgs_generate_messages_cpp
[11.419s] [  0%] Built target geometry_msgs_generate_messages_py
[11.424s] [  0%] Built target std_msgs_generate_messages_eus
[11.424s] [  0%] Built target autoware_msgs_generate_messages_nodejs
[11.428s] [  0%] Built target autoware_can_msgs_generate_messages_py
[11.449s] [  0%] Built target jsk_footstep_msgs_generate_messages_py
[11.460s] [  0%] Built target std_msgs_generate_messages_cpp
[11.463s] [  0%] Built target std_msgs_generate_messages_py
[11.463s] [  0%] Built target autoware_msgs_generate_messages_py
[11.470s] [  0%] Built target actionlib_msgs_generate_messages_nodejs
[11.471s] [  0%] Built target autoware_can_msgs_generate_messages_eus
[11.478s] [  0%] Built target sensor_msgs_generate_messages_py
[11.481s] [  0%] Built target geometry_msgs_generate_messages_nodejs
[11.503s] [  0%] Built target jsk_recognition_msgs_generate_messages_py
[11.508s] [  0%] Built target autoware_can_msgs_generate_messages_cpp
[11.510s] [  0%] Built target autoware_can_msgs_generate_messages_nodejs
[11.516s] [  0%] Built target autoware_msgs_generate_messages_eus
[11.517s] [  0%] Built target autoware_can_msgs_generate_messages_lisp
[11.525s] [  0%] Built target pcl_msgs_generate_messages_cpp
[11.527s] [  0%] Built target sensor_msgs_generate_messages_lisp
[11.532s] [  0%] Built target jsk_recognition_msgs_generate_messages_cpp
[11.560s] [  0%] Built target actionlib_msgs_generate_messages_eus
[11.560s] [  0%] Built target autoware_msgs_generate_messages_lisp
[11.571s] [  0%] Built target roscpp_generate_messages_eus
[11.572s] [  0%] Built target geometry_msgs_generate_messages_lisp
[11.576s] [  0%] Built target roscpp_generate_messages_nodejs
[11.576s] [  0%] Built target geometry_msgs_generate_messages_eus
[11.590s] [  0%] Built target geometry_msgs_generate_messages_cpp
[11.591s] [  0%] Built target jsk_recognition_msgs_generate_messages_eus
[11.602s] [  0%] Built target rosgraph_msgs_generate_messages_eus
[11.610s] [  0%] Built target jsk_recognition_msgs_generate_messages_lisp
[11.612s] [  0%] Built target jsk_recognition_msgs_generate_messages_nodejs
[11.614s] [  0%] Built target roscpp_generate_messages_cpp
[11.650s] [100%] Built target app_cmd_sender
[11.677s] [36mInstall the project...[0m
[11.689s] -- Install configuration: ""
[11.690s] -- Up-to-date: /home/nuc/autoware.ai/src/autoware/utilities/app_cmd_sender/install/app_cmd_sender/lib/pkgconfig/app_cmd_sender.pc
[11.690s] -- Up-to-date: /home/nuc/autoware.ai/src/autoware/utilities/app_cmd_sender/install/app_cmd_sender/share/app_cmd_sender/cmake/app_cmd_senderConfig.cmake
[11.690s] -- Up-to-date: /home/nuc/autoware.ai/src/autoware/utilities/app_cmd_sender/install/app_cmd_sender/share/app_cmd_sender/cmake/app_cmd_senderConfig-version.cmake
[11.690s] -- Up-to-date: /home/nuc/autoware.ai/src/autoware/utilities/app_cmd_sender/install/app_cmd_sender/share/app_cmd_sender/package.xml
[11.690s] -- Installing: /home/nuc/autoware.ai/src/autoware/utilities/app_cmd_sender/install/app_cmd_sender/lib/app_cmd_sender/app_cmd_sender
[11.691s] -- Set runtime path of "/home/nuc/autoware.ai/src/autoware/utilities/app_cmd_sender/install/app_cmd_sender/lib/app_cmd_sender/app_cmd_sender" to ""
[11.691s] -- Up-to-date: /home/nuc/autoware.ai/src/autoware/utilities/app_cmd_sender/install/app_cmd_sender/share/app_cmd_sender/launch
[11.691s] -- Up-to-date: /home/nuc/autoware.ai/src/autoware/utilities/app_cmd_sender/install/app_cmd_sender/share/app_cmd_sender/launch/app_cmd_sender.launch
[11.694s] Invoked command in '/home/nuc/autoware.ai/src/autoware/utilities/app_cmd_sender/build/app_cmd_sender' returned '0': /usr/bin/cmake --build /home/nuc/autoware.ai/src/autoware/utilities/app_cmd_sender/build/app_cmd_sender --target install -- -j8 -l8
