[0.031s] Invoking command in '/home/nuc/autoware.ai/src/autoware/utilities/app_cmd_sender/build/app_cmd_sender': /usr/bin/cmake --build /home/nuc/autoware.ai/src/autoware/utilities/app_cmd_sender/build/app_cmd_sender -- -j8 -l8
[0.207s] [  0%] Built target tablet_socket_msgs_generate_messages_py
[0.211s] [  0%] Built target tablet_socket_msgs_generate_messages_eus
[0.217s] [  0%] Built target tablet_socket_msgs_generate_messages_lisp
[0.217s] [  0%] Built target sensor_msgs_generate_messages_nodejs
[0.218s] [  0%] Built target tablet_socket_msgs_generate_messages_nodejs
[0.221s] [  0%] Built target rosgraph_msgs_generate_messages_nodejs
[0.224s] [  0%] Built target rosgraph_msgs_generate_messages_py
[0.234s] [  0%] Built target rosgraph_msgs_generate_messages_lisp
[0.259s] [  0%] Built target roscpp_generate_messages_lisp
[0.259s] [  0%] Built target roscpp_generate_messages_py
[0.259s] [  0%] Built target jsk_footstep_msgs_generate_messages_nodejs
[0.265s] [  0%] Built target actionlib_msgs_generate_messages_lisp
[0.265s] [  0%] Built target actionlib_msgs_generate_messages_cpp
[0.273s] [  0%] Built target jsk_footstep_msgs_generate_messages_lisp
[0.273s] [  0%] Built target actionlib_msgs_generate_messages_py
[0.288s] [  0%] Built target jsk_footstep_msgs_generate_messages_eus
[0.313s] [  0%] Built target pcl_msgs_generate_messages_nodejs
[0.313s] [  0%] Built target pcl_msgs_generate_messages_py
[0.315s] [  0%] Built target pcl_msgs_generate_messages_eus
[0.318s] [  0%] Built target rosgraph_msgs_generate_messages_cpp
[0.323s] [  0%] Built target pcl_msgs_generate_messages_lisp
[0.336s] [  0%] Built target std_msgs_generate_messages_nodejs
[0.344s] [  0%] Built target autoware_msgs_generate_messages_cpp
[0.350s] [  0%] Built target std_msgs_generate_messages_lisp
[0.367s] [  0%] Built target sensor_msgs_generate_messages_cpp
[0.367s] [  0%] Built target sensor_msgs_generate_messages_eus
[0.375s] [  0%] Built target jsk_footstep_msgs_generate_messages_cpp
[0.376s] [  0%] Built target autoware_can_msgs_generate_messages_py
[0.376s] [  0%] Built target tablet_socket_msgs_generate_messages_cpp
[0.382s] [  0%] Built target geometry_msgs_generate_messages_py
[0.403s] [  0%] Built target std_msgs_generate_messages_eus
[0.407s] [  0%] Built target autoware_msgs_generate_messages_nodejs
[0.412s] [  0%] Built target jsk_footstep_msgs_generate_messages_py
[0.417s] [  0%] Built target std_msgs_generate_messages_cpp
[0.425s] [  0%] Built target autoware_msgs_generate_messages_py
[0.432s] [  0%] Built target actionlib_msgs_generate_messages_nodejs
[0.438s] [  0%] Built target autoware_can_msgs_generate_messages_eus
[0.447s] [  0%] Built target std_msgs_generate_messages_py
[0.456s] [  0%] Built target sensor_msgs_generate_messages_py
[0.456s] [  0%] Built target geometry_msgs_generate_messages_nodejs
[0.463s] [  0%] Built target jsk_recognition_msgs_generate_messages_py
[0.464s] [  0%] Built target autoware_can_msgs_generate_messages_nodejs
[0.478s] [  0%] Built target autoware_can_msgs_generate_messages_lisp
[0.478s] [  0%] Built target autoware_can_msgs_generate_messages_cpp
[0.497s] [  0%] Built target jsk_recognition_msgs_generate_messages_cpp
[0.501s] [  0%] Built target pcl_msgs_generate_messages_cpp
[0.502s] [  0%] Built target sensor_msgs_generate_messages_lisp
[0.506s] [  0%] Built target autoware_msgs_generate_messages_eus
[0.527s] [  0%] Built target actionlib_msgs_generate_messages_eus
[0.536s] [  0%] Built target autoware_msgs_generate_messages_lisp
[0.542s] [  0%] Built target roscpp_generate_messages_nodejs
[0.546s] [  0%] Built target geometry_msgs_generate_messages_eus
[0.546s] [  0%] Built target roscpp_generate_messages_eus
[0.551s] [  0%] Built target geometry_msgs_generate_messages_lisp
[0.556s] [  0%] Built target geometry_msgs_generate_messages_cpp
[0.564s] [  0%] Built target jsk_recognition_msgs_generate_messages_eus
[0.570s] [  0%] Built target jsk_recognition_msgs_generate_messages_lisp
[0.578s] [  0%] Built target jsk_recognition_msgs_generate_messages_nodejs
[0.578s] [  0%] Built target rosgraph_msgs_generate_messages_eus
[0.588s] [  0%] Built target roscpp_generate_messages_cpp
[0.626s] [100%] Built target app_cmd_sender
[0.641s] Invoked command in '/home/nuc/autoware.ai/src/autoware/utilities/app_cmd_sender/build/app_cmd_sender' returned '0': /usr/bin/cmake --build /home/nuc/autoware.ai/src/autoware/utilities/app_cmd_sender/build/app_cmd_sender -- -j8 -l8
[0.764s] Invoking command in '/home/nuc/autoware.ai/src/autoware/utilities/app_cmd_sender/build/app_cmd_sender': /usr/bin/cmake --build /home/nuc/autoware.ai/src/autoware/utilities/app_cmd_sender/build/app_cmd_sender --target tests -- -j8 -l8
[0.849s] Built target tests
[0.862s] Invoked command in '/home/nuc/autoware.ai/src/autoware/utilities/app_cmd_sender/build/app_cmd_sender' returned '0': /usr/bin/cmake --build /home/nuc/autoware.ai/src/autoware/utilities/app_cmd_sender/build/app_cmd_sender --target tests -- -j8 -l8
[0.990s] Invoking command in '/home/nuc/autoware.ai/src/autoware/utilities/app_cmd_sender/build/app_cmd_sender': /usr/bin/cmake --build /home/nuc/autoware.ai/src/autoware/utilities/app_cmd_sender/build/app_cmd_sender --target install -- -j8 -l8
[1.071s] [  0%] Built target tablet_socket_msgs_generate_messages_py
[1.071s] [  0%] Built target tablet_socket_msgs_generate_messages_lisp
[1.071s] [  0%] Built target tablet_socket_msgs_generate_messages_nodejs
[1.072s] [  0%] Built target sensor_msgs_generate_messages_nodejs
[1.073s] [  0%] Built target rosgraph_msgs_generate_messages_py
[1.076s] [  0%] Built target tablet_socket_msgs_generate_messages_eus
[1.076s] [  0%] Built target rosgraph_msgs_generate_messages_lisp
[1.077s] [  0%] Built target rosgraph_msgs_generate_messages_nodejs
[1.114s] [  0%] Built target actionlib_msgs_generate_messages_py
[1.115s] [  0%] Built target roscpp_generate_messages_py
[1.115s] [  0%] Built target roscpp_generate_messages_lisp
[1.117s] [  0%] Built target actionlib_msgs_generate_messages_cpp
[1.117s] [  0%] Built target jsk_footstep_msgs_generate_messages_eus
[1.117s] [  0%] Built target actionlib_msgs_generate_messages_lisp
[1.127s] [  0%] Built target jsk_footstep_msgs_generate_messages_nodejs
[1.137s] [  0%] Built target jsk_footstep_msgs_generate_messages_lisp
[1.150s] [  0%] Built target pcl_msgs_generate_messages_nodejs
[1.157s] [  0%] Built target pcl_msgs_generate_messages_py
[1.157s] [  0%] Built target pcl_msgs_generate_messages_lisp
[1.161s] [  0%] Built target rosgraph_msgs_generate_messages_cpp
[1.167s] [  0%] Built target autoware_msgs_generate_messages_cpp
[1.184s] [  0%] Built target std_msgs_generate_messages_nodejs
[1.189s] [  0%] Built target pcl_msgs_generate_messages_eus
[1.207s] [  0%] Built target std_msgs_generate_messages_lisp
[1.208s] [  0%] Built target sensor_msgs_generate_messages_cpp
[1.209s] [  0%] Built target tablet_socket_msgs_generate_messages_cpp
[1.224s] [  0%] Built target sensor_msgs_generate_messages_eus
[1.227s] [  0%] Built target autoware_can_msgs_generate_messages_py
[1.229s] [  0%] Built target jsk_footstep_msgs_generate_messages_cpp
[1.247s] [  0%] Built target std_msgs_generate_messages_eus
[1.250s] [  0%] Built target geometry_msgs_generate_messages_py
[1.256s] [  0%] Built target std_msgs_generate_messages_cpp
[1.258s] [  0%] Built target jsk_footstep_msgs_generate_messages_py
[1.263s] [  0%] Built target autoware_msgs_generate_messages_nodejs
[1.270s] [  0%] Built target actionlib_msgs_generate_messages_nodejs
[1.277s] [  0%] Built target autoware_msgs_generate_messages_py
[1.286s] [  0%] Built target std_msgs_generate_messages_py
[1.292s] [  0%] Built target autoware_can_msgs_generate_messages_eus
[1.295s] [  0%] Built target geometry_msgs_generate_messages_nodejs
[1.307s] [  0%] Built target jsk_recognition_msgs_generate_messages_py
[1.312s] [  0%] Built target autoware_can_msgs_generate_messages_lisp
[1.313s] [  0%] Built target autoware_can_msgs_generate_messages_nodejs
[1.313s] [  0%] Built target sensor_msgs_generate_messages_py
[1.327s] [  0%] Built target autoware_can_msgs_generate_messages_cpp
[1.330s] [  0%] Built target autoware_msgs_generate_messages_eus
[1.346s] [  0%] Built target jsk_recognition_msgs_generate_messages_cpp
[1.348s] [  0%] Built target sensor_msgs_generate_messages_lisp
[1.357s] [  0%] Built target autoware_msgs_generate_messages_lisp
[1.358s] [  0%] Built target roscpp_generate_messages_nodejs
[1.358s] [  0%] Built target pcl_msgs_generate_messages_cpp
[1.364s] [  0%] Built target actionlib_msgs_generate_messages_eus
[1.375s] [  0%] Built target roscpp_generate_messages_eus
[1.375s] [  0%] Built target geometry_msgs_generate_messages_eus
[1.390s] [  0%] Built target geometry_msgs_generate_messages_cpp
[1.394s] [  0%] Built target geometry_msgs_generate_messages_lisp
[1.396s] [  0%] Built target jsk_recognition_msgs_generate_messages_lisp
[1.397s] [  0%] Built target rosgraph_msgs_generate_messages_eus
[1.398s] [  0%] Built target jsk_recognition_msgs_generate_messages_eus
[1.405s] [  0%] Built target jsk_recognition_msgs_generate_messages_nodejs
[1.412s] [  0%] Built target roscpp_generate_messages_cpp
[1.444s] [100%] Built target app_cmd_sender
[1.471s] [36mInstall the project...[0m
[1.483s] -- Install configuration: ""
[1.483s] -- Up-to-date: /home/nuc/autoware.ai/src/autoware/utilities/app_cmd_sender/install/app_cmd_sender/lib/pkgconfig/app_cmd_sender.pc
[1.483s] -- Up-to-date: /home/nuc/autoware.ai/src/autoware/utilities/app_cmd_sender/install/app_cmd_sender/share/app_cmd_sender/cmake/app_cmd_senderConfig.cmake
[1.483s] -- Up-to-date: /home/nuc/autoware.ai/src/autoware/utilities/app_cmd_sender/install/app_cmd_sender/share/app_cmd_sender/cmake/app_cmd_senderConfig-version.cmake
[1.483s] -- Up-to-date: /home/nuc/autoware.ai/src/autoware/utilities/app_cmd_sender/install/app_cmd_sender/share/app_cmd_sender/package.xml
[1.483s] -- Up-to-date: /home/nuc/autoware.ai/src/autoware/utilities/app_cmd_sender/install/app_cmd_sender/lib/app_cmd_sender/app_cmd_sender
[1.484s] -- Up-to-date: /home/nuc/autoware.ai/src/autoware/utilities/app_cmd_sender/install/app_cmd_sender/share/app_cmd_sender/launch
[1.484s] -- Up-to-date: /home/nuc/autoware.ai/src/autoware/utilities/app_cmd_sender/install/app_cmd_sender/share/app_cmd_sender/launch/app_cmd_sender.launch
[1.488s] Invoked command in '/home/nuc/autoware.ai/src/autoware/utilities/app_cmd_sender/build/app_cmd_sender' returned '0': /usr/bin/cmake --build /home/nuc/autoware.ai/src/autoware/utilities/app_cmd_sender/build/app_cmd_sender --target install -- -j8 -l8
