[0.024s] Invoking command in '/home/nuc/autoware.ai/src/autoware/utilities/app_cmd_sender/build/app_cmd_sender': /usr/bin/cmake --build /home/nuc/autoware.ai/src/autoware/utilities/app_cmd_sender/build/app_cmd_sender -- -j8 -l8
[0.116s] [  0%] Built target tablet_socket_msgs_generate_messages_nodejs
[0.117s] [  0%] Built target sensor_msgs_generate_messages_nodejs
[0.117s] [  0%] Built target tablet_socket_msgs_generate_messages_py
[0.117s] [  0%] Built target tablet_socket_msgs_generate_messages_lisp
[0.117s] [  0%] Built target rosgraph_msgs_generate_messages_nodejs
[0.118s] [  0%] Built target rosgraph_msgs_generate_messages_lisp
[0.121s] [  0%] Built target tablet_socket_msgs_generate_messages_eus
[0.127s] [  0%] Built target rosgraph_msgs_generate_messages_py
[0.160s] [  0%] Built target jsk_footstep_msgs_generate_messages_nodejs
[0.161s] [  0%] Built target actionlib_msgs_generate_messages_lisp
[0.164s] [  0%] Built target actionlib_msgs_generate_messages_cpp
[0.168s] [  0%] Built target roscpp_generate_messages_py
[0.174s] [  0%] Built target actionlib_msgs_generate_messages_py
[0.179s] [  0%] Built target jsk_footstep_msgs_generate_messages_lisp
[0.179s] [  0%] Built target roscpp_generate_messages_lisp
[0.192s] [  0%] Built target jsk_footstep_msgs_generate_messages_eus
[0.210s] [  0%] Built target pcl_msgs_generate_messages_py
[0.216s] [  0%] Built target pcl_msgs_generate_messages_nodejs
[0.217s] [  0%] Built target pcl_msgs_generate_messages_eus
[0.217s] [  0%] Built target pcl_msgs_generate_messages_lisp
[0.225s] [  0%] Built target autoware_msgs_generate_messages_cpp
[0.231s] [  0%] Built target rosgraph_msgs_generate_messages_cpp
[0.238s] [  0%] Built target std_msgs_generate_messages_lisp
[0.241s] [  0%] Built target std_msgs_generate_messages_nodejs
[0.261s] [  0%] Built target sensor_msgs_generate_messages_eus
[0.261s] [  0%] Built target sensor_msgs_generate_messages_cpp
[0.264s] [  0%] Built target autoware_can_msgs_generate_messages_py
[0.281s] [  0%] Built target geometry_msgs_generate_messages_py
[0.282s] [  0%] Built target std_msgs_generate_messages_eus
[0.283s] [  0%] Built target jsk_footstep_msgs_generate_messages_cpp
[0.286s] [  0%] Built target tablet_socket_msgs_generate_messages_cpp
[0.292s] [  0%] Built target autoware_msgs_generate_messages_nodejs
[0.309s] [  0%] Built target jsk_footstep_msgs_generate_messages_py
[0.312s] [  0%] Built target std_msgs_generate_messages_cpp
[0.320s] [  0%] Built target actionlib_msgs_generate_messages_nodejs
[0.328s] [  0%] Built target std_msgs_generate_messages_py
[0.334s] [  0%] Built target autoware_can_msgs_generate_messages_eus
[0.337s] [  0%] Built target geometry_msgs_generate_messages_nodejs
[0.346s] [  0%] Built target sensor_msgs_generate_messages_py
[0.347s] [  0%] Built target autoware_msgs_generate_messages_py
[0.360s] [  0%] Built target jsk_recognition_msgs_generate_messages_py
[0.368s] [  0%] Built target autoware_can_msgs_generate_messages_nodejs
[0.370s] [  0%] Built target autoware_can_msgs_generate_messages_lisp
[0.380s] [  0%] Built target autoware_msgs_generate_messages_eus
[0.381s] [  0%] Built target autoware_can_msgs_generate_messages_cpp
[0.387s] [  0%] Built target jsk_recognition_msgs_generate_messages_cpp
[0.390s] [  0%] Built target sensor_msgs_generate_messages_lisp
[0.398s] [  0%] Built target pcl_msgs_generate_messages_cpp
[0.414s] [  0%] Built target actionlib_msgs_generate_messages_eus
[0.424s] [  0%] Built target roscpp_generate_messages_nodejs
[0.425s] [  0%] Built target roscpp_generate_messages_eus
[0.431s] [  0%] Built target geometry_msgs_generate_messages_lisp
[0.432s] [  0%] Built target autoware_msgs_generate_messages_lisp
[0.441s] [  0%] Built target geometry_msgs_generate_messages_eus
[0.441s] [  0%] Built target geometry_msgs_generate_messages_cpp
[0.450s] [  0%] Built target jsk_recognition_msgs_generate_messages_eus
[0.462s] [  0%] Built target jsk_recognition_msgs_generate_messages_nodejs
[0.462s] [  0%] Built target jsk_recognition_msgs_generate_messages_lisp
[0.465s] [  0%] Built target rosgraph_msgs_generate_messages_eus
[0.468s] [  0%] Built target roscpp_generate_messages_cpp
[0.501s] [ 50%] [32mBuilding CXX object CMakeFiles/app_cmd_sender.dir/nodes/app_cmd_sender.cpp.o[0m
[2.170s] In file included from [01m[K/opt/ros/melodic/include/ros/ros.h:40:0[m[K,
[2.170s]                  from [01m[K/home/nuc/autoware.ai/src/autoware/utilities/app_cmd_sender/nodes/app_cmd_sender.cpp:17[m[K:
[2.170s] [01m[K/home/nuc/autoware.ai/src/autoware/utilities/app_cmd_sender/nodes/app_cmd_sender.cpp:[m[K In function ‘[01m[Kvoid centerlineCallback(const MarkerArray&)[m[K’:
[2.170s] [01m[K/opt/ros/melodic/include/ros/console.h:348:176:[m[K [01;35m[Kwarning: [m[Kformat ‘[01m[K%d[m[K’ expects argument of type ‘[01m[Kint[m[K’, but argument 8 has type ‘[01m[Kstd::vector<geometry_msgs::Point_<std::allocator<void> >, std::allocator<geometry_msgs::Point_<std::allocator<void> > > >::size_type {aka long unsigned int}[m[K’ [[01;35m[K-Wformat=[m[K]
[2.170s]  logger_, __rosconsole_define_location__loc.level_, __FILE__, __LINE__, __ROSCONSOLE_FUNCTION__, __VA_ARGS__[01;35m[K)[m[K
[2.170s]                                                                                                             [01;35m[K^[m[K
[2.171s] [01m[K/opt/ros/melodic/include/ros/console.h:351:5:[m[K [01;36m[Knote: [m[Kin expansion of macro ‘[01m[KROSCONSOLE_PRINT_AT_LOCATION_WITH_FILTER[m[K’
[2.171s]      [01;36m[KROSCONSOLE_PRINT_AT_LOCATION_WITH_FILTER[m[K(NULL, __VA_ARGS__)
[2.171s]      [01;36m[K^~~~~~~~~~~~~~~~~~~~~~~~~~~~~~~~~~~~~~~~[m[K
[2.171s] [01m[K/opt/ros/melodic/include/ros/console.h:387:7:[m[K [01;36m[Knote: [m[Kin expansion of macro ‘[01m[KROSCONSOLE_PRINT_AT_LOCATION[m[K’
[2.171s]        [01;36m[KROSCONSOLE_PRINT_AT_LOCATION[m[K(__VA_ARGS__); \
[2.171s]        [01;36m[K^~~~~~~~~~~~~~~~~~~~~~~~~~~~[m[K
[2.171s] [01m[K/opt/ros/melodic/include/ros/console.h:572:35:[m[K [01;36m[Knote: [m[Kin expansion of macro ‘[01m[KROS_LOG_COND[m[K’
[2.171s]  #define ROS_LOG(level, name, ...) [01;36m[KROS_LOG_COND[m[K(true, level, name, __VA_ARGS__)
[2.171s]                                    [01;36m[K^~~~~~~~~~~~[m[K
[2.171s] [01m[K/opt/ros/melodic/include/rosconsole/macros_generated.h:162:23:[m[K [01;36m[Knote: [m[Kin expansion of macro ‘[01m[KROS_LOG[m[K’
[2.171s]  #define ROS_WARN(...) [01;36m[KROS_LOG[m[K(::ros::console::levels::Warn, ROSCONSOLE_DEFAULT_NAME, __VA_ARGS__)
[2.171s]                        [01;36m[K^~~~~~~[m[K
[2.171s] [01m[K/home/nuc/autoware.ai/src/autoware/utilities/app_cmd_sender/nodes/app_cmd_sender.cpp:47:5:[m[K [01;36m[Knote: [m[Kin expansion of macro ‘[01m[KROS_WARN[m[K’
[2.171s]      [01;36m[KR[m[KOS_WARN("IM centerline, SIZE=%d",  ary.markers[0].points.size());
[2.171s]      [01;36m[K^[m[K
[2.171s] [01m[K/home/nuc/autoware.ai/src/autoware/utilities/app_cmd_sender/nodes/app_cmd_sender.cpp:[m[K In function ‘[01m[Kvoid planlineCallback(const MarkerArray&)[m[K’:
[2.171s] [01m[K/opt/ros/melodic/include/ros/console.h:348:176:[m[K [01;35m[Kwarning: [m[Kformat ‘[01m[K%d[m[K’ expects argument of type ‘[01m[Kint[m[K’, but argument 8 has type ‘[01m[Kstd::vector<geometry_msgs::Point_<std::allocator<void> >, std::allocator<geometry_msgs::Point_<std::allocator<void> > > >::size_type {aka long unsigned int}[m[K’ [[01;35m[K-Wformat=[m[K]
[2.172s]  logger_, __rosconsole_define_location__loc.level_, __FILE__, __LINE__, __ROSCONSOLE_FUNCTION__, __VA_ARGS__[01;35m[K)[m[K
[2.172s]                                                                                                             [01;35m[K^[m[K
[2.172s] [01m[K/opt/ros/melodic/include/ros/console.h:351:5:[m[K [01;36m[Knote: [m[Kin expansion of macro ‘[01m[KROSCONSOLE_PRINT_AT_LOCATION_WITH_FILTER[m[K’
[2.172s]      [01;36m[KROSCONSOLE_PRINT_AT_LOCATION_WITH_FILTER[m[K(NULL, __VA_ARGS__)
[2.172s]      [01;36m[K^~~~~~~~~~~~~~~~~~~~~~~~~~~~~~~~~~~~~~~~[m[K
[2.172s] [01m[K/opt/ros/melodic/include/ros/console.h:387:7:[m[K [01;36m[Knote: [m[Kin expansion of macro ‘[01m[KROSCONSOLE_PRINT_AT_LOCATION[m[K’
[2.172s]        [01;36m[KROSCONSOLE_PRINT_AT_LOCATION[m[K(__VA_ARGS__); \
[2.172s]        [01;36m[K^~~~~~~~~~~~~~~~~~~~~~~~~~~~[m[K
[2.172s] [01m[K/opt/ros/melodic/include/ros/console.h:572:35:[m[K [01;36m[Knote: [m[Kin expansion of macro ‘[01m[KROS_LOG_COND[m[K’
[2.172s]  #define ROS_LOG(level, name, ...) [01;36m[KROS_LOG_COND[m[K(true, level, name, __VA_ARGS__)
[2.172s]                                    [01;36m[K^~~~~~~~~~~~[m[K
[2.172s] [01m[K/opt/ros/melodic/include/rosconsole/macros_generated.h:162:23:[m[K [01;36m[Knote: [m[Kin expansion of macro ‘[01m[KROS_LOG[m[K’
[2.172s]  #define ROS_WARN(...) [01;36m[KROS_LOG[m[K(::ros::console::levels::Warn, ROSCONSOLE_DEFAULT_NAME, __VA_ARGS__)
[2.172s]                        [01;36m[K^~~~~~~[m[K
[2.173s] [01m[K/home/nuc/autoware.ai/src/autoware/utilities/app_cmd_sender/nodes/app_cmd_sender.cpp:54:5:[m[K [01;36m[Knote: [m[Kin expansion of macro ‘[01m[KROS_WARN[m[K’
[2.173s]      [01;36m[KR[m[KOS_WARN("IM planline, SIZE=%d",  ary.markers[0].points.size());
[2.173s]      [01;36m[K^[m[K
[2.175s] [01m[K/home/nuc/autoware.ai/src/autoware/utilities/app_cmd_sender/nodes/app_cmd_sender.cpp:56:41:[m[K [01;31m[Kerror: [m[Kno match for ‘[01m[Koperator=[m[K’ (operand types are ‘[01m[Knlohmann::basic_json<>::value_type {aka nlohmann::basic_json<>}[m[K’ and ‘[01m[Kconst _points_type {aka const std::vector<geometry_msgs::Point_<std::allocator<void> >, std::allocator<geometry_msgs::Point_<std::allocator<void> > > >}[m[K’)
[2.175s]      plannedline["way"] = ary.markers[0].[01;31m[Kpoints[m[K;
[2.175s]                                          [01;31m[K^~~~~~[m[K
[2.175s] In file included from [01m[K/home/nuc/autoware.ai/src/autoware/utilities/app_cmd_sender/nodes/app_cmd_sender.cpp:36:0[m[K:
[2.175s] [01m[K/home/nuc/autoware.ai/src/autoware/utilities/app_cmd_sender/nodes/json.hpp:18745:17:[m[K [01;36m[Knote: [m[Kcandidate: nlohmann::basic_json<ObjectType, ArrayType, StringType, BooleanType, NumberIntegerType, NumberUnsignedType, NumberFloatType, AllocatorType, JSONSerializer, BinaryType>& nlohmann::basic_json<ObjectType, ArrayType, StringType, BooleanType, NumberIntegerType, NumberUnsignedType, NumberFloatType, AllocatorType, JSONSerializer, BinaryType>::operator=(nlohmann::basic_json<ObjectType, ArrayType, StringType, BooleanType, NumberIntegerType, NumberUnsignedType, NumberFloatType, AllocatorType, JSONSerializer, BinaryType>) [with ObjectType = std::map; ArrayType = std::vector; StringType = std::__cxx11::basic_string<char>; BooleanType = bool; NumberIntegerType = long int; NumberUnsignedType = long unsigned int; NumberFloatType = double; AllocatorType = std::allocator; JSONSerializer = nlohmann::adl_serializer; BinaryType = std::vector<unsigned char>]
[2.175s]      basic_json& [01;36m[Koperator[m[K=(basic_json other) noexcept (
[2.175s]                  [01;36m[K^~~~~~~~[m[K
[2.176s] [01m[K/home/nuc/autoware.ai/src/autoware/utilities/app_cmd_sender/nodes/json.hpp:18745:17:[m[K [01;36m[Knote: [m[K  no known conversion for argument 1 from ‘[01m[Kconst _points_type {aka const std::vector<geometry_msgs::Point_<std::allocator<void> >, std::allocator<geometry_msgs::Point_<std::allocator<void> > > >}[m[K’ to ‘[01m[Knlohmann::basic_json<>[m[K’
[3.746s] CMakeFiles/app_cmd_sender.dir/build.make:62: recipe for target 'CMakeFiles/app_cmd_sender.dir/nodes/app_cmd_sender.cpp.o' failed
[3.747s] CMakeFiles/Makefile2:126: recipe for target 'CMakeFiles/app_cmd_sender.dir/all' failed
[3.747s] make[2]: *** [CMakeFiles/app_cmd_sender.dir/nodes/app_cmd_sender.cpp.o] Error 1
[3.747s] make[1]: *** [CMakeFiles/app_cmd_sender.dir/all] Error 2
[3.747s] make: *** [all] Error 2
[3.747s] Makefile:140: recipe for target 'all' failed
[3.750s] Invoked command in '/home/nuc/autoware.ai/src/autoware/utilities/app_cmd_sender/build/app_cmd_sender' returned '2': /usr/bin/cmake --build /home/nuc/autoware.ai/src/autoware/utilities/app_cmd_sender/build/app_cmd_sender -- -j8 -l8
