[0.026s] Invoking command in '/home/nuc/autoware.ai/src/autoware/utilities/app_cmd_sender/build/app_cmd_sender': /usr/bin/cmake --build /home/nuc/autoware.ai/src/autoware/utilities/app_cmd_sender/build/app_cmd_sender -- -j8 -l8
[0.109s] [  0%] Built target tablet_socket_msgs_generate_messages_lisp
[0.109s] [  0%] Built target tablet_socket_msgs_generate_messages_nodejs
[0.110s] [  0%] Built target sensor_msgs_generate_messages_nodejs
[0.111s] [  0%] Built target tablet_socket_msgs_generate_messages_eus
[0.112s] [  0%] Built target tablet_socket_msgs_generate_messages_py
[0.113s] [  0%] Built target rosgraph_msgs_generate_messages_py
[0.117s] [  0%] Built target rosgraph_msgs_generate_messages_nodejs
[0.127s] [  0%] Built target rosgraph_msgs_generate_messages_lisp
[0.160s] [  0%] Built target roscpp_generate_messages_py
[0.160s] [  0%] Built target jsk_footstep_msgs_generate_messages_lisp
[0.161s] [  0%] Built target actionlib_msgs_generate_messages_cpp
[0.163s] [  0%] Built target actionlib_msgs_generate_messages_lisp
[0.164s] [  0%] Built target actionlib_msgs_generate_messages_py
[0.166s] [  0%] Built target jsk_footstep_msgs_generate_messages_nodejs
[0.168s] [  0%] Built target roscpp_generate_messages_lisp
[0.175s] [  0%] Built target jsk_footstep_msgs_generate_messages_eus
[0.205s] [  0%] Built target pcl_msgs_generate_messages_py
[0.207s] [  0%] Built target pcl_msgs_generate_messages_eus
[0.210s] [  0%] Built target pcl_msgs_generate_messages_nodejs
[0.211s] [  0%] Built target pcl_msgs_generate_messages_lisp
[0.215s] [  0%] Built target rosgraph_msgs_generate_messages_cpp
[0.221s] [  0%] Built target std_msgs_generate_messages_nodejs
[0.222s] [  0%] Built target std_msgs_generate_messages_lisp
[0.224s] [  0%] Built target autoware_msgs_generate_messages_cpp
[0.255s] [  0%] Built target sensor_msgs_generate_messages_eus
[0.257s] [  0%] Built target sensor_msgs_generate_messages_cpp
[0.259s] [  0%] Built target tablet_socket_msgs_generate_messages_cpp
[0.263s] [  0%] Built target autoware_can_msgs_generate_messages_py
[0.264s] [  0%] Built target geometry_msgs_generate_messages_py
[0.268s] [  0%] Built target jsk_footstep_msgs_generate_messages_cpp
[0.274s] [  0%] Built target autoware_msgs_generate_messages_nodejs
[0.275s] [  0%] Built target std_msgs_generate_messages_eus
[0.306s] [  0%] Built target jsk_footstep_msgs_generate_messages_py
[0.308s] [  0%] Built target std_msgs_generate_messages_cpp
[0.308s] [  0%] Built target actionlib_msgs_generate_messages_nodejs
[0.316s] [  0%] Built target std_msgs_generate_messages_py
[0.322s] [  0%] Built target autoware_can_msgs_generate_messages_eus
[0.323s] [  0%] Built target autoware_msgs_generate_messages_py
[0.331s] [  0%] Built target geometry_msgs_generate_messages_nodejs
[0.343s] [  0%] Built target sensor_msgs_generate_messages_py
[0.351s] [  0%] Built target jsk_recognition_msgs_generate_messages_py
[0.357s] [  0%] Built target autoware_can_msgs_generate_messages_nodejs
[0.360s] [  0%] Built target autoware_can_msgs_generate_messages_lisp
[0.372s] [  0%] Built target jsk_recognition_msgs_generate_messages_cpp
[0.372s] [  0%] Built target autoware_msgs_generate_messages_eus
[0.375s] [  0%] Built target sensor_msgs_generate_messages_lisp
[0.383s] [  0%] Built target autoware_can_msgs_generate_messages_cpp
[0.393s] [  0%] Built target actionlib_msgs_generate_messages_eus
[0.394s] [  0%] Built target pcl_msgs_generate_messages_cpp
[0.411s] [  0%] Built target roscpp_generate_messages_nodejs
[0.412s] [  0%] Built target autoware_msgs_generate_messages_lisp
[0.415s] [  0%] Built target geometry_msgs_generate_messages_cpp
[0.416s] [  0%] Built target geometry_msgs_generate_messages_eus
[0.428s] [  0%] Built target geometry_msgs_generate_messages_lisp
[0.431s] [  0%] Built target roscpp_generate_messages_eus
[0.436s] [  0%] Built target jsk_recognition_msgs_generate_messages_eus
[0.437s] [  0%] Built target jsk_recognition_msgs_generate_messages_lisp
[0.448s] [  0%] Built target jsk_recognition_msgs_generate_messages_nodejs
[0.448s] [  0%] Built target rosgraph_msgs_generate_messages_eus
[0.454s] [  0%] Built target roscpp_generate_messages_cpp
[0.470s] [35m[1mScanning dependencies of target app_cmd_sender[0m
[0.494s] [ 50%] [32mBuilding CXX object CMakeFiles/app_cmd_sender.dir/nodes/app_cmd_sender.cpp.o[0m
[2.483s] [01m[K/home/nuc/autoware.ai/src/autoware/utilities/app_cmd_sender/nodes/app_cmd_sender.cpp:[m[K In function ‘[01m[Kvoid centerlineCallback(const MarkerArray&)[m[K’:
[2.483s] [01m[K/home/nuc/autoware.ai/src/autoware/utilities/app_cmd_sender/nodes/app_cmd_sender.cpp:67:32:[m[K [01;35m[Kwarning: [m[Knarrowing conversion of ‘[01m[Kpt.geometry_msgs::Point_<std::allocator<void> >::x[m[K’ from ‘[01m[Kgeometry_msgs::Point_<std::allocator<void> >::_x_type {aka double}[m[K’ to ‘[01m[Kfloat[m[K’ inside { } [[01;35m[K-Wnarrowing[m[K]
[2.483s]          centerpt.push_back({[01;35m[Kpt.x[m[K,pt.y});
[2.483s]                              [01;35m[K~~~^[m[K
[2.484s] [01m[K/home/nuc/autoware.ai/src/autoware/utilities/app_cmd_sender/nodes/app_cmd_sender.cpp:67:37:[m[K [01;35m[Kwarning: [m[Knarrowing conversion of ‘[01m[Kpt.geometry_msgs::Point_<std::allocator<void> >::y[m[K’ from ‘[01m[Kgeometry_msgs::Point_<std::allocator<void> >::_y_type {aka double}[m[K’ to ‘[01m[Kfloat[m[K’ inside { } [[01;35m[K-Wnarrowing[m[K]
[2.484s]          centerpt.push_back({pt.x,[01;35m[Kpt.y[m[K});
[2.484s]                                   [01;35m[K~~~^[m[K
[2.484s] In file included from [01m[K/opt/ros/melodic/include/ros/ros.h:40:0[m[K,
[2.484s]                  from [01m[K/home/nuc/autoware.ai/src/autoware/utilities/app_cmd_sender/nodes/app_cmd_sender.cpp:17[m[K:
[2.484s] [01m[K/opt/ros/melodic/include/ros/console.h:348:176:[m[K [01;35m[Kwarning: [m[Kformat ‘[01m[K%d[m[K’ expects argument of type ‘[01m[Kint[m[K’, but argument 8 has type ‘[01m[Kstd::vector<geometry_msgs::Point_<std::allocator<void> >, std::allocator<geometry_msgs::Point_<std::allocator<void> > > >::size_type {aka long unsigned int}[m[K’ [[01;35m[K-Wformat=[m[K]
[2.484s]      ::ros::console::print(filter, __rosconsole_define_location__loc.logger_, __rosconsole_define_location__loc.level_, __FILE__, __LINE__, __ROSCONSOLE_FUNCTION__, __VA_ARGS__[01;35m[K)[m[K
[2.484s]                                                                                                                                                                                 [01;35m[K^[m[K
[2.484s] [01m[K/opt/ros/melodic/include/ros/console.h:351:5:[m[K [01;36m[Knote: [m[Kin expansion of macro ‘[01m[KROSCONSOLE_PRINT_AT_LOCATION_WITH_FILTER[m[K’
[2.485s]      [01;36m[KROSCONSOLE_PRINT_AT_LOCATION_WITH_FILTER[m[K(NULL, __VA_ARGS__)
[2.485s]      [01;36m[K^~~~~~~~~~~~~~~~~~~~~~~~~~~~~~~~~~~~~~~~[m[K
[2.485s] [01m[K/opt/ros/melodic/include/ros/console.h:387:7:[m[K [01;36m[Knote: [m[Kin expansion of macro ‘[01m[KROSCONSOLE_PRINT_AT_LOCATION[m[K’
[2.485s]        [01;36m[KROSCONSOLE_PRINT_AT_LOCATION[m[K(__VA_ARGS__); \
[2.485s]        [01;36m[K^~~~~~~~~~~~~~~~~~~~~~~~~~~~[m[K
[2.485s] [01m[K/opt/ros/melodic/include/ros/console.h:572:35:[m[K [01;36m[Knote: [m[Kin expansion of macro ‘[01m[KROS_LOG_COND[m[K’
[2.485s]  #define ROS_LOG(level, name, ...) [01;36m[KROS_LOG_COND[m[K(true, level, name, __VA_ARGS__)
[2.485s]                                    [01;36m[K^~~~~~~~~~~~[m[K
[2.485s] [01m[K/opt/ros/melodic/include/rosconsole/macros_generated.h:162:23:[m[K [01;36m[Knote: [m[Kin expansion of macro ‘[01m[KROS_LOG[m[K’
[2.485s]  #define ROS_WARN(...) [01;36m[KROS_LOG[m[K(::ros::console::levels::Warn, ROSCONSOLE_DEFAULT_NAME, __VA_ARGS__)
[2.485s]                        [01;36m[K^~~~~~~[m[K
[2.485s] [01m[K/home/nuc/autoware.ai/src/autoware/utilities/app_cmd_sender/nodes/app_cmd_sender.cpp:69:5:[m[K [01;36m[Knote: [m[Kin expansion of macro ‘[01m[KROS_WARN[m[K’
[2.485s]      [01;36m[KR[m[KOS_WARN("IM centerline, SIZE=%d",  ary.markers[0].points.size());
[2.485s]      [01;36m[K^[m[K
[2.485s] [01m[K/home/nuc/autoware.ai/src/autoware/utilities/app_cmd_sender/nodes/app_cmd_sender.cpp:[m[K In function ‘[01m[Kvoid planlineCallback(const MarkerArray&)[m[K’:
[2.485s] [01m[K/opt/ros/melodic/include/ros/console.h:348:176:[m[K [01;35m[Kwarning: [m[Kformat ‘[01m[K%d[m[K’ expects argument of type ‘[01m[Kint[m[K’, but argument 8 has type ‘[01m[Kstd::vector<geometry_msgs::Point_<std::allocator<void> >, std::allocator<geometry_msgs::Point_<std::allocator<void> > > >::size_type {aka long unsigned int}[m[K’ [[01;35m[K-Wformat=[m[K]
[2.486s]      ::ros::console::print(filter, __rosconsole_define_location__loc.logger_, __rosconsole_define_location__loc.level_, __FILE__, __LINE__, __ROSCONSOLE_FUNCTION__, __VA_ARGS__[01;35m[K)[m[K
[2.486s]                                                                                                                                                                                 [01;35m[K^[m[K
[2.486s] [01m[K/opt/ros/melodic/include/ros/console.h:351:5:[m[K [01;36m[Knote: [m[Kin expansion of macro ‘[01m[KROSCONSOLE_PRINT_AT_LOCATION_WITH_FILTER[m[K’
[2.486s]      [01;36m[KROSCONSOLE_PRINT_AT_LOCATION_WITH_FILTER[m[K(NULL, __VA_ARGS__)
[2.486s]      [01;36m[K^~~~~~~~~~~~~~~~~~~~~~~~~~~~~~~~~~~~~~~~[m[K
[2.486s] [01m[K/opt/ros/melodic/include/ros/console.h:387:7:[m[K [01;36m[Knote: [m[Kin expansion of macro ‘[01m[KROSCONSOLE_PRINT_AT_LOCATION[m[K’
[2.486s]        [01;36m[KROSCONSOLE_PRINT_AT_LOCATION[m[K(__VA_ARGS__); \
[2.486s]        [01;36m[K^~~~~~~~~~~~~~~~~~~~~~~~~~~~[m[K
[2.486s] [01m[K/opt/ros/melodic/include/ros/console.h:572:35:[m[K [01;36m[Knote: [m[Kin expansion of macro ‘[01m[KROS_LOG_COND[m[K’
[2.486s]  #define ROS_LOG(level, name, ...) [01;36m[KROS_LOG_COND[m[K(true, level, name, __VA_ARGS__)
[2.486s]                                    [01;36m[K^~~~~~~~~~~~[m[K
[2.486s] [01m[K/opt/ros/melodic/include/rosconsole/macros_generated.h:162:23:[m[K [01;36m[Knote: [m[Kin expansion of macro ‘[01m[KROS_LOG[m[K’
[2.486s]  #define ROS_WARN(...) [01;36m[KROS_LOG[m[K(::ros::console::levels::Warn, ROSCONSOLE_DEFAULT_NAME, __VA_ARGS__)
[2.486s]                        [01;36m[K^~~~~~~[m[K
[2.486s] [01m[K/home/nuc/autoware.ai/src/autoware/utilities/app_cmd_sender/nodes/app_cmd_sender.cpp:78:9:[m[K [01;36m[Knote: [m[Kin expansion of macro ‘[01m[KROS_WARN[m[K’
[2.486s]          [01;36m[KR[m[KOS_WARN("IM planline, SIZE=%d",  ary.markers[0].points.size());
[2.486s]          [01;36m[K^[m[K
[2.486s] [01m[K/home/nuc/autoware.ai/src/autoware/utilities/app_cmd_sender/nodes/app_cmd_sender.cpp:82:57:[m[K [01;35m[Kwarning: [m[Knarrowing conversion of ‘[01m[Kpt.geometry_msgs::Point_<std::allocator<void> >::x[m[K’ from ‘[01m[Kgeometry_msgs::Point_<std::allocator<void> >::_x_type {aka double}[m[K’ to ‘[01m[Kfloat[m[K’ inside { } [[01;35m[K-Wnarrowing[m[K]
[2.486s]              plannedline.push_back(std::vector<float>{[01;35m[Kpt.x[m[K,pt.y});
[2.487s]                                                       [01;35m[K~~~^[m[K
[2.487s] [01m[K/home/nuc/autoware.ai/src/autoware/utilities/app_cmd_sender/nodes/app_cmd_sender.cpp:82:57:[m[K [01;35m[Kwarning: [m[Knarrowing conversion of ‘[01m[Kpt.geometry_msgs::Point_<std::allocator<void> >::x[m[K’ from ‘[01m[Kgeometry_msgs::Point_<std::allocator<void> >::_x_type {aka double}[m[K’ to ‘[01m[Kfloat[m[K’ inside { } [[01;35m[K-Wnarrowing[m[K]
[2.487s] [01m[K/home/nuc/autoware.ai/src/autoware/utilities/app_cmd_sender/nodes/app_cmd_sender.cpp:82:62:[m[K [01;35m[Kwarning: [m[Knarrowing conversion of ‘[01m[Kpt.geometry_msgs::Point_<std::allocator<void> >::y[m[K’ from ‘[01m[Kgeometry_msgs::Point_<std::allocator<void> >::_y_type {aka double}[m[K’ to ‘[01m[Kfloat[m[K’ inside { } [[01;35m[K-Wnarrowing[m[K]
[2.487s]              plannedline.push_back(std::vector<float>{pt.x,[01;35m[Kpt.y[m[K});
[2.487s]                                                            [01;35m[K~~~^[m[K
[2.487s] [01m[K/home/nuc/autoware.ai/src/autoware/utilities/app_cmd_sender/nodes/app_cmd_sender.cpp:82:62:[m[K [01;35m[Kwarning: [m[Knarrowing conversion of ‘[01m[Kpt.geometry_msgs::Point_<std::allocator<void> >::y[m[K’ from ‘[01m[Kgeometry_msgs::Point_<std::allocator<void> >::_y_type {aka double}[m[K’ to ‘[01m[Kfloat[m[K’ inside { } [[01;35m[K-Wnarrowing[m[K]
[2.490s] [01m[K/home/nuc/autoware.ai/src/autoware/utilities/app_cmd_sender/nodes/app_cmd_sender.cpp:[m[K In function ‘[01m[Kvoid currentposeCallback(const PoseStamped&)[m[K’:
[2.490s] [01m[K/home/nuc/autoware.ai/src/autoware/utilities/app_cmd_sender/nodes/app_cmd_sender.cpp:104:32:[m[K [01;35m[Kwarning: [m[Knarrowing conversion of ‘[01m[K(geometry_msgs::Point_<std::allocator<void> >::_x_type)odm.geometry_msgs::PoseStamped_<std::allocator<void> >::pose.geometry_msgs::Pose_<std::allocator<void> >::position.geometry_msgs::Point_<std::allocator<void> >::x[m[K’ from ‘[01m[Kgeometry_msgs::Point_<std::allocator<void> >::_x_type {aka double}[m[K’ to ‘[01m[Kfloat[m[K’ inside { } [[01;35m[K-Wnarrowing[m[K]
[2.490s]      point pt{[01;35m[Kodm.pose.position.x[m[K,odm.pose.position.y};
[2.490s]               [01;35m[K~~~~~~~~~~~~~~~~~~^[m[K
[2.490s] [01m[K/home/nuc/autoware.ai/src/autoware/utilities/app_cmd_sender/nodes/app_cmd_sender.cpp:104:52:[m[K [01;35m[Kwarning: [m[Knarrowing conversion of ‘[01m[K(geometry_msgs::Point_<std::allocator<void> >::_y_type)odm.geometry_msgs::PoseStamped_<std::allocator<void> >::pose.geometry_msgs::Pose_<std::allocator<void> >::position.geometry_msgs::Point_<std::allocator<void> >::y[m[K’ from ‘[01m[Kgeometry_msgs::Point_<std::allocator<void> >::_y_type {aka double}[m[K’ to ‘[01m[Kfloat[m[K’ inside { } [[01;35m[K-Wnarrowing[m[K]
[2.490s]      point pt{odm.pose.position.x,[01;35m[Kodm.pose.position.y[m[K};
[2.490s]                                   [01;35m[K~~~~~~~~~~~~~~~~~~^[m[K
[2.497s] [01m[K/home/nuc/autoware.ai/src/autoware/utilities/app_cmd_sender/nodes/app_cmd_sender.cpp:[m[K In lambda function:
[2.497s] [01m[K/home/nuc/autoware.ai/src/autoware/utilities/app_cmd_sender/nodes/app_cmd_sender.cpp:198:54:[m[K [01;31m[Kerror: [m[Kno matching function for call to ‘[01m[Kimdecode(cv::Mat&, <unnamed enum>, cv::Mat&)[m[K’
[2.498s]          cv::imdecode(rawData,CV_LOAD_IMAGE_COLOR,face[01;31m[K)[m[K;
[2.498s]                                                       [01;31m[K^[m[K
[2.498s] In file included from [01m[K/usr/include/opencv2/highgui.hpp:48:0[m[K,
[2.498s]                  from [01m[K/usr/include/opencv2/opencv.hpp:65[m[K,
[2.498s]                  from [01m[K/home/nuc/autoware.ai/src/autoware/utilities/app_cmd_sender/nodes/app_cmd_sender.cpp:38[m[K:
[2.498s] [01m[K/usr/include/opencv2/imgcodecs.hpp:253:18:[m[K [01;36m[Knote: [m[Kcandidate: cv::Mat cv::imdecode(cv::InputArray, int)
[2.498s]  CV_EXPORTS_W Mat [01;36m[Kimdecode[m[K( InputArray buf, int flags );
[2.498s]                   [01;36m[K^~~~~~~~[m[K
[2.498s] [01m[K/usr/include/opencv2/imgcodecs.hpp:253:18:[m[K [01;36m[Knote: [m[K  candidate expects 2 arguments, 3 provided
[2.498s] [01m[K/usr/include/opencv2/imgcodecs.hpp:261:16:[m[K [01;36m[Knote: [m[Kcandidate: cv::Mat cv::imdecode(cv::InputArray, int, cv::Mat*)
[2.498s]  CV_EXPORTS Mat [01;36m[Kimdecode[m[K( InputArray buf, int flags, Mat* dst);
[2.498s]                 [01;36m[K^~~~~~~~[m[K
[2.498s] [01m[K/usr/include/opencv2/imgcodecs.hpp:261:16:[m[K [01;36m[Knote: [m[K  no known conversion for argument 3 from ‘[01m[Kcv::Mat[m[K’ to ‘[01m[Kcv::Mat*[m[K’
[4.137s] CMakeFiles/app_cmd_sender.dir/build.make:62: recipe for target 'CMakeFiles/app_cmd_sender.dir/nodes/app_cmd_sender.cpp.o' failed
[4.138s] make[2]: *** [CMakeFiles/app_cmd_sender.dir/nodes/app_cmd_sender.cpp.o] Error 1
[4.138s] make[1]: *** [CMakeFiles/app_cmd_sender.dir/all] Error 2
[4.138s] CMakeFiles/Makefile2:126: recipe for target 'CMakeFiles/app_cmd_sender.dir/all' failed
[4.138s] make: *** [all] Error 2
[4.138s] Makefile:140: recipe for target 'all' failed
[4.141s] Invoked command in '/home/nuc/autoware.ai/src/autoware/utilities/app_cmd_sender/build/app_cmd_sender' returned '2': /usr/bin/cmake --build /home/nuc/autoware.ai/src/autoware/utilities/app_cmd_sender/build/app_cmd_sender -- -j8 -l8
