[0.025s] Invoking command in '/home/nuc/autoware.ai/src/autoware/utilities/app_cmd_sender/build/app_cmd_sender': /usr/bin/cmake --build /home/nuc/autoware.ai/src/autoware/utilities/app_cmd_sender/build/app_cmd_sender -- -j8 -l8
[0.062s] -- CUDA compilation status: .
[0.063s] -- Using CATKIN_DEVEL_PREFIX: /home/nuc/autoware.ai/src/autoware/utilities/app_cmd_sender/build/app_cmd_sender/devel
[0.063s] -- Using CMAKE_PREFIX_PATH: /home/nuc/autoware.ai/src/autoware/utilities/app_cmd_sender/install/app_cmd_sender;/home/nuc/autoware.ai/install/ymc;/home/nuc/autoware.ai/install/xsens_driver;/home/nuc/autoware.ai/install/wf_simulator;/home/nuc/autoware.ai/install/lattice_planner;/home/nuc/autoware.ai/install/waypoint_planner;/home/nuc/autoware.ai/install/waypoint_maker;/home/nuc/autoware.ai/install/way_planner;/home/nuc/autoware.ai/install/vlg22c_cam;/home/nuc/autoware.ai/install/vision_ssd_detect;/home/nuc/autoware.ai/install/vision_segment_enet_detect;/home/nuc/autoware.ai/install/vision_lane_detect;/home/nuc/autoware.ai/install/vision_darknet_detect;/home/nuc/autoware.ai/install/vision_beyond_track;/home/nuc/autoware.ai/install/vel_pose_diff_checker;/home/nuc/autoware.ai/install/vehicle_socket;/home/nuc/autoware.ai/install/vehicle_sim_model;/home/nuc/autoware.ai/install/vehicle_model;/home/nuc/autoware.ai/install/vehicle_gazebo_simulation_launcher;/home/nuc/autoware.ai/install/vehicle_gazebo_simulation_interface;/home/nuc/autoware.ai/install/vehicle_engage_panel;/home/nuc/autoware.ai/install/vehicle_description;/home/nuc/autoware.ai/install/trafficlight_recognizer;/home/nuc/autoware.ai/install/op_utilities;/home/nuc/autoware.ai/install/op_simulation_package;/home/nuc/autoware.ai/install/op_local_planner;/home/nuc/autoware.ai/install/op_global_planner;/home/nuc/autoware.ai/install/lidar_kf_contour_track;/home/nuc/autoware.ai/install/op_ros_helpers;/home/nuc/autoware.ai/install/ff_waypoint_follower;/home/nuc/autoware.ai/install/dp_planner;/home/nuc/autoware.ai/install/op_simu;/home/nuc/autoware.ai/install/op_planner;/home/nuc/autoware.ai/install/op_utility;/home/nuc/autoware.ai/install/lidar_euclidean_cluster_detect;/home/nuc/autoware.ai/install/vector_map_server;/home/nuc/autoware.ai/install/road_occupancy_processor;/home/nuc/autoware.ai/install/costmap_generator;/home/nuc/autoware.ai/install/object_map;/home/nuc/autoware.ai/install/naive_motion_predict;/home/nuc/autoware.ai/install/lanelet_aisan_converter;/home/nuc/autoware.ai/install/map_file;/home/nuc/autoware.ai/install/libvectormap;/home/nuc/autoware.ai/install/lane_planner;/home/nuc/autoware.ai/install/imm_ukf_pda_track;/home/nuc/autoware.ai/install/decision_maker;/home/nuc/autoware.ai/install/vector_map;/home/nuc/autoware.ai/install/vector_map_msgs;/home/nuc/autoware.ai/install/vectacam;/home/nuc/autoware.ai/install/udon_socket;/home/nuc/autoware.ai/install/twist_generator;/home/nuc/autoware.ai/install/twist_gate;/home/nuc/autoware.ai/install/twist_filter;/home/nuc/autoware.ai/install/twist2odom;/home/nuc/autoware.ai/install/tablet_socket;/home/nuc/autoware.ai/install/runtime_manager;/home/nuc/autoware.ai/install/mqtt_socket;/home/nuc/autoware.ai/install/tablet_socket_msgs;/home/nuc/autoware.ai/install/system_monitor;/home/nuc/autoware.ai/install/state_machine_lib;/home/nuc/autoware.ai/install/sound_player;/home/nuc/autoware.ai/install/sick_lms5xx;/home/nuc/autoware.ai/install/sick_ldmrs_tools;/home/nuc/autoware.ai/install/sick_ldmrs_driver;/home/nuc/autoware.ai/install/sick_ldmrs_msgs;/home/nuc/autoware.ai/install/sick_ldmrs_description;/home/nuc/autoware.ai/install/sensor_imu;/home/nuc/autoware.ai/install/points2image;/home/nuc/autoware.ai/install/rosinterface;/home/nuc/autoware.ai/install/rosbag_controller;/home/nuc/autoware.ai/install/pure_pursuit;/home/nuc/autoware.ai/install/points_preprocessor;/home/nuc/autoware.ai/install/mpc_follower;/home/nuc/autoware.ai/install/lidar_localizer;/home/nuc/autoware.ai/install/emergency_handler;/home/nuc/autoware.ai/install/autoware_health_checker;/home/nuc/autoware.ai/install/as;/home/nuc/autoware.ai/install/ros_observer;/home/nuc/autoware.ai/install/roi_object_filter;/home/nuc/autoware.ai/install/range_vision_fusion;/home/nuc/autoware.ai/install/pos_db;/home/nuc/autoware.ai/install/points_downsampler;/home/nuc/autoware.ai/install/pixel_cloud_fusion;/home/nuc/autoware.ai/install/pcl_omp_registration;/home/nuc/autoware.ai/install/pc2_downsampler;/home/nuc/autoware.ai/install/oculus_socket;/home/nuc/autoware.ai/install/obj_db;/home/nuc/autoware.ai/install/nmea_navsat;/home/nuc/autoware.ai/install/ndt_tku;/home/nuc/autoware.ai/install/ndt_cpu;/home/nuc/autoware.ai/install/multi_lidar_calibrator;/home/nuc/autoware.ai/install/microstrain_driver;/home/nuc/autoware.ai/install/memsic_imu;/home/nuc/autoware.ai/install/marker_downsampler;/home/nuc/autoware.ai/install/map_tools;/home/nuc/autoware.ai/install/map_tf_generator;/home/nuc/autoware.ai/install/log_tools;/home/nuc/autoware.ai/install/lidar_shape_estimation;/home/nuc/autoware.ai/install/lidar_point_pillars;/home/nuc/autoware.ai/install/lidar_naive_l_shape_detect;/home/nuc/autoware.ai/install/lidar_fake_perception;/home/nuc/autoware.ai/install/lidar_apollo_cnn_seg_detect;/home/nuc/autoware.ai/install/libwaypoint_follower;/home/nuc/autoware.ai/install/lgsvl_simulator_bridge;/home/nuc/autoware.ai/install/lanelet2_extension;/home/nuc/autoware.ai/install/kvaser;/home/nuc/autoware.ai/install/kitti_launch;/home/nuc/autoware.ai/install/kitti_player;/home/nuc/autoware.ai/install/kitti_box_publisher;/home/nuc/autoware.ai/install/javad_navsat_driver;/home/nuc/autoware.ai/install/integrated_viewer;/home/nuc/autoware.ai/install/image_processor;/home/nuc/autoware.ai/install/hokuyo;/home/nuc/autoware.ai/install/graph_tools;/home/nuc/autoware.ai/install/gnss_localizer;/home/nuc/autoware.ai/install/gnss;/home/nuc/autoware.ai/install/glviewer;/home/nuc/autoware.ai/install/gazebo_world_description;/home/nuc/autoware.ai/install/gazebo_imu_description;/home/nuc/autoware.ai/install/gazebo_camera_description;/home/nuc/autoware.ai/install/garmin;/home/nuc/autoware.ai/install/freespace_planner;/home/nuc/autoware.ai/install/fastvirtualscan;/home/nuc/autoware.ai/install/ekf_localizer;/home/nuc/autoware.ai/install/ds4_msgs;/home/nuc/autoware.ai/install/ds4_driver;/home/nuc/autoware.ai/install/detected_objects_visualizer;/home/nuc/autoware.ai/install/decision_maker_panel;/home/nuc/autoware.ai/install/data_preprocessor;/home/nuc/autoware.ai/install/custom_msgs;/home/nuc/autoware.ai/install/carla_autoware_bridge;/home/nuc/autoware.ai/install/calibration_publisher;/home/nuc/autoware.ai/install/autoware_system_msgs;/home/nuc/autoware.ai/install/autoware_rviz_plugins;/home/nuc/autoware.ai/install/autoware_quickstart_examples;/home/nuc/autoware.ai/install/autoware_pointgrey_drivers;/home/nuc/autoware.ai/install/autoware_driveworks_interface;/home/nuc/autoware.ai/install/autoware_connector;/home/nuc/autoware.ai/install/autoware_camera_lidar_calibrator;/home/nuc/autoware.ai/install/astar_search;/home/nuc/autoware.ai/install/amathutils_lib;/home/nuc/autoware.ai/install/autoware_msgs;/home/nuc/autoware.ai/install/autoware_map_msgs;/home/nuc/autoware.ai/install/autoware_launcher_rviz;/home/nuc/autoware.ai/install/autoware_launcher;/home/nuc/autoware.ai/install/autoware_lanelet2_msgs;/home/nuc/autoware.ai/install/autoware_external_msgs;/home/nuc/autoware.ai/install/autoware_driveworks_gmsl_interface;/home/nuc/autoware.ai/install/autoware_config_msgs;/home/nuc/autoware.ai/install/autoware_can_msgs;/home/nuc/autoware.ai/install/autoware_build_flags;/home/nuc/autoware.ai/install/autoware_bag_tools;/home/nuc/autoware.ai/install/adi_driver;/opt/ros/melodic
[0.069s] -- This workspace overlays: /home/nuc/autoware.ai/src/autoware/utilities/app_cmd_sender/install/app_cmd_sender;/home/nuc/autoware.ai/install/ymc;/home/nuc/autoware.ai/install/xsens_driver;/home/nuc/autoware.ai/install/wf_simulator;/home/nuc/autoware.ai/install/lattice_planner;/home/nuc/autoware.ai/install/waypoint_planner;/home/nuc/autoware.ai/install/waypoint_maker;/home/nuc/autoware.ai/install/way_planner;/home/nuc/autoware.ai/install/vlg22c_cam;/home/nuc/autoware.ai/install/vision_ssd_detect;/home/nuc/autoware.ai/install/vision_segment_enet_detect;/home/nuc/autoware.ai/install/vision_lane_detect;/home/nuc/autoware.ai/install/vision_darknet_detect;/home/nuc/autoware.ai/install/vision_beyond_track;/home/nuc/autoware.ai/install/vel_pose_diff_checker;/home/nuc/autoware.ai/install/vehicle_socket;/home/nuc/autoware.ai/install/vehicle_sim_model;/home/nuc/autoware.ai/install/vehicle_model;/home/nuc/autoware.ai/install/vehicle_gazebo_simulation_launcher;/home/nuc/autoware.ai/install/vehicle_gazebo_simulation_interface;/home/nuc/autoware.ai/install/vehicle_engage_panel;/home/nuc/autoware.ai/install/vehicle_description;/home/nuc/autoware.ai/install/trafficlight_recognizer;/home/nuc/autoware.ai/install/op_utilities;/home/nuc/autoware.ai/install/op_simulation_package;/home/nuc/autoware.ai/install/op_local_planner;/home/nuc/autoware.ai/install/op_global_planner;/home/nuc/autoware.ai/install/lidar_kf_contour_track;/home/nuc/autoware.ai/install/op_ros_helpers;/home/nuc/autoware.ai/install/ff_waypoint_follower;/home/nuc/autoware.ai/install/dp_planner;/home/nuc/autoware.ai/install/op_simu;/home/nuc/autoware.ai/install/op_planner;/home/nuc/autoware.ai/install/op_utility;/home/nuc/autoware.ai/install/lidar_euclidean_cluster_detect;/home/nuc/autoware.ai/install/vector_map_server;/home/nuc/autoware.ai/install/road_occupancy_processor;/home/nuc/autoware.ai/install/costmap_generator;/home/nuc/autoware.ai/install/object_map;/home/nuc/autoware.ai/install/naive_motion_predict;/home/nuc/autoware.ai/install/lanelet_aisan_converter;/home/nuc/autoware.ai/install/map_file;/home/nuc/autoware.ai/install/libvectormap;/home/nuc/autoware.ai/install/lane_planner;/home/nuc/autoware.ai/install/imm_ukf_pda_track;/home/nuc/autoware.ai/install/decision_maker;/home/nuc/autoware.ai/install/vector_map;/home/nuc/autoware.ai/install/vector_map_msgs;/home/nuc/autoware.ai/install/vectacam;/home/nuc/autoware.ai/install/udon_socket;/home/nuc/autoware.ai/install/twist_generator;/home/nuc/autoware.ai/install/twist_gate;/home/nuc/autoware.ai/install/twist_filter;/home/nuc/autoware.ai/install/twist2odom;/home/nuc/autoware.ai/install/tablet_socket;/home/nuc/autoware.ai/install/runtime_manager;/home/nuc/autoware.ai/install/mqtt_socket;/home/nuc/autoware.ai/install/tablet_socket_msgs;/home/nuc/autoware.ai/install/system_monitor;/home/nuc/autoware.ai/install/state_machine_lib;/home/nuc/autoware.ai/install/sound_player;/home/nuc/autoware.ai/install/sick_lms5xx;/home/nuc/autoware.ai/install/sick_ldmrs_tools;/home/nuc/autoware.ai/install/sick_ldmrs_driver;/home/nuc/autoware.ai/install/sick_ldmrs_msgs;/home/nuc/autoware.ai/install/sick_ldmrs_description;/home/nuc/autoware.ai/install/sensor_imu;/home/nuc/autoware.ai/install/points2image;/home/nuc/autoware.ai/install/rosinterface;/home/nuc/autoware.ai/install/rosbag_controller;/home/nuc/autoware.ai/install/pure_pursuit;/home/nuc/autoware.ai/install/points_preprocessor;/home/nuc/autoware.ai/install/mpc_follower;/home/nuc/autoware.ai/install/lidar_localizer;/home/nuc/autoware.ai/install/emergency_handler;/home/nuc/autoware.ai/install/autoware_health_checker;/home/nuc/autoware.ai/install/as;/home/nuc/autoware.ai/install/ros_observer;/home/nuc/autoware.ai/install/roi_object_filter;/home/nuc/autoware.ai/install/range_vision_fusion;/home/nuc/autoware.ai/install/pos_db;/home/nuc/autoware.ai/install/points_downsampler;/home/nuc/autoware.ai/install/pixel_cloud_fusion;/home/nuc/autoware.ai/install/pcl_omp_registration;/home/nuc/autoware.ai/install/pc2_downsampler;/home/nuc/autoware.ai/install/oculus_socket;/home/nuc/autoware.ai/install/obj_db;/home/nuc/autoware.ai/install/nmea_navsat;/home/nuc/autoware.ai/install/ndt_tku;/home/nuc/autoware.ai/install/ndt_cpu;/home/nuc/autoware.ai/install/multi_lidar_calibrator;/home/nuc/autoware.ai/install/microstrain_driver;/home/nuc/autoware.ai/install/memsic_imu;/home/nuc/autoware.ai/install/marker_downsampler;/home/nuc/autoware.ai/install/map_tools;/home/nuc/autoware.ai/install/map_tf_generator;/home/nuc/autoware.ai/install/log_tools;/home/nuc/autoware.ai/install/lidar_shape_estimation;/home/nuc/autoware.ai/install/lidar_point_pillars;/home/nuc/autoware.ai/install/lidar_naive_l_shape_detect;/home/nuc/autoware.ai/install/lidar_fake_perception;/home/nuc/autoware.ai/install/lidar_apollo_cnn_seg_detect;/home/nuc/autoware.ai/install/libwaypoint_follower;/home/nuc/autoware.ai/install/lgsvl_simulator_bridge;/home/nuc/autoware.ai/install/lanelet2_extension;/home/nuc/autoware.ai/install/kvaser;/home/nuc/autoware.ai/install/kitti_launch;/home/nuc/autoware.ai/install/kitti_player;/home/nuc/autoware.ai/install/kitti_box_publisher;/home/nuc/autoware.ai/install/javad_navsat_driver;/home/nuc/autoware.ai/install/integrated_viewer;/home/nuc/autoware.ai/install/image_processor;/home/nuc/autoware.ai/install/hokuyo;/home/nuc/autoware.ai/install/graph_tools;/home/nuc/autoware.ai/install/gnss_localizer;/home/nuc/autoware.ai/install/gnss;/home/nuc/autoware.ai/install/glviewer;/home/nuc/autoware.ai/install/gazebo_world_description;/home/nuc/autoware.ai/install/gazebo_imu_description;/home/nuc/autoware.ai/install/gazebo_camera_description;/home/nuc/autoware.ai/install/garmin;/home/nuc/autoware.ai/install/freespace_planner;/home/nuc/autoware.ai/install/fastvirtualscan;/home/nuc/autoware.ai/install/ekf_localizer;/home/nuc/autoware.ai/install/ds4_msgs;/home/nuc/autoware.ai/install/ds4_driver;/home/nuc/autoware.ai/install/detected_objects_visualizer;/home/nuc/autoware.ai/install/decision_maker_panel;/home/nuc/autoware.ai/install/data_preprocessor;/home/nuc/autoware.ai/install/custom_msgs;/home/nuc/autoware.ai/install/carla_autoware_bridge;/home/nuc/autoware.ai/install/calibration_publisher;/home/nuc/autoware.ai/install/autoware_system_msgs;/home/nuc/autoware.ai/install/autoware_rviz_plugins;/home/nuc/autoware.ai/install/autoware_quickstart_examples;/home/nuc/autoware.ai/install/autoware_pointgrey_drivers;/home/nuc/autoware.ai/install/autoware_driveworks_interface;/home/nuc/autoware.ai/install/autoware_connector;/home/nuc/autoware.ai/install/autoware_camera_lidar_calibrator;/home/nuc/autoware.ai/install/astar_search;/home/nuc/autoware.ai/install/amathutils_lib;/home/nuc/autoware.ai/install/autoware_msgs;/home/nuc/autoware.ai/install/autoware_map_msgs;/home/nuc/autoware.ai/install/autoware_launcher_rviz;/home/nuc/autoware.ai/install/autoware_launcher;/home/nuc/autoware.ai/install/autoware_lanelet2_msgs;/home/nuc/autoware.ai/install/autoware_external_msgs;/home/nuc/autoware.ai/install/autoware_driveworks_gmsl_interface;/home/nuc/autoware.ai/install/autoware_config_msgs;/home/nuc/autoware.ai/install/autoware_can_msgs;/home/nuc/autoware.ai/install/autoware_build_flags;/home/nuc/autoware.ai/install/autoware_bag_tools;/home/nuc/autoware.ai/install/adi_driver;/opt/ros/melodic
[0.088s] -- Found PythonInterp: /usr/bin/python2 (found suitable version "2.7.17", minimum required is "2") 
[0.088s] -- Using PYTHON_EXECUTABLE: /usr/bin/python2
[0.088s] -- Using Debian Python package layout
[0.088s] -- Using empy: /usr/bin/empy
[0.249s] -- Using CATKIN_ENABLE_TESTING: ON
[0.249s] -- Call enable_testing()
[0.250s] -- Using CATKIN_TEST_RESULTS_DIR: /home/nuc/autoware.ai/src/autoware/utilities/app_cmd_sender/build/app_cmd_sender/test_results
[0.297s] -- Found gtest sources under '/usr/src/googletest': gtests will be built
[0.297s] -- Found gmock sources under '/usr/src/googletest': gmock will be built
[0.317s] -- Found PythonInterp: /usr/bin/python2 (found version "2.7.17") 
[0.325s] -- Using Python nosetests: /usr/bin/nosetests-2.7
[0.380s] -- catkin 0.7.26
[0.380s] -- BUILD_SHARED_LIBS is on
[0.590s] -- Using these message generators: gencpp;geneus;genlisp;gennodejs;genpy
[0.965s] -- Configuring done
[1.005s] -- Generating done
[1.015s] -- Build files have been written to: /home/nuc/autoware.ai/src/autoware/utilities/app_cmd_sender/build/app_cmd_sender
[1.080s] [  0%] Built target rosgraph_msgs_generate_messages_py
[1.086s] [  0%] Built target tablet_socket_msgs_generate_messages_py
[1.091s] [  0%] Built target rosgraph_msgs_generate_messages_nodejs
[1.095s] [  0%] Built target tablet_socket_msgs_generate_messages_nodejs
[1.097s] [  0%] Built target tablet_socket_msgs_generate_messages_eus
[1.101s] [  0%] Built target sensor_msgs_generate_messages_nodejs
[1.111s] [  0%] Built target rosgraph_msgs_generate_messages_lisp
[1.131s] [  0%] Built target tablet_socket_msgs_generate_messages_lisp
[1.150s] [  0%] Built target jsk_footstep_msgs_generate_messages_nodejs
[1.151s] [  0%] Built target actionlib_msgs_generate_messages_cpp
[1.153s] [  0%] Built target roscpp_generate_messages_lisp
[1.154s] [  0%] Built target roscpp_generate_messages_py
[1.159s] [  0%] Built target actionlib_msgs_generate_messages_lisp
[1.174s] [  0%] Built target actionlib_msgs_generate_messages_py
[1.176s] [  0%] Built target jsk_footstep_msgs_generate_messages_lisp
[1.195s] [  0%] Built target pcl_msgs_generate_messages_lisp
[1.202s] [  0%] Built target jsk_footstep_msgs_generate_messages_eus
[1.202s] [  0%] Built target pcl_msgs_generate_messages_nodejs
[1.206s] [  0%] Built target pcl_msgs_generate_messages_eus
[1.216s] [  0%] Built target pcl_msgs_generate_messages_py
[1.230s] [  0%] Built target rosgraph_msgs_generate_messages_cpp
[1.237s] [  0%] Built target autoware_msgs_generate_messages_cpp
[1.252s] [  0%] Built target std_msgs_generate_messages_nodejs
[1.265s] [  0%] Built target sensor_msgs_generate_messages_eus
[1.268s] [  0%] Built target std_msgs_generate_messages_lisp
[1.271s] [  0%] Built target sensor_msgs_generate_messages_cpp
[1.279s] [  0%] Built target autoware_can_msgs_generate_messages_py
[1.284s] [  0%] Built target tablet_socket_msgs_generate_messages_cpp
[1.298s] [  0%] Built target jsk_footstep_msgs_generate_messages_cpp
[1.309s] [  0%] Built target geometry_msgs_generate_messages_py
[1.322s] [  0%] Built target jsk_footstep_msgs_generate_messages_py
[1.325s] [  0%] Built target std_msgs_generate_messages_cpp
[1.327s] [  0%] Built target std_msgs_generate_messages_eus
[1.331s] [  0%] Built target actionlib_msgs_generate_messages_nodejs
[1.340s] [  0%] Built target autoware_msgs_generate_messages_nodejs
[1.344s] [  0%] Built target std_msgs_generate_messages_py
[1.361s] [  0%] Built target autoware_msgs_generate_messages_py
[1.368s] [  0%] Built target autoware_can_msgs_generate_messages_eus
[1.383s] [  0%] Built target sensor_msgs_generate_messages_py
[1.384s] [  0%] Built target jsk_recognition_msgs_generate_messages_py
[1.399s] [  0%] Built target geometry_msgs_generate_messages_nodejs
[1.399s] [  0%] Built target autoware_can_msgs_generate_messages_cpp
[1.416s] [  0%] Built target autoware_can_msgs_generate_messages_lisp
[1.416s] [  0%] Built target autoware_msgs_generate_messages_eus
[1.418s] [  0%] Built target autoware_can_msgs_generate_messages_nodejs
[1.436s] [  0%] Built target pcl_msgs_generate_messages_cpp
[1.440s] [  0%] Built target jsk_recognition_msgs_generate_messages_cpp
[1.456s] [  0%] Built target sensor_msgs_generate_messages_lisp
[1.460s] [  0%] Built target autoware_msgs_generate_messages_lisp
[1.470s] [  0%] Built target roscpp_generate_messages_eus
[1.471s] [  0%] Built target actionlib_msgs_generate_messages_eus
[1.484s] [  0%] Built target roscpp_generate_messages_nodejs
[1.489s] [  0%] Built target geometry_msgs_generate_messages_lisp
[1.489s] [  0%] Built target geometry_msgs_generate_messages_eus
[1.503s] [  0%] Built target geometry_msgs_generate_messages_cpp
[1.512s] [  0%] Built target jsk_recognition_msgs_generate_messages_eus
[1.519s] [  0%] Built target jsk_recognition_msgs_generate_messages_lisp
[1.528s] [  0%] Built target roscpp_generate_messages_cpp
[1.531s] [  0%] Built target jsk_recognition_msgs_generate_messages_nodejs
[1.531s] [  0%] Built target rosgraph_msgs_generate_messages_eus
[1.548s] [35m[1mScanning dependencies of target app_cmd_sender[0m
[1.577s] [ 50%] [32mBuilding CXX object CMakeFiles/app_cmd_sender.dir/nodes/app_cmd_sender.cpp.o[0m
[7.935s] [100%] [32m[1mLinking CXX executable devel/lib/app_cmd_sender/app_cmd_sender[0m
[8.073s] [100%] Built target app_cmd_sender
[8.088s] Invoked command in '/home/nuc/autoware.ai/src/autoware/utilities/app_cmd_sender/build/app_cmd_sender' returned '0': /usr/bin/cmake --build /home/nuc/autoware.ai/src/autoware/utilities/app_cmd_sender/build/app_cmd_sender -- -j8 -l8
[8.218s] Invoking command in '/home/nuc/autoware.ai/src/autoware/utilities/app_cmd_sender/build/app_cmd_sender': /usr/bin/cmake --build /home/nuc/autoware.ai/src/autoware/utilities/app_cmd_sender/build/app_cmd_sender --target tests -- -j8 -l8
[8.314s] Built target tests
[8.329s] Invoked command in '/home/nuc/autoware.ai/src/autoware/utilities/app_cmd_sender/build/app_cmd_sender' returned '0': /usr/bin/cmake --build /home/nuc/autoware.ai/src/autoware/utilities/app_cmd_sender/build/app_cmd_sender --target tests -- -j8 -l8
[8.480s] Invoking command in '/home/nuc/autoware.ai/src/autoware/utilities/app_cmd_sender/build/app_cmd_sender': /usr/bin/cmake --build /home/nuc/autoware.ai/src/autoware/utilities/app_cmd_sender/build/app_cmd_sender --target install -- -j8 -l8
[8.568s] [  0%] Built target tablet_socket_msgs_generate_messages_nodejs
[8.569s] [  0%] Built target rosgraph_msgs_generate_messages_py
[8.569s] [  0%] Built target tablet_socket_msgs_generate_messages_lisp
[8.573s] [  0%] Built target sensor_msgs_generate_messages_nodejs
[8.583s] [  0%] Built target tablet_socket_msgs_generate_messages_eus
[8.583s] [  0%] Built target tablet_socket_msgs_generate_messages_py
[8.585s] [  0%] Built target rosgraph_msgs_generate_messages_nodejs
[8.604s] [  0%] Built target rosgraph_msgs_generate_messages_lisp
[8.631s] [  0%] Built target jsk_footstep_msgs_generate_messages_nodejs
[8.631s] [  0%] Built target roscpp_generate_messages_py
[8.631s] [  0%] Built target roscpp_generate_messages_lisp
[8.632s] [  0%] Built target actionlib_msgs_generate_messages_cpp
[8.636s] [  0%] Built target actionlib_msgs_generate_messages_lisp
[8.649s] [  0%] Built target actionlib_msgs_generate_messages_py
[8.652s] [  0%] Built target jsk_footstep_msgs_generate_messages_lisp
[8.654s] [  0%] Built target jsk_footstep_msgs_generate_messages_eus
[8.690s] [  0%] Built target rosgraph_msgs_generate_messages_cpp
[8.691s] [  0%] Built target pcl_msgs_generate_messages_eus
[8.695s] [  0%] Built target pcl_msgs_generate_messages_lisp
[8.696s] [  0%] Built target pcl_msgs_generate_messages_nodejs
[8.715s] [  0%] Built target pcl_msgs_generate_messages_py
[8.721s] [  0%] Built target autoware_msgs_generate_messages_cpp
[8.726s] [  0%] Built target std_msgs_generate_messages_nodejs
[8.728s] [  0%] Built target std_msgs_generate_messages_lisp
[8.736s] [  0%] Built target sensor_msgs_generate_messages_cpp
[8.749s] [  0%] Built target autoware_can_msgs_generate_messages_py
[8.756s] [  0%] Built target tablet_socket_msgs_generate_messages_cpp
[8.770s] [  0%] Built target sensor_msgs_generate_messages_eus
[8.773s] [  0%] Built target jsk_footstep_msgs_generate_messages_cpp
[8.779s] [  0%] Built target geometry_msgs_generate_messages_py
[8.787s] [  0%] Built target jsk_footstep_msgs_generate_messages_py
[8.803s] [  0%] Built target actionlib_msgs_generate_messages_nodejs
[8.807s] [  0%] Built target std_msgs_generate_messages_eus
[8.812s] [  0%] Built target autoware_msgs_generate_messages_nodejs
[8.818s] [  0%] Built target std_msgs_generate_messages_cpp
[8.830s] [  0%] Built target std_msgs_generate_messages_py
[8.835s] [  0%] Built target geometry_msgs_generate_messages_nodejs
[8.841s] [  0%] Built target autoware_can_msgs_generate_messages_eus
[8.856s] [  0%] Built target autoware_msgs_generate_messages_py
[8.857s] [  0%] Built target sensor_msgs_generate_messages_py
[8.863s] [  0%] Built target jsk_recognition_msgs_generate_messages_py
[8.881s] [  0%] Built target autoware_msgs_generate_messages_eus
[8.882s] [  0%] Built target jsk_recognition_msgs_generate_messages_cpp
[8.886s] [  0%] Built target autoware_can_msgs_generate_messages_lisp
[8.894s] [  0%] Built target autoware_can_msgs_generate_messages_nodejs
[8.899s] [  0%] Built target autoware_can_msgs_generate_messages_cpp
[8.907s] [  0%] Built target actionlib_msgs_generate_messages_eus
[8.927s] [  0%] Built target pcl_msgs_generate_messages_cpp
[8.933s] [  0%] Built target sensor_msgs_generate_messages_lisp
[8.940s] [  0%] Built target roscpp_generate_messages_eus
[8.945s] [  0%] Built target roscpp_generate_messages_nodejs
[8.951s] [  0%] Built target autoware_msgs_generate_messages_lisp
[8.951s] [  0%] Built target geometry_msgs_generate_messages_eus
[8.961s] [  0%] Built target geometry_msgs_generate_messages_lisp
[8.978s] [  0%] Built target geometry_msgs_generate_messages_cpp
[8.979s] [  0%] Built target jsk_recognition_msgs_generate_messages_eus
[8.995s] [  0%] Built target jsk_recognition_msgs_generate_messages_lisp
[8.995s] [  0%] Built target rosgraph_msgs_generate_messages_eus
[9.005s] [  0%] Built target roscpp_generate_messages_cpp
[9.006s] [  0%] Built target jsk_recognition_msgs_generate_messages_nodejs
[9.043s] [100%] Built target app_cmd_sender
[9.072s] [36mInstall the project...[0m
[9.084s] -- Install configuration: ""
[9.085s] -- Installing: /home/nuc/autoware.ai/src/autoware/utilities/app_cmd_sender/install/app_cmd_sender/lib/pkgconfig/app_cmd_sender.pc
[9.085s] -- Installing: /home/nuc/autoware.ai/src/autoware/utilities/app_cmd_sender/install/app_cmd_sender/share/app_cmd_sender/cmake/app_cmd_senderConfig.cmake
[9.085s] -- Up-to-date: /home/nuc/autoware.ai/src/autoware/utilities/app_cmd_sender/install/app_cmd_sender/share/app_cmd_sender/cmake/app_cmd_senderConfig-version.cmake
[9.085s] -- Up-to-date: /home/nuc/autoware.ai/src/autoware/utilities/app_cmd_sender/install/app_cmd_sender/share/app_cmd_sender/package.xml
[9.085s] -- Installing: /home/nuc/autoware.ai/src/autoware/utilities/app_cmd_sender/install/app_cmd_sender/lib/app_cmd_sender/app_cmd_sender
[9.086s] -- Set runtime path of "/home/nuc/autoware.ai/src/autoware/utilities/app_cmd_sender/install/app_cmd_sender/lib/app_cmd_sender/app_cmd_sender" to ""
[9.090s] Invoked command in '/home/nuc/autoware.ai/src/autoware/utilities/app_cmd_sender/build/app_cmd_sender' returned '0': /usr/bin/cmake --build /home/nuc/autoware.ai/src/autoware/utilities/app_cmd_sender/build/app_cmd_sender --target install -- -j8 -l8
