[0.020s] Invoking command in '/home/nuc/autoware.ai/src/autoware/utilities/vehicle_socket/build/vehicle_socket': /usr/bin/cmake --build /home/nuc/autoware.ai/src/autoware/utilities/vehicle_socket/build/vehicle_socket -- -j8 -l8
[0.108s] [  0%] Built target geometry_msgs_generate_messages_lisp
[0.108s] [  0%] Built target pcl_msgs_generate_messages_lisp
[0.108s] [  0%] Built target std_msgs_generate_messages_lisp
[0.109s] [  0%] Built target pcl_msgs_generate_messages_py
[0.109s] [  0%] Built target std_msgs_generate_messages_nodejs
[0.111s] [  0%] Built target pcl_msgs_generate_messages_nodejs
[0.111s] [  0%] Built target autoware_msgs_generate_messages_cpp
[0.115s] [  0%] Built target sensor_msgs_generate_messages_cpp
[0.157s] [  0%] Built target jsk_footstep_msgs_generate_messages_eus
[0.158s] [  0%] Built target tablet_socket_msgs_generate_messages_eus
[0.159s] [  0%] Built target pcl_msgs_generate_messages_eus
[0.159s] [  0%] Built target std_msgs_generate_messages_cpp
[0.163s] [  0%] Built target std_msgs_generate_messages_py
[0.165s] [  0%] Built target actionlib_msgs_generate_messages_nodejs
[0.165s] [  0%] Built target autoware_msgs_generate_messages_py
[0.167s] [  0%] Built target rosgraph_msgs_generate_messages_cpp
[0.200s] [  0%] Built target actionlib_msgs_generate_messages_cpp
[0.200s] [  0%] Built target roscpp_generate_messages_lisp
[0.203s] [  0%] Built target jsk_footstep_msgs_generate_messages_nodejs
[0.206s] [  0%] Built target actionlib_msgs_generate_messages_lisp
[0.214s] [  0%] Built target autoware_can_msgs_generate_messages_eus
[0.215s] [  0%] Built target sensor_msgs_generate_messages_py
[0.218s] [  0%] Built target autoware_can_msgs_generate_messages_nodejs
[0.223s] [  0%] Built target jsk_recognition_msgs_generate_messages_py
[0.243s] [  0%] Built target rosgraph_msgs_generate_messages_py
[0.247s] [  0%] Built target geometry_msgs_generate_messages_nodejs
[0.248s] [  0%] Built target roscpp_generate_messages_cpp
[0.252s] [  0%] Built target geometry_msgs_generate_messages_py
[0.260s] [  0%] Built target jsk_recognition_msgs_generate_messages_eus
[0.260s] [  0%] Built target jsk_footstep_msgs_generate_messages_cpp
[0.260s] [  0%] Built target sensor_msgs_generate_messages_nodejs
[0.269s] [  0%] Built target jsk_recognition_msgs_generate_messages_lisp
[0.284s] [  0%] Built target rosgraph_msgs_generate_messages_eus
[0.291s] [  0%] Built target jsk_recognition_msgs_generate_messages_nodejs
[0.293s] [  0%] Built target sensor_msgs_generate_messages_eus
[0.305s] [  0%] Built target autoware_can_msgs_generate_messages_py
[0.307s] [  0%] Built target autoware_can_msgs_generate_messages_lisp
[0.307s] [  0%] Built target tablet_socket_msgs_generate_messages_lisp
[0.307s] [  0%] Built target tablet_socket_msgs_generate_messages_cpp
[0.308s] [  0%] Built target autoware_can_msgs_generate_messages_cpp
[0.337s] [  0%] Built target autoware_msgs_generate_messages_eus
[0.344s] [  0%] Built target jsk_recognition_msgs_generate_messages_cpp
[0.346s] [  0%] Built target std_msgs_generate_messages_eus
[0.347s] [  0%] Built target autoware_msgs_generate_messages_nodejs
[0.352s] [  0%] Built target roscpp_generate_messages_py
[0.352s] [  0%] Built target actionlib_msgs_generate_messages_py
[0.352s] [  0%] Built target jsk_footstep_msgs_generate_messages_py
[0.353s] [  0%] Built target jsk_footstep_msgs_generate_messages_lisp
[0.375s] [  0%] Built target rosgraph_msgs_generate_messages_nodejs
[0.387s] [  0%] Built target sensor_msgs_generate_messages_lisp
[0.391s] [  0%] Built target pcl_msgs_generate_messages_cpp
[0.391s] [  0%] Built target rosgraph_msgs_generate_messages_lisp
[0.393s] [  0%] Built target tablet_socket_msgs_generate_messages_py
[0.396s] [  0%] Built target actionlib_msgs_generate_messages_eus
[0.400s] [  0%] Built target tablet_socket_msgs_generate_messages_nodejs
[0.410s] [  0%] Built target autoware_msgs_generate_messages_lisp
[0.417s] [  0%] Built target roscpp_generate_messages_nodejs
[0.427s] [  0%] Built target geometry_msgs_generate_messages_eus
[0.428s] [  0%] Built target geometry_msgs_generate_messages_cpp
[0.429s] [  0%] Built target roscpp_generate_messages_eus
[0.448s] [35m[1mScanning dependencies of target vehicle_sender[0m
[0.466s] [ 50%] [32mBuilding CXX object CMakeFiles/vehicle_sender.dir/nodes/vehicle_sender/vehicle_sender.cpp.o[0m
[0.466s] [ 75%] Built target vehicle_receiver
[0.903s] [01m[K/home/nuc/autoware.ai/src/autoware/utilities/vehicle_socket/nodes/vehicle_sender/vehicle_sender.cpp:29:10:[m[K [01;35m[Kwarning: [m[Kmissing terminating " character
[0.903s]  #include [01;35m[K"[m[Kcontrolcan.h
[0.903s]           [01;35m[K^[m[K
[0.904s] [01m[K/home/nuc/autoware.ai/src/autoware/utilities/vehicle_socket/nodes/vehicle_sender/vehicle_sender.cpp:29:10:[m[K [01;31m[Kerror: [m[K#include expects "FILENAME" or <FILENAME>
[0.904s]  #include [01;31m[K"controlcan.h[m[K
[0.904s]           [01;31m[K^~~~~~~~~~~~~[m[K
[1.521s] CMakeFiles/vehicle_sender.dir/build.make:62: recipe for target 'CMakeFiles/vehicle_sender.dir/nodes/vehicle_sender/vehicle_sender.cpp.o' failed
[1.521s] make[2]: *** [CMakeFiles/vehicle_sender.dir/nodes/vehicle_sender/vehicle_sender.cpp.o] Error 1
[1.521s] make[1]: *** [CMakeFiles/vehicle_sender.dir/all] Error 2
[1.521s] CMakeFiles/Makefile2:190: recipe for target 'CMakeFiles/vehicle_sender.dir/all' failed
[1.522s] make: *** [all] Error 2
[1.522s] Makefile:140: recipe for target 'all' failed
[1.524s] Invoked command in '/home/nuc/autoware.ai/src/autoware/utilities/vehicle_socket/build/vehicle_socket' returned '2': /usr/bin/cmake --build /home/nuc/autoware.ai/src/autoware/utilities/vehicle_socket/build/vehicle_socket -- -j8 -l8
