[0.019s] Invoking command in '/home/nuc/autoware.ai/src/autoware/utilities/vehicle_socket/build/vehicle_socket': /usr/bin/cmake --build /home/nuc/autoware.ai/src/autoware/utilities/vehicle_socket/build/vehicle_socket -- -j8 -l8
[0.105s] [  0%] Built target geometry_msgs_generate_messages_lisp
[0.105s] [  0%] Built target autoware_msgs_generate_messages_cpp
[0.105s] [  0%] Built target pcl_msgs_generate_messages_nodejs
[0.105s] [  0%] Built target pcl_msgs_generate_messages_lisp
[0.105s] [  0%] Built target std_msgs_generate_messages_nodejs
[0.105s] [  0%] Built target std_msgs_generate_messages_lisp
[0.106s] [  0%] Built target sensor_msgs_generate_messages_cpp
[0.106s] [  0%] Built target pcl_msgs_generate_messages_py
[0.146s] [  0%] Built target tablet_socket_msgs_generate_messages_eus
[0.149s] [  0%] Built target rosgraph_msgs_generate_messages_cpp
[0.149s] [  0%] Built target autoware_msgs_generate_messages_py
[0.150s] [  0%] Built target jsk_footstep_msgs_generate_messages_eus
[0.152s] [  0%] Built target std_msgs_generate_messages_py
[0.156s] [  0%] Built target std_msgs_generate_messages_cpp
[0.156s] [  0%] Built target actionlib_msgs_generate_messages_nodejs
[0.156s] [  0%] Built target pcl_msgs_generate_messages_eus
[0.187s] [  0%] Built target actionlib_msgs_generate_messages_lisp
[0.189s] [  0%] Built target jsk_footstep_msgs_generate_messages_nodejs
[0.195s] [  0%] Built target actionlib_msgs_generate_messages_cpp
[0.195s] [  0%] Built target roscpp_generate_messages_lisp
[0.200s] [  0%] Built target sensor_msgs_generate_messages_py
[0.200s] [  0%] Built target jsk_recognition_msgs_generate_messages_py
[0.203s] [  0%] Built target autoware_can_msgs_generate_messages_nodejs
[0.208s] [  0%] Built target autoware_can_msgs_generate_messages_eus
[0.230s] [  0%] Built target geometry_msgs_generate_messages_nodejs
[0.236s] [  0%] Built target sensor_msgs_generate_messages_nodejs
[0.238s] [  0%] Built target roscpp_generate_messages_cpp
[0.241s] [  0%] Built target rosgraph_msgs_generate_messages_py
[0.247s] [  0%] Built target jsk_footstep_msgs_generate_messages_cpp
[0.254s] [  0%] Built target jsk_recognition_msgs_generate_messages_lisp
[0.254s] [  0%] Built target geometry_msgs_generate_messages_py
[0.256s] [  0%] Built target jsk_recognition_msgs_generate_messages_eus
[0.273s] [  0%] Built target rosgraph_msgs_generate_messages_eus
[0.282s] [  0%] Built target tablet_socket_msgs_generate_messages_cpp
[0.285s] [  0%] Built target jsk_recognition_msgs_generate_messages_nodejs
[0.285s] [  0%] Built target sensor_msgs_generate_messages_eus
[0.294s] [  0%] Built target autoware_can_msgs_generate_messages_py
[0.296s] [  0%] Built target tablet_socket_msgs_generate_messages_lisp
[0.302s] [  0%] Built target autoware_can_msgs_generate_messages_cpp
[0.302s] [  0%] Built target autoware_can_msgs_generate_messages_lisp
[0.315s] [  0%] Built target autoware_msgs_generate_messages_eus
[0.325s] [  0%] Built target jsk_recognition_msgs_generate_messages_cpp
[0.334s] [  0%] Built target autoware_msgs_generate_messages_nodejs
[0.336s] [  0%] Built target std_msgs_generate_messages_eus
[0.337s] [  0%] Built target jsk_footstep_msgs_generate_messages_lisp
[0.338s] [  0%] Built target jsk_footstep_msgs_generate_messages_py
[0.340s] [  0%] Built target roscpp_generate_messages_py
[0.346s] [  0%] Built target actionlib_msgs_generate_messages_py
[0.359s] [  0%] Built target rosgraph_msgs_generate_messages_nodejs
[0.373s] [  0%] Built target pcl_msgs_generate_messages_cpp
[0.373s] [  0%] Built target rosgraph_msgs_generate_messages_lisp
[0.377s] [  0%] Built target sensor_msgs_generate_messages_lisp
[0.378s] [  0%] Built target actionlib_msgs_generate_messages_eus
[0.385s] [  0%] Built target autoware_msgs_generate_messages_lisp
[0.386s] [  0%] Built target tablet_socket_msgs_generate_messages_py
[0.387s] [  0%] Built target tablet_socket_msgs_generate_messages_nodejs
[0.397s] [  0%] Built target roscpp_generate_messages_nodejs
[0.409s] [  0%] Built target geometry_msgs_generate_messages_cpp
[0.409s] [  0%] Built target geometry_msgs_generate_messages_eus
[0.409s] [  0%] Built target roscpp_generate_messages_eus
[0.430s] [35m[1mScanning dependencies of target vehicle_sender[0m
[0.450s] [ 50%] Built target vehicle_receiver
[0.450s] [ 75%] [32mBuilding CXX object CMakeFiles/vehicle_sender.dir/nodes/vehicle_sender/vehicle_sender.cpp.o[0m
[1.291s] [01m[K/home/nuc/autoware.ai/src/autoware/utilities/vehicle_socket/nodes/vehicle_sender/vehicle_sender.cpp:56:1:[m[K [01;31m[Kerror: [m[Knew types may not be defined in a return type
[1.291s]  [01;31m[Kenum[m[K class GEAR
[1.291s]  [01;31m[K^~~~[m[K
[1.291s] [01m[K/home/nuc/autoware.ai/src/autoware/utilities/vehicle_socket/nodes/vehicle_sender/vehicle_sender.cpp:56:1:[m[K [01;36m[Knote: [m[K(perhaps a semicolon is missing after the definition of ‘[01m[KGEAR[m[K’)
[1.291s] [01m[K/home/nuc/autoware.ai/src/autoware/utilities/vehicle_socket/nodes/vehicle_sender/vehicle_sender.cpp:64:25:[m[K [01;31m[Kerror: [m[Ktwo or more data types in declaration of ‘[01m[Kreset[m[K’
[1.291s]  void CommandData::reset([01;31m[K)[m[K
[1.291s]                          [01;31m[K^[m[K
[1.291s] [01m[K/home/nuc/autoware.ai/src/autoware/utilities/vehicle_socket/nodes/vehicle_sender/vehicle_sender.cpp:[m[K In function ‘[01m[Kvoid vehicleCmdCallback(const VehicleCmd&)[m[K’:
[1.292s] [01m[K/home/nuc/autoware.ai/src/autoware/utilities/vehicle_socket/nodes/vehicle_sender/vehicle_sender.cpp:87:47:[m[K [01;31m[Kerror: [m[K‘[01m[KGRAR[m[K’ has not been declared
[1.292s]      command_data.gearValue = static_cast<int>([01;31m[KGRAR[m[K::DRIVE);
[1.292s]                                                [01;31m[K^~~~[m[K
[1.292s] [01m[K/home/nuc/autoware.ai/src/autoware/utilities/vehicle_socket/nodes/vehicle_sender/vehicle_sender.cpp:91:47:[m[K [01;31m[Kerror: [m[K‘[01m[KGRAR[m[K’ has not been declared
[1.292s]      command_data.gearValue = static_cast<int>([01;31m[KGRAR[m[K::REVERSE);
[1.292s]                                                [01;31m[K^~~~[m[K
[1.439s] make[2]: *** [CMakeFiles/vehicle_sender.dir/nodes/vehicle_sender/vehicle_sender.cpp.o] Error 1
[1.440s] CMakeFiles/vehicle_sender.dir/build.make:62: recipe for target 'CMakeFiles/vehicle_sender.dir/nodes/vehicle_sender/vehicle_sender.cpp.o' failed
[1.440s] CMakeFiles/Makefile2:190: recipe for target 'CMakeFiles/vehicle_sender.dir/all' failed
[1.440s] make[1]: *** [CMakeFiles/vehicle_sender.dir/all] Error 2
[1.440s] Makefile:140: recipe for target 'all' failed
[1.440s] make: *** [all] Error 2
[1.442s] Invoked command in '/home/nuc/autoware.ai/src/autoware/utilities/vehicle_socket/build/vehicle_socket' returned '2': /usr/bin/cmake --build /home/nuc/autoware.ai/src/autoware/utilities/vehicle_socket/build/vehicle_socket -- -j8 -l8
