[0.022s] Invoking command in '/home/nuc/autoware.ai/src/autoware/utilities/app_cmd_sender/build/app_cmd_sender': /usr/bin/cmake --build /home/nuc/autoware.ai/src/autoware/utilities/app_cmd_sender/build/app_cmd_sender -- -j8 -l8
[0.111s] [  0%] Built target tablet_socket_msgs_generate_messages_nodejs
[0.114s] [  0%] Built target tablet_socket_msgs_generate_messages_py
[0.114s] [  0%] Built target tablet_socket_msgs_generate_messages_eus
[0.118s] [  0%] Built target sensor_msgs_generate_messages_nodejs
[0.118s] [  0%] Built target rosgraph_msgs_generate_messages_py
[0.126s] [  0%] Built target rosgraph_msgs_generate_messages_nodejs
[0.130s] [  0%] Built target rosgraph_msgs_generate_messages_lisp
[0.140s] [  0%] Built target tablet_socket_msgs_generate_messages_lisp
[0.155s] [  0%] Built target roscpp_generate_messages_py
[0.161s] [  0%] Built target actionlib_msgs_generate_messages_cpp
[0.164s] [  0%] Built target jsk_footstep_msgs_generate_messages_nodejs
[0.165s] [  0%] Built target roscpp_generate_messages_lisp
[0.171s] [  0%] Built target actionlib_msgs_generate_messages_lisp
[0.176s] [  0%] Built target actionlib_msgs_generate_messages_py
[0.179s] [  0%] Built target jsk_footstep_msgs_generate_messages_lisp
[0.187s] [  0%] Built target jsk_footstep_msgs_generate_messages_eus
[0.203s] [  0%] Built target pcl_msgs_generate_messages_py
[0.207s] [  0%] Built target pcl_msgs_generate_messages_nodejs
[0.214s] [  0%] Built target pcl_msgs_generate_messages_lisp
[0.221s] [  0%] Built target pcl_msgs_generate_messages_eus
[0.222s] [  0%] Built target rosgraph_msgs_generate_messages_cpp
[0.235s] [  0%] Built target autoware_msgs_generate_messages_cpp
[0.238s] [  0%] Built target std_msgs_generate_messages_nodejs
[0.247s] [  0%] Built target sensor_msgs_generate_messages_cpp
[0.257s] [  0%] Built target std_msgs_generate_messages_lisp
[0.261s] [  0%] Built target tablet_socket_msgs_generate_messages_cpp
[0.263s] [  0%] Built target sensor_msgs_generate_messages_eus
[0.270s] [  0%] Built target jsk_footstep_msgs_generate_messages_cpp
[0.276s] [  0%] Built target autoware_can_msgs_generate_messages_py
[0.283s] [  0%] Built target std_msgs_generate_messages_eus
[0.286s] [  0%] Built target geometry_msgs_generate_messages_py
[0.292s] [  0%] Built target autoware_msgs_generate_messages_nodejs
[0.309s] [  0%] Built target jsk_footstep_msgs_generate_messages_py
[0.311s] [  0%] Built target std_msgs_generate_messages_cpp
[0.313s] [  0%] Built target actionlib_msgs_generate_messages_nodejs
[0.327s] [  0%] Built target autoware_msgs_generate_messages_py
[0.328s] [  0%] Built target std_msgs_generate_messages_py
[0.344s] [  0%] Built target autoware_can_msgs_generate_messages_eus
[0.349s] [  0%] Built target geometry_msgs_generate_messages_nodejs
[0.357s] [  0%] Built target sensor_msgs_generate_messages_py
[0.367s] [  0%] Built target autoware_can_msgs_generate_messages_nodejs
[0.367s] [  0%] Built target jsk_recognition_msgs_generate_messages_py
[0.372s] [  0%] Built target autoware_can_msgs_generate_messages_lisp
[0.383s] [  0%] Built target autoware_msgs_generate_messages_eus
[0.395s] [  0%] Built target autoware_can_msgs_generate_messages_cpp
[0.402s] [  0%] Built target jsk_recognition_msgs_generate_messages_cpp
[0.416s] [  0%] Built target sensor_msgs_generate_messages_lisp
[0.418s] [  0%] Built target autoware_msgs_generate_messages_lisp
[0.420s] [  0%] Built target actionlib_msgs_generate_messages_eus
[0.437s] [  0%] Built target pcl_msgs_generate_messages_cpp
[0.442s] [  0%] Built target roscpp_generate_messages_nodejs
[0.444s] [  0%] Built target roscpp_generate_messages_eus
[0.456s] [  0%] Built target geometry_msgs_generate_messages_eus
[0.467s] [  0%] Built target jsk_recognition_msgs_generate_messages_eus
[0.469s] [  0%] Built target jsk_recognition_msgs_generate_messages_lisp
[0.472s] [  0%] Built target geometry_msgs_generate_messages_cpp
[0.484s] [  0%] Built target rosgraph_msgs_generate_messages_eus
[0.486s] [  0%] Built target geometry_msgs_generate_messages_lisp
[0.489s] [  0%] Built target roscpp_generate_messages_cpp
[0.494s] [  0%] Built target jsk_recognition_msgs_generate_messages_nodejs
[0.515s] [35m[1mScanning dependencies of target app_cmd_sender[0m
[0.542s] [ 50%] [32mBuilding CXX object CMakeFiles/app_cmd_sender.dir/nodes/app_cmd_sender.cpp.o[0m
[2.534s] [01m[K/home/nuc/autoware.ai/src/autoware/utilities/app_cmd_sender/nodes/app_cmd_sender.cpp:[m[K In function ‘[01m[Kvoid centerlineCallback(const MarkerArray&)[m[K’:
[2.535s] [01m[K/home/nuc/autoware.ai/src/autoware/utilities/app_cmd_sender/nodes/app_cmd_sender.cpp:67:32:[m[K [01;35m[Kwarning: [m[Knarrowing conversion of ‘[01m[Kpt.geometry_msgs::Point_<std::allocator<void> >::x[m[K’ from ‘[01m[Kgeometry_msgs::Point_<std::allocator<void> >::_x_type {aka double}[m[K’ to ‘[01m[Kfloat[m[K’ inside { } [[01;35m[K-Wnarrowing[m[K]
[2.535s]          centerpt.push_back({[01;35m[Kpt.x[m[K,pt.y});
[2.535s]                              [01;35m[K~~~^[m[K
[2.535s] [01m[K/home/nuc/autoware.ai/src/autoware/utilities/app_cmd_sender/nodes/app_cmd_sender.cpp:67:37:[m[K [01;35m[Kwarning: [m[Knarrowing conversion of ‘[01m[Kpt.geometry_msgs::Point_<std::allocator<void> >::y[m[K’ from ‘[01m[Kgeometry_msgs::Point_<std::allocator<void> >::_y_type {aka double}[m[K’ to ‘[01m[Kfloat[m[K’ inside { } [[01;35m[K-Wnarrowing[m[K]
[2.535s]          centerpt.push_back({pt.x,[01;35m[Kpt.y[m[K});
[2.535s]                                   [01;35m[K~~~^[m[K
[2.535s] In file included from [01m[K/opt/ros/melodic/include/ros/ros.h:40:0[m[K,
[2.535s]                  from [01m[K/home/nuc/autoware.ai/src/autoware/utilities/app_cmd_sender/nodes/app_cmd_sender.cpp:17[m[K:
[2.535s] [01m[K/opt/ros/melodic/include/ros/console.h:348:176:[m[K [01;35m[Kwarning: [m[Kformat ‘[01m[K%d[m[K’ expects argument of type ‘[01m[Kint[m[K’, but argument 8 has type ‘[01m[Kstd::vector<geometry_msgs::Point_<std::allocator<void> >, std::allocator<geometry_msgs::Point_<std::allocator<void> > > >::size_type {aka long unsigned int}[m[K’ [[01;35m[K-Wformat=[m[K]
[2.536s]      ::ros::console::print(filter, __rosconsole_define_location__loc.logger_, __rosconsole_define_location__loc.level_, __FILE__, __LINE__, __ROSCONSOLE_FUNCTION__, __VA_ARGS__[01;35m[K)[m[K
[2.536s]                                                                                                                                                                                 [01;35m[K^[m[K
[2.536s] [01m[K/opt/ros/melodic/include/ros/console.h:351:5:[m[K [01;36m[Knote: [m[Kin expansion of macro ‘[01m[KROSCONSOLE_PRINT_AT_LOCATION_WITH_FILTER[m[K’
[2.536s]      [01;36m[KROSCONSOLE_PRINT_AT_LOCATION_WITH_FILTER[m[K(NULL, __VA_ARGS__)
[2.536s]      [01;36m[K^~~~~~~~~~~~~~~~~~~~~~~~~~~~~~~~~~~~~~~~[m[K
[2.536s] [01m[K/opt/ros/melodic/include/ros/console.h:387:7:[m[K [01;36m[Knote: [m[Kin expansion of macro ‘[01m[KROSCONSOLE_PRINT_AT_LOCATION[m[K’
[2.536s]        [01;36m[KROSCONSOLE_PRINT_AT_LOCATION[m[K(__VA_ARGS__); \
[2.536s]        [01;36m[K^~~~~~~~~~~~~~~~~~~~~~~~~~~~[m[K
[2.536s] [01m[K/opt/ros/melodic/include/ros/console.h:572:35:[m[K [01;36m[Knote: [m[Kin expansion of macro ‘[01m[KROS_LOG_COND[m[K’
[2.536s]  #define ROS_LOG(level, name, ...) [01;36m[KROS_LOG_COND[m[K(true, level, name, __VA_ARGS__)
[2.536s]                                    [01;36m[K^~~~~~~~~~~~[m[K
[2.536s] [01m[K/opt/ros/melodic/include/rosconsole/macros_generated.h:162:23:[m[K [01;36m[Knote: [m[Kin expansion of macro ‘[01m[KROS_LOG[m[K’
[2.537s]  #define ROS_WARN(...) [01;36m[KROS_LOG[m[K(::ros::console::levels::Warn, ROSCONSOLE_DEFAULT_NAME, __VA_ARGS__)
[2.537s]                        [01;36m[K^~~~~~~[m[K
[2.537s] [01m[K/home/nuc/autoware.ai/src/autoware/utilities/app_cmd_sender/nodes/app_cmd_sender.cpp:69:5:[m[K [01;36m[Knote: [m[Kin expansion of macro ‘[01m[KROS_WARN[m[K’
[2.537s]      [01;36m[KR[m[KOS_WARN("IM centerline, SIZE=%d",  ary.markers[0].points.size());
[2.537s]      [01;36m[K^[m[K
[2.537s] [01m[K/home/nuc/autoware.ai/src/autoware/utilities/app_cmd_sender/nodes/app_cmd_sender.cpp:[m[K In function ‘[01m[Kvoid planlineCallback(const MarkerArray&)[m[K’:
[2.537s] [01m[K/opt/ros/melodic/include/ros/console.h:348:176:[m[K [01;35m[Kwarning: [m[Kformat ‘[01m[K%d[m[K’ expects argument of type ‘[01m[Kint[m[K’, but argument 8 has type ‘[01m[Kstd::vector<geometry_msgs::Point_<std::allocator<void> >, std::allocator<geometry_msgs::Point_<std::allocator<void> > > >::size_type {aka long unsigned int}[m[K’ [[01;35m[K-Wformat=[m[K]
[2.537s]      ::ros::console::print(filter, __rosconsole_define_location__loc.logger_, __rosconsole_define_location__loc.level_, __FILE__, __LINE__, __ROSCONSOLE_FUNCTION__, __VA_ARGS__[01;35m[K)[m[K
[2.537s]                                                                                                                                                                                 [01;35m[K^[m[K
[2.537s] [01m[K/opt/ros/melodic/include/ros/console.h:351:5:[m[K [01;36m[Knote: [m[Kin expansion of macro ‘[01m[KROSCONSOLE_PRINT_AT_LOCATION_WITH_FILTER[m[K’
[2.537s]      [01;36m[KROSCONSOLE_PRINT_AT_LOCATION_WITH_FILTER[m[K(NULL, __VA_ARGS__)
[2.537s]      [01;36m[K^~~~~~~~~~~~~~~~~~~~~~~~~~~~~~~~~~~~~~~~[m[K
[2.537s] [01m[K/opt/ros/melodic/include/ros/console.h:387:7:[m[K [01;36m[Knote: [m[Kin expansion of macro ‘[01m[KROSCONSOLE_PRINT_AT_LOCATION[m[K’
[2.537s]        [01;36m[KROSCONSOLE_PRINT_AT_LOCATION[m[K(__VA_ARGS__); \
[2.537s]        [01;36m[K^~~~~~~~~~~~~~~~~~~~~~~~~~~~[m[K
[2.537s] [01m[K/opt/ros/melodic/include/ros/console.h:572:35:[m[K [01;36m[Knote: [m[Kin expansion of macro ‘[01m[KROS_LOG_COND[m[K’
[2.537s]  #define ROS_LOG(level, name, ...) [01;36m[KROS_LOG_COND[m[K(true, level, name, __VA_ARGS__)
[2.537s]                                    [01;36m[K^~~~~~~~~~~~[m[K
[2.538s] [01m[K/opt/ros/melodic/include/rosconsole/macros_generated.h:162:23:[m[K [01;36m[Knote: [m[Kin expansion of macro ‘[01m[KROS_LOG[m[K’
[2.538s]  #define ROS_WARN(...) [01;36m[KROS_LOG[m[K(::ros::console::levels::Warn, ROSCONSOLE_DEFAULT_NAME, __VA_ARGS__)
[2.538s]                        [01;36m[K^~~~~~~[m[K
[2.538s] [01m[K/home/nuc/autoware.ai/src/autoware/utilities/app_cmd_sender/nodes/app_cmd_sender.cpp:78:9:[m[K [01;36m[Knote: [m[Kin expansion of macro ‘[01m[KROS_WARN[m[K’
[2.538s]          [01;36m[KR[m[KOS_WARN("IM planline, SIZE=%d",  ary.markers[0].points.size());
[2.538s]          [01;36m[K^[m[K
[2.538s] [01m[K/home/nuc/autoware.ai/src/autoware/utilities/app_cmd_sender/nodes/app_cmd_sender.cpp:82:57:[m[K [01;35m[Kwarning: [m[Knarrowing conversion of ‘[01m[Kpt.geometry_msgs::Point_<std::allocator<void> >::x[m[K’ from ‘[01m[Kgeometry_msgs::Point_<std::allocator<void> >::_x_type {aka double}[m[K’ to ‘[01m[Kfloat[m[K’ inside { } [[01;35m[K-Wnarrowing[m[K]
[2.538s]              plannedline.push_back(std::vector<float>{[01;35m[Kpt.x[m[K,pt.y});
[2.538s]                                                       [01;35m[K~~~^[m[K
[2.538s] [01m[K/home/nuc/autoware.ai/src/autoware/utilities/app_cmd_sender/nodes/app_cmd_sender.cpp:82:57:[m[K [01;35m[Kwarning: [m[Knarrowing conversion of ‘[01m[Kpt.geometry_msgs::Point_<std::allocator<void> >::x[m[K’ from ‘[01m[Kgeometry_msgs::Point_<std::allocator<void> >::_x_type {aka double}[m[K’ to ‘[01m[Kfloat[m[K’ inside { } [[01;35m[K-Wnarrowing[m[K]
[2.538s] [01m[K/home/nuc/autoware.ai/src/autoware/utilities/app_cmd_sender/nodes/app_cmd_sender.cpp:82:62:[m[K [01;35m[Kwarning: [m[Knarrowing conversion of ‘[01m[Kpt.geometry_msgs::Point_<std::allocator<void> >::y[m[K’ from ‘[01m[Kgeometry_msgs::Point_<std::allocator<void> >::_y_type {aka double}[m[K’ to ‘[01m[Kfloat[m[K’ inside { } [[01;35m[K-Wnarrowing[m[K]
[2.538s]              plannedline.push_back(std::vector<float>{pt.x,[01;35m[Kpt.y[m[K});
[2.538s]                                                            [01;35m[K~~~^[m[K
[2.538s] [01m[K/home/nuc/autoware.ai/src/autoware/utilities/app_cmd_sender/nodes/app_cmd_sender.cpp:82:62:[m[K [01;35m[Kwarning: [m[Knarrowing conversion of ‘[01m[Kpt.geometry_msgs::Point_<std::allocator<void> >::y[m[K’ from ‘[01m[Kgeometry_msgs::Point_<std::allocator<void> >::_y_type {aka double}[m[K’ to ‘[01m[Kfloat[m[K’ inside { } [[01;35m[K-Wnarrowing[m[K]
[2.540s] [01m[K/home/nuc/autoware.ai/src/autoware/utilities/app_cmd_sender/nodes/app_cmd_sender.cpp:[m[K In function ‘[01m[Kvoid currentposeCallback(const PoseStamped&)[m[K’:
[2.540s] [01m[K/home/nuc/autoware.ai/src/autoware/utilities/app_cmd_sender/nodes/app_cmd_sender.cpp:104:32:[m[K [01;35m[Kwarning: [m[Knarrowing conversion of ‘[01m[K(geometry_msgs::Point_<std::allocator<void> >::_x_type)odm.geometry_msgs::PoseStamped_<std::allocator<void> >::pose.geometry_msgs::Pose_<std::allocator<void> >::position.geometry_msgs::Point_<std::allocator<void> >::x[m[K’ from ‘[01m[Kgeometry_msgs::Point_<std::allocator<void> >::_x_type {aka double}[m[K’ to ‘[01m[Kfloat[m[K’ inside { } [[01;35m[K-Wnarrowing[m[K]
[2.540s]      point pt{[01;35m[Kodm.pose.position.x[m[K,odm.pose.position.y};
[2.540s]               [01;35m[K~~~~~~~~~~~~~~~~~~^[m[K
[2.540s] [01m[K/home/nuc/autoware.ai/src/autoware/utilities/app_cmd_sender/nodes/app_cmd_sender.cpp:104:52:[m[K [01;35m[Kwarning: [m[Knarrowing conversion of ‘[01m[K(geometry_msgs::Point_<std::allocator<void> >::_y_type)odm.geometry_msgs::PoseStamped_<std::allocator<void> >::pose.geometry_msgs::Pose_<std::allocator<void> >::position.geometry_msgs::Point_<std::allocator<void> >::y[m[K’ from ‘[01m[Kgeometry_msgs::Point_<std::allocator<void> >::_y_type {aka double}[m[K’ to ‘[01m[Kfloat[m[K’ inside { } [[01;35m[K-Wnarrowing[m[K]
[2.540s]      point pt{odm.pose.position.x,[01;35m[Kodm.pose.position.y[m[K};
[2.540s]                                   [01;35m[K~~~~~~~~~~~~~~~~~~^[m[K
[8.675s] [100%] [32m[1mLinking CXX executable devel/lib/app_cmd_sender/app_cmd_sender[0m
[9.074s] [100%] Built target app_cmd_sender
[9.090s] Invoked command in '/home/nuc/autoware.ai/src/autoware/utilities/app_cmd_sender/build/app_cmd_sender' returned '0': /usr/bin/cmake --build /home/nuc/autoware.ai/src/autoware/utilities/app_cmd_sender/build/app_cmd_sender -- -j8 -l8
[9.206s] Invoking command in '/home/nuc/autoware.ai/src/autoware/utilities/app_cmd_sender/build/app_cmd_sender': /usr/bin/cmake --build /home/nuc/autoware.ai/src/autoware/utilities/app_cmd_sender/build/app_cmd_sender --target tests -- -j8 -l8
[9.293s] Built target tests
[9.307s] Invoked command in '/home/nuc/autoware.ai/src/autoware/utilities/app_cmd_sender/build/app_cmd_sender' returned '0': /usr/bin/cmake --build /home/nuc/autoware.ai/src/autoware/utilities/app_cmd_sender/build/app_cmd_sender --target tests -- -j8 -l8
[9.431s] Invoking command in '/home/nuc/autoware.ai/src/autoware/utilities/app_cmd_sender/build/app_cmd_sender': /usr/bin/cmake --build /home/nuc/autoware.ai/src/autoware/utilities/app_cmd_sender/build/app_cmd_sender --target install -- -j8 -l8
[9.511s] [  0%] Built target rosgraph_msgs_generate_messages_py
[9.511s] [  0%] Built target rosgraph_msgs_generate_messages_lisp
[9.515s] [  0%] Built target tablet_socket_msgs_generate_messages_eus
[9.516s] [  0%] Built target tablet_socket_msgs_generate_messages_nodejs
[9.520s] [  0%] Built target sensor_msgs_generate_messages_nodejs
[9.520s] [  0%] Built target tablet_socket_msgs_generate_messages_lisp
[9.529s] [  0%] Built target tablet_socket_msgs_generate_messages_py
[9.532s] [  0%] Built target rosgraph_msgs_generate_messages_nodejs
[9.559s] [  0%] Built target roscpp_generate_messages_py
[9.560s] [  0%] Built target actionlib_msgs_generate_messages_lisp
[9.560s] [  0%] Built target roscpp_generate_messages_lisp
[9.566s] [  0%] Built target jsk_footstep_msgs_generate_messages_nodejs
[9.575s] [  0%] Built target actionlib_msgs_generate_messages_cpp
[9.576s] [  0%] Built target jsk_footstep_msgs_generate_messages_lisp
[9.585s] [  0%] Built target actionlib_msgs_generate_messages_py
[9.585s] [  0%] Built target jsk_footstep_msgs_generate_messages_eus
[9.604s] [  0%] Built target pcl_msgs_generate_messages_lisp
[9.608s] [  0%] Built target pcl_msgs_generate_messages_nodejs
[9.614s] [  0%] Built target pcl_msgs_generate_messages_py
[9.616s] [  0%] Built target pcl_msgs_generate_messages_eus
[9.624s] [  0%] Built target autoware_msgs_generate_messages_cpp
[9.626s] [  0%] Built target rosgraph_msgs_generate_messages_cpp
[9.628s] [  0%] Built target std_msgs_generate_messages_lisp
[9.632s] [  0%] Built target std_msgs_generate_messages_nodejs
[9.652s] [  0%] Built target sensor_msgs_generate_messages_cpp
[9.654s] [  0%] Built target sensor_msgs_generate_messages_eus
[9.663s] [  0%] Built target autoware_can_msgs_generate_messages_py
[9.667s] [  0%] Built target tablet_socket_msgs_generate_messages_cpp
[9.670s] [  0%] Built target geometry_msgs_generate_messages_py
[9.671s] [  0%] Built target jsk_footstep_msgs_generate_messages_cpp
[9.678s] [  0%] Built target autoware_msgs_generate_messages_nodejs
[9.682s] [  0%] Built target std_msgs_generate_messages_eus
[9.697s] [  0%] Built target std_msgs_generate_messages_cpp
[9.704s] [  0%] Built target jsk_footstep_msgs_generate_messages_py
[9.709s] [  0%] Built target autoware_msgs_generate_messages_py
[9.709s] [  0%] Built target actionlib_msgs_generate_messages_nodejs
[9.711s] [  0%] Built target std_msgs_generate_messages_py
[9.717s] [  0%] Built target autoware_can_msgs_generate_messages_eus
[9.724s] [  0%] Built target geometry_msgs_generate_messages_nodejs
[9.730s] [  0%] Built target sensor_msgs_generate_messages_py
[9.745s] [  0%] Built target jsk_recognition_msgs_generate_messages_py
[9.757s] [  0%] Built target autoware_can_msgs_generate_messages_lisp
[9.757s] [  0%] Built target autoware_can_msgs_generate_messages_nodejs
[9.757s] [  0%] Built target autoware_msgs_generate_messages_eus
[9.757s] [  0%] Built target autoware_can_msgs_generate_messages_cpp
[9.764s] [  0%] Built target sensor_msgs_generate_messages_lisp
[9.766s] [  0%] Built target jsk_recognition_msgs_generate_messages_cpp
[9.784s] [  0%] Built target pcl_msgs_generate_messages_cpp
[9.790s] [  0%] Built target actionlib_msgs_generate_messages_eus
[9.800s] [  0%] Built target autoware_msgs_generate_messages_lisp
[9.802s] [  0%] Built target roscpp_generate_messages_eus
[9.802s] [  0%] Built target roscpp_generate_messages_nodejs
[9.802s] [  0%] Built target geometry_msgs_generate_messages_eus
[9.807s] [  0%] Built target geometry_msgs_generate_messages_cpp
[9.810s] [  0%] Built target geometry_msgs_generate_messages_lisp
[9.827s] [  0%] Built target jsk_recognition_msgs_generate_messages_eus
[9.828s] [  0%] Built target jsk_recognition_msgs_generate_messages_lisp
[9.838s] [  0%] Built target rosgraph_msgs_generate_messages_eus
[9.840s] [  0%] Built target jsk_recognition_msgs_generate_messages_nodejs
[9.840s] [  0%] Built target roscpp_generate_messages_cpp
[9.873s] [100%] Built target app_cmd_sender
[9.899s] [36mInstall the project...[0m
[9.910s] -- Install configuration: ""
[9.910s] -- Up-to-date: /home/nuc/autoware.ai/src/autoware/utilities/app_cmd_sender/install/app_cmd_sender/lib/pkgconfig/app_cmd_sender.pc
[9.910s] -- Up-to-date: /home/nuc/autoware.ai/src/autoware/utilities/app_cmd_sender/install/app_cmd_sender/share/app_cmd_sender/cmake/app_cmd_senderConfig.cmake
[9.910s] -- Up-to-date: /home/nuc/autoware.ai/src/autoware/utilities/app_cmd_sender/install/app_cmd_sender/share/app_cmd_sender/cmake/app_cmd_senderConfig-version.cmake
[9.910s] -- Up-to-date: /home/nuc/autoware.ai/src/autoware/utilities/app_cmd_sender/install/app_cmd_sender/share/app_cmd_sender/package.xml
[9.911s] -- Installing: /home/nuc/autoware.ai/src/autoware/utilities/app_cmd_sender/install/app_cmd_sender/lib/app_cmd_sender/app_cmd_sender
[9.912s] -- Set runtime path of "/home/nuc/autoware.ai/src/autoware/utilities/app_cmd_sender/install/app_cmd_sender/lib/app_cmd_sender/app_cmd_sender" to ""
[9.912s] -- Up-to-date: /home/nuc/autoware.ai/src/autoware/utilities/app_cmd_sender/install/app_cmd_sender/share/app_cmd_sender/launch
[9.912s] -- Up-to-date: /home/nuc/autoware.ai/src/autoware/utilities/app_cmd_sender/install/app_cmd_sender/share/app_cmd_sender/launch/app_cmd_sender.launch
[9.916s] Invoked command in '/home/nuc/autoware.ai/src/autoware/utilities/app_cmd_sender/build/app_cmd_sender' returned '0': /usr/bin/cmake --build /home/nuc/autoware.ai/src/autoware/utilities/app_cmd_sender/build/app_cmd_sender --target install -- -j8 -l8
