[0.026s] Invoking command in '/home/nuc/autoware.ai/src/autoware/utilities/vehicle_socket/build/vehicle_socket': /usr/bin/cmake --build /home/nuc/autoware.ai/src/autoware/utilities/vehicle_socket/build/vehicle_socket -- -j8 -l8
[0.117s] [  0%] Built target tablet_socket_msgs_generate_messages_py
[0.123s] [  0%] Built target tablet_socket_msgs_generate_messages_nodejs
[0.125s] [  0%] Built target rosgraph_msgs_generate_messages_py
[0.128s] [  0%] Built target tablet_socket_msgs_generate_messages_eus
[0.135s] [  0%] Built target rosgraph_msgs_generate_messages_nodejs
[0.137s] [  0%] Built target rosgraph_msgs_generate_messages_lisp
[0.137s] [  0%] Built target tablet_socket_msgs_generate_messages_lisp
[0.147s] [  0%] Built target sensor_msgs_generate_messages_nodejs
[0.176s] [  0%] Built target roscpp_generate_messages_py
[0.179s] [  0%] Built target actionlib_msgs_generate_messages_cpp
[0.193s] [  0%] Built target roscpp_generate_messages_lisp
[0.193s] [  0%] Built target actionlib_msgs_generate_messages_lisp
[0.200s] [  0%] Built target jsk_footstep_msgs_generate_messages_lisp
[0.203s] [  0%] Built target actionlib_msgs_generate_messages_py
[0.203s] [  0%] Built target jsk_footstep_msgs_generate_messages_nodejs
[0.209s] [  0%] Built target jsk_footstep_msgs_generate_messages_eus
[0.248s] [  0%] Built target pcl_msgs_generate_messages_py
[0.254s] [  0%] Built target std_msgs_generate_messages_nodejs
[0.256s] [  0%] Built target rosgraph_msgs_generate_messages_cpp
[0.259s] [  0%] Built target pcl_msgs_generate_messages_nodejs
[0.261s] [  0%] Built target autoware_msgs_generate_messages_cpp
[0.262s] [  0%] Built target pcl_msgs_generate_messages_lisp
[0.273s] [  0%] Built target pcl_msgs_generate_messages_eus
[0.279s] [  0%] Built target std_msgs_generate_messages_lisp
[0.313s] [  0%] Built target tablet_socket_msgs_generate_messages_cpp
[0.317s] [  0%] Built target autoware_can_msgs_generate_messages_py
[0.317s] [  0%] Built target sensor_msgs_generate_messages_eus
[0.325s] [  0%] Built target jsk_footstep_msgs_generate_messages_cpp
[0.326s] [  0%] Built target sensor_msgs_generate_messages_cpp
[0.329s] [  0%] Built target geometry_msgs_generate_messages_py
[0.329s] [  0%] Built target std_msgs_generate_messages_eus
[0.351s] [  0%] Built target autoware_msgs_generate_messages_nodejs
[0.373s] [  0%] Built target jsk_footstep_msgs_generate_messages_py
[0.383s] [  0%] Built target std_msgs_generate_messages_py
[0.384s] [  0%] Built target std_msgs_generate_messages_cpp
[0.386s] [  0%] Built target geometry_msgs_generate_messages_nodejs
[0.386s] [  0%] Built target autoware_msgs_generate_messages_py
[0.390s] [  0%] Built target autoware_can_msgs_generate_messages_eus
[0.390s] [  0%] Built target actionlib_msgs_generate_messages_nodejs
[0.453s] [  0%] Built target sensor_msgs_generate_messages_py
[0.454s] [  0%] Built target autoware_can_msgs_generate_messages_cpp
[0.454s] [  0%] Built target jsk_recognition_msgs_generate_messages_cpp
[0.458s] [  0%] Built target jsk_recognition_msgs_generate_messages_py
[0.468s] [  0%] Built target autoware_can_msgs_generate_messages_nodejs
[0.481s] [  0%] Built target autoware_can_msgs_generate_messages_lisp
[0.487s] [  0%] Built target autoware_msgs_generate_messages_eus
[0.510s] [  0%] Built target sensor_msgs_generate_messages_lisp
[0.537s] [  0%] Built target pcl_msgs_generate_messages_cpp
[0.542s] [  0%] Built target actionlib_msgs_generate_messages_eus
[0.545s] [  0%] Built target roscpp_generate_messages_eus
[0.556s] [  0%] Built target roscpp_generate_messages_nodejs
[0.577s] [  0%] Built target autoware_msgs_generate_messages_lisp
[0.592s] [  0%] Built target geometry_msgs_generate_messages_cpp
[0.593s] [  0%] Built target geometry_msgs_generate_messages_eus
[0.604s] [  0%] Built target jsk_recognition_msgs_generate_messages_eus
[0.620s] [  0%] Built target rosgraph_msgs_generate_messages_eus
[0.625s] [  0%] Built target geometry_msgs_generate_messages_lisp
[0.629s] [  0%] Built target jsk_recognition_msgs_generate_messages_nodejs
[0.635s] [  0%] Built target jsk_recognition_msgs_generate_messages_lisp
[0.646s] [  0%] Built target roscpp_generate_messages_cpp
[0.669s] [35m[1mScanning dependencies of target vehicle_sender[0m
[0.696s] [ 50%] Built target vehicle_receiver
[0.699s] [ 75%] [32mBuilding CXX object CMakeFiles/vehicle_sender.dir/nodes/vehicle_sender/vehicle_sender.cpp.o[0m
[2.033s] [01m[K/home/nuc/autoware.ai/src/autoware/utilities/vehicle_socket/nodes/vehicle_sender/vehicle_sender.cpp:231:14:[m[K [01;35m[Kwarning: [m[K‘[01m[Kvoid* receiverCaller(void*)[m[K’ defined but not used [[01;35m[K-Wunused-function[m[K]
[2.033s]  static void *[01;35m[KreceiverCaller[m[K(void *unused)
[2.033s]               [01;35m[K^~~~~~~~~~~~~~[m[K
[3.017s] [100%] [32m[1mLinking CXX executable devel/lib/vehicle_socket/vehicle_sender[0m
[3.142s] [100%] Built target vehicle_sender
[3.158s] Invoked command in '/home/nuc/autoware.ai/src/autoware/utilities/vehicle_socket/build/vehicle_socket' returned '0': /usr/bin/cmake --build /home/nuc/autoware.ai/src/autoware/utilities/vehicle_socket/build/vehicle_socket -- -j8 -l8
[3.288s] Invoking command in '/home/nuc/autoware.ai/src/autoware/utilities/vehicle_socket/build/vehicle_socket': /usr/bin/cmake --build /home/nuc/autoware.ai/src/autoware/utilities/vehicle_socket/build/vehicle_socket --target tests -- -j8 -l8
[3.381s] Built target tests
[3.397s] Invoked command in '/home/nuc/autoware.ai/src/autoware/utilities/vehicle_socket/build/vehicle_socket' returned '0': /usr/bin/cmake --build /home/nuc/autoware.ai/src/autoware/utilities/vehicle_socket/build/vehicle_socket --target tests -- -j8 -l8
[3.550s] Invoking command in '/home/nuc/autoware.ai/src/autoware/utilities/vehicle_socket/build/vehicle_socket': /usr/bin/cmake --build /home/nuc/autoware.ai/src/autoware/utilities/vehicle_socket/build/vehicle_socket --target install -- -j8 -l8
[3.637s] [  0%] Built target tablet_socket_msgs_generate_messages_lisp
[3.639s] [  0%] Built target tablet_socket_msgs_generate_messages_py
[3.639s] [  0%] Built target tablet_socket_msgs_generate_messages_eus
[3.640s] [  0%] Built target rosgraph_msgs_generate_messages_py
[3.640s] [  0%] Built target sensor_msgs_generate_messages_nodejs
[3.646s] [  0%] Built target tablet_socket_msgs_generate_messages_nodejs
[3.657s] [  0%] Built target rosgraph_msgs_generate_messages_nodejs
[3.687s] [  0%] Built target rosgraph_msgs_generate_messages_lisp
[3.695s] [  0%] Built target roscpp_generate_messages_py
[3.696s] [  0%] Built target actionlib_msgs_generate_messages_lisp
[3.701s] [  0%] Built target roscpp_generate_messages_lisp
[3.715s] [  0%] Built target jsk_footstep_msgs_generate_messages_nodejs
[3.722s] [  0%] Built target jsk_footstep_msgs_generate_messages_lisp
[3.722s] [  0%] Built target actionlib_msgs_generate_messages_py
[3.723s] [  0%] Built target actionlib_msgs_generate_messages_cpp
[3.756s] [  0%] Built target jsk_footstep_msgs_generate_messages_eus
[3.763s] [  0%] Built target pcl_msgs_generate_messages_nodejs
[3.768s] [  0%] Built target pcl_msgs_generate_messages_lisp
[3.780s] [  0%] Built target pcl_msgs_generate_messages_py
[3.789s] [  0%] Built target std_msgs_generate_messages_nodejs
[3.804s] [  0%] Built target autoware_msgs_generate_messages_cpp
[3.806s] [  0%] Built target pcl_msgs_generate_messages_eus
[3.808s] [  0%] Built target rosgraph_msgs_generate_messages_cpp
[3.816s] [  0%] Built target std_msgs_generate_messages_lisp
[3.840s] [  0%] Built target sensor_msgs_generate_messages_eus
[3.840s] [  0%] Built target sensor_msgs_generate_messages_cpp
[3.853s] [  0%] Built target tablet_socket_msgs_generate_messages_cpp
[3.866s] [  0%] Built target autoware_can_msgs_generate_messages_py
[3.870s] [  0%] Built target geometry_msgs_generate_messages_py
[3.873s] [  0%] Built target jsk_footstep_msgs_generate_messages_cpp
[3.881s] [  0%] Built target std_msgs_generate_messages_eus
[3.893s] [  0%] Built target autoware_msgs_generate_messages_nodejs
[3.894s] [  0%] Built target jsk_footstep_msgs_generate_messages_py
[3.921s] [  0%] Built target std_msgs_generate_messages_cpp
[3.931s] [  0%] Built target actionlib_msgs_generate_messages_nodejs
[3.931s] [  0%] Built target std_msgs_generate_messages_py
[3.935s] [  0%] Built target autoware_msgs_generate_messages_py
[3.954s] [  0%] Built target sensor_msgs_generate_messages_py
[3.965s] [  0%] Built target jsk_recognition_msgs_generate_messages_py
[3.970s] [  0%] Built target geometry_msgs_generate_messages_nodejs
[3.972s] [  0%] Built target autoware_can_msgs_generate_messages_eus
[3.985s] [  0%] Built target autoware_can_msgs_generate_messages_nodejs
[3.999s] [  0%] Built target autoware_can_msgs_generate_messages_lisp
[4.000s] [  0%] Built target autoware_msgs_generate_messages_eus
[4.001s] [  0%] Built target autoware_can_msgs_generate_messages_cpp
[4.039s] [  0%] Built target sensor_msgs_generate_messages_lisp
[4.052s] [  0%] Built target jsk_recognition_msgs_generate_messages_cpp
[4.059s] [  0%] Built target autoware_msgs_generate_messages_lisp
[4.059s] [  0%] Built target pcl_msgs_generate_messages_cpp
[4.067s] [  0%] Built target roscpp_generate_messages_nodejs
[4.070s] [  0%] Built target actionlib_msgs_generate_messages_eus
[4.084s] [  0%] Built target geometry_msgs_generate_messages_eus
[4.089s] [  0%] Built target roscpp_generate_messages_eus
[4.111s] [  0%] Built target geometry_msgs_generate_messages_cpp
[4.115s] [  0%] Built target geometry_msgs_generate_messages_lisp
[4.121s] [  0%] Built target jsk_recognition_msgs_generate_messages_eus
[4.125s] [  0%] Built target jsk_recognition_msgs_generate_messages_lisp
[4.126s] [  0%] Built target rosgraph_msgs_generate_messages_eus
[4.128s] [  0%] Built target jsk_recognition_msgs_generate_messages_nodejs
[4.138s] [  0%] Built target roscpp_generate_messages_cpp
[4.179s] [ 50%] Built target vehicle_receiver
[4.179s] [100%] Built target vehicle_sender
[4.211s] [36mInstall the project...[0m
[4.224s] -- Install configuration: ""
[4.225s] -- Up-to-date: /home/nuc/autoware.ai/src/autoware/utilities/vehicle_socket/install/vehicle_socket/lib/pkgconfig/vehicle_socket.pc
[4.225s] -- Up-to-date: /home/nuc/autoware.ai/src/autoware/utilities/vehicle_socket/install/vehicle_socket/share/vehicle_socket/cmake/vehicle_socketConfig.cmake
[4.225s] -- Up-to-date: /home/nuc/autoware.ai/src/autoware/utilities/vehicle_socket/install/vehicle_socket/share/vehicle_socket/cmake/vehicle_socketConfig-version.cmake
[4.225s] -- Up-to-date: /home/nuc/autoware.ai/src/autoware/utilities/vehicle_socket/install/vehicle_socket/share/vehicle_socket/package.xml
[4.225s] -- Installing: /home/nuc/autoware.ai/src/autoware/utilities/vehicle_socket/install/vehicle_socket/lib/vehicle_socket/vehicle_sender
[4.225s] -- Set runtime path of "/home/nuc/autoware.ai/src/autoware/utilities/vehicle_socket/install/vehicle_socket/lib/vehicle_socket/vehicle_sender" to ""
[4.226s] -- Up-to-date: /home/nuc/autoware.ai/src/autoware/utilities/vehicle_socket/install/vehicle_socket/lib/vehicle_socket/vehicle_receiver
[4.230s] Invoked command in '/home/nuc/autoware.ai/src/autoware/utilities/vehicle_socket/build/vehicle_socket' returned '0': /usr/bin/cmake --build /home/nuc/autoware.ai/src/autoware/utilities/vehicle_socket/build/vehicle_socket --target install -- -j8 -l8
