[0.027s] Invoking command in '/home/nuc/autoware.ai/src/autoware/utilities/app_cmd_sender/build/app_cmd_sender': /usr/bin/cmake --build /home/nuc/autoware.ai/src/autoware/utilities/app_cmd_sender/build/app_cmd_sender -- -j8 -l8
[0.124s] [  0%] Built target autoware_can_msgs_generate_messages_py
[0.124s] [  0%] Built target jsk_footstep_msgs_generate_messages_cpp
[0.126s] [  0%] Built target autoware_msgs_generate_messages_py
[0.132s] [  0%] Built target geometry_msgs_generate_messages_py
[0.134s] [  0%] Built target pcl_msgs_generate_messages_cpp
[0.134s] [  0%] Built target rosgraph_msgs_generate_messages_nodejs
[0.144s] [  0%] Built target autoware_can_msgs_generate_messages_eus
[0.146s] [  0%] Built target geometry_msgs_generate_messages_nodejs
[0.179s] [  0%] Built target sensor_msgs_generate_messages_cpp
[0.185s] [  0%] Built target tablet_socket_msgs_generate_messages_cpp
[0.195s] [  0%] Built target roscpp_generate_messages_lisp
[0.196s] [  0%] Built target jsk_recognition_msgs_generate_messages_nodejs
[0.199s] [  0%] Built target roscpp_generate_messages_cpp
[0.208s] [  0%] Built target sensor_msgs_generate_messages_eus
[0.208s] [  0%] Built target rosgraph_msgs_generate_messages_eus
[0.210s] [  0%] Built target sensor_msgs_generate_messages_nodejs
[0.232s] [  0%] Built target roscpp_generate_messages_py
[0.243s] [  0%] Built target rosgraph_msgs_generate_messages_lisp
[0.255s] [  0%] Built target jsk_recognition_msgs_generate_messages_py
[0.255s] [  0%] Built target sensor_msgs_generate_messages_py
[0.257s] [  0%] Built target tablet_socket_msgs_generate_messages_py
[0.257s] [  0%] Built target autoware_can_msgs_generate_messages_nodejs
[0.258s] [  0%] Built target pcl_msgs_generate_messages_nodejs
[0.277s] [  0%] Built target pcl_msgs_generate_messages_lisp
[0.291s] [  0%] Built target pcl_msgs_generate_messages_eus
[0.302s] [  0%] Built target geometry_msgs_generate_messages_cpp
[0.303s] [  0%] Built target autoware_msgs_generate_messages_lisp
[0.305s] [  0%] Built target jsk_recognition_msgs_generate_messages_eus
[0.310s] [  0%] Built target jsk_recognition_msgs_generate_messages_lisp
[0.317s] [  0%] Built target geometry_msgs_generate_messages_lisp
[0.334s] [  0%] Built target roscpp_generate_messages_nodejs
[0.337s] [  0%] Built target actionlib_msgs_generate_messages_eus
[0.351s] [  0%] Built target std_msgs_generate_messages_nodejs
[0.355s] [  0%] Built target roscpp_generate_messages_eus
[0.362s] [  0%] Built target tablet_socket_msgs_generate_messages_lisp
[0.362s] [  0%] Built target geometry_msgs_generate_messages_eus
[0.377s] [  0%] Built target std_msgs_generate_messages_lisp
[0.401s] [  0%] Built target rosgraph_msgs_generate_messages_cpp
[0.406s] [  0%] Built target tablet_socket_msgs_generate_messages_nodejs
[0.409s] [  0%] Built target rosgraph_msgs_generate_messages_py
[0.412s] [  0%] Built target actionlib_msgs_generate_messages_lisp
[0.418s] [  0%] Built target autoware_msgs_generate_messages_cpp
[0.427s] [  0%] Built target std_msgs_generate_messages_eus
[0.430s] [  0%] Built target autoware_msgs_generate_messages_nodejs
[0.437s] [  0%] Built target jsk_footstep_msgs_generate_messages_lisp
[0.457s] [  0%] Built target actionlib_msgs_generate_messages_py
[0.470s] [  0%] Built target pcl_msgs_generate_messages_py
[0.472s] [  0%] Built target std_msgs_generate_messages_cpp
[0.475s] [  0%] Built target std_msgs_generate_messages_py
[0.477s] [  0%] Built target jsk_footstep_msgs_generate_messages_py
[0.480s] [  0%] Built target actionlib_msgs_generate_messages_nodejs
[0.492s] [  0%] Built target jsk_footstep_msgs_generate_messages_nodejs
[0.498s] [  0%] Built target jsk_footstep_msgs_generate_messages_eus
[0.513s] [  0%] Built target actionlib_msgs_generate_messages_cpp
[0.520s] [  0%] Built target autoware_msgs_generate_messages_eus
[0.524s] [  0%] Built target autoware_can_msgs_generate_messages_lisp
[0.535s] [  0%] Built target autoware_can_msgs_generate_messages_cpp
[0.537s] [  0%] Built target tablet_socket_msgs_generate_messages_eus
[0.541s] [  0%] Built target sensor_msgs_generate_messages_lisp
[0.543s] [  0%] Built target jsk_recognition_msgs_generate_messages_cpp
[0.560s] [35m[1mScanning dependencies of target app_cmd_sender[0m
[0.588s] [ 50%] [32mBuilding CXX object CMakeFiles/app_cmd_sender.dir/nodes/app_cmd_sender.cpp.o[0m
[1.595s] [01m[K/home/nuc/autoware.ai/src/autoware/utilities/app_cmd_sender/nodes/app_cmd_sender.cpp:[m[K In function ‘[01m[Kint main(int, char**)[m[K’:
[1.595s] [01m[K/home/nuc/autoware.ai/src/autoware/utilities/app_cmd_sender/nodes/app_cmd_sender.cpp:42:5:[m[K [01;31m[Kerror: [m[K‘[01m[Kpub_[m[K’ was not declared in this scope
[1.595s]      [01;31m[Kpub_[m[K = nh_.advertise<geometry_msgs::PoseStamped>( "/move_base_simple/goal", 1 );
[1.595s]      [01;31m[K^~~~[m[K
[1.596s] [01m[K/home/nuc/autoware.ai/src/autoware/utilities/app_cmd_sender/nodes/app_cmd_sender.cpp:42:5:[m[K [01;36m[Knote: [m[Ksuggested alternative: ‘[01m[Kputw[m[K’
[1.596s]      [01;36m[Kpub_[m[K = nh_.advertise<geometry_msgs::PoseStamped>( "/move_base_simple/goal", 1 );
[1.596s]      [01;36m[K^~~~[m[K
[1.596s]      [32m[Kputw[m[K
[1.596s] [01m[K/home/nuc/autoware.ai/src/autoware/utilities/app_cmd_sender/nodes/app_cmd_sender.cpp:42:12:[m[K [01;31m[Kerror: [m[K‘[01m[Knh_[m[K’ was not declared in this scope
[1.596s]      pub_ = [01;31m[Knh_[m[K.advertise<geometry_msgs::PoseStamped>( "/move_base_simple/goal", 1 );
[1.597s]             [01;31m[K^~~[m[K
[1.597s] [01m[K/home/nuc/autoware.ai/src/autoware/utilities/app_cmd_sender/nodes/app_cmd_sender.cpp:42:12:[m[K [01;36m[Knote: [m[Ksuggested alternative: ‘[01m[Knh[m[K’
[1.597s]      pub_ = [01;36m[Knh_[m[K.advertise<geometry_msgs::PoseStamped>( "/move_base_simple/goal", 1 );
[1.597s]             [01;36m[K^~~[m[K
[1.597s]             [32m[Knh[m[K
[1.597s] [01m[K/home/nuc/autoware.ai/src/autoware/utilities/app_cmd_sender/nodes/app_cmd_sender.cpp:42:52:[m[K [01;31m[Kerror: [m[Kexpected primary-expression before ‘[01m[K>[m[K’ token
[1.597s]      pub_ = nh_.advertise<geometry_msgs::PoseStamped[01;31m[K>[m[K( "/move_base_simple/goal", 1 );
[1.597s]                                                     [01;31m[K^[m[K
[1.597s] [01m[K/home/nuc/autoware.ai/src/autoware/utilities/app_cmd_sender/nodes/app_cmd_sender.cpp:42:81:[m[K [01;35m[Kwarning: [m[Kleft operand of comma operator has no effect [[01;35m[K-Wunused-value[m[K]
[1.597s]      pub_ = nh_.advertise<geometry_msgs::PoseStamped>( "/move_base_simple/goal", [01;35m[K1[m[K );
[1.597s]                                                                                  [01;35m[K^[m[K
[1.724s] make[2]: *** [CMakeFiles/app_cmd_sender.dir/nodes/app_cmd_sender.cpp.o] Error 1
[1.724s] CMakeFiles/app_cmd_sender.dir/build.make:62: recipe for target 'CMakeFiles/app_cmd_sender.dir/nodes/app_cmd_sender.cpp.o' failed
[1.724s] CMakeFiles/Makefile2:126: recipe for target 'CMakeFiles/app_cmd_sender.dir/all' failed
[1.724s] make[1]: *** [CMakeFiles/app_cmd_sender.dir/all] Error 2
[1.724s] Makefile:140: recipe for target 'all' failed
[1.724s] make: *** [all] Error 2
[1.727s] Invoked command in '/home/nuc/autoware.ai/src/autoware/utilities/app_cmd_sender/build/app_cmd_sender' returned '2': /usr/bin/cmake --build /home/nuc/autoware.ai/src/autoware/utilities/app_cmd_sender/build/app_cmd_sender -- -j8 -l8
