[0.025s] Invoking command in '/home/nuc/autoware.ai/src/autoware/utilities/app_cmd_sender/build/app_cmd_sender': /usr/bin/cmake --build /home/nuc/autoware.ai/src/autoware/utilities/app_cmd_sender/build/app_cmd_sender -- -j8 -l8
[0.066s] -- CUDA compilation status: .
[0.066s] -- Using CATKIN_DEVEL_PREFIX: /home/nuc/autoware.ai/src/autoware/utilities/app_cmd_sender/build/app_cmd_sender/devel
[0.067s] -- Using CMAKE_PREFIX_PATH: /home/nuc/autoware.ai/install/ymc;/home/nuc/autoware.ai/install/xsens_driver;/home/nuc/autoware.ai/install/wf_simulator;/home/nuc/autoware.ai/install/lattice_planner;/home/nuc/autoware.ai/install/waypoint_planner;/home/nuc/autoware.ai/install/waypoint_maker;/home/nuc/autoware.ai/install/way_planner;/home/nuc/autoware.ai/install/vlg22c_cam;/home/nuc/autoware.ai/install/vision_ssd_detect;/home/nuc/autoware.ai/install/vision_segment_enet_detect;/home/nuc/autoware.ai/install/vision_lane_detect;/home/nuc/autoware.ai/install/vision_darknet_detect;/home/nuc/autoware.ai/install/vision_beyond_track;/home/nuc/autoware.ai/install/vel_pose_diff_checker;/home/nuc/autoware.ai/install/vehicle_socket;/home/nuc/autoware.ai/install/vehicle_sim_model;/home/nuc/autoware.ai/install/vehicle_model;/home/nuc/autoware.ai/install/vehicle_gazebo_simulation_launcher;/home/nuc/autoware.ai/install/vehicle_gazebo_simulation_interface;/home/nuc/autoware.ai/install/vehicle_engage_panel;/home/nuc/autoware.ai/install/vehicle_description;/home/nuc/autoware.ai/install/trafficlight_recognizer;/home/nuc/autoware.ai/install/op_utilities;/home/nuc/autoware.ai/install/op_simulation_package;/home/nuc/autoware.ai/install/op_local_planner;/home/nuc/autoware.ai/install/op_global_planner;/home/nuc/autoware.ai/install/lidar_kf_contour_track;/home/nuc/autoware.ai/install/op_ros_helpers;/home/nuc/autoware.ai/install/ff_waypoint_follower;/home/nuc/autoware.ai/install/dp_planner;/home/nuc/autoware.ai/install/op_simu;/home/nuc/autoware.ai/install/op_planner;/home/nuc/autoware.ai/install/op_utility;/home/nuc/autoware.ai/install/lidar_euclidean_cluster_detect;/home/nuc/autoware.ai/install/vector_map_server;/home/nuc/autoware.ai/install/road_occupancy_processor;/home/nuc/autoware.ai/install/costmap_generator;/home/nuc/autoware.ai/install/object_map;/home/nuc/autoware.ai/install/naive_motion_predict;/home/nuc/autoware.ai/install/lanelet_aisan_converter;/home/nuc/autoware.ai/install/map_file;/home/nuc/autoware.ai/install/libvectormap;/home/nuc/autoware.ai/install/lane_planner;/home/nuc/autoware.ai/install/imm_ukf_pda_track;/home/nuc/autoware.ai/install/decision_maker;/home/nuc/autoware.ai/install/vector_map;/home/nuc/autoware.ai/install/vector_map_msgs;/home/nuc/autoware.ai/install/vectacam;/home/nuc/autoware.ai/install/udon_socket;/home/nuc/autoware.ai/install/twist_generator;/home/nuc/autoware.ai/install/twist_gate;/home/nuc/autoware.ai/install/twist_filter;/home/nuc/autoware.ai/install/twist2odom;/home/nuc/autoware.ai/install/tablet_socket;/home/nuc/autoware.ai/install/runtime_manager;/home/nuc/autoware.ai/install/mqtt_socket;/home/nuc/autoware.ai/install/tablet_socket_msgs;/home/nuc/autoware.ai/install/system_monitor;/home/nuc/autoware.ai/install/state_machine_lib;/home/nuc/autoware.ai/install/sound_player;/home/nuc/autoware.ai/install/sick_lms5xx;/home/nuc/autoware.ai/install/sick_ldmrs_tools;/home/nuc/autoware.ai/install/sick_ldmrs_driver;/home/nuc/autoware.ai/install/sick_ldmrs_msgs;/home/nuc/autoware.ai/install/sick_ldmrs_description;/home/nuc/autoware.ai/install/sensor_imu;/home/nuc/autoware.ai/install/points2image;/home/nuc/autoware.ai/install/rosinterface;/home/nuc/autoware.ai/install/rosbag_controller;/home/nuc/autoware.ai/install/pure_pursuit;/home/nuc/autoware.ai/install/points_preprocessor;/home/nuc/autoware.ai/install/mpc_follower;/home/nuc/autoware.ai/install/lidar_localizer;/home/nuc/autoware.ai/install/emergency_handler;/home/nuc/autoware.ai/install/autoware_health_checker;/home/nuc/autoware.ai/install/as;/home/nuc/autoware.ai/install/ros_observer;/home/nuc/autoware.ai/install/roi_object_filter;/home/nuc/autoware.ai/install/range_vision_fusion;/home/nuc/autoware.ai/install/pos_db;/home/nuc/autoware.ai/install/points_downsampler;/home/nuc/autoware.ai/install/pixel_cloud_fusion;/home/nuc/autoware.ai/install/pcl_omp_registration;/home/nuc/autoware.ai/install/pc2_downsampler;/home/nuc/autoware.ai/install/oculus_socket;/home/nuc/autoware.ai/install/obj_db;/home/nuc/autoware.ai/install/nmea_navsat;/home/nuc/autoware.ai/install/ndt_tku;/home/nuc/autoware.ai/install/ndt_cpu;/home/nuc/autoware.ai/install/multi_lidar_calibrator;/home/nuc/autoware.ai/install/microstrain_driver;/home/nuc/autoware.ai/install/memsic_imu;/home/nuc/autoware.ai/install/marker_downsampler;/home/nuc/autoware.ai/install/map_tools;/home/nuc/autoware.ai/install/map_tf_generator;/home/nuc/autoware.ai/install/log_tools;/home/nuc/autoware.ai/install/lidar_shape_estimation;/home/nuc/autoware.ai/install/lidar_point_pillars;/home/nuc/autoware.ai/install/lidar_naive_l_shape_detect;/home/nuc/autoware.ai/install/lidar_fake_perception;/home/nuc/autoware.ai/install/lidar_apollo_cnn_seg_detect;/home/nuc/autoware.ai/install/libwaypoint_follower;/home/nuc/autoware.ai/install/lgsvl_simulator_bridge;/home/nuc/autoware.ai/install/lanelet2_extension;/home/nuc/autoware.ai/install/kvaser;/home/nuc/autoware.ai/install/kitti_launch;/home/nuc/autoware.ai/install/kitti_player;/home/nuc/autoware.ai/install/kitti_box_publisher;/home/nuc/autoware.ai/install/javad_navsat_driver;/home/nuc/autoware.ai/install/integrated_viewer;/home/nuc/autoware.ai/install/image_processor;/home/nuc/autoware.ai/install/hokuyo;/home/nuc/autoware.ai/install/graph_tools;/home/nuc/autoware.ai/install/gnss_localizer;/home/nuc/autoware.ai/install/gnss;/home/nuc/autoware.ai/install/glviewer;/home/nuc/autoware.ai/install/gazebo_world_description;/home/nuc/autoware.ai/install/gazebo_imu_description;/home/nuc/autoware.ai/install/gazebo_camera_description;/home/nuc/autoware.ai/install/garmin;/home/nuc/autoware.ai/install/freespace_planner;/home/nuc/autoware.ai/install/fastvirtualscan;/home/nuc/autoware.ai/install/ekf_localizer;/home/nuc/autoware.ai/install/ds4_msgs;/home/nuc/autoware.ai/install/ds4_driver;/home/nuc/autoware.ai/install/detected_objects_visualizer;/home/nuc/autoware.ai/install/decision_maker_panel;/home/nuc/autoware.ai/install/data_preprocessor;/home/nuc/autoware.ai/install/custom_msgs;/home/nuc/autoware.ai/install/carla_autoware_bridge;/home/nuc/autoware.ai/install/calibration_publisher;/home/nuc/autoware.ai/install/autoware_system_msgs;/home/nuc/autoware.ai/install/autoware_rviz_plugins;/home/nuc/autoware.ai/install/autoware_quickstart_examples;/home/nuc/autoware.ai/install/autoware_pointgrey_drivers;/home/nuc/autoware.ai/install/autoware_driveworks_interface;/home/nuc/autoware.ai/install/autoware_connector;/home/nuc/autoware.ai/install/autoware_camera_lidar_calibrator;/home/nuc/autoware.ai/install/astar_search;/home/nuc/autoware.ai/install/amathutils_lib;/home/nuc/autoware.ai/install/autoware_msgs;/home/nuc/autoware.ai/install/autoware_map_msgs;/home/nuc/autoware.ai/install/autoware_launcher_rviz;/home/nuc/autoware.ai/install/autoware_launcher;/home/nuc/autoware.ai/install/autoware_lanelet2_msgs;/home/nuc/autoware.ai/install/autoware_external_msgs;/home/nuc/autoware.ai/install/autoware_driveworks_gmsl_interface;/home/nuc/autoware.ai/install/autoware_config_msgs;/home/nuc/autoware.ai/install/autoware_can_msgs;/home/nuc/autoware.ai/install/autoware_build_flags;/home/nuc/autoware.ai/install/autoware_bag_tools;/home/nuc/autoware.ai/install/adi_driver;/opt/ros/melodic
[0.072s] -- This workspace overlays: /home/nuc/autoware.ai/install/ymc;/home/nuc/autoware.ai/install/xsens_driver;/home/nuc/autoware.ai/install/wf_simulator;/home/nuc/autoware.ai/install/lattice_planner;/home/nuc/autoware.ai/install/waypoint_planner;/home/nuc/autoware.ai/install/waypoint_maker;/home/nuc/autoware.ai/install/way_planner;/home/nuc/autoware.ai/install/vlg22c_cam;/home/nuc/autoware.ai/install/vision_ssd_detect;/home/nuc/autoware.ai/install/vision_segment_enet_detect;/home/nuc/autoware.ai/install/vision_lane_detect;/home/nuc/autoware.ai/install/vision_darknet_detect;/home/nuc/autoware.ai/install/vision_beyond_track;/home/nuc/autoware.ai/install/vel_pose_diff_checker;/home/nuc/autoware.ai/install/vehicle_socket;/home/nuc/autoware.ai/install/vehicle_sim_model;/home/nuc/autoware.ai/install/vehicle_model;/home/nuc/autoware.ai/install/vehicle_gazebo_simulation_launcher;/home/nuc/autoware.ai/install/vehicle_gazebo_simulation_interface;/home/nuc/autoware.ai/install/vehicle_engage_panel;/home/nuc/autoware.ai/install/vehicle_description;/home/nuc/autoware.ai/install/trafficlight_recognizer;/home/nuc/autoware.ai/install/op_utilities;/home/nuc/autoware.ai/install/op_simulation_package;/home/nuc/autoware.ai/install/op_local_planner;/home/nuc/autoware.ai/install/op_global_planner;/home/nuc/autoware.ai/install/lidar_kf_contour_track;/home/nuc/autoware.ai/install/op_ros_helpers;/home/nuc/autoware.ai/install/ff_waypoint_follower;/home/nuc/autoware.ai/install/dp_planner;/home/nuc/autoware.ai/install/op_simu;/home/nuc/autoware.ai/install/op_planner;/home/nuc/autoware.ai/install/op_utility;/home/nuc/autoware.ai/install/lidar_euclidean_cluster_detect;/home/nuc/autoware.ai/install/vector_map_server;/home/nuc/autoware.ai/install/road_occupancy_processor;/home/nuc/autoware.ai/install/costmap_generator;/home/nuc/autoware.ai/install/object_map;/home/nuc/autoware.ai/install/naive_motion_predict;/home/nuc/autoware.ai/install/lanelet_aisan_converter;/home/nuc/autoware.ai/install/map_file;/home/nuc/autoware.ai/install/libvectormap;/home/nuc/autoware.ai/install/lane_planner;/home/nuc/autoware.ai/install/imm_ukf_pda_track;/home/nuc/autoware.ai/install/decision_maker;/home/nuc/autoware.ai/install/vector_map;/home/nuc/autoware.ai/install/vector_map_msgs;/home/nuc/autoware.ai/install/vectacam;/home/nuc/autoware.ai/install/udon_socket;/home/nuc/autoware.ai/install/twist_generator;/home/nuc/autoware.ai/install/twist_gate;/home/nuc/autoware.ai/install/twist_filter;/home/nuc/autoware.ai/install/twist2odom;/home/nuc/autoware.ai/install/tablet_socket;/home/nuc/autoware.ai/install/runtime_manager;/home/nuc/autoware.ai/install/mqtt_socket;/home/nuc/autoware.ai/install/tablet_socket_msgs;/home/nuc/autoware.ai/install/system_monitor;/home/nuc/autoware.ai/install/state_machine_lib;/home/nuc/autoware.ai/install/sound_player;/home/nuc/autoware.ai/install/sick_lms5xx;/home/nuc/autoware.ai/install/sick_ldmrs_tools;/home/nuc/autoware.ai/install/sick_ldmrs_driver;/home/nuc/autoware.ai/install/sick_ldmrs_msgs;/home/nuc/autoware.ai/install/sick_ldmrs_description;/home/nuc/autoware.ai/install/sensor_imu;/home/nuc/autoware.ai/install/points2image;/home/nuc/autoware.ai/install/rosinterface;/home/nuc/autoware.ai/install/rosbag_controller;/home/nuc/autoware.ai/install/pure_pursuit;/home/nuc/autoware.ai/install/points_preprocessor;/home/nuc/autoware.ai/install/mpc_follower;/home/nuc/autoware.ai/install/lidar_localizer;/home/nuc/autoware.ai/install/emergency_handler;/home/nuc/autoware.ai/install/autoware_health_checker;/home/nuc/autoware.ai/install/as;/home/nuc/autoware.ai/install/ros_observer;/home/nuc/autoware.ai/install/roi_object_filter;/home/nuc/autoware.ai/install/range_vision_fusion;/home/nuc/autoware.ai/install/pos_db;/home/nuc/autoware.ai/install/points_downsampler;/home/nuc/autoware.ai/install/pixel_cloud_fusion;/home/nuc/autoware.ai/install/pcl_omp_registration;/home/nuc/autoware.ai/install/pc2_downsampler;/home/nuc/autoware.ai/install/oculus_socket;/home/nuc/autoware.ai/install/obj_db;/home/nuc/autoware.ai/install/nmea_navsat;/home/nuc/autoware.ai/install/ndt_tku;/home/nuc/autoware.ai/install/ndt_cpu;/home/nuc/autoware.ai/install/multi_lidar_calibrator;/home/nuc/autoware.ai/install/microstrain_driver;/home/nuc/autoware.ai/install/memsic_imu;/home/nuc/autoware.ai/install/marker_downsampler;/home/nuc/autoware.ai/install/map_tools;/home/nuc/autoware.ai/install/map_tf_generator;/home/nuc/autoware.ai/install/log_tools;/home/nuc/autoware.ai/install/lidar_shape_estimation;/home/nuc/autoware.ai/install/lidar_point_pillars;/home/nuc/autoware.ai/install/lidar_naive_l_shape_detect;/home/nuc/autoware.ai/install/lidar_fake_perception;/home/nuc/autoware.ai/install/lidar_apollo_cnn_seg_detect;/home/nuc/autoware.ai/install/libwaypoint_follower;/home/nuc/autoware.ai/install/lgsvl_simulator_bridge;/home/nuc/autoware.ai/install/lanelet2_extension;/home/nuc/autoware.ai/install/kvaser;/home/nuc/autoware.ai/install/kitti_launch;/home/nuc/autoware.ai/install/kitti_player;/home/nuc/autoware.ai/install/kitti_box_publisher;/home/nuc/autoware.ai/install/javad_navsat_driver;/home/nuc/autoware.ai/install/integrated_viewer;/home/nuc/autoware.ai/install/image_processor;/home/nuc/autoware.ai/install/hokuyo;/home/nuc/autoware.ai/install/graph_tools;/home/nuc/autoware.ai/install/gnss_localizer;/home/nuc/autoware.ai/install/gnss;/home/nuc/autoware.ai/install/glviewer;/home/nuc/autoware.ai/install/gazebo_world_description;/home/nuc/autoware.ai/install/gazebo_imu_description;/home/nuc/autoware.ai/install/gazebo_camera_description;/home/nuc/autoware.ai/install/garmin;/home/nuc/autoware.ai/install/freespace_planner;/home/nuc/autoware.ai/install/fastvirtualscan;/home/nuc/autoware.ai/install/ekf_localizer;/home/nuc/autoware.ai/install/ds4_msgs;/home/nuc/autoware.ai/install/ds4_driver;/home/nuc/autoware.ai/install/detected_objects_visualizer;/home/nuc/autoware.ai/install/decision_maker_panel;/home/nuc/autoware.ai/install/data_preprocessor;/home/nuc/autoware.ai/install/custom_msgs;/home/nuc/autoware.ai/install/carla_autoware_bridge;/home/nuc/autoware.ai/install/calibration_publisher;/home/nuc/autoware.ai/install/autoware_system_msgs;/home/nuc/autoware.ai/install/autoware_rviz_plugins;/home/nuc/autoware.ai/install/autoware_quickstart_examples;/home/nuc/autoware.ai/install/autoware_pointgrey_drivers;/home/nuc/autoware.ai/install/autoware_driveworks_interface;/home/nuc/autoware.ai/install/autoware_connector;/home/nuc/autoware.ai/install/autoware_camera_lidar_calibrator;/home/nuc/autoware.ai/install/astar_search;/home/nuc/autoware.ai/install/amathutils_lib;/home/nuc/autoware.ai/install/autoware_msgs;/home/nuc/autoware.ai/install/autoware_map_msgs;/home/nuc/autoware.ai/install/autoware_launcher_rviz;/home/nuc/autoware.ai/install/autoware_launcher;/home/nuc/autoware.ai/install/autoware_lanelet2_msgs;/home/nuc/autoware.ai/install/autoware_external_msgs;/home/nuc/autoware.ai/install/autoware_driveworks_gmsl_interface;/home/nuc/autoware.ai/install/autoware_config_msgs;/home/nuc/autoware.ai/install/autoware_can_msgs;/home/nuc/autoware.ai/install/autoware_build_flags;/home/nuc/autoware.ai/install/autoware_bag_tools;/home/nuc/autoware.ai/install/adi_driver;/opt/ros/melodic
[0.089s] -- Found PythonInterp: /usr/bin/python2 (found suitable version "2.7.17", minimum required is "2") 
[0.089s] -- Using PYTHON_EXECUTABLE: /usr/bin/python2
[0.089s] -- Using Debian Python package layout
[0.089s] -- Using empy: /usr/bin/empy
[0.213s] -- Using CATKIN_ENABLE_TESTING: ON
[0.213s] -- Call enable_testing()
[0.214s] -- Using CATKIN_TEST_RESULTS_DIR: /home/nuc/autoware.ai/src/autoware/utilities/app_cmd_sender/build/app_cmd_sender/test_results
[0.249s] -- Found gtest sources under '/usr/src/googletest': gtests will be built
[0.249s] -- Found gmock sources under '/usr/src/googletest': gmock will be built
[0.264s] -- Found PythonInterp: /usr/bin/python2 (found version "2.7.17") 
[0.269s] -- Using Python nosetests: /usr/bin/nosetests-2.7
[0.312s] -- catkin 0.7.26
[0.313s] -- BUILD_SHARED_LIBS is on
[0.473s] -- Using these message generators: gencpp;geneus;genlisp;gennodejs;genpy
[0.746s] -- Configuring done
[0.775s] -- Generating done
[0.783s] -- Build files have been written to: /home/nuc/autoware.ai/src/autoware/utilities/app_cmd_sender/build/app_cmd_sender
[0.841s] [  0%] Built target rosgraph_msgs_generate_messages_py
[0.845s] [  0%] Built target tablet_socket_msgs_generate_messages_nodejs
[0.849s] [  0%] Built target tablet_socket_msgs_generate_messages_lisp
[0.854s] [  0%] Built target tablet_socket_msgs_generate_messages_eus
[0.854s] [  0%] Built target sensor_msgs_generate_messages_nodejs
[0.858s] [  0%] Built target tablet_socket_msgs_generate_messages_py
[0.864s] [  0%] Built target rosgraph_msgs_generate_messages_lisp
[0.867s] [  0%] Built target rosgraph_msgs_generate_messages_nodejs
[0.888s] [  0%] Built target roscpp_generate_messages_py
[0.897s] [  0%] Built target jsk_footstep_msgs_generate_messages_nodejs
[0.897s] [  0%] Built target actionlib_msgs_generate_messages_cpp
[0.899s] [  0%] Built target actionlib_msgs_generate_messages_lisp
[0.903s] [  0%] Built target roscpp_generate_messages_lisp
[0.908s] [  0%] Built target jsk_footstep_msgs_generate_messages_lisp
[0.914s] [  0%] Built target jsk_footstep_msgs_generate_messages_eus
[0.923s] [  0%] Built target actionlib_msgs_generate_messages_py
[0.933s] [  0%] Built target pcl_msgs_generate_messages_py
[0.949s] [  0%] Built target pcl_msgs_generate_messages_lisp
[0.954s] [  0%] Built target pcl_msgs_generate_messages_nodejs
[0.955s] [  0%] Built target rosgraph_msgs_generate_messages_cpp
[0.957s] [  0%] Built target pcl_msgs_generate_messages_eus
[0.961s] [  0%] Built target autoware_msgs_generate_messages_cpp
[0.961s] [  0%] Built target std_msgs_generate_messages_nodejs
[0.972s] [  0%] Built target std_msgs_generate_messages_lisp
[0.984s] [  0%] Built target sensor_msgs_generate_messages_cpp
[0.994s] [  0%] Built target sensor_msgs_generate_messages_eus
[1.000s] [  0%] Built target tablet_socket_msgs_generate_messages_cpp
[1.002s] [  0%] Built target autoware_can_msgs_generate_messages_py
[1.002s] [  0%] Built target jsk_footstep_msgs_generate_messages_cpp
[1.008s] [  0%] Built target geometry_msgs_generate_messages_py
[1.011s] [  0%] Built target std_msgs_generate_messages_eus
[1.022s] [  0%] Built target autoware_msgs_generate_messages_nodejs
[1.033s] [  0%] Built target jsk_footstep_msgs_generate_messages_py
[1.041s] [  0%] Built target std_msgs_generate_messages_cpp
[1.043s] [  0%] Built target std_msgs_generate_messages_py
[1.050s] [  0%] Built target actionlib_msgs_generate_messages_nodejs
[1.054s] [  0%] Built target geometry_msgs_generate_messages_nodejs
[1.055s] [  0%] Built target autoware_can_msgs_generate_messages_eus
[1.055s] [  0%] Built target autoware_msgs_generate_messages_py
[1.067s] [  0%] Built target sensor_msgs_generate_messages_py
[1.084s] [  0%] Built target jsk_recognition_msgs_generate_messages_py
[1.086s] [  0%] Built target autoware_can_msgs_generate_messages_nodejs
[1.094s] [  0%] Built target autoware_can_msgs_generate_messages_lisp
[1.095s] [  0%] Built target sensor_msgs_generate_messages_lisp
[1.097s] [  0%] Built target autoware_can_msgs_generate_messages_cpp
[1.098s] [  0%] Built target jsk_recognition_msgs_generate_messages_cpp
[1.100s] [  0%] Built target autoware_msgs_generate_messages_eus
[1.115s] [  0%] Built target pcl_msgs_generate_messages_cpp
[1.131s] [  0%] Built target actionlib_msgs_generate_messages_eus
[1.134s] [  0%] Built target autoware_msgs_generate_messages_lisp
[1.136s] [  0%] Built target roscpp_generate_messages_eus
[1.144s] [  0%] Built target geometry_msgs_generate_messages_eus
[1.148s] [  0%] Built target roscpp_generate_messages_nodejs
[1.149s] [  0%] Built target geometry_msgs_generate_messages_cpp
[1.151s] [  0%] Built target geometry_msgs_generate_messages_lisp
[1.161s] [  0%] Built target jsk_recognition_msgs_generate_messages_eus
[1.170s] [  0%] Built target jsk_recognition_msgs_generate_messages_lisp
[1.173s] [  0%] Built target jsk_recognition_msgs_generate_messages_nodejs
[1.174s] [  0%] Built target rosgraph_msgs_generate_messages_eus
[1.180s] [  0%] Built target roscpp_generate_messages_cpp
[1.215s] [ 50%] [32m[1mLinking CXX executable devel/lib/app_cmd_sender/app_cmd_sender[0m
[1.346s] CMakeFiles/app_cmd_sender.dir/nodes/app_cmd_sender.cpp.o: In function `cvflann::anyimpl::big_any_policy<cv::String>::static_delete(void**)':
[1.346s] app_cmd_sender.cpp:(.text._ZN7cvflann7anyimpl14big_any_policyIN2cv6StringEE13static_deleteEPPv[_ZN7cvflann7anyimpl14big_any_policyIN2cv6StringEE13static_deleteEPPv]+0x15): undefined reference to `cv::String::deallocate()'
[1.346s] CMakeFiles/app_cmd_sender.dir/nodes/app_cmd_sender.cpp.o: In function `cvflann::anyimpl::big_any_policy<cv::String>::move(void* const*, void**)':
[1.346s] app_cmd_sender.cpp:(.text._ZN7cvflann7anyimpl14big_any_policyIN2cv6StringEE4moveEPKPvPS5_[_ZN7cvflann7anyimpl14big_any_policyIN2cv6StringEE4moveEPKPvPS5_]+0x10): undefined reference to `cv::String::deallocate()'
[1.346s] app_cmd_sender.cpp:(.text._ZN7cvflann7anyimpl14big_any_policyIN2cv6StringEE4moveEPKPvPS5_[_ZN7cvflann7anyimpl14big_any_policyIN2cv6StringEE4moveEPKPvPS5_]+0x24): undefined reference to `cv::String::deallocate()'
[1.346s] collect2: error: ld returned 1 exit status
[1.347s] make[2]: *** [devel/lib/app_cmd_sender/app_cmd_sender] Error 1
[1.347s] CMakeFiles/app_cmd_sender.dir/build.make:112: recipe for target 'devel/lib/app_cmd_sender/app_cmd_sender' failed
[1.347s] make[1]: *** [CMakeFiles/app_cmd_sender.dir/all] Error 2
[1.347s] CMakeFiles/Makefile2:126: recipe for target 'CMakeFiles/app_cmd_sender.dir/all' failed
[1.348s] Makefile:140: recipe for target 'all' failed
[1.348s] make: *** [all] Error 2
[1.350s] Invoked command in '/home/nuc/autoware.ai/src/autoware/utilities/app_cmd_sender/build/app_cmd_sender' returned '2': /usr/bin/cmake --build /home/nuc/autoware.ai/src/autoware/utilities/app_cmd_sender/build/app_cmd_sender -- -j8 -l8
