[0.057s] Invoking command in '/home/nuc/autoware.ai/src/autoware/utilities/vehicle_socket/build/vehicle_socket': /usr/bin/cmake --build /home/nuc/autoware.ai/src/autoware/utilities/vehicle_socket/build/vehicle_socket -- -j8 -l8
[0.275s] [  0%] Built target rosgraph_msgs_generate_messages_py
[0.289s] [  0%] Built target tablet_socket_msgs_generate_messages_py
[0.292s] [  0%] Built target sensor_msgs_generate_messages_nodejs
[0.308s] [  0%] Built target rosgraph_msgs_generate_messages_lisp
[0.312s] [  0%] Built target tablet_socket_msgs_generate_messages_eus
[0.315s] [  0%] Built target rosgraph_msgs_generate_messages_nodejs
[0.315s] [  0%] Built target tablet_socket_msgs_generate_messages_lisp
[0.366s] [  0%] Built target tablet_socket_msgs_generate_messages_nodejs
[0.407s] [  0%] Built target actionlib_msgs_generate_messages_py
[0.418s] [  0%] Built target roscpp_generate_messages_lisp
[0.429s] [  0%] Built target roscpp_generate_messages_py
[0.431s] [  0%] Built target jsk_footstep_msgs_generate_messages_nodejs
[0.440s] [  0%] Built target actionlib_msgs_generate_messages_lisp
[0.463s] [  0%] Built target actionlib_msgs_generate_messages_cpp
[0.489s] [  0%] Built target jsk_footstep_msgs_generate_messages_lisp
[0.511s] [  0%] Built target jsk_footstep_msgs_generate_messages_eus
[0.527s] [  0%] Built target pcl_msgs_generate_messages_nodejs
[0.547s] [  0%] Built target pcl_msgs_generate_messages_eus
[0.547s] [  0%] Built target pcl_msgs_generate_messages_py
[0.591s] [  0%] Built target std_msgs_generate_messages_nodejs
[0.595s] [  0%] Built target autoware_msgs_generate_messages_cpp
[0.596s] [  0%] Built target pcl_msgs_generate_messages_lisp
[0.601s] [  0%] Built target rosgraph_msgs_generate_messages_cpp
[0.652s] [  0%] Built target std_msgs_generate_messages_lisp
[0.697s] [  0%] Built target tablet_socket_msgs_generate_messages_cpp
[0.697s] [  0%] Built target sensor_msgs_generate_messages_eus
[0.697s] [  0%] Built target std_msgs_generate_messages_eus
[0.719s] [  0%] Built target autoware_can_msgs_generate_messages_py
[0.725s] [  0%] Built target geometry_msgs_generate_messages_py
[0.727s] [  0%] Built target sensor_msgs_generate_messages_cpp
[0.730s] [  0%] Built target jsk_footstep_msgs_generate_messages_cpp
[0.786s] [  0%] Built target autoware_msgs_generate_messages_nodejs
[0.819s] [  0%] Built target std_msgs_generate_messages_cpp
[0.833s] [  0%] Built target actionlib_msgs_generate_messages_nodejs
[0.834s] [  0%] Built target jsk_footstep_msgs_generate_messages_py
[0.856s] [  0%] Built target geometry_msgs_generate_messages_nodejs
[0.857s] [  0%] Built target autoware_msgs_generate_messages_py
[0.866s] [  0%] Built target autoware_can_msgs_generate_messages_eus
[0.869s] [  0%] Built target std_msgs_generate_messages_py
[0.895s] [  0%] Built target jsk_recognition_msgs_generate_messages_py
[0.920s] [  0%] Built target sensor_msgs_generate_messages_py
[0.928s] [  0%] Built target autoware_can_msgs_generate_messages_lisp
[0.962s] [  0%] Built target autoware_can_msgs_generate_messages_nodejs
[0.969s] [  0%] Built target autoware_can_msgs_generate_messages_cpp
[0.991s] [  0%] Built target autoware_msgs_generate_messages_eus
[1.010s] [  0%] Built target jsk_recognition_msgs_generate_messages_cpp
[1.021s] [  0%] Built target autoware_msgs_generate_messages_lisp
[1.034s] [  0%] Built target sensor_msgs_generate_messages_lisp
[1.045s] [  0%] Built target roscpp_generate_messages_eus
[1.058s] [  0%] Built target actionlib_msgs_generate_messages_eus
[1.058s] [  0%] Built target pcl_msgs_generate_messages_cpp
[1.089s] [  0%] Built target roscpp_generate_messages_nodejs
[1.089s] [  0%] Built target geometry_msgs_generate_messages_cpp
[1.110s] [  0%] Built target geometry_msgs_generate_messages_eus
[1.127s] [  0%] Built target geometry_msgs_generate_messages_lisp
[1.141s] [  0%] Built target jsk_recognition_msgs_generate_messages_lisp
[1.155s] [  0%] Built target rosgraph_msgs_generate_messages_eus
[1.163s] [  0%] Built target jsk_recognition_msgs_generate_messages_nodejs
[1.175s] [  0%] Built target roscpp_generate_messages_cpp
[1.177s] [  0%] Built target jsk_recognition_msgs_generate_messages_eus
[1.211s] [35m[1mScanning dependencies of target vehicle_sender[0m
[1.248s] [ 25%] [32mBuilding CXX object CMakeFiles/vehicle_sender.dir/nodes/vehicle_sender/vehicle_sender.cpp.o[0m
[1.252s] [ 75%] Built target vehicle_receiver
[3.098s] In file included from [01m[K/home/nuc/autoware.ai/src/autoware/utilities/vehicle_socket/nodes/vehicle_sender/vehicle_sender.cpp:33:0[m[K:
[3.098s] [01m[K/home/nuc/autoware.ai/src/autoware/utilities/vehicle_socket/nodes/vehicle_sender/control.h:28:5:[m[K [01;31m[Kerror: [m[Kexpected unqualified-id before ‘[01m[K{[m[K’ token
[3.098s]      [01;31m[K{[m[K
[3.099s]      [01;31m[K^[m[K
[3.527s] [01m[K/home/nuc/autoware.ai/src/autoware/utilities/vehicle_socket/nodes/vehicle_sender/vehicle_sender.cpp:226:14:[m[K [01;35m[Kwarning: [m[K‘[01m[Kvoid* receiverCaller(void*)[m[K’ defined but not used [[01;35m[K-Wunused-function[m[K]
[3.527s]  static void *[01;35m[KreceiverCaller[m[K(void *unused)
[3.527s]               [01;35m[K^~~~~~~~~~~~~~[m[K
[3.546s] make[2]: *** [CMakeFiles/vehicle_sender.dir/nodes/vehicle_sender/vehicle_sender.cpp.o] Error 1
[3.547s] CMakeFiles/vehicle_sender.dir/build.make:62: recipe for target 'CMakeFiles/vehicle_sender.dir/nodes/vehicle_sender/vehicle_sender.cpp.o' failed
[3.547s] CMakeFiles/Makefile2:190: recipe for target 'CMakeFiles/vehicle_sender.dir/all' failed
[3.547s] make[1]: *** [CMakeFiles/vehicle_sender.dir/all] Error 2
[3.547s] make: *** [all] Error 2
[3.551s] Makefile:140: recipe for target 'all' failed
[3.552s] Invoked command in '/home/nuc/autoware.ai/src/autoware/utilities/vehicle_socket/build/vehicle_socket' returned '2': /usr/bin/cmake --build /home/nuc/autoware.ai/src/autoware/utilities/vehicle_socket/build/vehicle_socket -- -j8 -l8
