[0.026s] Invoking command in '/home/nuc/autoware.ai/src/autoware/utilities/app_cmd_sender/build/app_cmd_sender': /usr/bin/cmake --build /home/nuc/autoware.ai/src/autoware/utilities/app_cmd_sender/build/app_cmd_sender -- -j8 -l8
[0.124s] [  0%] Built target sensor_msgs_generate_messages_nodejs
[0.125s] [  0%] Built target rosgraph_msgs_generate_messages_lisp
[0.127s] [  0%] Built target tablet_socket_msgs_generate_messages_eus
[0.133s] [  0%] Built target tablet_socket_msgs_generate_messages_nodejs
[0.134s] [  0%] Built target tablet_socket_msgs_generate_messages_py
[0.137s] [  0%] Built target tablet_socket_msgs_generate_messages_lisp
[0.143s] [  0%] Built target rosgraph_msgs_generate_messages_nodejs
[0.144s] [  0%] Built target rosgraph_msgs_generate_messages_py
[0.172s] [  0%] Built target roscpp_generate_messages_py
[0.178s] [  0%] Built target roscpp_generate_messages_lisp
[0.182s] [  0%] Built target actionlib_msgs_generate_messages_lisp
[0.182s] [  0%] Built target jsk_footstep_msgs_generate_messages_nodejs
[0.183s] [  0%] Built target jsk_footstep_msgs_generate_messages_lisp
[0.189s] [  0%] Built target actionlib_msgs_generate_messages_cpp
[0.190s] [  0%] Built target jsk_footstep_msgs_generate_messages_eus
[0.190s] [  0%] Built target actionlib_msgs_generate_messages_py
[0.217s] [  0%] Built target pcl_msgs_generate_messages_py
[0.224s] [  0%] Built target pcl_msgs_generate_messages_nodejs
[0.228s] [  0%] Built target pcl_msgs_generate_messages_lisp
[0.232s] [  0%] Built target rosgraph_msgs_generate_messages_cpp
[0.233s] [  0%] Built target pcl_msgs_generate_messages_eus
[0.236s] [  0%] Built target std_msgs_generate_messages_nodejs
[0.241s] [  0%] Built target autoware_msgs_generate_messages_cpp
[0.245s] [  0%] Built target std_msgs_generate_messages_lisp
[0.271s] [  0%] Built target sensor_msgs_generate_messages_cpp
[0.278s] [  0%] Built target autoware_can_msgs_generate_messages_py
[0.279s] [  0%] Built target geometry_msgs_generate_messages_py
[0.280s] [  0%] Built target sensor_msgs_generate_messages_eus
[0.284s] [  0%] Built target tablet_socket_msgs_generate_messages_cpp
[0.287s] [  0%] Built target jsk_footstep_msgs_generate_messages_cpp
[0.291s] [  0%] Built target std_msgs_generate_messages_eus
[0.300s] [  0%] Built target autoware_msgs_generate_messages_nodejs
[0.324s] [  0%] Built target std_msgs_generate_messages_cpp
[0.325s] [  0%] Built target jsk_footstep_msgs_generate_messages_py
[0.328s] [  0%] Built target actionlib_msgs_generate_messages_nodejs
[0.331s] [  0%] Built target autoware_msgs_generate_messages_py
[0.333s] [  0%] Built target std_msgs_generate_messages_py
[0.344s] [  0%] Built target autoware_can_msgs_generate_messages_eus
[0.345s] [  0%] Built target geometry_msgs_generate_messages_nodejs
[0.345s] [  0%] Built target sensor_msgs_generate_messages_py
[0.370s] [  0%] Built target jsk_recognition_msgs_generate_messages_py
[0.379s] [  0%] Built target autoware_can_msgs_generate_messages_nodejs
[0.389s] [  0%] Built target autoware_can_msgs_generate_messages_lisp
[0.389s] [  0%] Built target autoware_msgs_generate_messages_eus
[0.392s] [  0%] Built target autoware_can_msgs_generate_messages_cpp
[0.396s] [  0%] Built target sensor_msgs_generate_messages_lisp
[0.413s] [  0%] Built target jsk_recognition_msgs_generate_messages_cpp
[0.413s] [  0%] Built target pcl_msgs_generate_messages_cpp
[0.414s] [  0%] Built target actionlib_msgs_generate_messages_eus
[0.437s] [  0%] Built target autoware_msgs_generate_messages_lisp
[0.443s] [  0%] Built target roscpp_generate_messages_eus
[0.444s] [  0%] Built target geometry_msgs_generate_messages_eus
[0.444s] [  0%] Built target roscpp_generate_messages_nodejs
[0.458s] [  0%] Built target geometry_msgs_generate_messages_cpp
[0.462s] [  0%] Built target geometry_msgs_generate_messages_lisp
[0.462s] [  0%] Built target jsk_recognition_msgs_generate_messages_lisp
[0.462s] [  0%] Built target jsk_recognition_msgs_generate_messages_eus
[0.476s] [  0%] Built target rosgraph_msgs_generate_messages_eus
[0.481s] [  0%] Built target jsk_recognition_msgs_generate_messages_nodejs
[0.492s] [  0%] Built target roscpp_generate_messages_cpp
[0.509s] [35m[1mScanning dependencies of target app_cmd_sender[0m
[0.530s] [ 50%] [32mBuilding CXX object CMakeFiles/app_cmd_sender.dir/nodes/app_cmd_sender.cpp.o[0m
[2.051s] [01m[K/home/nuc/autoware.ai/src/autoware/utilities/app_cmd_sender/nodes/app_cmd_sender.cpp:[m[K In function ‘[01m[Kvoid centerlineCallback(const MarkerArray&)[m[K’:
[2.051s] [01m[K/home/nuc/autoware.ai/src/autoware/utilities/app_cmd_sender/nodes/app_cmd_sender.cpp:41:22:[m[K [01;31m[Kerror: [m[K‘[01m[Kconst MarkerArray {aka const struct visualization_msgs::MarkerArray_<std::allocator<void> >}[m[K’ has no member named ‘[01m[Kpoints[m[K’
[2.051s]      std::cout << ary.[01;31m[Kpoints[m[K.size();
[2.051s]                       [01;31m[K^~~~~~[m[K
[3.035s] CMakeFiles/app_cmd_sender.dir/build.make:62: recipe for target 'CMakeFiles/app_cmd_sender.dir/nodes/app_cmd_sender.cpp.o' failed
[3.035s] make[2]: *** [CMakeFiles/app_cmd_sender.dir/nodes/app_cmd_sender.cpp.o] Error 1
[3.035s] make[1]: *** [CMakeFiles/app_cmd_sender.dir/all] Error 2
[3.035s] CMakeFiles/Makefile2:126: recipe for target 'CMakeFiles/app_cmd_sender.dir/all' failed
[3.035s] make: *** [all] Error 2
[3.035s] Makefile:140: recipe for target 'all' failed
[3.038s] Invoked command in '/home/nuc/autoware.ai/src/autoware/utilities/app_cmd_sender/build/app_cmd_sender' returned '2': /usr/bin/cmake --build /home/nuc/autoware.ai/src/autoware/utilities/app_cmd_sender/build/app_cmd_sender -- -j8 -l8
