[0.234s] DEBUG:colcon:Command line arguments: ['/usr/bin/colcon', 'build']
[0.234s] DEBUG:colcon:Parsed command line arguments: Namespace(ament_cmake_args=None, base_paths=['.'], build_base='build', catkin_cmake_args=None, catkin_skip_building_tests=False, cmake_args=None, cmake_clean_cache=False, cmake_clean_first=False, cmake_force_configure=False, cmake_target=None, cmake_target_skip_unavailable=False, continue_on_error=False, event_handlers=None, executor='parallel', ignore_user_meta=False, install_base='install', log_base=None, log_level=None, main=<bound method BuildVerb.main of <colcon_core.verb.build.BuildVerb object at 0x7f88d6460a20>>, merge_install=False, metas=['./colcon.meta'], packages_above=None, packages_above_and_dependencies=None, packages_above_depth=None, packages_end=None, packages_ignore=None, packages_ignore_regex=None, packages_select=None, packages_select_build_failed=False, packages_select_by_dep=None, packages_select_regex=None, packages_select_test_failures=False, packages_skip=None, packages_skip_build_finished=False, packages_skip_by_dep=None, packages_skip_regex=None, packages_skip_test_passed=False, packages_skip_up_to=None, packages_start=None, packages_up_to=None, packages_up_to_regex=None, parallel_workers=8, paths=None, symlink_install=False, test_result_base=None, verb_extension=<colcon_core.verb.build.BuildVerb object at 0x7f88d6460a20>, verb_name='build', verb_parser=<colcon_defaults.argument_parser.defaults.DefaultArgumentsDecorator object at 0x7f88d6460dd8>)
[0.258s] Level 1:colcon.colcon_core.package_discovery:discover_packages(colcon_meta) check parameters
[0.258s] Level 1:colcon.colcon_core.package_discovery:discover_packages(recursive) check parameters
[0.258s] Level 1:colcon.colcon_core.package_discovery:discover_packages(ignore) check parameters
[0.258s] Level 1:colcon.colcon_core.package_discovery:discover_packages(path) check parameters
[0.258s] Level 1:colcon.colcon_core.package_discovery:discover_packages(colcon_meta) discover
[0.259s] Level 1:colcon.colcon_core.package_discovery:discover_packages(recursive) discover
[0.259s] INFO:colcon.colcon_core.package_discovery:Crawling recursively for packages in '/home/nuc/autoware.ai/src/autoware/core_planning/app_way_planner'
[0.259s] Level 1:colcon.colcon_core.package_identification:_identify(.) by extensions ['ignore', 'ignore_ament_install']
[0.259s] Level 1:colcon.colcon_core.package_identification:_identify(.) by extension 'ignore'
[0.259s] Level 1:colcon.colcon_core.package_identification:_identify(.) by extension 'ignore_ament_install'
[0.259s] Level 1:colcon.colcon_core.package_identification:_identify(.) by extensions ['colcon_pkg']
[0.259s] Level 1:colcon.colcon_core.package_identification:_identify(.) by extension 'colcon_pkg'
[0.259s] Level 1:colcon.colcon_core.package_identification:_identify(.) by extensions ['colcon_meta']
[0.259s] Level 1:colcon.colcon_core.package_identification:_identify(.) by extension 'colcon_meta'
[0.259s] Level 1:colcon.colcon_core.package_identification:_identify(.) by extensions ['ros']
[0.259s] Level 1:colcon.colcon_core.package_identification:_identify(.) by extension 'ros'
[0.275s] DEBUG:colcon.colcon_core.package_identification:Package '.' with type 'ros.catkin' and name 'way_planner'
[0.275s] Level 1:colcon.colcon_core.package_discovery:discover_packages(recursive) using defaults
[0.276s] Level 1:colcon.colcon_core.package_discovery:discover_packages(ignore) discover
[0.276s] Level 1:colcon.colcon_core.package_discovery:discover_packages(ignore) using defaults
[0.276s] Level 1:colcon.colcon_core.package_discovery:discover_packages(path) discover
[0.276s] Level 1:colcon.colcon_core.package_discovery:discover_packages(path) using defaults
[0.281s] Level 5:colcon.colcon_core.verb:set package 'way_planner' build argument 'cmake_args' from command line to 'None'
[0.281s] Level 5:colcon.colcon_core.verb:set package 'way_planner' build argument 'cmake_target' from command line to 'None'
[0.281s] Level 5:colcon.colcon_core.verb:set package 'way_planner' build argument 'cmake_target_skip_unavailable' from command line to 'False'
[0.281s] Level 5:colcon.colcon_core.verb:set package 'way_planner' build argument 'cmake_clean_cache' from command line to 'False'
[0.281s] Level 5:colcon.colcon_core.verb:set package 'way_planner' build argument 'cmake_clean_first' from command line to 'False'
[0.281s] Level 5:colcon.colcon_core.verb:set package 'way_planner' build argument 'cmake_force_configure' from command line to 'False'
[0.281s] Level 5:colcon.colcon_core.verb:set package 'way_planner' build argument 'ament_cmake_args' from command line to 'None'
[0.281s] Level 5:colcon.colcon_core.verb:set package 'way_planner' build argument 'catkin_cmake_args' from command line to 'None'
[0.282s] Level 5:colcon.colcon_core.verb:set package 'way_planner' build argument 'catkin_skip_building_tests' from command line to 'False'
[0.282s] DEBUG:colcon.colcon_core.verb:Building package 'way_planner' with the following arguments: {'ament_cmake_args': None, 'build_base': '/home/nuc/autoware.ai/src/autoware/core_planning/app_way_planner/build/way_planner', 'catkin_cmake_args': None, 'catkin_skip_building_tests': False, 'cmake_args': None, 'cmake_clean_cache': False, 'cmake_clean_first': False, 'cmake_force_configure': False, 'cmake_target': None, 'cmake_target_skip_unavailable': False, 'install_base': '/home/nuc/autoware.ai/src/autoware/core_planning/app_way_planner/install/way_planner', 'merge_install': False, 'path': '/home/nuc/autoware.ai/src/autoware/core_planning/app_way_planner', 'symlink_install': False, 'test_result_base': None}
[0.282s] INFO:colcon.colcon_core.executor:Executing jobs using 'parallel' executor
[0.284s] DEBUG:colcon.colcon_parallel_executor.executor.parallel:run_until_complete
[0.284s] INFO:colcon.colcon_ros.task.catkin.build:Building ROS package in '/home/nuc/autoware.ai/src/autoware/core_planning/app_way_planner' with build type 'catkin'
[0.284s] INFO:colcon.colcon_cmake.task.cmake.build:Building CMake package in '/home/nuc/autoware.ai/src/autoware/core_planning/app_way_planner'
[0.291s] INFO:colcon.colcon_core.plugin_system:Skipping extension 'colcon_core.shell.bat': Not used on non-Windows systems
[0.291s] INFO:colcon.colcon_core.shell:Skip shell extension 'powershell' for command environment: Not usable outside of PowerShell
[0.291s] DEBUG:colcon.colcon_core.shell:Skip shell extension 'dsv' for command environment
[0.359s] DEBUG:colcon.colcon_core.shell:Ignoring prefix path '/opt/ros/melodic'
[0.369s] DEBUG:colcon.colcon_core.event_handler.log_command:Invoking command in '/home/nuc/autoware.ai/src/autoware/core_planning/app_way_planner/build/way_planner': /usr/bin/cmake /home/nuc/autoware.ai/src/autoware/core_planning/app_way_planner -DCATKIN_INSTALL_INTO_PREFIX_ROOT=0 -DCMAKE_INSTALL_PREFIX=/home/nuc/autoware.ai/src/autoware/core_planning/app_way_planner/install/way_planner
[4.669s] Level 1:colcon.colcon_core.shell:create_environment_hook('way_planner', 'ros_package_path')
[4.670s] INFO:colcon.colcon_core.shell:Creating environment hook '/home/nuc/autoware.ai/src/autoware/core_planning/app_way_planner/install/way_planner/share/way_planner/hook/ros_package_path.ps1'
[4.671s] INFO:colcon.colcon_core.shell:Creating environment descriptor '/home/nuc/autoware.ai/src/autoware/core_planning/app_way_planner/install/way_planner/share/way_planner/hook/ros_package_path.dsv'
[4.671s] INFO:colcon.colcon_core.shell:Creating environment hook '/home/nuc/autoware.ai/src/autoware/core_planning/app_way_planner/install/way_planner/share/way_planner/hook/ros_package_path.sh'
[4.673s] Level 1:colcon.colcon_ros.task.catkin:checking '/home/nuc/autoware.ai/src/autoware/core_planning/app_way_planner/install/way_planner/lib/python2.7/dist-packages'
[4.673s] Level 1:colcon.colcon_core.shell:create_environment_hook('way_planner', 'pkg_config_path')
[4.673s] INFO:colcon.colcon_core.shell:Creating environment hook '/home/nuc/autoware.ai/src/autoware/core_planning/app_way_planner/install/way_planner/share/way_planner/hook/pkg_config_path.ps1'
[4.674s] INFO:colcon.colcon_core.shell:Creating environment descriptor '/home/nuc/autoware.ai/src/autoware/core_planning/app_way_planner/install/way_planner/share/way_planner/hook/pkg_config_path.dsv'
[4.674s] INFO:colcon.colcon_core.shell:Creating environment hook '/home/nuc/autoware.ai/src/autoware/core_planning/app_way_planner/install/way_planner/share/way_planner/hook/pkg_config_path.sh'
[4.678s] Level 1:colcon.colcon_core.shell:create_environment_hook('way_planner', 'pkg_config_path_multiarch')
[4.679s] INFO:colcon.colcon_core.shell:Creating environment hook '/home/nuc/autoware.ai/src/autoware/core_planning/app_way_planner/install/way_planner/share/way_planner/hook/pkg_config_path_multiarch.ps1'
[4.680s] INFO:colcon.colcon_core.shell:Creating environment descriptor '/home/nuc/autoware.ai/src/autoware/core_planning/app_way_planner/install/way_planner/share/way_planner/hook/pkg_config_path_multiarch.dsv'
[4.680s] INFO:colcon.colcon_core.shell:Creating environment hook '/home/nuc/autoware.ai/src/autoware/core_planning/app_way_planner/install/way_planner/share/way_planner/hook/pkg_config_path_multiarch.sh'
[4.682s] Level 1:colcon.colcon_core.environment:create_environment_scripts_only(way_planner)
[4.688s] Level 1:colcon.colcon_core.environment:checking '/home/nuc/autoware.ai/src/autoware/core_planning/app_way_planner/install/way_planner' for CMake module files
[4.688s] Level 1:colcon.colcon_core.environment:checking '/home/nuc/autoware.ai/src/autoware/core_planning/app_way_planner/install/way_planner' for CMake config files
[4.689s] Level 1:colcon.colcon_core.environment:checking '/home/nuc/autoware.ai/src/autoware/core_planning/app_way_planner/install/way_planner/bin'
[4.689s] Level 1:colcon.colcon_core.environment:checking '/home/nuc/autoware.ai/src/autoware/core_planning/app_way_planner/install/way_planner/lib/pkgconfig/way_planner.pc'
[4.689s] Level 1:colcon.colcon_core.environment:checking '/home/nuc/autoware.ai/src/autoware/core_planning/app_way_planner/install/way_planner/lib/python3.6/site-packages'
[4.690s] INFO:colcon.colcon_core.shell:Creating package script '/home/nuc/autoware.ai/src/autoware/core_planning/app_way_planner/install/way_planner/share/way_planner/package.ps1'
[4.691s] INFO:colcon.colcon_core.shell:Creating package descriptor '/home/nuc/autoware.ai/src/autoware/core_planning/app_way_planner/install/way_planner/share/way_planner/package.dsv'
[4.691s] INFO:colcon.colcon_core.shell:Creating package script '/home/nuc/autoware.ai/src/autoware/core_planning/app_way_planner/install/way_planner/share/way_planner/package.sh'
[4.692s] INFO:colcon.colcon_core.shell:Creating package script '/home/nuc/autoware.ai/src/autoware/core_planning/app_way_planner/install/way_planner/share/way_planner/package.bash'
[4.704s] INFO:colcon.colcon_core.shell:Creating package script '/home/nuc/autoware.ai/src/autoware/core_planning/app_way_planner/install/way_planner/share/way_planner/package.zsh'
[4.705s] Level 1:colcon.colcon_core.environment:create_file_with_runtime_dependencies(/home/nuc/autoware.ai/src/autoware/core_planning/app_way_planner/install/way_planner/share/colcon-core/packages/way_planner)
[49.967s] DEBUG:colcon.colcon_parallel_executor.executor.parallel:run_until_complete was interrupted
[49.967s] DEBUG:colcon.colcon_parallel_executor.executor.parallel:run_until_complete finished
[49.968s] DEBUG:colcon.colcon_parallel_executor.executor.parallel:closing loop
[49.968s] DEBUG:colcon.colcon_parallel_executor.executor.parallel:loop closed
[49.968s] DEBUG:colcon.colcon_core.event_reactor:joining thread
[49.974s] DEBUG:colcon.colcon_core.event_handler.log_command:Invoked command in '/home/nuc/autoware.ai/src/autoware/core_planning/app_way_planner/build/way_planner' returned '1': /usr/bin/cmake /home/nuc/autoware.ai/src/autoware/core_planning/app_way_planner -DCATKIN_INSTALL_INTO_PREFIX_ROOT=0 -DCMAKE_INSTALL_PREFIX=/home/nuc/autoware.ai/src/autoware/core_planning/app_way_planner/install/way_planner
[49.988s] INFO:colcon.colcon_core.plugin_system:Skipping extension 'colcon_notification.desktop_notification.terminal_notifier': Not used on non-Darwin systems
[49.989s] INFO:colcon.colcon_core.plugin_system:Skipping extension 'colcon_notification.desktop_notification.win32': Not used on non-Windows systems
[49.989s] INFO:colcon.colcon_notification.desktop_notification:Sending desktop notification using 'notify2'
[49.992s] DEBUG:colcon.colcon_core.event_reactor:joined thread
[49.993s] INFO:colcon.colcon_core.shell:Creating prefix script '/home/nuc/autoware.ai/src/autoware/core_planning/app_way_planner/install/local_setup.ps1'
[49.995s] INFO:colcon.colcon_core.shell:Creating prefix util module '/home/nuc/autoware.ai/src/autoware/core_planning/app_way_planner/install/_local_setup_util_ps1.py'
[49.997s] INFO:colcon.colcon_core.shell:Creating prefix chain script '/home/nuc/autoware.ai/src/autoware/core_planning/app_way_planner/install/setup.ps1'
[50.013s] INFO:colcon.colcon_core.shell:Creating prefix script '/home/nuc/autoware.ai/src/autoware/core_planning/app_way_planner/install/local_setup.sh'
[50.014s] INFO:colcon.colcon_core.shell:Creating prefix util module '/home/nuc/autoware.ai/src/autoware/core_planning/app_way_planner/install/_local_setup_util_sh.py'
[50.015s] INFO:colcon.colcon_core.shell:Creating prefix chain script '/home/nuc/autoware.ai/src/autoware/core_planning/app_way_planner/install/setup.sh'
[50.026s] INFO:colcon.colcon_core.shell:Creating prefix script '/home/nuc/autoware.ai/src/autoware/core_planning/app_way_planner/install/local_setup.bash'
[50.027s] INFO:colcon.colcon_core.shell:Creating prefix chain script '/home/nuc/autoware.ai/src/autoware/core_planning/app_way_planner/install/setup.bash'
[50.038s] INFO:colcon.colcon_core.shell:Creating prefix script '/home/nuc/autoware.ai/src/autoware/core_planning/app_way_planner/install/local_setup.zsh'
[50.039s] INFO:colcon.colcon_core.shell:Creating prefix chain script '/home/nuc/autoware.ai/src/autoware/core_planning/app_way_planner/install/setup.zsh'
