[0.030s] Invoking command in '/home/nuc/autoware.ai/src/autoware/utilities/vehicle_socket/build/vehicle_socket': /usr/bin/cmake --build /home/nuc/autoware.ai/src/autoware/utilities/vehicle_socket/build/vehicle_socket -- -j8 -l8
[0.113s] [  0%] Built target geometry_msgs_generate_messages_lisp
[0.116s] [  0%] Built target pcl_msgs_generate_messages_nodejs
[0.116s] [  0%] Built target std_msgs_generate_messages_lisp
[0.117s] [  0%] Built target std_msgs_generate_messages_nodejs
[0.118s] [  0%] Built target autoware_msgs_generate_messages_cpp
[0.122s] [  0%] Built target sensor_msgs_generate_messages_cpp
[0.126s] [  0%] Built target pcl_msgs_generate_messages_py
[0.128s] [  0%] Built target pcl_msgs_generate_messages_lisp
[0.158s] [  0%] Built target pcl_msgs_generate_messages_eus
[0.158s] [  0%] Built target jsk_footstep_msgs_generate_messages_eus
[0.163s] [  0%] Built target rosgraph_msgs_generate_messages_cpp
[0.166s] [  0%] Built target std_msgs_generate_messages_cpp
[0.166s] [  0%] Built target tablet_socket_msgs_generate_messages_eus
[0.173s] [  0%] Built target autoware_msgs_generate_messages_py
[0.174s] [  0%] Built target actionlib_msgs_generate_messages_nodejs
[0.174s] [  0%] Built target std_msgs_generate_messages_py
[0.194s] [  0%] Built target actionlib_msgs_generate_messages_cpp
[0.208s] [  0%] Built target sensor_msgs_generate_messages_py
[0.209s] [  0%] Built target jsk_footstep_msgs_generate_messages_nodejs
[0.215s] [  0%] Built target roscpp_generate_messages_lisp
[0.216s] [  0%] Built target actionlib_msgs_generate_messages_lisp
[0.220s] [  0%] Built target jsk_recognition_msgs_generate_messages_py
[0.223s] [  0%] Built target autoware_can_msgs_generate_messages_eus
[0.224s] [  0%] Built target autoware_can_msgs_generate_messages_nodejs
[0.241s] [  0%] Built target geometry_msgs_generate_messages_nodejs
[0.253s] [  0%] Built target rosgraph_msgs_generate_messages_py
[0.256s] [  0%] Built target roscpp_generate_messages_cpp
[0.260s] [  0%] Built target sensor_msgs_generate_messages_nodejs
[0.263s] [  0%] Built target jsk_footstep_msgs_generate_messages_cpp
[0.263s] [  0%] Built target jsk_recognition_msgs_generate_messages_eus
[0.265s] [  0%] Built target geometry_msgs_generate_messages_py
[0.268s] [  0%] Built target jsk_recognition_msgs_generate_messages_lisp
[0.291s] [  0%] Built target rosgraph_msgs_generate_messages_eus
[0.298s] [  0%] Built target sensor_msgs_generate_messages_eus
[0.298s] [  0%] Built target jsk_recognition_msgs_generate_messages_nodejs
[0.306s] [  0%] Built target tablet_socket_msgs_generate_messages_cpp
[0.307s] [  0%] Built target autoware_can_msgs_generate_messages_py
[0.308s] [  0%] Built target tablet_socket_msgs_generate_messages_lisp
[0.312s] [  0%] Built target autoware_can_msgs_generate_messages_lisp
[0.318s] [  0%] Built target autoware_can_msgs_generate_messages_cpp
[0.351s] [  0%] Built target std_msgs_generate_messages_eus
[0.355s] [  0%] Built target autoware_msgs_generate_messages_eus
[0.370s] [  0%] Built target jsk_recognition_msgs_generate_messages_cpp
[0.370s] [  0%] Built target jsk_footstep_msgs_generate_messages_py
[0.371s] [  0%] Built target autoware_msgs_generate_messages_nodejs
[0.373s] [  0%] Built target roscpp_generate_messages_py
[0.374s] [  0%] Built target jsk_footstep_msgs_generate_messages_lisp
[0.376s] [  0%] Built target actionlib_msgs_generate_messages_py
[0.395s] [  0%] Built target rosgraph_msgs_generate_messages_nodejs
[0.409s] [  0%] Built target autoware_msgs_generate_messages_lisp
[0.413s] [  0%] Built target rosgraph_msgs_generate_messages_lisp
[0.413s] [  0%] Built target actionlib_msgs_generate_messages_eus
[0.415s] [  0%] Built target sensor_msgs_generate_messages_lisp
[0.420s] [  0%] Built target pcl_msgs_generate_messages_cpp
[0.426s] [  0%] Built target tablet_socket_msgs_generate_messages_nodejs
[0.426s] [  0%] Built target tablet_socket_msgs_generate_messages_py
[0.440s] [  0%] Built target roscpp_generate_messages_nodejs
[0.443s] [  0%] Built target roscpp_generate_messages_eus
[0.449s] [  0%] Built target geometry_msgs_generate_messages_cpp
[0.449s] [  0%] Built target geometry_msgs_generate_messages_eus
[0.465s] [35m[1mScanning dependencies of target vehicle_sender[0m
[0.483s] [ 75%] [32mBuilding CXX object CMakeFiles/vehicle_sender.dir/nodes/vehicle_sender/vehicle_sender.cpp.o[0m
[0.484s] [ 75%] Built target vehicle_receiver
[1.956s] [100%] [32m[1mLinking CXX executable devel/lib/vehicle_socket/vehicle_sender[0m
[2.065s] [100%] Built target vehicle_sender
[2.079s] Invoked command in '/home/nuc/autoware.ai/src/autoware/utilities/vehicle_socket/build/vehicle_socket' returned '0': /usr/bin/cmake --build /home/nuc/autoware.ai/src/autoware/utilities/vehicle_socket/build/vehicle_socket -- -j8 -l8
[2.201s] Invoking command in '/home/nuc/autoware.ai/src/autoware/utilities/vehicle_socket/build/vehicle_socket': /usr/bin/cmake --build /home/nuc/autoware.ai/src/autoware/utilities/vehicle_socket/build/vehicle_socket --target tests -- -j8 -l8
[2.290s] Built target tests
[2.304s] Invoked command in '/home/nuc/autoware.ai/src/autoware/utilities/vehicle_socket/build/vehicle_socket' returned '0': /usr/bin/cmake --build /home/nuc/autoware.ai/src/autoware/utilities/vehicle_socket/build/vehicle_socket --target tests -- -j8 -l8
[2.459s] Invoking command in '/home/nuc/autoware.ai/src/autoware/utilities/vehicle_socket/build/vehicle_socket': /usr/bin/cmake --build /home/nuc/autoware.ai/src/autoware/utilities/vehicle_socket/build/vehicle_socket --target install -- -j8 -l8
[2.540s] [  0%] Built target pcl_msgs_generate_messages_nodejs
[2.544s] [  0%] Built target autoware_msgs_generate_messages_cpp
[2.545s] [  0%] Built target std_msgs_generate_messages_nodejs
[2.546s] [  0%] Built target geometry_msgs_generate_messages_lisp
[2.547s] [  0%] Built target pcl_msgs_generate_messages_lisp
[2.547s] [  0%] Built target pcl_msgs_generate_messages_py
[2.549s] [  0%] Built target sensor_msgs_generate_messages_cpp
[2.553s] [  0%] Built target std_msgs_generate_messages_lisp
[2.588s] [  0%] Built target pcl_msgs_generate_messages_eus
[2.588s] [  0%] Built target jsk_footstep_msgs_generate_messages_eus
[2.588s] [  0%] Built target tablet_socket_msgs_generate_messages_eus
[2.591s] [  0%] Built target rosgraph_msgs_generate_messages_cpp
[2.592s] [  0%] Built target actionlib_msgs_generate_messages_nodejs
[2.594s] [  0%] Built target std_msgs_generate_messages_py
[2.605s] [  0%] Built target std_msgs_generate_messages_cpp
[2.605s] [  0%] Built target autoware_msgs_generate_messages_py
[2.634s] [  0%] Built target actionlib_msgs_generate_messages_cpp
[2.634s] [  0%] Built target jsk_footstep_msgs_generate_messages_nodejs
[2.636s] [  0%] Built target roscpp_generate_messages_lisp
[2.641s] [  0%] Built target jsk_recognition_msgs_generate_messages_py
[2.643s] [  0%] Built target sensor_msgs_generate_messages_py
[2.650s] [  0%] Built target autoware_can_msgs_generate_messages_nodejs
[2.651s] [  0%] Built target actionlib_msgs_generate_messages_lisp
[2.657s] [  0%] Built target autoware_can_msgs_generate_messages_eus
[2.678s] [  0%] Built target geometry_msgs_generate_messages_nodejs
[2.680s] [  0%] Built target rosgraph_msgs_generate_messages_py
[2.685s] [  0%] Built target roscpp_generate_messages_cpp
[2.690s] [  0%] Built target sensor_msgs_generate_messages_nodejs
[2.693s] [  0%] Built target jsk_footstep_msgs_generate_messages_cpp
[2.694s] [  0%] Built target geometry_msgs_generate_messages_py
[2.700s] [  0%] Built target jsk_recognition_msgs_generate_messages_lisp
[2.701s] [  0%] Built target jsk_recognition_msgs_generate_messages_eus
[2.724s] [  0%] Built target jsk_recognition_msgs_generate_messages_nodejs
[2.725s] [  0%] Built target rosgraph_msgs_generate_messages_eus
[2.738s] [  0%] Built target sensor_msgs_generate_messages_eus
[2.739s] [  0%] Built target autoware_can_msgs_generate_messages_py
[2.744s] [  0%] Built target tablet_socket_msgs_generate_messages_cpp
[2.752s] [  0%] Built target autoware_can_msgs_generate_messages_lisp
[2.756s] [  0%] Built target tablet_socket_msgs_generate_messages_lisp
[2.761s] [  0%] Built target autoware_can_msgs_generate_messages_cpp
[2.770s] [  0%] Built target autoware_msgs_generate_messages_eus
[2.772s] [  0%] Built target jsk_recognition_msgs_generate_messages_cpp
[2.787s] [  0%] Built target std_msgs_generate_messages_eus
[2.788s] [  0%] Built target autoware_msgs_generate_messages_nodejs
[2.790s] [  0%] Built target jsk_footstep_msgs_generate_messages_py
[2.793s] [  0%] Built target jsk_footstep_msgs_generate_messages_lisp
[2.805s] [  0%] Built target roscpp_generate_messages_py
[2.805s] [  0%] Built target actionlib_msgs_generate_messages_py
[2.815s] [  0%] Built target rosgraph_msgs_generate_messages_lisp
[2.820s] [  0%] Built target rosgraph_msgs_generate_messages_nodejs
[2.826s] [  0%] Built target pcl_msgs_generate_messages_cpp
[2.833s] [  0%] Built target sensor_msgs_generate_messages_lisp
[2.841s] [  0%] Built target autoware_msgs_generate_messages_lisp
[2.842s] [  0%] Built target actionlib_msgs_generate_messages_eus
[2.850s] [  0%] Built target tablet_socket_msgs_generate_messages_py
[2.855s] [  0%] Built target roscpp_generate_messages_nodejs
[2.855s] [  0%] Built target tablet_socket_msgs_generate_messages_nodejs
[2.856s] [  0%] Built target roscpp_generate_messages_eus
[2.864s] [  0%] Built target geometry_msgs_generate_messages_eus
[2.872s] [  0%] Built target geometry_msgs_generate_messages_cpp
[2.908s] [100%] Built target vehicle_sender
[2.908s] [100%] Built target vehicle_receiver
[2.937s] [36mInstall the project...[0m
[2.950s] -- Install configuration: ""
[2.950s] -- Up-to-date: /home/nuc/autoware.ai/src/autoware/utilities/vehicle_socket/install/vehicle_socket/lib/pkgconfig/vehicle_socket.pc
[2.950s] -- Up-to-date: /home/nuc/autoware.ai/src/autoware/utilities/vehicle_socket/install/vehicle_socket/share/vehicle_socket/cmake/vehicle_socketConfig.cmake
[2.950s] -- Up-to-date: /home/nuc/autoware.ai/src/autoware/utilities/vehicle_socket/install/vehicle_socket/share/vehicle_socket/cmake/vehicle_socketConfig-version.cmake
[2.950s] -- Up-to-date: /home/nuc/autoware.ai/src/autoware/utilities/vehicle_socket/install/vehicle_socket/share/vehicle_socket/package.xml
[2.950s] -- Installing: /home/nuc/autoware.ai/src/autoware/utilities/vehicle_socket/install/vehicle_socket/lib/vehicle_socket/vehicle_sender
[2.950s] -- Set runtime path of "/home/nuc/autoware.ai/src/autoware/utilities/vehicle_socket/install/vehicle_socket/lib/vehicle_socket/vehicle_sender" to ""
[2.951s] -- Up-to-date: /home/nuc/autoware.ai/src/autoware/utilities/vehicle_socket/install/vehicle_socket/lib/vehicle_socket/vehicle_receiver
[2.955s] Invoked command in '/home/nuc/autoware.ai/src/autoware/utilities/vehicle_socket/build/vehicle_socket' returned '0': /usr/bin/cmake --build /home/nuc/autoware.ai/src/autoware/utilities/vehicle_socket/build/vehicle_socket --target install -- -j8 -l8
