[0.027s] Invoking command in '/home/nuc/autoware.ai/src/autoware/utilities/app_cmd_sender/build/app_cmd_sender': /usr/bin/cmake --build /home/nuc/autoware.ai/src/autoware/utilities/app_cmd_sender/build/app_cmd_sender -- -j8 -l8
[0.116s] [  0%] Built target tablet_socket_msgs_generate_messages_py
[0.123s] [  0%] Built target rosgraph_msgs_generate_messages_nodejs
[0.124s] [  0%] Built target rosgraph_msgs_generate_messages_lisp
[0.126s] [  0%] Built target tablet_socket_msgs_generate_messages_nodejs
[0.127s] [  0%] Built target tablet_socket_msgs_generate_messages_eus
[0.132s] [  0%] Built target tablet_socket_msgs_generate_messages_lisp
[0.133s] [  0%] Built target rosgraph_msgs_generate_messages_py
[0.141s] [  0%] Built target sensor_msgs_generate_messages_nodejs
[0.170s] [  0%] Built target roscpp_generate_messages_py
[0.177s] [  0%] Built target roscpp_generate_messages_lisp
[0.187s] [  0%] Built target actionlib_msgs_generate_messages_cpp
[0.189s] [  0%] Built target jsk_footstep_msgs_generate_messages_lisp
[0.193s] [  0%] Built target actionlib_msgs_generate_messages_lisp
[0.203s] [  0%] Built target actionlib_msgs_generate_messages_py
[0.204s] [  0%] Built target jsk_footstep_msgs_generate_messages_eus
[0.215s] [  0%] Built target jsk_footstep_msgs_generate_messages_nodejs
[0.225s] [  0%] Built target pcl_msgs_generate_messages_py
[0.229s] [  0%] Built target pcl_msgs_generate_messages_nodejs
[0.241s] [  0%] Built target pcl_msgs_generate_messages_eus
[0.246s] [  0%] Built target pcl_msgs_generate_messages_lisp
[0.259s] [  0%] Built target std_msgs_generate_messages_nodejs
[0.263s] [  0%] Built target autoware_msgs_generate_messages_cpp
[0.263s] [  0%] Built target rosgraph_msgs_generate_messages_cpp
[0.288s] [  0%] Built target sensor_msgs_generate_messages_eus
[0.288s] [  0%] Built target sensor_msgs_generate_messages_cpp
[0.289s] [  0%] Built target tablet_socket_msgs_generate_messages_cpp
[0.294s] [  0%] Built target std_msgs_generate_messages_lisp
[0.313s] [  0%] Built target jsk_footstep_msgs_generate_messages_cpp
[0.328s] [  0%] Built target std_msgs_generate_messages_eus
[0.331s] [  0%] Built target autoware_can_msgs_generate_messages_py
[0.332s] [  0%] Built target autoware_msgs_generate_messages_nodejs
[0.335s] [  0%] Built target geometry_msgs_generate_messages_py
[0.336s] [  0%] Built target std_msgs_generate_messages_cpp
[0.345s] [  0%] Built target actionlib_msgs_generate_messages_nodejs
[0.355s] [  0%] Built target jsk_footstep_msgs_generate_messages_py
[0.375s] [  0%] Built target std_msgs_generate_messages_py
[0.378s] [  0%] Built target autoware_msgs_generate_messages_py
[0.386s] [  0%] Built target autoware_can_msgs_generate_messages_eus
[0.386s] [  0%] Built target geometry_msgs_generate_messages_nodejs
[0.394s] [  0%] Built target sensor_msgs_generate_messages_py
[0.401s] [  0%] Built target autoware_can_msgs_generate_messages_lisp
[0.403s] [  0%] Built target jsk_recognition_msgs_generate_messages_py
[0.412s] [  0%] Built target autoware_can_msgs_generate_messages_nodejs
[0.441s] [  0%] Built target jsk_recognition_msgs_generate_messages_cpp
[0.449s] [  0%] Built target autoware_msgs_generate_messages_eus
[0.452s] [  0%] Built target sensor_msgs_generate_messages_lisp
[0.456s] [  0%] Built target actionlib_msgs_generate_messages_eus
[0.458s] [  0%] Built target pcl_msgs_generate_messages_cpp
[0.462s] [  0%] Built target autoware_can_msgs_generate_messages_cpp
[0.471s] [  0%] Built target roscpp_generate_messages_nodejs
[0.475s] [  0%] Built target autoware_msgs_generate_messages_lisp
[0.501s] [  0%] Built target geometry_msgs_generate_messages_eus
[0.512s] [  0%] Built target roscpp_generate_messages_eus
[0.521s] [  0%] Built target jsk_recognition_msgs_generate_messages_lisp
[0.522s] [  0%] Built target jsk_recognition_msgs_generate_messages_eus
[0.524s] [  0%] Built target rosgraph_msgs_generate_messages_eus
[0.525s] [  0%] Built target geometry_msgs_generate_messages_cpp
[0.530s] [  0%] Built target jsk_recognition_msgs_generate_messages_nodejs
[0.536s] [  0%] Built target geometry_msgs_generate_messages_lisp
[0.551s] [  0%] Built target roscpp_generate_messages_cpp
[0.568s] [35m[1mScanning dependencies of target app_cmd_sender[0m
[0.595s] [ 50%] [32mBuilding CXX object CMakeFiles/app_cmd_sender.dir/nodes/app_cmd_sender.cpp.o[0m
[2.440s] [01m[K/home/nuc/autoware.ai/src/autoware/utilities/app_cmd_sender/nodes/app_cmd_sender.cpp:[m[K In function ‘[01m[Kvoid centerlineCallback(const MarkerArray&)[m[K’:
[2.440s] [01m[K/home/nuc/autoware.ai/src/autoware/utilities/app_cmd_sender/nodes/app_cmd_sender.cpp:66:32:[m[K [01;35m[Kwarning: [m[Knarrowing conversion of ‘[01m[Kpt.geometry_msgs::Point_<std::allocator<void> >::x[m[K’ from ‘[01m[Kgeometry_msgs::Point_<std::allocator<void> >::_x_type {aka double}[m[K’ to ‘[01m[Kfloat[m[K’ inside { } [[01;35m[K-Wnarrowing[m[K]
[2.440s]          centerpt.push_back({[01;35m[Kpt.x[m[K,pt.y});
[2.440s]                              [01;35m[K~~~^[m[K
[2.440s] [01m[K/home/nuc/autoware.ai/src/autoware/utilities/app_cmd_sender/nodes/app_cmd_sender.cpp:66:37:[m[K [01;35m[Kwarning: [m[Knarrowing conversion of ‘[01m[Kpt.geometry_msgs::Point_<std::allocator<void> >::y[m[K’ from ‘[01m[Kgeometry_msgs::Point_<std::allocator<void> >::_y_type {aka double}[m[K’ to ‘[01m[Kfloat[m[K’ inside { } [[01;35m[K-Wnarrowing[m[K]
[2.440s]          centerpt.push_back({pt.x,[01;35m[Kpt.y[m[K});
[2.441s]                                   [01;35m[K~~~^[m[K
[2.441s] In file included from [01m[K/opt/ros/melodic/include/ros/ros.h:40:0[m[K,
[2.441s]                  from [01m[K/home/nuc/autoware.ai/src/autoware/utilities/app_cmd_sender/nodes/app_cmd_sender.cpp:17[m[K:
[2.441s] [01m[K/opt/ros/melodic/include/ros/console.h:348:176:[m[K [01;35m[Kwarning: [m[Kformat ‘[01m[K%d[m[K’ expects argument of type ‘[01m[Kint[m[K’, but argument 8 has type ‘[01m[Kstd::vector<geometry_msgs::Point_<std::allocator<void> >, std::allocator<geometry_msgs::Point_<std::allocator<void> > > >::size_type {aka long unsigned int}[m[K’ [[01;35m[K-Wformat=[m[K]
[2.441s]  ine_location__loc.logger_, __rosconsole_define_location__loc.level_, __FILE__, __LINE__, __ROSCONSOLE_FUNCTION__, __VA_ARGS__[01;35m[K)[m[K
[2.441s]                                                                                                                               [01;35m[K^[m[K
[2.441s] [01m[K/opt/ros/melodic/include/ros/console.h:351:5:[m[K [01;36m[Knote: [m[Kin expansion of macro ‘[01m[KROSCONSOLE_PRINT_AT_LOCATION_WITH_FILTER[m[K’
[2.441s]      [01;36m[KROSCONSOLE_PRINT_AT_LOCATION_WITH_FILTER[m[K(NULL, __VA_ARGS__)
[2.441s]      [01;36m[K^~~~~~~~~~~~~~~~~~~~~~~~~~~~~~~~~~~~~~~~[m[K
[2.441s] [01m[K/opt/ros/melodic/include/ros/console.h:387:7:[m[K [01;36m[Knote: [m[Kin expansion of macro ‘[01m[KROSCONSOLE_PRINT_AT_LOCATION[m[K’
[2.441s]        [01;36m[KROSCONSOLE_PRINT_AT_LOCATION[m[K(__VA_ARGS__); \
[2.441s]        [01;36m[K^~~~~~~~~~~~~~~~~~~~~~~~~~~~[m[K
[2.442s] [01m[K/opt/ros/melodic/include/ros/console.h:572:35:[m[K [01;36m[Knote: [m[Kin expansion of macro ‘[01m[KROS_LOG_COND[m[K’
[2.442s]  #define ROS_LOG(level, name, ...) [01;36m[KROS_LOG_COND[m[K(true, level, name, __VA_ARGS__)
[2.442s]                                    [01;36m[K^~~~~~~~~~~~[m[K
[2.442s] [01m[K/opt/ros/melodic/include/rosconsole/macros_generated.h:162:23:[m[K [01;36m[Knote: [m[Kin expansion of macro ‘[01m[KROS_LOG[m[K’
[2.442s]  #define ROS_WARN(...) [01;36m[KROS_LOG[m[K(::ros::console::levels::Warn, ROSCONSOLE_DEFAULT_NAME, __VA_ARGS__)
[2.442s]                        [01;36m[K^~~~~~~[m[K
[2.442s] [01m[K/home/nuc/autoware.ai/src/autoware/utilities/app_cmd_sender/nodes/app_cmd_sender.cpp:68:5:[m[K [01;36m[Knote: [m[Kin expansion of macro ‘[01m[KROS_WARN[m[K’
[2.442s]      [01;36m[KR[m[KOS_WARN("IM centerline, SIZE=%d",  ary.markers[0].points.size());
[2.442s]      [01;36m[K^[m[K
[2.442s] [01m[K/home/nuc/autoware.ai/src/autoware/utilities/app_cmd_sender/nodes/app_cmd_sender.cpp:[m[K In function ‘[01m[Kvoid planlineCallback(const MarkerArray&)[m[K’:
[2.442s] [01m[K/opt/ros/melodic/include/ros/console.h:348:176:[m[K [01;35m[Kwarning: [m[Kformat ‘[01m[K%d[m[K’ expects argument of type ‘[01m[Kint[m[K’, but argument 8 has type ‘[01m[Kstd::vector<geometry_msgs::Point_<std::allocator<void> >, std::allocator<geometry_msgs::Point_<std::allocator<void> > > >::size_type {aka long unsigned int}[m[K’ [[01;35m[K-Wformat=[m[K]
[2.442s]  ine_location__loc.logger_, __rosconsole_define_location__loc.level_, __FILE__, __LINE__, __ROSCONSOLE_FUNCTION__, __VA_ARGS__[01;35m[K)[m[K
[2.442s]                                                                                                                               [01;35m[K^[m[K
[2.442s] [01m[K/opt/ros/melodic/include/ros/console.h:351:5:[m[K [01;36m[Knote: [m[Kin expansion of macro ‘[01m[KROSCONSOLE_PRINT_AT_LOCATION_WITH_FILTER[m[K’
[2.442s]      [01;36m[KROSCONSOLE_PRINT_AT_LOCATION_WITH_FILTER[m[K(NULL, __VA_ARGS__)
[2.443s]      [01;36m[K^~~~~~~~~~~~~~~~~~~~~~~~~~~~~~~~~~~~~~~~[m[K
[2.443s] [01m[K/opt/ros/melodic/include/ros/console.h:387:7:[m[K [01;36m[Knote: [m[Kin expansion of macro ‘[01m[KROSCONSOLE_PRINT_AT_LOCATION[m[K’
[2.443s]        [01;36m[KROSCONSOLE_PRINT_AT_LOCATION[m[K(__VA_ARGS__); \
[2.443s]        [01;36m[K^~~~~~~~~~~~~~~~~~~~~~~~~~~~[m[K
[2.444s] [01m[K/opt/ros/melodic/include/ros/console.h:572:35:[m[K [01;36m[Knote: [m[Kin expansion of macro ‘[01m[KROS_LOG_COND[m[K’
[2.444s]  #define ROS_LOG(level, name, ...) [01;36m[KROS_LOG_COND[m[K(true, level, name, __VA_ARGS__)
[2.444s]                                    [01;36m[K^~~~~~~~~~~~[m[K
[2.444s] [01m[K/opt/ros/melodic/include/rosconsole/macros_generated.h:162:23:[m[K [01;36m[Knote: [m[Kin expansion of macro ‘[01m[KROS_LOG[m[K’
[2.444s]  #define ROS_WARN(...) [01;36m[KROS_LOG[m[K(::ros::console::levels::Warn, ROSCONSOLE_DEFAULT_NAME, __VA_ARGS__)
[2.445s]                        [01;36m[K^~~~~~~[m[K
[2.445s] [01m[K/home/nuc/autoware.ai/src/autoware/utilities/app_cmd_sender/nodes/app_cmd_sender.cpp:77:9:[m[K [01;36m[Knote: [m[Kin expansion of macro ‘[01m[KROS_WARN[m[K’
[2.445s]          [01;36m[KR[m[KOS_WARN("IM planline, SIZE=%d",  ary.markers[0].points.size());
[2.445s]          [01;36m[K^[m[K
[2.445s] [01m[K/home/nuc/autoware.ai/src/autoware/utilities/app_cmd_sender/nodes/app_cmd_sender.cpp:81:57:[m[K [01;35m[Kwarning: [m[Knarrowing conversion of ‘[01m[Kpt.geometry_msgs::Point_<std::allocator<void> >::x[m[K’ from ‘[01m[Kgeometry_msgs::Point_<std::allocator<void> >::_x_type {aka double}[m[K’ to ‘[01m[Kfloat[m[K’ inside { } [[01;35m[K-Wnarrowing[m[K]
[2.445s]              plannedline.push_back(std::vector<float>{[01;35m[Kpt.x[m[K,pt.y});
[2.445s]                                                       [01;35m[K~~~^[m[K
[2.445s] [01m[K/home/nuc/autoware.ai/src/autoware/utilities/app_cmd_sender/nodes/app_cmd_sender.cpp:81:57:[m[K [01;35m[Kwarning: [m[Knarrowing conversion of ‘[01m[Kpt.geometry_msgs::Point_<std::allocator<void> >::x[m[K’ from ‘[01m[Kgeometry_msgs::Point_<std::allocator<void> >::_x_type {aka double}[m[K’ to ‘[01m[Kfloat[m[K’ inside { } [[01;35m[K-Wnarrowing[m[K]
[2.445s] [01m[K/home/nuc/autoware.ai/src/autoware/utilities/app_cmd_sender/nodes/app_cmd_sender.cpp:81:62:[m[K [01;35m[Kwarning: [m[Knarrowing conversion of ‘[01m[Kpt.geometry_msgs::Point_<std::allocator<void> >::y[m[K’ from ‘[01m[Kgeometry_msgs::Point_<std::allocator<void> >::_y_type {aka double}[m[K’ to ‘[01m[Kfloat[m[K’ inside { } [[01;35m[K-Wnarrowing[m[K]
[2.445s]              plannedline.push_back(std::vector<float>{pt.x,[01;35m[Kpt.y[m[K});
[2.445s]                                                            [01;35m[K~~~^[m[K
[2.445s] [01m[K/home/nuc/autoware.ai/src/autoware/utilities/app_cmd_sender/nodes/app_cmd_sender.cpp:81:62:[m[K [01;35m[Kwarning: [m[Knarrowing conversion of ‘[01m[Kpt.geometry_msgs::Point_<std::allocator<void> >::y[m[K’ from ‘[01m[Kgeometry_msgs::Point_<std::allocator<void> >::_y_type {aka double}[m[K’ to ‘[01m[Kfloat[m[K’ inside { } [[01;35m[K-Wnarrowing[m[K]
[2.448s] [01m[K/home/nuc/autoware.ai/src/autoware/utilities/app_cmd_sender/nodes/app_cmd_sender.cpp:[m[K In function ‘[01m[Kvoid currentposeCallback(const PoseStamped&)[m[K’:
[2.448s] [01m[K/home/nuc/autoware.ai/src/autoware/utilities/app_cmd_sender/nodes/app_cmd_sender.cpp:103:32:[m[K [01;35m[Kwarning: [m[Knarrowing conversion of ‘[01m[K(geometry_msgs::Point_<std::allocator<void> >::_x_type)odm.geometry_msgs::PoseStamped_<std::allocator<void> >::pose.geometry_msgs::Pose_<std::allocator<void> >::position.geometry_msgs::Point_<std::allocator<void> >::x[m[K’ from ‘[01m[Kgeometry_msgs::Point_<std::allocator<void> >::_x_type {aka double}[m[K’ to ‘[01m[Kfloat[m[K’ inside { } [[01;35m[K-Wnarrowing[m[K]
[2.448s]      point pt{[01;35m[Kodm.pose.position.x[m[K,odm.pose.position.y};
[2.448s]               [01;35m[K~~~~~~~~~~~~~~~~~~^[m[K
[2.449s] [01m[K/home/nuc/autoware.ai/src/autoware/utilities/app_cmd_sender/nodes/app_cmd_sender.cpp:103:52:[m[K [01;35m[Kwarning: [m[Knarrowing conversion of ‘[01m[K(geometry_msgs::Point_<std::allocator<void> >::_y_type)odm.geometry_msgs::PoseStamped_<std::allocator<void> >::pose.geometry_msgs::Pose_<std::allocator<void> >::position.geometry_msgs::Point_<std::allocator<void> >::y[m[K’ from ‘[01m[Kgeometry_msgs::Point_<std::allocator<void> >::_y_type {aka double}[m[K’ to ‘[01m[Kfloat[m[K’ inside { } [[01;35m[K-Wnarrowing[m[K]
[2.449s]      point pt{odm.pose.position.x,[01;35m[Kodm.pose.position.y[m[K};
[2.449s]                                   [01;35m[K~~~~~~~~~~~~~~~~~~^[m[K
[9.396s] [100%] [32m[1mLinking CXX executable devel/lib/app_cmd_sender/app_cmd_sender[0m
[9.549s] [100%] Built target app_cmd_sender
[9.564s] Invoked command in '/home/nuc/autoware.ai/src/autoware/utilities/app_cmd_sender/build/app_cmd_sender' returned '0': /usr/bin/cmake --build /home/nuc/autoware.ai/src/autoware/utilities/app_cmd_sender/build/app_cmd_sender -- -j8 -l8
[9.719s] Invoking command in '/home/nuc/autoware.ai/src/autoware/utilities/app_cmd_sender/build/app_cmd_sender': /usr/bin/cmake --build /home/nuc/autoware.ai/src/autoware/utilities/app_cmd_sender/build/app_cmd_sender --target tests -- -j8 -l8
[9.808s] Built target tests
[9.825s] Invoked command in '/home/nuc/autoware.ai/src/autoware/utilities/app_cmd_sender/build/app_cmd_sender' returned '0': /usr/bin/cmake --build /home/nuc/autoware.ai/src/autoware/utilities/app_cmd_sender/build/app_cmd_sender --target tests -- -j8 -l8
[9.972s] Invoking command in '/home/nuc/autoware.ai/src/autoware/utilities/app_cmd_sender/build/app_cmd_sender': /usr/bin/cmake --build /home/nuc/autoware.ai/src/autoware/utilities/app_cmd_sender/build/app_cmd_sender --target install -- -j8 -l8
[10.062s] [  0%] Built target sensor_msgs_generate_messages_nodejs
[10.070s] [  0%] Built target tablet_socket_msgs_generate_messages_nodejs
[10.071s] [  0%] Built target tablet_socket_msgs_generate_messages_lisp
[10.076s] [  0%] Built target tablet_socket_msgs_generate_messages_py
[10.078s] [  0%] Built target rosgraph_msgs_generate_messages_py
[10.086s] [  0%] Built target rosgraph_msgs_generate_messages_lisp
[10.088s] [  0%] Built target tablet_socket_msgs_generate_messages_eus
[10.093s] [  0%] Built target rosgraph_msgs_generate_messages_nodejs
[10.128s] [  0%] Built target roscpp_generate_messages_lisp
[10.131s] [  0%] Built target jsk_footstep_msgs_generate_messages_nodejs
[10.142s] [  0%] Built target jsk_footstep_msgs_generate_messages_lisp
[10.146s] [  0%] Built target roscpp_generate_messages_py
[10.161s] [  0%] Built target actionlib_msgs_generate_messages_py
[10.162s] [  0%] Built target actionlib_msgs_generate_messages_cpp
[10.175s] [  0%] Built target actionlib_msgs_generate_messages_lisp
[10.189s] [  0%] Built target pcl_msgs_generate_messages_py
[10.190s] [  0%] Built target jsk_footstep_msgs_generate_messages_eus
[10.207s] [  0%] Built target pcl_msgs_generate_messages_nodejs
[10.219s] [  0%] Built target pcl_msgs_generate_messages_lisp
[10.241s] [  0%] Built target pcl_msgs_generate_messages_eus
[10.250s] [  0%] Built target rosgraph_msgs_generate_messages_cpp
[10.256s] [  0%] Built target sensor_msgs_generate_messages_cpp
[10.259s] [  0%] Built target autoware_msgs_generate_messages_cpp
[10.274s] [  0%] Built target std_msgs_generate_messages_lisp
[10.281s] [  0%] Built target std_msgs_generate_messages_nodejs
[10.287s] [  0%] Built target tablet_socket_msgs_generate_messages_cpp
[10.296s] [  0%] Built target sensor_msgs_generate_messages_eus
[10.313s] [  0%] Built target jsk_footstep_msgs_generate_messages_cpp
[10.318s] [  0%] Built target std_msgs_generate_messages_eus
[10.320s] [  0%] Built target autoware_can_msgs_generate_messages_py
[10.343s] [  0%] Built target autoware_msgs_generate_messages_nodejs
[10.347s] [  0%] Built target jsk_footstep_msgs_generate_messages_py
[10.364s] [  0%] Built target std_msgs_generate_messages_cpp
[10.369s] [  0%] Built target geometry_msgs_generate_messages_py
[10.371s] [  0%] Built target std_msgs_generate_messages_py
[10.371s] [  0%] Built target actionlib_msgs_generate_messages_nodejs
[10.378s] [  0%] Built target autoware_msgs_generate_messages_py
[10.385s] [  0%] Built target autoware_can_msgs_generate_messages_eus
[10.408s] [  0%] Built target geometry_msgs_generate_messages_nodejs
[10.425s] [  0%] Built target autoware_can_msgs_generate_messages_nodejs
[10.425s] [  0%] Built target sensor_msgs_generate_messages_py
[10.437s] [  0%] Built target autoware_msgs_generate_messages_eus
[10.451s] [  0%] Built target jsk_recognition_msgs_generate_messages_py
[10.451s] [  0%] Built target autoware_can_msgs_generate_messages_lisp
[10.460s] [  0%] Built target autoware_can_msgs_generate_messages_cpp
[10.466s] [  0%] Built target jsk_recognition_msgs_generate_messages_cpp
[10.479s] [  0%] Built target sensor_msgs_generate_messages_lisp
[10.481s] [  0%] Built target actionlib_msgs_generate_messages_eus
[10.504s] [  0%] Built target pcl_msgs_generate_messages_cpp
[10.510s] [  0%] Built target autoware_msgs_generate_messages_lisp
[10.525s] [  0%] Built target roscpp_generate_messages_nodejs
[10.537s] [  0%] Built target roscpp_generate_messages_eus
[10.545s] [  0%] Built target geometry_msgs_generate_messages_eus
[10.551s] [  0%] Built target geometry_msgs_generate_messages_lisp
[10.560s] [  0%] Built target geometry_msgs_generate_messages_cpp
[10.562s] [  0%] Built target jsk_recognition_msgs_generate_messages_lisp
[10.566s] [  0%] Built target jsk_recognition_msgs_generate_messages_eus
[10.571s] [  0%] Built target rosgraph_msgs_generate_messages_eus
[10.579s] [  0%] Built target jsk_recognition_msgs_generate_messages_nodejs
[10.590s] [  0%] Built target roscpp_generate_messages_cpp
[10.626s] [100%] Built target app_cmd_sender
[10.655s] [36mInstall the project...[0m
[10.666s] -- Install configuration: ""
[10.666s] -- Up-to-date: /home/nuc/autoware.ai/src/autoware/utilities/app_cmd_sender/install/app_cmd_sender/lib/pkgconfig/app_cmd_sender.pc
[10.666s] -- Up-to-date: /home/nuc/autoware.ai/src/autoware/utilities/app_cmd_sender/install/app_cmd_sender/share/app_cmd_sender/cmake/app_cmd_senderConfig.cmake
[10.667s] -- Up-to-date: /home/nuc/autoware.ai/src/autoware/utilities/app_cmd_sender/install/app_cmd_sender/share/app_cmd_sender/cmake/app_cmd_senderConfig-version.cmake
[10.667s] -- Up-to-date: /home/nuc/autoware.ai/src/autoware/utilities/app_cmd_sender/install/app_cmd_sender/share/app_cmd_sender/package.xml
[10.667s] -- Installing: /home/nuc/autoware.ai/src/autoware/utilities/app_cmd_sender/install/app_cmd_sender/lib/app_cmd_sender/app_cmd_sender
[10.668s] -- Set runtime path of "/home/nuc/autoware.ai/src/autoware/utilities/app_cmd_sender/install/app_cmd_sender/lib/app_cmd_sender/app_cmd_sender" to ""
[10.668s] -- Up-to-date: /home/nuc/autoware.ai/src/autoware/utilities/app_cmd_sender/install/app_cmd_sender/share/app_cmd_sender/launch
[10.668s] -- Up-to-date: /home/nuc/autoware.ai/src/autoware/utilities/app_cmd_sender/install/app_cmd_sender/share/app_cmd_sender/launch/app_cmd_sender.launch
[10.672s] Invoked command in '/home/nuc/autoware.ai/src/autoware/utilities/app_cmd_sender/build/app_cmd_sender' returned '0': /usr/bin/cmake --build /home/nuc/autoware.ai/src/autoware/utilities/app_cmd_sender/build/app_cmd_sender --target install -- -j8 -l8
