[0.026s] Invoking command in '/home/nuc/autoware.ai/src/autoware/utilities/app_cmd_sender/build/app_cmd_sender': /usr/bin/cmake --build /home/nuc/autoware.ai/src/autoware/utilities/app_cmd_sender/build/app_cmd_sender -- -j8 -l8
[0.116s] [  0%] Built target sensor_msgs_generate_messages_nodejs
[0.118s] [  0%] Built target rosgraph_msgs_generate_messages_nodejs
[0.118s] [  0%] Built target tablet_socket_msgs_generate_messages_lisp
[0.118s] [  0%] Built target tablet_socket_msgs_generate_messages_nodejs
[0.119s] [  0%] Built target rosgraph_msgs_generate_messages_py
[0.120s] [  0%] Built target tablet_socket_msgs_generate_messages_py
[0.120s] [  0%] Built target rosgraph_msgs_generate_messages_lisp
[0.120s] [  0%] Built target tablet_socket_msgs_generate_messages_eus
[0.159s] [  0%] Built target jsk_footstep_msgs_generate_messages_nodejs
[0.160s] [  0%] Built target roscpp_generate_messages_py
[0.162s] [  0%] Built target jsk_footstep_msgs_generate_messages_lisp
[0.162s] [  0%] Built target roscpp_generate_messages_lisp
[0.167s] [  0%] Built target actionlib_msgs_generate_messages_cpp
[0.168s] [  0%] Built target actionlib_msgs_generate_messages_lisp
[0.171s] [  0%] Built target jsk_footstep_msgs_generate_messages_eus
[0.178s] [  0%] Built target actionlib_msgs_generate_messages_py
[0.208s] [  0%] Built target pcl_msgs_generate_messages_eus
[0.209s] [  0%] Built target pcl_msgs_generate_messages_lisp
[0.210s] [  0%] Built target pcl_msgs_generate_messages_py
[0.210s] [  0%] Built target pcl_msgs_generate_messages_nodejs
[0.211s] [  0%] Built target rosgraph_msgs_generate_messages_cpp
[0.216s] [  0%] Built target std_msgs_generate_messages_nodejs
[0.226s] [  0%] Built target autoware_msgs_generate_messages_cpp
[0.232s] [  0%] Built target std_msgs_generate_messages_lisp
[0.254s] [  0%] Built target sensor_msgs_generate_messages_cpp
[0.257s] [  0%] Built target sensor_msgs_generate_messages_eus
[0.257s] [  0%] Built target autoware_can_msgs_generate_messages_py
[0.265s] [  0%] Built target tablet_socket_msgs_generate_messages_cpp
[0.270s] [  0%] Built target jsk_footstep_msgs_generate_messages_cpp
[0.271s] [  0%] Built target geometry_msgs_generate_messages_py
[0.275s] [  0%] Built target std_msgs_generate_messages_eus
[0.276s] [  0%] Built target autoware_msgs_generate_messages_nodejs
[0.297s] [  0%] Built target actionlib_msgs_generate_messages_nodejs
[0.308s] [  0%] Built target jsk_footstep_msgs_generate_messages_py
[0.313s] [  0%] Built target std_msgs_generate_messages_cpp
[0.318s] [  0%] Built target std_msgs_generate_messages_py
[0.322s] [  0%] Built target geometry_msgs_generate_messages_nodejs
[0.322s] [  0%] Built target autoware_msgs_generate_messages_py
[0.322s] [  0%] Built target autoware_can_msgs_generate_messages_eus
[0.326s] [  0%] Built target sensor_msgs_generate_messages_py
[0.356s] [  0%] Built target jsk_recognition_msgs_generate_messages_py
[0.360s] [  0%] Built target autoware_can_msgs_generate_messages_nodejs
[0.363s] [  0%] Built target autoware_can_msgs_generate_messages_lisp
[0.371s] [  0%] Built target autoware_msgs_generate_messages_eus
[0.371s] [  0%] Built target pcl_msgs_generate_messages_cpp
[0.371s] [  0%] Built target jsk_recognition_msgs_generate_messages_cpp
[0.376s] [  0%] Built target autoware_can_msgs_generate_messages_cpp
[0.376s] [  0%] Built target sensor_msgs_generate_messages_lisp
[0.415s] [  0%] Built target actionlib_msgs_generate_messages_eus
[0.415s] [  0%] Built target roscpp_generate_messages_nodejs
[0.416s] [  0%] Built target autoware_msgs_generate_messages_lisp
[0.416s] [  0%] Built target geometry_msgs_generate_messages_eus
[0.416s] [  0%] Built target roscpp_generate_messages_eus
[0.425s] [  0%] Built target geometry_msgs_generate_messages_cpp
[0.428s] [  0%] Built target jsk_recognition_msgs_generate_messages_eus
[0.429s] [  0%] Built target geometry_msgs_generate_messages_lisp
[0.450s] [  0%] Built target jsk_recognition_msgs_generate_messages_lisp
[0.453s] [  0%] Built target roscpp_generate_messages_cpp
[0.459s] [  0%] Built target jsk_recognition_msgs_generate_messages_nodejs
[0.459s] [  0%] Built target rosgraph_msgs_generate_messages_eus
[0.474s] [35m[1mScanning dependencies of target app_cmd_sender[0m
[0.497s] [ 50%] [32mBuilding CXX object CMakeFiles/app_cmd_sender.dir/nodes/app_cmd_sender.cpp.o[0m
[1.987s] [01m[K/home/nuc/autoware.ai/src/autoware/utilities/app_cmd_sender/nodes/app_cmd_sender.cpp:[m[K In function ‘[01m[Kvoid centerlineCallback(const MarkerArray&)[m[K’:
[1.987s] [01m[K/home/nuc/autoware.ai/src/autoware/utilities/app_cmd_sender/nodes/app_cmd_sender.cpp:41:30:[m[K [01;31m[Kerror: [m[K‘[01m[Kconst _markers_type {aka const class std::vector<visualization_msgs::Marker_<std::allocator<void> >, std::allocator<visualization_msgs::Marker_<std::allocator<void> > > >}[m[K’ has no member named ‘[01m[Kns[m[K’
[1.988s]      std::cout << ary.markers.[01;31m[Kns[m[K.size();
[1.988s]                               [01;31m[K^~[m[K
[3.039s] CMakeFiles/app_cmd_sender.dir/build.make:62: recipe for target 'CMakeFiles/app_cmd_sender.dir/nodes/app_cmd_sender.cpp.o' failed
[3.040s] CMakeFiles/Makefile2:126: recipe for target 'CMakeFiles/app_cmd_sender.dir/all' failed
[3.040s] make[2]: *** [CMakeFiles/app_cmd_sender.dir/nodes/app_cmd_sender.cpp.o] Error 1
[3.040s] make[1]: *** [CMakeFiles/app_cmd_sender.dir/all] Error 2
[3.040s] make: *** [all] Error 2
[3.040s] Makefile:140: recipe for target 'all' failed
[3.044s] Invoked command in '/home/nuc/autoware.ai/src/autoware/utilities/app_cmd_sender/build/app_cmd_sender' returned '2': /usr/bin/cmake --build /home/nuc/autoware.ai/src/autoware/utilities/app_cmd_sender/build/app_cmd_sender -- -j8 -l8
