[0.025s] Invoking command in '/home/nuc/autoware.ai/src/autoware/utilities/vehicle_socket/build/vehicle_socket': /usr/bin/cmake --build /home/nuc/autoware.ai/src/autoware/utilities/vehicle_socket/build/vehicle_socket -- -j8 -l8
[0.132s] [  0%] Built target tablet_socket_msgs_generate_messages_nodejs
[0.139s] [  0%] Built target tablet_socket_msgs_generate_messages_eus
[0.141s] [  0%] Built target rosgraph_msgs_generate_messages_lisp
[0.147s] [  0%] Built target rosgraph_msgs_generate_messages_nodejs
[0.149s] [  0%] Built target sensor_msgs_generate_messages_nodejs
[0.149s] [  0%] Built target tablet_socket_msgs_generate_messages_lisp
[0.156s] [  0%] Built target tablet_socket_msgs_generate_messages_py
[0.160s] [  0%] Built target rosgraph_msgs_generate_messages_py
[0.189s] [  0%] Built target roscpp_generate_messages_py
[0.190s] [  0%] Built target roscpp_generate_messages_lisp
[0.191s] [  0%] Built target actionlib_msgs_generate_messages_lisp
[0.198s] [  0%] Built target actionlib_msgs_generate_messages_cpp
[0.199s] [  0%] Built target jsk_footstep_msgs_generate_messages_lisp
[0.200s] [  0%] Built target jsk_footstep_msgs_generate_messages_nodejs
[0.205s] [  0%] Built target actionlib_msgs_generate_messages_py
[0.209s] [  0%] Built target jsk_footstep_msgs_generate_messages_eus
[0.234s] [  0%] Built target pcl_msgs_generate_messages_py
[0.240s] [  0%] Built target pcl_msgs_generate_messages_lisp
[0.245s] [  0%] Built target pcl_msgs_generate_messages_nodejs
[0.248s] [  0%] Built target rosgraph_msgs_generate_messages_cpp
[0.250s] [  0%] Built target pcl_msgs_generate_messages_eus
[0.253s] [  0%] Built target autoware_msgs_generate_messages_cpp
[0.256s] [  0%] Built target std_msgs_generate_messages_nodejs
[0.259s] [  0%] Built target std_msgs_generate_messages_lisp
[0.286s] [  0%] Built target sensor_msgs_generate_messages_cpp
[0.291s] [  0%] Built target tablet_socket_msgs_generate_messages_cpp
[0.291s] [  0%] Built target jsk_footstep_msgs_generate_messages_cpp
[0.293s] [  0%] Built target geometry_msgs_generate_messages_py
[0.293s] [  0%] Built target sensor_msgs_generate_messages_eus
[0.296s] [  0%] Built target autoware_can_msgs_generate_messages_py
[0.303s] [  0%] Built target std_msgs_generate_messages_eus
[0.309s] [  0%] Built target autoware_msgs_generate_messages_nodejs
[0.332s] [  0%] Built target std_msgs_generate_messages_cpp
[0.333s] [  0%] Built target jsk_footstep_msgs_generate_messages_py
[0.338s] [  0%] Built target std_msgs_generate_messages_py
[0.345s] [  0%] Built target autoware_can_msgs_generate_messages_eus
[0.345s] [  0%] Built target actionlib_msgs_generate_messages_nodejs
[0.348s] [  0%] Built target autoware_msgs_generate_messages_py
[0.351s] [  0%] Built target geometry_msgs_generate_messages_nodejs
[0.352s] [  0%] Built target sensor_msgs_generate_messages_py
[0.377s] [  0%] Built target autoware_can_msgs_generate_messages_nodejs
[0.378s] [  0%] Built target jsk_recognition_msgs_generate_messages_py
[0.386s] [  0%] Built target autoware_can_msgs_generate_messages_cpp
[0.388s] [  0%] Built target autoware_msgs_generate_messages_eus
[0.388s] [  0%] Built target autoware_can_msgs_generate_messages_lisp
[0.389s] [  0%] Built target jsk_recognition_msgs_generate_messages_cpp
[0.395s] [  0%] Built target sensor_msgs_generate_messages_lisp
[0.397s] [  0%] Built target pcl_msgs_generate_messages_cpp
[0.419s] [  0%] Built target autoware_msgs_generate_messages_lisp
[0.426s] [  0%] Built target actionlib_msgs_generate_messages_eus
[0.430s] [  0%] Built target geometry_msgs_generate_messages_cpp
[0.432s] [  0%] Built target roscpp_generate_messages_nodejs
[0.434s] [  0%] Built target roscpp_generate_messages_eus
[0.438s] [  0%] Built target jsk_recognition_msgs_generate_messages_eus
[0.438s] [  0%] Built target geometry_msgs_generate_messages_eus
[0.441s] [  0%] Built target geometry_msgs_generate_messages_lisp
[0.454s] [  0%] Built target jsk_recognition_msgs_generate_messages_lisp
[0.465s] [  0%] Built target jsk_recognition_msgs_generate_messages_nodejs
[0.465s] [  0%] Built target roscpp_generate_messages_cpp
[0.465s] [  0%] Built target rosgraph_msgs_generate_messages_eus
[0.481s] [35m[1mScanning dependencies of target vehicle_sender[0m
[0.498s] [ 50%] Built target vehicle_receiver
[0.499s] [ 75%] [32mBuilding CXX object CMakeFiles/vehicle_sender.dir/nodes/vehicle_sender/vehicle_sender.cpp.o[0m
[1.546s] [01m[K/home/nuc/autoware.ai/src/autoware/utilities/vehicle_socket/nodes/vehicle_sender/vehicle_sender.cpp:227:14:[m[K [01;35m[Kwarning: [m[K‘[01m[Kvoid* receiverCaller(void*)[m[K’ defined but not used [[01;35m[K-Wunused-function[m[K]
[1.547s]  static void *[01;35m[KreceiverCaller[m[K(void *unused)
[1.547s]               [01;35m[K^~~~~~~~~~~~~~[m[K
[2.355s] [100%] [32m[1mLinking CXX executable devel/lib/vehicle_socket/vehicle_sender[0m
[2.472s] [100%] Built target vehicle_sender
[2.487s] Invoked command in '/home/nuc/autoware.ai/src/autoware/utilities/vehicle_socket/build/vehicle_socket' returned '0': /usr/bin/cmake --build /home/nuc/autoware.ai/src/autoware/utilities/vehicle_socket/build/vehicle_socket -- -j8 -l8
[2.607s] Invoking command in '/home/nuc/autoware.ai/src/autoware/utilities/vehicle_socket/build/vehicle_socket': /usr/bin/cmake --build /home/nuc/autoware.ai/src/autoware/utilities/vehicle_socket/build/vehicle_socket --target tests -- -j8 -l8
[2.691s] Built target tests
[2.704s] Invoked command in '/home/nuc/autoware.ai/src/autoware/utilities/vehicle_socket/build/vehicle_socket' returned '0': /usr/bin/cmake --build /home/nuc/autoware.ai/src/autoware/utilities/vehicle_socket/build/vehicle_socket --target tests -- -j8 -l8
[2.833s] Invoking command in '/home/nuc/autoware.ai/src/autoware/utilities/vehicle_socket/build/vehicle_socket': /usr/bin/cmake --build /home/nuc/autoware.ai/src/autoware/utilities/vehicle_socket/build/vehicle_socket --target install -- -j8 -l8
[2.913s] [  0%] Built target rosgraph_msgs_generate_messages_py
[2.913s] [  0%] Built target rosgraph_msgs_generate_messages_nodejs
[2.913s] [  0%] Built target tablet_socket_msgs_generate_messages_lisp
[2.913s] [  0%] Built target sensor_msgs_generate_messages_nodejs
[2.913s] [  0%] Built target tablet_socket_msgs_generate_messages_nodejs
[2.914s] [  0%] Built target tablet_socket_msgs_generate_messages_eus
[2.915s] [  0%] Built target tablet_socket_msgs_generate_messages_py
[2.919s] [  0%] Built target rosgraph_msgs_generate_messages_lisp
[2.954s] [  0%] Built target jsk_footstep_msgs_generate_messages_lisp
[2.955s] [  0%] Built target roscpp_generate_messages_lisp
[2.955s] [  0%] Built target actionlib_msgs_generate_messages_lisp
[2.955s] [  0%] Built target actionlib_msgs_generate_messages_cpp
[2.959s] [  0%] Built target roscpp_generate_messages_py
[2.960s] [  0%] Built target jsk_footstep_msgs_generate_messages_nodejs
[2.964s] [  0%] Built target actionlib_msgs_generate_messages_py
[2.965s] [  0%] Built target jsk_footstep_msgs_generate_messages_eus
[2.996s] [  0%] Built target pcl_msgs_generate_messages_eus
[2.997s] [  0%] Built target pcl_msgs_generate_messages_py
[2.997s] [  0%] Built target pcl_msgs_generate_messages_nodejs
[2.998s] [  0%] Built target pcl_msgs_generate_messages_lisp
[3.001s] [  0%] Built target rosgraph_msgs_generate_messages_cpp
[3.003s] [  0%] Built target autoware_msgs_generate_messages_cpp
[3.007s] [  0%] Built target std_msgs_generate_messages_nodejs
[3.008s] [  0%] Built target std_msgs_generate_messages_lisp
[3.040s] [  0%] Built target sensor_msgs_generate_messages_cpp
[3.042s] [  0%] Built target sensor_msgs_generate_messages_eus
[3.042s] [  0%] Built target tablet_socket_msgs_generate_messages_cpp
[3.045s] [  0%] Built target autoware_can_msgs_generate_messages_py
[3.050s] [  0%] Built target geometry_msgs_generate_messages_py
[3.050s] [  0%] Built target jsk_footstep_msgs_generate_messages_cpp
[3.051s] [  0%] Built target std_msgs_generate_messages_eus
[3.055s] [  0%] Built target autoware_msgs_generate_messages_nodejs
[3.080s] [  0%] Built target std_msgs_generate_messages_cpp
[3.086s] [  0%] Built target jsk_footstep_msgs_generate_messages_py
[3.086s] [  0%] Built target actionlib_msgs_generate_messages_nodejs
[3.090s] [  0%] Built target autoware_can_msgs_generate_messages_eus
[3.090s] [  0%] Built target std_msgs_generate_messages_py
[3.092s] [  0%] Built target autoware_msgs_generate_messages_py
[3.096s] [  0%] Built target geometry_msgs_generate_messages_nodejs
[3.101s] [  0%] Built target sensor_msgs_generate_messages_py
[3.125s] [  0%] Built target jsk_recognition_msgs_generate_messages_py
[3.130s] [  0%] Built target autoware_can_msgs_generate_messages_lisp
[3.133s] [  0%] Built target autoware_can_msgs_generate_messages_nodejs
[3.133s] [  0%] Built target autoware_msgs_generate_messages_eus
[3.137s] [  0%] Built target jsk_recognition_msgs_generate_messages_cpp
[3.137s] [  0%] Built target autoware_can_msgs_generate_messages_cpp
[3.138s] [  0%] Built target sensor_msgs_generate_messages_lisp
[3.145s] [  0%] Built target pcl_msgs_generate_messages_cpp
[3.168s] [  0%] Built target actionlib_msgs_generate_messages_eus
[3.172s] [  0%] Built target autoware_msgs_generate_messages_lisp
[3.176s] [  0%] Built target geometry_msgs_generate_messages_eus
[3.177s] [  0%] Built target roscpp_generate_messages_nodejs
[3.180s] [  0%] Built target roscpp_generate_messages_eus
[3.183s] [  0%] Built target geometry_msgs_generate_messages_cpp
[3.183s] [  0%] Built target geometry_msgs_generate_messages_lisp
[3.190s] [  0%] Built target jsk_recognition_msgs_generate_messages_eus
[3.205s] [  0%] Built target jsk_recognition_msgs_generate_messages_lisp
[3.206s] [  0%] Built target roscpp_generate_messages_cpp
[3.207s] [  0%] Built target rosgraph_msgs_generate_messages_eus
[3.211s] [  0%] Built target jsk_recognition_msgs_generate_messages_nodejs
[3.244s] [100%] Built target vehicle_receiver
[3.244s] [100%] Built target vehicle_sender
[3.270s] [36mInstall the project...[0m
[3.281s] -- Install configuration: ""
[3.281s] -- Up-to-date: /home/nuc/autoware.ai/src/autoware/utilities/vehicle_socket/install/vehicle_socket/lib/pkgconfig/vehicle_socket.pc
[3.281s] -- Up-to-date: /home/nuc/autoware.ai/src/autoware/utilities/vehicle_socket/install/vehicle_socket/share/vehicle_socket/cmake/vehicle_socketConfig.cmake
[3.281s] -- Up-to-date: /home/nuc/autoware.ai/src/autoware/utilities/vehicle_socket/install/vehicle_socket/share/vehicle_socket/cmake/vehicle_socketConfig-version.cmake
[3.281s] -- Up-to-date: /home/nuc/autoware.ai/src/autoware/utilities/vehicle_socket/install/vehicle_socket/share/vehicle_socket/package.xml
[3.283s] -- Installing: /home/nuc/autoware.ai/src/autoware/utilities/vehicle_socket/install/vehicle_socket/lib/vehicle_socket/vehicle_sender
[3.283s] -- Set runtime path of "/home/nuc/autoware.ai/src/autoware/utilities/vehicle_socket/install/vehicle_socket/lib/vehicle_socket/vehicle_sender" to ""
[3.284s] -- Up-to-date: /home/nuc/autoware.ai/src/autoware/utilities/vehicle_socket/install/vehicle_socket/lib/vehicle_socket/vehicle_receiver
[3.288s] Invoked command in '/home/nuc/autoware.ai/src/autoware/utilities/vehicle_socket/build/vehicle_socket' returned '0': /usr/bin/cmake --build /home/nuc/autoware.ai/src/autoware/utilities/vehicle_socket/build/vehicle_socket --target install -- -j8 -l8
