[0.029s] Invoking command in '/home/nuc/autoware.ai/src/autoware/utilities/app_cmd_sender/build/app_cmd_sender': /usr/bin/cmake --build /home/nuc/autoware.ai/src/autoware/utilities/app_cmd_sender/build/app_cmd_sender -- -j8 -l8
[0.114s] [  0%] Built target rosgraph_msgs_generate_messages_nodejs
[0.115s] [  0%] Built target tablet_socket_msgs_generate_messages_eus
[0.115s] [  0%] Built target tablet_socket_msgs_generate_messages_nodejs
[0.115s] [  0%] Built target sensor_msgs_generate_messages_nodejs
[0.115s] [  0%] Built target tablet_socket_msgs_generate_messages_py
[0.119s] [  0%] Built target rosgraph_msgs_generate_messages_lisp
[0.120s] [  0%] Built target tablet_socket_msgs_generate_messages_lisp
[0.134s] [  0%] Built target rosgraph_msgs_generate_messages_py
[0.164s] [  0%] Built target jsk_footstep_msgs_generate_messages_nodejs
[0.164s] [  0%] Built target roscpp_generate_messages_py
[0.164s] [  0%] Built target actionlib_msgs_generate_messages_lisp
[0.169s] [  0%] Built target roscpp_generate_messages_lisp
[0.170s] [  0%] Built target actionlib_msgs_generate_messages_py
[0.177s] [  0%] Built target jsk_footstep_msgs_generate_messages_lisp
[0.187s] [  0%] Built target actionlib_msgs_generate_messages_cpp
[0.190s] [  0%] Built target jsk_footstep_msgs_generate_messages_eus
[0.214s] [  0%] Built target pcl_msgs_generate_messages_nodejs
[0.216s] [  0%] Built target pcl_msgs_generate_messages_py
[0.218s] [  0%] Built target pcl_msgs_generate_messages_lisp
[0.229s] [  0%] Built target autoware_msgs_generate_messages_cpp
[0.233s] [  0%] Built target pcl_msgs_generate_messages_eus
[0.237s] [  0%] Built target rosgraph_msgs_generate_messages_cpp
[0.243s] [  0%] Built target std_msgs_generate_messages_nodejs
[0.252s] [  0%] Built target std_msgs_generate_messages_lisp
[0.271s] [  0%] Built target tablet_socket_msgs_generate_messages_cpp
[0.272s] [  0%] Built target sensor_msgs_generate_messages_eus
[0.278s] [  0%] Built target sensor_msgs_generate_messages_cpp
[0.288s] [  0%] Built target autoware_can_msgs_generate_messages_py
[0.289s] [  0%] Built target geometry_msgs_generate_messages_py
[0.300s] [  0%] Built target jsk_footstep_msgs_generate_messages_cpp
[0.308s] [  0%] Built target std_msgs_generate_messages_eus
[0.312s] [  0%] Built target autoware_msgs_generate_messages_nodejs
[0.327s] [  0%] Built target jsk_footstep_msgs_generate_messages_py
[0.337s] [  0%] Built target std_msgs_generate_messages_cpp
[0.354s] [  0%] Built target autoware_msgs_generate_messages_py
[0.354s] [  0%] Built target actionlib_msgs_generate_messages_nodejs
[0.358s] [  0%] Built target autoware_can_msgs_generate_messages_eus
[0.358s] [  0%] Built target sensor_msgs_generate_messages_py
[0.369s] [  0%] Built target geometry_msgs_generate_messages_nodejs
[0.377s] [  0%] Built target std_msgs_generate_messages_py
[0.383s] [  0%] Built target jsk_recognition_msgs_generate_messages_py
[0.386s] [  0%] Built target autoware_can_msgs_generate_messages_nodejs
[0.411s] [  0%] Built target autoware_can_msgs_generate_messages_lisp
[0.416s] [  0%] Built target autoware_msgs_generate_messages_eus
[0.420s] [  0%] Built target jsk_recognition_msgs_generate_messages_cpp
[0.422s] [  0%] Built target autoware_can_msgs_generate_messages_cpp
[0.440s] [  0%] Built target sensor_msgs_generate_messages_lisp
[0.444s] [  0%] Built target actionlib_msgs_generate_messages_eus
[0.444s] [  0%] Built target pcl_msgs_generate_messages_cpp
[0.451s] [  0%] Built target autoware_msgs_generate_messages_lisp
[0.471s] [  0%] Built target roscpp_generate_messages_nodejs
[0.491s] [  0%] Built target geometry_msgs_generate_messages_cpp
[0.493s] [  0%] Built target geometry_msgs_generate_messages_eus
[0.496s] [  0%] Built target jsk_recognition_msgs_generate_messages_lisp
[0.507s] [  0%] Built target geometry_msgs_generate_messages_lisp
[0.510s] [  0%] Built target jsk_recognition_msgs_generate_messages_eus
[0.513s] [  0%] Built target roscpp_generate_messages_eus
[0.527s] [  0%] Built target rosgraph_msgs_generate_messages_eus
[0.528s] [  0%] Built target jsk_recognition_msgs_generate_messages_nodejs
[0.533s] [  0%] Built target roscpp_generate_messages_cpp
[0.550s] [35m[1mScanning dependencies of target app_cmd_sender[0m
[0.572s] [ 50%] [32mBuilding CXX object CMakeFiles/app_cmd_sender.dir/nodes/app_cmd_sender.cpp.o[0m
[1.076s] In file included from [01m[K/home/nuc/autoware.ai/src/autoware/utilities/app_cmd_sender/nodes/app_cmd_sender.cpp:36:0[m[K:
[1.076s] [01m[K/home/nuc/autoware.ai/src/autoware/utilities/app_cmd_sender/nodes/json.hpp:49:10:[m[K [01;31m[Kfatal error: [m[Knlohmann/adl_serializer.hpp: No such file or directory
[1.076s]  #include [01;31m[K<nlohmann/adl_serializer.hpp>[m[K
[1.076s]           [01;31m[K^~~~~~~~~~~~~~~~~~~~~~~~~~~~~[m[K
[1.076s] compilation terminated.
[1.080s] make[2]: *** [CMakeFiles/app_cmd_sender.dir/nodes/app_cmd_sender.cpp.o] Error 1
[1.080s] CMakeFiles/app_cmd_sender.dir/build.make:62: recipe for target 'CMakeFiles/app_cmd_sender.dir/nodes/app_cmd_sender.cpp.o' failed
[1.080s] make[1]: *** [CMakeFiles/app_cmd_sender.dir/all] Error 2
[1.080s] CMakeFiles/Makefile2:126: recipe for target 'CMakeFiles/app_cmd_sender.dir/all' failed
[1.081s] Makefile:140: recipe for target 'all' failed
[1.081s] make: *** [all] Error 2
[1.083s] Invoked command in '/home/nuc/autoware.ai/src/autoware/utilities/app_cmd_sender/build/app_cmd_sender' returned '2': /usr/bin/cmake --build /home/nuc/autoware.ai/src/autoware/utilities/app_cmd_sender/build/app_cmd_sender -- -j8 -l8
