[0.028s] Invoking command in '/home/nuc/autoware.ai/src/autoware/utilities/app_cmd_sender/build/app_cmd_sender': /usr/bin/cmake --build /home/nuc/autoware.ai/src/autoware/utilities/app_cmd_sender/build/app_cmd_sender -- -j8 -l8
[0.120s] [  0%] Built target tablet_socket_msgs_generate_messages_lisp
[0.120s] [  0%] Built target tablet_socket_msgs_generate_messages_nodejs
[0.122s] [  0%] Built target rosgraph_msgs_generate_messages_py
[0.123s] [  0%] Built target tablet_socket_msgs_generate_messages_py
[0.125s] [  0%] Built target sensor_msgs_generate_messages_nodejs
[0.127s] [  0%] Built target tablet_socket_msgs_generate_messages_eus
[0.143s] [  0%] Built target rosgraph_msgs_generate_messages_lisp
[0.149s] [  0%] Built target rosgraph_msgs_generate_messages_nodejs
[0.167s] [  0%] Built target actionlib_msgs_generate_messages_cpp
[0.173s] [  0%] Built target actionlib_msgs_generate_messages_lisp
[0.177s] [  0%] Built target roscpp_generate_messages_py
[0.183s] [  0%] Built target jsk_footstep_msgs_generate_messages_lisp
[0.185s] [  0%] Built target jsk_footstep_msgs_generate_messages_nodejs
[0.193s] [  0%] Built target jsk_footstep_msgs_generate_messages_eus
[0.198s] [  0%] Built target roscpp_generate_messages_lisp
[0.203s] [  0%] Built target actionlib_msgs_generate_messages_py
[0.220s] [  0%] Built target pcl_msgs_generate_messages_py
[0.221s] [  0%] Built target pcl_msgs_generate_messages_nodejs
[0.241s] [  0%] Built target autoware_msgs_generate_messages_cpp
[0.242s] [  0%] Built target pcl_msgs_generate_messages_eus
[0.246s] [  0%] Built target pcl_msgs_generate_messages_lisp
[0.253s] [  0%] Built target rosgraph_msgs_generate_messages_cpp
[0.259s] [  0%] Built target std_msgs_generate_messages_lisp
[0.261s] [  0%] Built target std_msgs_generate_messages_nodejs
[0.273s] [  0%] Built target sensor_msgs_generate_messages_cpp
[0.280s] [  0%] Built target sensor_msgs_generate_messages_eus
[0.295s] [  0%] Built target autoware_can_msgs_generate_messages_py
[0.296s] [  0%] Built target tablet_socket_msgs_generate_messages_cpp
[0.298s] [  0%] Built target jsk_footstep_msgs_generate_messages_cpp
[0.300s] [  0%] Built target geometry_msgs_generate_messages_py
[0.316s] [  0%] Built target autoware_msgs_generate_messages_nodejs
[0.324s] [  0%] Built target jsk_footstep_msgs_generate_messages_py
[0.328s] [  0%] Built target std_msgs_generate_messages_eus
[0.342s] [  0%] Built target std_msgs_generate_messages_cpp
[0.352s] [  0%] Built target actionlib_msgs_generate_messages_nodejs
[0.353s] [  0%] Built target autoware_can_msgs_generate_messages_eus
[0.359s] [  0%] Built target autoware_msgs_generate_messages_py
[0.359s] [  0%] Built target std_msgs_generate_messages_py
[0.376s] [  0%] Built target jsk_recognition_msgs_generate_messages_py
[0.377s] [  0%] Built target geometry_msgs_generate_messages_nodejs
[0.385s] [  0%] Built target sensor_msgs_generate_messages_py
[0.403s] [  0%] Built target autoware_can_msgs_generate_messages_nodejs
[0.405s] [  0%] Built target autoware_can_msgs_generate_messages_lisp
[0.407s] [  0%] Built target autoware_msgs_generate_messages_eus
[0.409s] [  0%] Built target autoware_can_msgs_generate_messages_cpp
[0.427s] [  0%] Built target jsk_recognition_msgs_generate_messages_cpp
[0.436s] [  0%] Built target pcl_msgs_generate_messages_cpp
[0.442s] [  0%] Built target sensor_msgs_generate_messages_lisp
[0.453s] [  0%] Built target roscpp_generate_messages_eus
[0.457s] [  0%] Built target actionlib_msgs_generate_messages_eus
[0.457s] [  0%] Built target autoware_msgs_generate_messages_lisp
[0.475s] [  0%] Built target geometry_msgs_generate_messages_eus
[0.479s] [  0%] Built target roscpp_generate_messages_nodejs
[0.494s] [  0%] Built target geometry_msgs_generate_messages_cpp
[0.499s] [  0%] Built target geometry_msgs_generate_messages_lisp
[0.503s] [  0%] Built target rosgraph_msgs_generate_messages_eus
[0.509s] [  0%] Built target jsk_recognition_msgs_generate_messages_lisp
[0.510s] [  0%] Built target jsk_recognition_msgs_generate_messages_eus
[0.511s] [  0%] Built target jsk_recognition_msgs_generate_messages_nodejs
[0.530s] [  0%] Built target roscpp_generate_messages_cpp
[0.547s] [35m[1mScanning dependencies of target app_cmd_sender[0m
[0.569s] [ 50%] [32mBuilding CXX object CMakeFiles/app_cmd_sender.dir/nodes/app_cmd_sender.cpp.o[0m
[2.396s] [01m[K/home/nuc/autoware.ai/src/autoware/utilities/app_cmd_sender/nodes/app_cmd_sender.cpp:[m[K In function ‘[01m[Kvoid centerlineCallback(const MarkerArray&)[m[K’:
[2.396s] [01m[K/home/nuc/autoware.ai/src/autoware/utilities/app_cmd_sender/nodes/app_cmd_sender.cpp:61:50:[m[K [01;35m[Kwarning: [m[Knarrowing conversion of ‘[01m[Kpt.geometry_msgs::Point_<std::allocator<void> >::x[m[K’ from ‘[01m[Kgeometry_msgs::Point_<std::allocator<void> >::_x_type {aka double}[m[K’ to ‘[01m[Kfloat[m[K’ inside { } [[01;35m[K-Wnarrowing[m[K]
[2.396s]          centerpt.push_back(std::vector<float>{[01;35m[Kpt.x[m[K,pt.y});
[2.397s]                                                [01;35m[K~~~^[m[K
[2.397s] [01m[K/home/nuc/autoware.ai/src/autoware/utilities/app_cmd_sender/nodes/app_cmd_sender.cpp:61:50:[m[K [01;35m[Kwarning: [m[Knarrowing conversion of ‘[01m[Kpt.geometry_msgs::Point_<std::allocator<void> >::x[m[K’ from ‘[01m[Kgeometry_msgs::Point_<std::allocator<void> >::_x_type {aka double}[m[K’ to ‘[01m[Kfloat[m[K’ inside { } [[01;35m[K-Wnarrowing[m[K]
[2.397s] [01m[K/home/nuc/autoware.ai/src/autoware/utilities/app_cmd_sender/nodes/app_cmd_sender.cpp:61:55:[m[K [01;35m[Kwarning: [m[Knarrowing conversion of ‘[01m[Kpt.geometry_msgs::Point_<std::allocator<void> >::y[m[K’ from ‘[01m[Kgeometry_msgs::Point_<std::allocator<void> >::_y_type {aka double}[m[K’ to ‘[01m[Kfloat[m[K’ inside { } [[01;35m[K-Wnarrowing[m[K]
[2.397s]          centerpt.push_back(std::vector<float>{pt.x,[01;35m[Kpt.y[m[K});
[2.397s]                                                     [01;35m[K~~~^[m[K
[2.397s] [01m[K/home/nuc/autoware.ai/src/autoware/utilities/app_cmd_sender/nodes/app_cmd_sender.cpp:61:55:[m[K [01;35m[Kwarning: [m[Knarrowing conversion of ‘[01m[Kpt.geometry_msgs::Point_<std::allocator<void> >::y[m[K’ from ‘[01m[Kgeometry_msgs::Point_<std::allocator<void> >::_y_type {aka double}[m[K’ to ‘[01m[Kfloat[m[K’ inside { } [[01;35m[K-Wnarrowing[m[K]
[2.397s] [01m[K/home/nuc/autoware.ai/src/autoware/utilities/app_cmd_sender/nodes/app_cmd_sender.cpp:61:57:[m[K [01;31m[Kerror: [m[Kno matching function for call to ‘[01m[Kstd::vector<point>::push_back(std::vector<float>)[m[K’
[2.397s]          centerpt.push_back(std::vector<float>{pt.x,pt.y}[01;31m[K)[m[K;
[2.397s]                                                          [01;31m[K^[m[K
[2.397s] In file included from [01m[K/usr/include/c++/7/vector:64:0[m[K,
[2.397s]                  from [01m[K/usr/include/boost/math/special_functions/math_fwd.hpp:26[m[K,
[2.397s]                  from [01m[K/usr/include/boost/math/special_functions/round.hpp:15[m[K,
[2.398s]                  from [01m[K/opt/ros/melodic/include/ros/time.h:58[m[K,
[2.398s]                  from [01m[K/opt/ros/melodic/include/ros/ros.h:38[m[K,
[2.398s]                  from [01m[K/home/nuc/autoware.ai/src/autoware/utilities/app_cmd_sender/nodes/app_cmd_sender.cpp:17[m[K:
[2.398s] [01m[K/usr/include/c++/7/bits/stl_vector.h:939:7:[m[K [01;36m[Knote: [m[Kcandidate: void std::vector<_Tp, _Alloc>::push_back(const value_type&) [with _Tp = point; _Alloc = std::allocator<point>; std::vector<_Tp, _Alloc>::value_type = point]
[2.398s]        [01;36m[Kpush_back[m[K(const value_type& __x)
[2.398s]        [01;36m[K^~~~~~~~~[m[K
[2.398s] [01m[K/usr/include/c++/7/bits/stl_vector.h:939:7:[m[K [01;36m[Knote: [m[K  no known conversion for argument 1 from ‘[01m[Kstd::vector<float>[m[K’ to ‘[01m[Kconst value_type& {aka const point&}[m[K’
[2.398s] [01m[K/usr/include/c++/7/bits/stl_vector.h:953:7:[m[K [01;36m[Knote: [m[Kcandidate: void std::vector<_Tp, _Alloc>::push_back(std::vector<_Tp, _Alloc>::value_type&&) [with _Tp = point; _Alloc = std::allocator<point>; std::vector<_Tp, _Alloc>::value_type = point]
[2.398s]        [01;36m[Kpush_back[m[K(value_type&& __x)
[2.399s]        [01;36m[K^~~~~~~~~[m[K
[2.399s] [01m[K/usr/include/c++/7/bits/stl_vector.h:953:7:[m[K [01;36m[Knote: [m[K  no known conversion for argument 1 from ‘[01m[Kstd::vector<float>[m[K’ to ‘[01m[Kstd::vector<point>::value_type&& {aka point&&}[m[K’
[2.399s] In file included from [01m[K/opt/ros/melodic/include/ros/ros.h:40:0[m[K,
[2.399s]                  from [01m[K/home/nuc/autoware.ai/src/autoware/utilities/app_cmd_sender/nodes/app_cmd_sender.cpp:17[m[K:
[2.399s] [01m[K/opt/ros/melodic/include/ros/console.h:348:176:[m[K [01;35m[Kwarning: [m[Kformat ‘[01m[K%d[m[K’ expects argument of type ‘[01m[Kint[m[K’, but argument 8 has type ‘[01m[Kstd::vector<geometry_msgs::Point_<std::allocator<void> >, std::allocator<geometry_msgs::Point_<std::allocator<void> > > >::size_type {aka long unsigned int}[m[K’ [[01;35m[K-Wformat=[m[K]
[2.399s]  cation__loc.logger_, __rosconsole_define_location__loc.level_, __FILE__, __LINE__, __ROSCONSOLE_FUNCTION__, __VA_ARGS__[01;35m[K)[m[K
[2.399s]                                                                                                                         [01;35m[K^[m[K
[2.399s] [01m[K/opt/ros/melodic/include/ros/console.h:351:5:[m[K [01;36m[Knote: [m[Kin expansion of macro ‘[01m[KROSCONSOLE_PRINT_AT_LOCATION_WITH_FILTER[m[K’
[2.399s]      [01;36m[KROSCONSOLE_PRINT_AT_LOCATION_WITH_FILTER[m[K(NULL, __VA_ARGS__)
[2.400s]      [01;36m[K^~~~~~~~~~~~~~~~~~~~~~~~~~~~~~~~~~~~~~~~[m[K
[2.400s] [01m[K/opt/ros/melodic/include/ros/console.h:387:7:[m[K [01;36m[Knote: [m[Kin expansion of macro ‘[01m[KROSCONSOLE_PRINT_AT_LOCATION[m[K’
[2.400s]        [01;36m[KROSCONSOLE_PRINT_AT_LOCATION[m[K(__VA_ARGS__); \
[2.400s]        [01;36m[K^~~~~~~~~~~~~~~~~~~~~~~~~~~~[m[K
[2.400s] [01m[K/opt/ros/melodic/include/ros/console.h:572:35:[m[K [01;36m[Knote: [m[Kin expansion of macro ‘[01m[KROS_LOG_COND[m[K’
[2.400s]  #define ROS_LOG(level, name, ...) [01;36m[KROS_LOG_COND[m[K(true, level, name, __VA_ARGS__)
[2.400s]                                    [01;36m[K^~~~~~~~~~~~[m[K
[2.400s] [01m[K/opt/ros/melodic/include/rosconsole/macros_generated.h:162:23:[m[K [01;36m[Knote: [m[Kin expansion of macro ‘[01m[KROS_LOG[m[K’
[2.400s]  #define ROS_WARN(...) [01;36m[KROS_LOG[m[K(::ros::console::levels::Warn, ROSCONSOLE_DEFAULT_NAME, __VA_ARGS__)
[2.400s]                        [01;36m[K^~~~~~~[m[K
[2.401s] [01m[K/home/nuc/autoware.ai/src/autoware/utilities/app_cmd_sender/nodes/app_cmd_sender.cpp:63:5:[m[K [01;36m[Knote: [m[Kin expansion of macro ‘[01m[KROS_WARN[m[K’
[2.401s]      [01;36m[KR[m[KOS_WARN("IM centerline, SIZE=%d",  ary.markers[0].points.size());
[2.401s]      [01;36m[K^[m[K
[2.401s] [01m[K/home/nuc/autoware.ai/src/autoware/utilities/app_cmd_sender/nodes/app_cmd_sender.cpp:[m[K In function ‘[01m[Kvoid planlineCallback(const MarkerArray&)[m[K’:
[2.401s] [01m[K/opt/ros/melodic/include/ros/console.h:348:176:[m[K [01;35m[Kwarning: [m[Kformat ‘[01m[K%d[m[K’ expects argument of type ‘[01m[Kint[m[K’, but argument 8 has type ‘[01m[Kstd::vector<geometry_msgs::Point_<std::allocator<void> >, std::allocator<geometry_msgs::Point_<std::allocator<void> > > >::size_type {aka long unsigned int}[m[K’ [[01;35m[K-Wformat=[m[K]
[2.401s]  cation__loc.logger_, __rosconsole_define_location__loc.level_, __FILE__, __LINE__, __ROSCONSOLE_FUNCTION__, __VA_ARGS__[01;35m[K)[m[K
[2.401s]                                                                                                                         [01;35m[K^[m[K
[2.401s] [01m[K/opt/ros/melodic/include/ros/console.h:351:5:[m[K [01;36m[Knote: [m[Kin expansion of macro ‘[01m[KROSCONSOLE_PRINT_AT_LOCATION_WITH_FILTER[m[K’
[2.401s]      [01;36m[KROSCONSOLE_PRINT_AT_LOCATION_WITH_FILTER[m[K(NULL, __VA_ARGS__)
[2.401s]      [01;36m[K^~~~~~~~~~~~~~~~~~~~~~~~~~~~~~~~~~~~~~~~[m[K
[2.402s] [01m[K/opt/ros/melodic/include/ros/console.h:387:7:[m[K [01;36m[Knote: [m[Kin expansion of macro ‘[01m[KROSCONSOLE_PRINT_AT_LOCATION[m[K’
[2.402s]        [01;36m[KROSCONSOLE_PRINT_AT_LOCATION[m[K(__VA_ARGS__); \
[2.402s]        [01;36m[K^~~~~~~~~~~~~~~~~~~~~~~~~~~~[m[K
[2.402s] [01m[K/opt/ros/melodic/include/ros/console.h:572:35:[m[K [01;36m[Knote: [m[Kin expansion of macro ‘[01m[KROS_LOG_COND[m[K’
[2.402s]  #define ROS_LOG(level, name, ...) [01;36m[KROS_LOG_COND[m[K(true, level, name, __VA_ARGS__)
[2.402s]                                    [01;36m[K^~~~~~~~~~~~[m[K
[2.402s] [01m[K/opt/ros/melodic/include/rosconsole/macros_generated.h:162:23:[m[K [01;36m[Knote: [m[Kin expansion of macro ‘[01m[KROS_LOG[m[K’
[2.402s]  #define ROS_WARN(...) [01;36m[KROS_LOG[m[K(::ros::console::levels::Warn, ROSCONSOLE_DEFAULT_NAME, __VA_ARGS__)
[2.402s]                        [01;36m[K^~~~~~~[m[K
[2.402s] [01m[K/home/nuc/autoware.ai/src/autoware/utilities/app_cmd_sender/nodes/app_cmd_sender.cpp:72:9:[m[K [01;36m[Knote: [m[Kin expansion of macro ‘[01m[KROS_WARN[m[K’
[2.402s]          [01;36m[KR[m[KOS_WARN("IM planline, SIZE=%d",  ary.markers[0].points.size());
[2.402s]          [01;36m[K^[m[K
[2.402s] [01m[K/home/nuc/autoware.ai/src/autoware/utilities/app_cmd_sender/nodes/app_cmd_sender.cpp:76:57:[m[K [01;35m[Kwarning: [m[Knarrowing conversion of ‘[01m[Kpt.geometry_msgs::Point_<std::allocator<void> >::x[m[K’ from ‘[01m[Kgeometry_msgs::Point_<std::allocator<void> >::_x_type {aka double}[m[K’ to ‘[01m[Kfloat[m[K’ inside { } [[01;35m[K-Wnarrowing[m[K]
[2.403s]              plannedline.push_back(std::vector<float>{[01;35m[Kpt.x[m[K,pt.y});
[2.403s]                                                       [01;35m[K~~~^[m[K
[2.403s] [01m[K/home/nuc/autoware.ai/src/autoware/utilities/app_cmd_sender/nodes/app_cmd_sender.cpp:76:57:[m[K [01;35m[Kwarning: [m[Knarrowing conversion of ‘[01m[Kpt.geometry_msgs::Point_<std::allocator<void> >::x[m[K’ from ‘[01m[Kgeometry_msgs::Point_<std::allocator<void> >::_x_type {aka double}[m[K’ to ‘[01m[Kfloat[m[K’ inside { } [[01;35m[K-Wnarrowing[m[K]
[2.403s] [01m[K/home/nuc/autoware.ai/src/autoware/utilities/app_cmd_sender/nodes/app_cmd_sender.cpp:76:62:[m[K [01;35m[Kwarning: [m[Knarrowing conversion of ‘[01m[Kpt.geometry_msgs::Point_<std::allocator<void> >::y[m[K’ from ‘[01m[Kgeometry_msgs::Point_<std::allocator<void> >::_y_type {aka double}[m[K’ to ‘[01m[Kfloat[m[K’ inside { } [[01;35m[K-Wnarrowing[m[K]
[2.403s]              plannedline.push_back(std::vector<float>{pt.x,[01;35m[Kpt.y[m[K});
[2.403s]                                                            [01;35m[K~~~^[m[K
[2.403s] [01m[K/home/nuc/autoware.ai/src/autoware/utilities/app_cmd_sender/nodes/app_cmd_sender.cpp:76:62:[m[K [01;35m[Kwarning: [m[Knarrowing conversion of ‘[01m[Kpt.geometry_msgs::Point_<std::allocator<void> >::y[m[K’ from ‘[01m[Kgeometry_msgs::Point_<std::allocator<void> >::_y_type {aka double}[m[K’ to ‘[01m[Kfloat[m[K’ inside { } [[01;35m[K-Wnarrowing[m[K]
[2.403s] [01m[K/home/nuc/autoware.ai/src/autoware/utilities/app_cmd_sender/nodes/app_cmd_sender.cpp:[m[K In function ‘[01m[Kbool ishere(const point&, const point&, const point&)[m[K’:
[2.403s] [01m[K/home/nuc/autoware.ai/src/autoware/utilities/app_cmd_sender/nodes/app_cmd_sender.cpp:91:58:[m[K [01;31m[Kerror: [m[K‘[01m[Kv[m[K’ was not declared in this scope
[2.404s]      return std::abs(v1*r)<std::abs(v1*v1) && std::abs(v2*[01;31m[Kv[m[K) < std::sqrt(v2*v2)*droad/2;
[2.404s]                                                           [01;31m[K^[m[K
[2.404s] [01m[K/home/nuc/autoware.ai/src/autoware/utilities/app_cmd_sender/nodes/app_cmd_sender.cpp:[m[K In function ‘[01m[Kvoid currentposeCallback(const Odometry&)[m[K’:
[2.404s] [01m[K/home/nuc/autoware.ai/src/autoware/utilities/app_cmd_sender/nodes/app_cmd_sender.cpp:96:22:[m[K [01;31m[Kerror: [m[Kcannot convert ‘[01m[Kstd::vector<point>::empty[m[K’ from type ‘[01m[Kbool (std::vector<point>::)() const noexcept[m[K’ to type ‘[01m[Kbool[m[K’
[2.404s]      if(centerpt.empty[01;31m[K)[m[K return;
[2.404s]                       [01;31m[K^[m[K
[2.404s] [01m[K/home/nuc/autoware.ai/src/autoware/utilities/app_cmd_sender/nodes/app_cmd_sender.cpp:98:23:[m[K [01;31m[Kerror: [m[K‘[01m[Kconst _pose_type {aka const struct geometry_msgs::PoseWithCovariance_<std::allocator<void> >}[m[K’ has no member named ‘[01m[Kposition[m[K’
[2.404s]      point pt{odm.pose.[01;31m[Kposition[m[K.x,odm.pose.position.y};
[2.404s]                        [01;31m[K^~~~~~~~[m[K
[2.404s] [01m[K/home/nuc/autoware.ai/src/autoware/utilities/app_cmd_sender/nodes/app_cmd_sender.cpp:98:43:[m[K [01;31m[Kerror: [m[K‘[01m[Kconst _pose_type {aka const struct geometry_msgs::PoseWithCovariance_<std::allocator<void> >}[m[K’ has no member named ‘[01m[Kposition[m[K’
[2.404s]      point pt{odm.pose.position.x,odm.pose.[01;31m[Kposition[m[K.y};
[2.404s]                                            [01;31m[K^~~~~~~~[m[K
[4.152s] make[2]: *** [CMakeFiles/app_cmd_sender.dir/nodes/app_cmd_sender.cpp.o] Error 1
[4.152s] CMakeFiles/app_cmd_sender.dir/build.make:62: recipe for target 'CMakeFiles/app_cmd_sender.dir/nodes/app_cmd_sender.cpp.o' failed
[4.153s] CMakeFiles/Makefile2:126: recipe for target 'CMakeFiles/app_cmd_sender.dir/all' failed
[4.153s] make[1]: *** [CMakeFiles/app_cmd_sender.dir/all] Error 2
[4.153s] Makefile:140: recipe for target 'all' failed
[4.153s] make: *** [all] Error 2
[4.156s] Invoked command in '/home/nuc/autoware.ai/src/autoware/utilities/app_cmd_sender/build/app_cmd_sender' returned '2': /usr/bin/cmake --build /home/nuc/autoware.ai/src/autoware/utilities/app_cmd_sender/build/app_cmd_sender -- -j8 -l8
