[0.037s] Invoking command in '/home/nuc/autoware.ai/src/autoware/utilities/vehicle_socket/build/vehicle_socket': /usr/bin/cmake --build /home/nuc/autoware.ai/src/autoware/utilities/vehicle_socket/build/vehicle_socket -- -j8 -l8
[0.260s] [  0%] Built target sensor_msgs_generate_messages_nodejs
[0.261s] [  0%] Built target tablet_socket_msgs_generate_messages_py
[0.263s] [  0%] Built target tablet_socket_msgs_generate_messages_eus
[0.270s] [  0%] Built target tablet_socket_msgs_generate_messages_lisp
[0.288s] [  0%] Built target tablet_socket_msgs_generate_messages_nodejs
[0.363s] [  0%] Built target roscpp_generate_messages_lisp
[0.393s] [  0%] Built target roscpp_generate_messages_py
[0.406s] [  0%] Built target actionlib_msgs_generate_messages_lisp
[0.410s] [  0%] Built target rosgraph_msgs_generate_messages_lisp
[0.437s] [  0%] Built target actionlib_msgs_generate_messages_cpp
[0.481s] [  0%] Built target jsk_footstep_msgs_generate_messages_lisp
[0.494s] [  0%] Built target rosgraph_msgs_generate_messages_nodejs
[0.495s] [  0%] Built target jsk_footstep_msgs_generate_messages_nodejs
[0.515s] [  0%] Built target rosgraph_msgs_generate_messages_py
[0.523s] [  0%] Built target jsk_footstep_msgs_generate_messages_eus
[0.538s] [  0%] Built target actionlib_msgs_generate_messages_py
[0.556s] [  0%] Built target pcl_msgs_generate_messages_py
[0.627s] [  0%] Built target pcl_msgs_generate_messages_nodejs
[0.637s] [  0%] Built target rosgraph_msgs_generate_messages_cpp
[0.639s] [  0%] Built target pcl_msgs_generate_messages_eus
[0.657s] [  0%] Built target pcl_msgs_generate_messages_lisp
[0.681s] [  0%] Built target autoware_msgs_generate_messages_cpp
[0.682s] [  0%] Built target sensor_msgs_generate_messages_cpp
[0.708s] [  0%] Built target std_msgs_generate_messages_lisp
[0.717s] [  0%] Built target std_msgs_generate_messages_nodejs
[0.763s] [  0%] Built target sensor_msgs_generate_messages_eus
[0.774s] [  0%] Built target tablet_socket_msgs_generate_messages_cpp
[0.819s] [  0%] Built target autoware_can_msgs_generate_messages_py
[0.822s] [  0%] Built target jsk_footstep_msgs_generate_messages_cpp
[0.831s] [  0%] Built target geometry_msgs_generate_messages_py
[0.858s] [  0%] Built target jsk_footstep_msgs_generate_messages_py
[0.860s] [  0%] Built target std_msgs_generate_messages_eus
[0.888s] [  0%] Built target actionlib_msgs_generate_messages_nodejs
[0.904s] [  0%] Built target autoware_msgs_generate_messages_nodejs
[0.905s] [  0%] Built target std_msgs_generate_messages_cpp
[0.966s] [  0%] Built target geometry_msgs_generate_messages_nodejs
[0.992s] [  0%] Built target std_msgs_generate_messages_py
[1.001s] [  0%] Built target autoware_msgs_generate_messages_py
[1.010s] [  0%] Built target sensor_msgs_generate_messages_py
[1.011s] [  0%] Built target autoware_can_msgs_generate_messages_eus
[1.041s] [  0%] Built target autoware_can_msgs_generate_messages_nodejs
[1.042s] [  0%] Built target jsk_recognition_msgs_generate_messages_py
[1.046s] [  0%] Built target autoware_can_msgs_generate_messages_lisp
[1.100s] [  0%] Built target jsk_recognition_msgs_generate_messages_cpp
[1.118s] [  0%] Built target autoware_can_msgs_generate_messages_cpp
[1.145s] [  0%] Built target pcl_msgs_generate_messages_cpp
[1.149s] [  0%] Built target actionlib_msgs_generate_messages_eus
[1.164s] [  0%] Built target autoware_msgs_generate_messages_lisp
[1.181s] [  0%] Built target sensor_msgs_generate_messages_lisp
[1.206s] [  0%] Built target autoware_msgs_generate_messages_eus
[1.228s] [  0%] Built target roscpp_generate_messages_nodejs
[1.244s] [  0%] Built target geometry_msgs_generate_messages_eus
[1.246s] [  0%] Built target roscpp_generate_messages_eus
[1.279s] [  0%] Built target geometry_msgs_generate_messages_cpp
[1.311s] [  0%] Built target geometry_msgs_generate_messages_lisp
[1.318s] [  0%] Built target jsk_recognition_msgs_generate_messages_lisp
[1.325s] [  0%] Built target jsk_recognition_msgs_generate_messages_eus
[1.334s] [  0%] Built target rosgraph_msgs_generate_messages_eus
[1.351s] [  0%] Built target jsk_recognition_msgs_generate_messages_nodejs
[1.356s] [  0%] Built target roscpp_generate_messages_cpp
[1.402s] [35m[1mScanning dependencies of target vehicle_sender[0m
[1.447s] [ 25%] [32mBuilding CXX object CMakeFiles/vehicle_sender.dir/nodes/vehicle_sender/vehicle_sender.cpp.o[0m
[1.484s] [ 75%] Built target vehicle_receiver
[3.352s] In file included from [01m[K/opt/ros/melodic/include/ros/ros.h:40:0[m[K,
[3.353s]                  from [01m[K/home/nuc/autoware.ai/src/autoware/utilities/vehicle_socket/nodes/vehicle_sender/vehicle_sender.cpp:17[m[K:
[3.353s] [01m[K/home/nuc/autoware.ai/src/autoware/utilities/vehicle_socket/nodes/vehicle_sender/vehicle_sender.cpp:[m[K In function ‘[01m[Kvoid callbackAppCmd(const ConstPtr&)[m[K’:
[3.353s] [01m[K/opt/ros/melodic/include/ros/console.h:348:176:[m[K [01;31m[Kerror: [m[Kno matching function for call to ‘[01m[Kprint(NULL, void*&, ros::console::Level&, const char [100], int, const char [37], const _data_type&)[m[K’
[3.353s]  location__loc.level_, __FILE__, __LINE__, __ROSCONSOLE_FUNCTION__, __VA_ARGS__[01;31m[K)[m[K
[3.354s]                                                                                [01;31m[K^[m[K
[3.354s] [01m[K/opt/ros/melodic/include/ros/console.h:351:5:[m[K [01;36m[Knote: [m[Kin expansion of macro ‘[01m[KROSCONSOLE_PRINT_AT_LOCATION_WITH_FILTER[m[K’
[3.354s]      [01;36m[KROSCONSOLE_PRINT_AT_LOCATION_WITH_FILTER[m[K(NULL, __VA_ARGS__)
[3.355s]      [01;36m[K^~~~~~~~~~~~~~~~~~~~~~~~~~~~~~~~~~~~~~~~[m[K
[3.355s] [01m[K/opt/ros/melodic/include/ros/console.h:387:7:[m[K [01;36m[Knote: [m[Kin expansion of macro ‘[01m[KROSCONSOLE_PRINT_AT_LOCATION[m[K’
[3.355s]        [01;36m[KROSCONSOLE_PRINT_AT_LOCATION[m[K(__VA_ARGS__); \
[3.355s]        [01;36m[K^~~~~~~~~~~~~~~~~~~~~~~~~~~~[m[K
[3.355s] [01m[K/opt/ros/melodic/include/ros/console.h:572:35:[m[K [01;36m[Knote: [m[Kin expansion of macro ‘[01m[KROS_LOG_COND[m[K’
[3.355s]  #define ROS_LOG(level, name, ...) [01;36m[KROS_LOG_COND[m[K(true, level, name, __VA_ARGS__)
[3.355s]                                    [01;36m[K^~~~~~~~~~~~[m[K
[3.355s] [01m[K/opt/ros/melodic/include/rosconsole/macros_generated.h:162:23:[m[K [01;36m[Knote: [m[Kin expansion of macro ‘[01m[KROS_LOG[m[K’
[3.355s]  #define ROS_WARN(...) [01;36m[KROS_LOG[m[K(::ros::console::levels::Warn, ROSCONSOLE_DEFAULT_NAME, __VA_ARGS__)
[3.356s]                        [01;36m[K^~~~~~~[m[K
[3.356s] [01m[K/home/nuc/autoware.ai/src/autoware/utilities/vehicle_socket/nodes/vehicle_sender/vehicle_sender.cpp:178:5:[m[K [01;36m[Knote: [m[Kin expansion of macro ‘[01m[KROS_WARN[m[K’
[3.356s]      [01;36m[KR[m[KOS_WARN(msg->data);
[3.356s]      [01;36m[K^[m[K
[3.356s] [01m[K/opt/ros/melodic/include/ros/console.h:158:22:[m[K [01;36m[Knote: [m[Kcandidate: void ros::console::print(ros::console::FilterBase*, void*, ros::console::Level, const char*, int, const char*, const char*, ...)
[3.356s]  ROSCONSOLE_DECL void [01;36m[Kprint[m[K(FilterBase* filter, void* logger, Level level,
[3.356s]                       [01;36m[K^~~~~[m[K
[3.357s] [01m[K/opt/ros/melodic/include/ros/console.h:158:22:[m[K [01;36m[Knote: [m[K  no known conversion for argument 7 from ‘[01m[Kconst _data_type {aka const std::__cxx11::basic_string<char>}[m[K’ to ‘[01m[Kconst char*[m[K’
[3.357s] [01m[K/opt/ros/melodic/include/ros/console.h:162:22:[m[K [01;36m[Knote: [m[Kcandidate: void ros::console::print(ros::console::FilterBase*, void*, ros::console::Level, const stringstream&, const char*, int, const char*)
[3.357s]  ROSCONSOLE_DECL void [01;36m[Kprint[m[K(FilterBase* filter, void* logger, Level level,
[3.357s]                       [01;36m[K^~~~~[m[K
[3.357s] [01m[K/opt/ros/melodic/include/ros/console.h:162:22:[m[K [01;36m[Knote: [m[K  no known conversion for argument 4 from ‘[01m[Kconst char [100][m[K’ to ‘[01m[Kconst stringstream& {aka const std::__cxx11::basic_stringstream<char>&}[m[K’
[3.772s] [01m[K/home/nuc/autoware.ai/src/autoware/utilities/vehicle_socket/nodes/vehicle_sender/vehicle_sender.cpp:[m[K At global scope:
[3.772s] [01m[K/home/nuc/autoware.ai/src/autoware/utilities/vehicle_socket/nodes/vehicle_sender/vehicle_sender.cpp:231:14:[m[K [01;35m[Kwarning: [m[K‘[01m[Kvoid* receiverCaller(void*)[m[K’ defined but not used [[01;35m[K-Wunused-function[m[K]
[3.772s]  static void *[01;35m[KreceiverCaller[m[K(void *unused)
[3.772s]               [01;35m[K^~~~~~~~~~~~~~[m[K
[3.790s] CMakeFiles/vehicle_sender.dir/build.make:62: recipe for target 'CMakeFiles/vehicle_sender.dir/nodes/vehicle_sender/vehicle_sender.cpp.o' failed
[3.792s] CMakeFiles/Makefile2:190: recipe for target 'CMakeFiles/vehicle_sender.dir/all' failed
[3.792s] Makefile:140: recipe for target 'all' failed
[3.792s] make[2]: *** [CMakeFiles/vehicle_sender.dir/nodes/vehicle_sender/vehicle_sender.cpp.o] Error 1
[3.793s] make[1]: *** [CMakeFiles/vehicle_sender.dir/all] Error 2
[3.793s] make: *** [all] Error 2
[3.798s] Invoked command in '/home/nuc/autoware.ai/src/autoware/utilities/vehicle_socket/build/vehicle_socket' returned '2': /usr/bin/cmake --build /home/nuc/autoware.ai/src/autoware/utilities/vehicle_socket/build/vehicle_socket -- -j8 -l8
