[0.025s] Invoking command in '/home/nuc/autoware.ai/src/autoware/utilities/app_cmd_sender/build/app_cmd_sender': /usr/bin/cmake --build /home/nuc/autoware.ai/src/autoware/utilities/app_cmd_sender/build/app_cmd_sender -- -j8 -l8
[0.118s] [  0%] Built target rosgraph_msgs_generate_messages_py
[0.118s] [  0%] Built target sensor_msgs_generate_messages_nodejs
[0.119s] [  0%] Built target tablet_socket_msgs_generate_messages_nodejs
[0.119s] [  0%] Built target tablet_socket_msgs_generate_messages_py
[0.119s] [  0%] Built target tablet_socket_msgs_generate_messages_lisp
[0.122s] [  0%] Built target rosgraph_msgs_generate_messages_nodejs
[0.130s] [  0%] Built target rosgraph_msgs_generate_messages_lisp
[0.135s] [  0%] Built target tablet_socket_msgs_generate_messages_eus
[0.169s] [  0%] Built target actionlib_msgs_generate_messages_cpp
[0.169s] [  0%] Built target jsk_footstep_msgs_generate_messages_nodejs
[0.170s] [  0%] Built target roscpp_generate_messages_py
[0.172s] [  0%] Built target actionlib_msgs_generate_messages_lisp
[0.186s] [  0%] Built target jsk_footstep_msgs_generate_messages_lisp
[0.189s] [  0%] Built target roscpp_generate_messages_lisp
[0.189s] [  0%] Built target actionlib_msgs_generate_messages_py
[0.195s] [  0%] Built target jsk_footstep_msgs_generate_messages_eus
[0.219s] [  0%] Built target pcl_msgs_generate_messages_py
[0.227s] [  0%] Built target pcl_msgs_generate_messages_nodejs
[0.238s] [  0%] Built target pcl_msgs_generate_messages_eus
[0.243s] [  0%] Built target pcl_msgs_generate_messages_lisp
[0.245s] [  0%] Built target std_msgs_generate_messages_nodejs
[0.251s] [  0%] Built target autoware_msgs_generate_messages_cpp
[0.252s] [  0%] Built target rosgraph_msgs_generate_messages_cpp
[0.266s] [  0%] Built target std_msgs_generate_messages_lisp
[0.272s] [  0%] Built target sensor_msgs_generate_messages_cpp
[0.294s] [  0%] Built target sensor_msgs_generate_messages_eus
[0.299s] [  0%] Built target tablet_socket_msgs_generate_messages_cpp
[0.302s] [  0%] Built target geometry_msgs_generate_messages_py
[0.304s] [  0%] Built target jsk_footstep_msgs_generate_messages_cpp
[0.313s] [  0%] Built target std_msgs_generate_messages_eus
[0.324s] [  0%] Built target autoware_can_msgs_generate_messages_py
[0.337s] [  0%] Built target jsk_footstep_msgs_generate_messages_py
[0.337s] [  0%] Built target autoware_msgs_generate_messages_nodejs
[0.344s] [  0%] Built target std_msgs_generate_messages_cpp
[0.358s] [  0%] Built target actionlib_msgs_generate_messages_nodejs
[0.368s] [  0%] Built target autoware_msgs_generate_messages_py
[0.371s] [  0%] Built target std_msgs_generate_messages_py
[0.376s] [  0%] Built target autoware_can_msgs_generate_messages_eus
[0.389s] [  0%] Built target geometry_msgs_generate_messages_nodejs
[0.390s] [  0%] Built target jsk_recognition_msgs_generate_messages_py
[0.398s] [  0%] Built target sensor_msgs_generate_messages_py
[0.410s] [  0%] Built target autoware_can_msgs_generate_messages_nodejs
[0.416s] [  0%] Built target autoware_can_msgs_generate_messages_lisp
[0.433s] [  0%] Built target jsk_recognition_msgs_generate_messages_cpp
[0.434s] [  0%] Built target autoware_msgs_generate_messages_eus
[0.434s] [  0%] Built target autoware_can_msgs_generate_messages_cpp
[0.446s] [  0%] Built target actionlib_msgs_generate_messages_eus
[0.451s] [  0%] Built target sensor_msgs_generate_messages_lisp
[0.452s] [  0%] Built target pcl_msgs_generate_messages_cpp
[0.469s] [  0%] Built target autoware_msgs_generate_messages_lisp
[0.481s] [  0%] Built target geometry_msgs_generate_messages_cpp
[0.493s] [  0%] Built target roscpp_generate_messages_eus
[0.494s] [  0%] Built target roscpp_generate_messages_nodejs
[0.498s] [  0%] Built target geometry_msgs_generate_messages_eus
[0.506s] [  0%] Built target jsk_recognition_msgs_generate_messages_lisp
[0.508s] [  0%] Built target geometry_msgs_generate_messages_lisp
[0.514s] [  0%] Built target jsk_recognition_msgs_generate_messages_eus
[0.523s] [  0%] Built target rosgraph_msgs_generate_messages_eus
[0.530s] [  0%] Built target jsk_recognition_msgs_generate_messages_nodejs
[0.537s] [  0%] Built target roscpp_generate_messages_cpp
[0.553s] [35m[1mScanning dependencies of target app_cmd_sender[0m
[0.577s] [ 50%] [32mBuilding CXX object CMakeFiles/app_cmd_sender.dir/nodes/app_cmd_sender.cpp.o[0m
[2.847s] [01m[K/home/nuc/autoware.ai/src/autoware/utilities/app_cmd_sender/nodes/app_cmd_sender.cpp:[m[K In function ‘[01m[Kvoid centerlineCallback(const MarkerArray&)[m[K’:
[2.847s] [01m[K/home/nuc/autoware.ai/src/autoware/utilities/app_cmd_sender/nodes/app_cmd_sender.cpp:68:32:[m[K [01;35m[Kwarning: [m[Knarrowing conversion of ‘[01m[Kpt.geometry_msgs::Point_<std::allocator<void> >::x[m[K’ from ‘[01m[Kgeometry_msgs::Point_<std::allocator<void> >::_x_type {aka double}[m[K’ to ‘[01m[Kfloat[m[K’ inside { } [[01;35m[K-Wnarrowing[m[K]
[2.848s]          centerpt.push_back({[01;35m[Kpt.x[m[K,pt.y});
[2.848s]                              [01;35m[K~~~^[m[K
[2.848s] [01m[K/home/nuc/autoware.ai/src/autoware/utilities/app_cmd_sender/nodes/app_cmd_sender.cpp:68:37:[m[K [01;35m[Kwarning: [m[Knarrowing conversion of ‘[01m[Kpt.geometry_msgs::Point_<std::allocator<void> >::y[m[K’ from ‘[01m[Kgeometry_msgs::Point_<std::allocator<void> >::_y_type {aka double}[m[K’ to ‘[01m[Kfloat[m[K’ inside { } [[01;35m[K-Wnarrowing[m[K]
[2.848s]          centerpt.push_back({pt.x,[01;35m[Kpt.y[m[K});
[2.848s]                                   [01;35m[K~~~^[m[K
[2.848s] In file included from [01m[K/opt/ros/melodic/include/ros/ros.h:40:0[m[K,
[2.848s]                  from [01m[K/home/nuc/autoware.ai/src/autoware/utilities/app_cmd_sender/nodes/app_cmd_sender.cpp:17[m[K:
[2.848s] [01m[K/opt/ros/melodic/include/ros/console.h:348:176:[m[K [01;35m[Kwarning: [m[Kformat ‘[01m[K%d[m[K’ expects argument of type ‘[01m[Kint[m[K’, but argument 8 has type ‘[01m[Kstd::vector<geometry_msgs::Point_<std::allocator<void> >, std::allocator<geometry_msgs::Point_<std::allocator<void> > > >::size_type {aka long unsigned int}[m[K’ [[01;35m[K-Wformat=[m[K]
[2.848s]  rosconsole_define_location__loc.level_, __FILE__, __LINE__, __ROSCONSOLE_FUNCTION__, __VA_ARGS__[01;35m[K)[m[K
[2.848s]                                                                                                  [01;35m[K^[m[K
[2.848s] [01m[K/opt/ros/melodic/include/ros/console.h:351:5:[m[K [01;36m[Knote: [m[Kin expansion of macro ‘[01m[KROSCONSOLE_PRINT_AT_LOCATION_WITH_FILTER[m[K’
[2.848s]      [01;36m[KROSCONSOLE_PRINT_AT_LOCATION_WITH_FILTER[m[K(NULL, __VA_ARGS__)
[2.849s]      [01;36m[K^~~~~~~~~~~~~~~~~~~~~~~~~~~~~~~~~~~~~~~~[m[K
[2.849s] [01m[K/opt/ros/melodic/include/ros/console.h:387:7:[m[K [01;36m[Knote: [m[Kin expansion of macro ‘[01m[KROSCONSOLE_PRINT_AT_LOCATION[m[K’
[2.849s]        [01;36m[KROSCONSOLE_PRINT_AT_LOCATION[m[K(__VA_ARGS__); \
[2.849s]        [01;36m[K^~~~~~~~~~~~~~~~~~~~~~~~~~~~[m[K
[2.849s] [01m[K/opt/ros/melodic/include/ros/console.h:572:35:[m[K [01;36m[Knote: [m[Kin expansion of macro ‘[01m[KROS_LOG_COND[m[K’
[2.849s]  #define ROS_LOG(level, name, ...) [01;36m[KROS_LOG_COND[m[K(true, level, name, __VA_ARGS__)
[2.849s]                                    [01;36m[K^~~~~~~~~~~~[m[K
[2.849s] [01m[K/opt/ros/melodic/include/rosconsole/macros_generated.h:162:23:[m[K [01;36m[Knote: [m[Kin expansion of macro ‘[01m[KROS_LOG[m[K’
[2.849s]  #define ROS_WARN(...) [01;36m[KROS_LOG[m[K(::ros::console::levels::Warn, ROSCONSOLE_DEFAULT_NAME, __VA_ARGS__)
[2.849s]                        [01;36m[K^~~~~~~[m[K
[2.849s] [01m[K/home/nuc/autoware.ai/src/autoware/utilities/app_cmd_sender/nodes/app_cmd_sender.cpp:70:5:[m[K [01;36m[Knote: [m[Kin expansion of macro ‘[01m[KROS_WARN[m[K’
[2.849s]      [01;36m[KR[m[KOS_WARN("IM centerline, SIZE=%d",  ary.markers[0].points.size());
[2.849s]      [01;36m[K^[m[K
[2.849s] [01m[K/home/nuc/autoware.ai/src/autoware/utilities/app_cmd_sender/nodes/app_cmd_sender.cpp:[m[K In function ‘[01m[Kvoid planlineCallback(const MarkerArray&)[m[K’:
[2.849s] [01m[K/opt/ros/melodic/include/ros/console.h:348:176:[m[K [01;35m[Kwarning: [m[Kformat ‘[01m[K%d[m[K’ expects argument of type ‘[01m[Kint[m[K’, but argument 8 has type ‘[01m[Kstd::vector<geometry_msgs::Point_<std::allocator<void> >, std::allocator<geometry_msgs::Point_<std::allocator<void> > > >::size_type {aka long unsigned int}[m[K’ [[01;35m[K-Wformat=[m[K]
[2.850s]  rosconsole_define_location__loc.level_, __FILE__, __LINE__, __ROSCONSOLE_FUNCTION__, __VA_ARGS__[01;35m[K)[m[K
[2.850s]                                                                                                  [01;35m[K^[m[K
[2.850s] [01m[K/opt/ros/melodic/include/ros/console.h:351:5:[m[K [01;36m[Knote: [m[Kin expansion of macro ‘[01m[KROSCONSOLE_PRINT_AT_LOCATION_WITH_FILTER[m[K’
[2.850s]      [01;36m[KROSCONSOLE_PRINT_AT_LOCATION_WITH_FILTER[m[K(NULL, __VA_ARGS__)
[2.850s]      [01;36m[K^~~~~~~~~~~~~~~~~~~~~~~~~~~~~~~~~~~~~~~~[m[K
[2.850s] [01m[K/opt/ros/melodic/include/ros/console.h:387:7:[m[K [01;36m[Knote: [m[Kin expansion of macro ‘[01m[KROSCONSOLE_PRINT_AT_LOCATION[m[K’
[2.850s]        [01;36m[KROSCONSOLE_PRINT_AT_LOCATION[m[K(__VA_ARGS__); \
[2.850s]        [01;36m[K^~~~~~~~~~~~~~~~~~~~~~~~~~~~[m[K
[2.850s] [01m[K/opt/ros/melodic/include/ros/console.h:572:35:[m[K [01;36m[Knote: [m[Kin expansion of macro ‘[01m[KROS_LOG_COND[m[K’
[2.850s]  #define ROS_LOG(level, name, ...) [01;36m[KROS_LOG_COND[m[K(true, level, name, __VA_ARGS__)
[2.850s]                                    [01;36m[K^~~~~~~~~~~~[m[K
[2.850s] [01m[K/opt/ros/melodic/include/rosconsole/macros_generated.h:162:23:[m[K [01;36m[Knote: [m[Kin expansion of macro ‘[01m[KROS_LOG[m[K’
[2.850s]  #define ROS_WARN(...) [01;36m[KROS_LOG[m[K(::ros::console::levels::Warn, ROSCONSOLE_DEFAULT_NAME, __VA_ARGS__)
[2.850s]                        [01;36m[K^~~~~~~[m[K
[2.850s] [01m[K/home/nuc/autoware.ai/src/autoware/utilities/app_cmd_sender/nodes/app_cmd_sender.cpp:79:9:[m[K [01;36m[Knote: [m[Kin expansion of macro ‘[01m[KROS_WARN[m[K’
[2.850s]          [01;36m[KR[m[KOS_WARN("IM planline, SIZE=%d",  ary.markers[0].points.size());
[2.850s]          [01;36m[K^[m[K
[2.851s] [01m[K/home/nuc/autoware.ai/src/autoware/utilities/app_cmd_sender/nodes/app_cmd_sender.cpp:83:57:[m[K [01;35m[Kwarning: [m[Knarrowing conversion of ‘[01m[Kpt.geometry_msgs::Point_<std::allocator<void> >::x[m[K’ from ‘[01m[Kgeometry_msgs::Point_<std::allocator<void> >::_x_type {aka double}[m[K’ to ‘[01m[Kfloat[m[K’ inside { } [[01;35m[K-Wnarrowing[m[K]
[2.851s]              plannedline.push_back(std::vector<float>{[01;35m[Kpt.x[m[K,pt.y});
[2.851s]                                                       [01;35m[K~~~^[m[K
[2.851s] [01m[K/home/nuc/autoware.ai/src/autoware/utilities/app_cmd_sender/nodes/app_cmd_sender.cpp:83:57:[m[K [01;35m[Kwarning: [m[Knarrowing conversion of ‘[01m[Kpt.geometry_msgs::Point_<std::allocator<void> >::x[m[K’ from ‘[01m[Kgeometry_msgs::Point_<std::allocator<void> >::_x_type {aka double}[m[K’ to ‘[01m[Kfloat[m[K’ inside { } [[01;35m[K-Wnarrowing[m[K]
[2.851s] [01m[K/home/nuc/autoware.ai/src/autoware/utilities/app_cmd_sender/nodes/app_cmd_sender.cpp:83:62:[m[K [01;35m[Kwarning: [m[Knarrowing conversion of ‘[01m[Kpt.geometry_msgs::Point_<std::allocator<void> >::y[m[K’ from ‘[01m[Kgeometry_msgs::Point_<std::allocator<void> >::_y_type {aka double}[m[K’ to ‘[01m[Kfloat[m[K’ inside { } [[01;35m[K-Wnarrowing[m[K]
[2.851s]              plannedline.push_back(std::vector<float>{pt.x,[01;35m[Kpt.y[m[K});
[2.851s]                                                            [01;35m[K~~~^[m[K
[2.851s] [01m[K/home/nuc/autoware.ai/src/autoware/utilities/app_cmd_sender/nodes/app_cmd_sender.cpp:83:62:[m[K [01;35m[Kwarning: [m[Knarrowing conversion of ‘[01m[Kpt.geometry_msgs::Point_<std::allocator<void> >::y[m[K’ from ‘[01m[Kgeometry_msgs::Point_<std::allocator<void> >::_y_type {aka double}[m[K’ to ‘[01m[Kfloat[m[K’ inside { } [[01;35m[K-Wnarrowing[m[K]
[2.852s] [01m[K/home/nuc/autoware.ai/src/autoware/utilities/app_cmd_sender/nodes/app_cmd_sender.cpp:[m[K In function ‘[01m[Kvoid currentposeCallback(const PoseStamped&)[m[K’:
[2.853s] [01m[K/home/nuc/autoware.ai/src/autoware/utilities/app_cmd_sender/nodes/app_cmd_sender.cpp:105:32:[m[K [01;35m[Kwarning: [m[Knarrowing conversion of ‘[01m[K(geometry_msgs::Point_<std::allocator<void> >::_x_type)odm.geometry_msgs::PoseStamped_<std::allocator<void> >::pose.geometry_msgs::Pose_<std::allocator<void> >::position.geometry_msgs::Point_<std::allocator<void> >::x[m[K’ from ‘[01m[Kgeometry_msgs::Point_<std::allocator<void> >::_x_type {aka double}[m[K’ to ‘[01m[Kfloat[m[K’ inside { } [[01;35m[K-Wnarrowing[m[K]
[2.853s]      point pt{[01;35m[Kodm.pose.position.x[m[K,odm.pose.position.y};
[2.853s]               [01;35m[K~~~~~~~~~~~~~~~~~~^[m[K
[2.853s] [01m[K/home/nuc/autoware.ai/src/autoware/utilities/app_cmd_sender/nodes/app_cmd_sender.cpp:105:52:[m[K [01;35m[Kwarning: [m[Knarrowing conversion of ‘[01m[K(geometry_msgs::Point_<std::allocator<void> >::_y_type)odm.geometry_msgs::PoseStamped_<std::allocator<void> >::pose.geometry_msgs::Pose_<std::allocator<void> >::position.geometry_msgs::Point_<std::allocator<void> >::y[m[K’ from ‘[01m[Kgeometry_msgs::Point_<std::allocator<void> >::_y_type {aka double}[m[K’ to ‘[01m[Kfloat[m[K’ inside { } [[01;35m[K-Wnarrowing[m[K]
[2.853s]      point pt{odm.pose.position.x,[01;35m[Kodm.pose.position.y[m[K};
[2.853s]                                   [01;35m[K~~~~~~~~~~~~~~~~~~^[m[K
[5.054s] CMakeFiles/app_cmd_sender.dir/build.make:62: recipe for target 'CMakeFiles/app_cmd_sender.dir/nodes/app_cmd_sender.cpp.o' failed
[5.054s] make[2]: *** [CMakeFiles/app_cmd_sender.dir/nodes/app_cmd_sender.cpp.o] Interrupt
[5.054s] CMakeFiles/Makefile2:126: recipe for target 'CMakeFiles/app_cmd_sender.dir/all' failed
[5.054s] make[1]: *** [CMakeFiles/app_cmd_sender.dir/all] Interrupt
[5.055s] make: *** [all] Interrupt
[5.055s] Makefile:140: recipe for target 'all' failed
[5.069s] Invoked command in '/home/nuc/autoware.ai/src/autoware/utilities/app_cmd_sender/build/app_cmd_sender' returned '-2': /usr/bin/cmake --build /home/nuc/autoware.ai/src/autoware/utilities/app_cmd_sender/build/app_cmd_sender -- -j8 -l8
