[0.026s] Invoking command in '/home/nuc/autoware.ai/src/autoware/utilities/app_cmd_sender/build/app_cmd_sender': /usr/bin/cmake --build /home/nuc/autoware.ai/src/autoware/utilities/app_cmd_sender/build/app_cmd_sender -- -j8 -l8
[0.067s] -- CUDA compilation status: .
[0.067s] -- Using CATKIN_DEVEL_PREFIX: /home/nuc/autoware.ai/src/autoware/utilities/app_cmd_sender/build/app_cmd_sender/devel
[0.068s] -- Using CMAKE_PREFIX_PATH: /home/nuc/autoware.ai/src/autoware/utilities/app_cmd_sender/install/app_cmd_sender;/home/nuc/autoware.ai/install/ymc;/home/nuc/autoware.ai/install/xsens_driver;/home/nuc/autoware.ai/install/wf_simulator;/home/nuc/autoware.ai/install/lattice_planner;/home/nuc/autoware.ai/install/waypoint_planner;/home/nuc/autoware.ai/install/waypoint_maker;/home/nuc/autoware.ai/install/way_planner;/home/nuc/autoware.ai/install/vlg22c_cam;/home/nuc/autoware.ai/install/vision_ssd_detect;/home/nuc/autoware.ai/install/vision_segment_enet_detect;/home/nuc/autoware.ai/install/vision_lane_detect;/home/nuc/autoware.ai/install/vision_darknet_detect;/home/nuc/autoware.ai/install/vision_beyond_track;/home/nuc/autoware.ai/install/vel_pose_diff_checker;/home/nuc/autoware.ai/install/vehicle_socket;/home/nuc/autoware.ai/install/vehicle_sim_model;/home/nuc/autoware.ai/install/vehicle_model;/home/nuc/autoware.ai/install/vehicle_gazebo_simulation_launcher;/home/nuc/autoware.ai/install/vehicle_gazebo_simulation_interface;/home/nuc/autoware.ai/install/vehicle_engage_panel;/home/nuc/autoware.ai/install/vehicle_description;/home/nuc/autoware.ai/install/trafficlight_recognizer;/home/nuc/autoware.ai/install/op_utilities;/home/nuc/autoware.ai/install/op_simulation_package;/home/nuc/autoware.ai/install/op_local_planner;/home/nuc/autoware.ai/install/op_global_planner;/home/nuc/autoware.ai/install/lidar_kf_contour_track;/home/nuc/autoware.ai/install/op_ros_helpers;/home/nuc/autoware.ai/install/ff_waypoint_follower;/home/nuc/autoware.ai/install/dp_planner;/home/nuc/autoware.ai/install/op_simu;/home/nuc/autoware.ai/install/op_planner;/home/nuc/autoware.ai/install/op_utility;/home/nuc/autoware.ai/install/lidar_euclidean_cluster_detect;/home/nuc/autoware.ai/install/vector_map_server;/home/nuc/autoware.ai/install/road_occupancy_processor;/home/nuc/autoware.ai/install/costmap_generator;/home/nuc/autoware.ai/install/object_map;/home/nuc/autoware.ai/install/naive_motion_predict;/home/nuc/autoware.ai/install/lanelet_aisan_converter;/home/nuc/autoware.ai/install/map_file;/home/nuc/autoware.ai/install/libvectormap;/home/nuc/autoware.ai/install/lane_planner;/home/nuc/autoware.ai/install/imm_ukf_pda_track;/home/nuc/autoware.ai/install/decision_maker;/home/nuc/autoware.ai/install/vector_map;/home/nuc/autoware.ai/install/vector_map_msgs;/home/nuc/autoware.ai/install/vectacam;/home/nuc/autoware.ai/install/udon_socket;/home/nuc/autoware.ai/install/twist_generator;/home/nuc/autoware.ai/install/twist_gate;/home/nuc/autoware.ai/install/twist_filter;/home/nuc/autoware.ai/install/twist2odom;/home/nuc/autoware.ai/install/tablet_socket;/home/nuc/autoware.ai/install/runtime_manager;/home/nuc/autoware.ai/install/mqtt_socket;/home/nuc/autoware.ai/install/app_cmd_sender;/home/nuc/autoware.ai/install/tablet_socket_msgs;/home/nuc/autoware.ai/install/system_monitor;/home/nuc/autoware.ai/install/state_machine_lib;/home/nuc/autoware.ai/install/sound_player;/home/nuc/autoware.ai/install/sick_lms5xx;/home/nuc/autoware.ai/install/sick_ldmrs_tools;/home/nuc/autoware.ai/install/sick_ldmrs_driver;/home/nuc/autoware.ai/install/sick_ldmrs_msgs;/home/nuc/autoware.ai/install/sick_ldmrs_description;/home/nuc/autoware.ai/install/sensor_imu;/home/nuc/autoware.ai/install/points2image;/home/nuc/autoware.ai/install/rosinterface;/home/nuc/autoware.ai/install/rosbag_controller;/home/nuc/autoware.ai/install/pure_pursuit;/home/nuc/autoware.ai/install/points_preprocessor;/home/nuc/autoware.ai/install/mpc_follower;/home/nuc/autoware.ai/install/lidar_localizer;/home/nuc/autoware.ai/install/emergency_handler;/home/nuc/autoware.ai/install/autoware_health_checker;/home/nuc/autoware.ai/install/as;/home/nuc/autoware.ai/install/ros_observer;/home/nuc/autoware.ai/install/roi_object_filter;/home/nuc/autoware.ai/install/range_vision_fusion;/home/nuc/autoware.ai/install/pos_db;/home/nuc/autoware.ai/install/points_downsampler;/home/nuc/autoware.ai/install/pixel_cloud_fusion;/home/nuc/autoware.ai/install/pcl_omp_registration;/home/nuc/autoware.ai/install/pc2_downsampler;/home/nuc/autoware.ai/install/oculus_socket;/home/nuc/autoware.ai/install/obj_db;/home/nuc/autoware.ai/install/nmea_navsat;/home/nuc/autoware.ai/install/ndt_tku;/home/nuc/autoware.ai/install/ndt_cpu;/home/nuc/autoware.ai/install/multi_lidar_calibrator;/home/nuc/autoware.ai/install/microstrain_driver;/home/nuc/autoware.ai/install/memsic_imu;/home/nuc/autoware.ai/install/marker_downsampler;/home/nuc/autoware.ai/install/map_tools;/home/nuc/autoware.ai/install/map_tf_generator;/home/nuc/autoware.ai/install/log_tools;/home/nuc/autoware.ai/install/lidar_shape_estimation;/home/nuc/autoware.ai/install/lidar_point_pillars;/home/nuc/autoware.ai/install/lidar_naive_l_shape_detect;/home/nuc/autoware.ai/install/lidar_fake_perception;/home/nuc/autoware.ai/install/lidar_apollo_cnn_seg_detect;/home/nuc/autoware.ai/install/libwaypoint_follower;/home/nuc/autoware.ai/install/lgsvl_simulator_bridge;/home/nuc/autoware.ai/install/lanelet2_extension;/home/nuc/autoware.ai/install/kvaser;/home/nuc/autoware.ai/install/kitti_launch;/home/nuc/autoware.ai/install/kitti_player;/home/nuc/autoware.ai/install/kitti_box_publisher;/home/nuc/autoware.ai/install/javad_navsat_driver;/home/nuc/autoware.ai/install/integrated_viewer;/home/nuc/autoware.ai/install/image_processor;/home/nuc/autoware.ai/install/hokuyo;/home/nuc/autoware.ai/install/graph_tools;/home/nuc/autoware.ai/install/gnss_localizer;/home/nuc/autoware.ai/install/gnss;/home/nuc/autoware.ai/install/glviewer;/home/nuc/autoware.ai/install/gazebo_world_description;/home/nuc/autoware.ai/install/gazebo_imu_description;/home/nuc/autoware.ai/install/gazebo_camera_description;/home/nuc/autoware.ai/install/garmin;/home/nuc/autoware.ai/install/freespace_planner;/home/nuc/autoware.ai/install/fastvirtualscan;/home/nuc/autoware.ai/install/ekf_localizer;/home/nuc/autoware.ai/install/ds4_msgs;/home/nuc/autoware.ai/install/ds4_driver;/home/nuc/autoware.ai/install/detected_objects_visualizer;/home/nuc/autoware.ai/install/decision_maker_panel;/home/nuc/autoware.ai/install/data_preprocessor;/home/nuc/autoware.ai/install/custom_msgs;/home/nuc/autoware.ai/install/carla_autoware_bridge;/home/nuc/autoware.ai/install/calibration_publisher;/home/nuc/autoware.ai/install/autoware_system_msgs;/home/nuc/autoware.ai/install/autoware_rviz_plugins;/home/nuc/autoware.ai/install/autoware_quickstart_examples;/home/nuc/autoware.ai/install/autoware_pointgrey_drivers;/home/nuc/autoware.ai/install/autoware_driveworks_interface;/home/nuc/autoware.ai/install/autoware_connector;/home/nuc/autoware.ai/install/autoware_camera_lidar_calibrator;/home/nuc/autoware.ai/install/astar_search;/home/nuc/autoware.ai/install/amathutils_lib;/home/nuc/autoware.ai/install/autoware_msgs;/home/nuc/autoware.ai/install/autoware_map_msgs;/home/nuc/autoware.ai/install/autoware_launcher_rviz;/home/nuc/autoware.ai/install/autoware_launcher;/home/nuc/autoware.ai/install/autoware_lanelet2_msgs;/home/nuc/autoware.ai/install/autoware_external_msgs;/home/nuc/autoware.ai/install/autoware_driveworks_gmsl_interface;/home/nuc/autoware.ai/install/autoware_config_msgs;/home/nuc/autoware.ai/install/autoware_can_msgs;/home/nuc/autoware.ai/install/autoware_build_flags;/home/nuc/autoware.ai/install/autoware_bag_tools;/home/nuc/autoware.ai/install/adi_driver;/opt/ros/melodic
[0.073s] -- This workspace overlays: /home/nuc/autoware.ai/src/autoware/utilities/app_cmd_sender/install/app_cmd_sender;/home/nuc/autoware.ai/install/ymc;/home/nuc/autoware.ai/install/xsens_driver;/home/nuc/autoware.ai/install/wf_simulator;/home/nuc/autoware.ai/install/lattice_planner;/home/nuc/autoware.ai/install/waypoint_planner;/home/nuc/autoware.ai/install/waypoint_maker;/home/nuc/autoware.ai/install/way_planner;/home/nuc/autoware.ai/install/vlg22c_cam;/home/nuc/autoware.ai/install/vision_ssd_detect;/home/nuc/autoware.ai/install/vision_segment_enet_detect;/home/nuc/autoware.ai/install/vision_lane_detect;/home/nuc/autoware.ai/install/vision_darknet_detect;/home/nuc/autoware.ai/install/vision_beyond_track;/home/nuc/autoware.ai/install/vel_pose_diff_checker;/home/nuc/autoware.ai/install/vehicle_socket;/home/nuc/autoware.ai/install/vehicle_sim_model;/home/nuc/autoware.ai/install/vehicle_model;/home/nuc/autoware.ai/install/vehicle_gazebo_simulation_launcher;/home/nuc/autoware.ai/install/vehicle_gazebo_simulation_interface;/home/nuc/autoware.ai/install/vehicle_engage_panel;/home/nuc/autoware.ai/install/vehicle_description;/home/nuc/autoware.ai/install/trafficlight_recognizer;/home/nuc/autoware.ai/install/op_utilities;/home/nuc/autoware.ai/install/op_simulation_package;/home/nuc/autoware.ai/install/op_local_planner;/home/nuc/autoware.ai/install/op_global_planner;/home/nuc/autoware.ai/install/lidar_kf_contour_track;/home/nuc/autoware.ai/install/op_ros_helpers;/home/nuc/autoware.ai/install/ff_waypoint_follower;/home/nuc/autoware.ai/install/dp_planner;/home/nuc/autoware.ai/install/op_simu;/home/nuc/autoware.ai/install/op_planner;/home/nuc/autoware.ai/install/op_utility;/home/nuc/autoware.ai/install/lidar_euclidean_cluster_detect;/home/nuc/autoware.ai/install/vector_map_server;/home/nuc/autoware.ai/install/road_occupancy_processor;/home/nuc/autoware.ai/install/costmap_generator;/home/nuc/autoware.ai/install/object_map;/home/nuc/autoware.ai/install/naive_motion_predict;/home/nuc/autoware.ai/install/lanelet_aisan_converter;/home/nuc/autoware.ai/install/map_file;/home/nuc/autoware.ai/install/libvectormap;/home/nuc/autoware.ai/install/lane_planner;/home/nuc/autoware.ai/install/imm_ukf_pda_track;/home/nuc/autoware.ai/install/decision_maker;/home/nuc/autoware.ai/install/vector_map;/home/nuc/autoware.ai/install/vector_map_msgs;/home/nuc/autoware.ai/install/vectacam;/home/nuc/autoware.ai/install/udon_socket;/home/nuc/autoware.ai/install/twist_generator;/home/nuc/autoware.ai/install/twist_gate;/home/nuc/autoware.ai/install/twist_filter;/home/nuc/autoware.ai/install/twist2odom;/home/nuc/autoware.ai/install/tablet_socket;/home/nuc/autoware.ai/install/runtime_manager;/home/nuc/autoware.ai/install/mqtt_socket;/home/nuc/autoware.ai/install/tablet_socket_msgs;/home/nuc/autoware.ai/install/system_monitor;/home/nuc/autoware.ai/install/state_machine_lib;/home/nuc/autoware.ai/install/sound_player;/home/nuc/autoware.ai/install/sick_lms5xx;/home/nuc/autoware.ai/install/sick_ldmrs_tools;/home/nuc/autoware.ai/install/sick_ldmrs_driver;/home/nuc/autoware.ai/install/sick_ldmrs_msgs;/home/nuc/autoware.ai/install/sick_ldmrs_description;/home/nuc/autoware.ai/install/sensor_imu;/home/nuc/autoware.ai/install/points2image;/home/nuc/autoware.ai/install/rosinterface;/home/nuc/autoware.ai/install/rosbag_controller;/home/nuc/autoware.ai/install/pure_pursuit;/home/nuc/autoware.ai/install/points_preprocessor;/home/nuc/autoware.ai/install/mpc_follower;/home/nuc/autoware.ai/install/lidar_localizer;/home/nuc/autoware.ai/install/emergency_handler;/home/nuc/autoware.ai/install/autoware_health_checker;/home/nuc/autoware.ai/install/as;/home/nuc/autoware.ai/install/ros_observer;/home/nuc/autoware.ai/install/roi_object_filter;/home/nuc/autoware.ai/install/range_vision_fusion;/home/nuc/autoware.ai/install/pos_db;/home/nuc/autoware.ai/install/points_downsampler;/home/nuc/autoware.ai/install/pixel_cloud_fusion;/home/nuc/autoware.ai/install/pcl_omp_registration;/home/nuc/autoware.ai/install/pc2_downsampler;/home/nuc/autoware.ai/install/oculus_socket;/home/nuc/autoware.ai/install/obj_db;/home/nuc/autoware.ai/install/nmea_navsat;/home/nuc/autoware.ai/install/ndt_tku;/home/nuc/autoware.ai/install/ndt_cpu;/home/nuc/autoware.ai/install/multi_lidar_calibrator;/home/nuc/autoware.ai/install/microstrain_driver;/home/nuc/autoware.ai/install/memsic_imu;/home/nuc/autoware.ai/install/marker_downsampler;/home/nuc/autoware.ai/install/map_tools;/home/nuc/autoware.ai/install/map_tf_generator;/home/nuc/autoware.ai/install/log_tools;/home/nuc/autoware.ai/install/lidar_shape_estimation;/home/nuc/autoware.ai/install/lidar_point_pillars;/home/nuc/autoware.ai/install/lidar_naive_l_shape_detect;/home/nuc/autoware.ai/install/lidar_fake_perception;/home/nuc/autoware.ai/install/lidar_apollo_cnn_seg_detect;/home/nuc/autoware.ai/install/libwaypoint_follower;/home/nuc/autoware.ai/install/lgsvl_simulator_bridge;/home/nuc/autoware.ai/install/lanelet2_extension;/home/nuc/autoware.ai/install/kvaser;/home/nuc/autoware.ai/install/kitti_launch;/home/nuc/autoware.ai/install/kitti_player;/home/nuc/autoware.ai/install/kitti_box_publisher;/home/nuc/autoware.ai/install/javad_navsat_driver;/home/nuc/autoware.ai/install/integrated_viewer;/home/nuc/autoware.ai/install/image_processor;/home/nuc/autoware.ai/install/hokuyo;/home/nuc/autoware.ai/install/graph_tools;/home/nuc/autoware.ai/install/gnss_localizer;/home/nuc/autoware.ai/install/gnss;/home/nuc/autoware.ai/install/glviewer;/home/nuc/autoware.ai/install/gazebo_world_description;/home/nuc/autoware.ai/install/gazebo_imu_description;/home/nuc/autoware.ai/install/gazebo_camera_description;/home/nuc/autoware.ai/install/garmin;/home/nuc/autoware.ai/install/freespace_planner;/home/nuc/autoware.ai/install/fastvirtualscan;/home/nuc/autoware.ai/install/ekf_localizer;/home/nuc/autoware.ai/install/ds4_msgs;/home/nuc/autoware.ai/install/ds4_driver;/home/nuc/autoware.ai/install/detected_objects_visualizer;/home/nuc/autoware.ai/install/decision_maker_panel;/home/nuc/autoware.ai/install/data_preprocessor;/home/nuc/autoware.ai/install/custom_msgs;/home/nuc/autoware.ai/install/carla_autoware_bridge;/home/nuc/autoware.ai/install/calibration_publisher;/home/nuc/autoware.ai/install/autoware_system_msgs;/home/nuc/autoware.ai/install/autoware_rviz_plugins;/home/nuc/autoware.ai/install/autoware_quickstart_examples;/home/nuc/autoware.ai/install/autoware_pointgrey_drivers;/home/nuc/autoware.ai/install/autoware_driveworks_interface;/home/nuc/autoware.ai/install/autoware_connector;/home/nuc/autoware.ai/install/autoware_camera_lidar_calibrator;/home/nuc/autoware.ai/install/astar_search;/home/nuc/autoware.ai/install/amathutils_lib;/home/nuc/autoware.ai/install/autoware_msgs;/home/nuc/autoware.ai/install/autoware_map_msgs;/home/nuc/autoware.ai/install/autoware_launcher_rviz;/home/nuc/autoware.ai/install/autoware_launcher;/home/nuc/autoware.ai/install/autoware_lanelet2_msgs;/home/nuc/autoware.ai/install/autoware_external_msgs;/home/nuc/autoware.ai/install/autoware_driveworks_gmsl_interface;/home/nuc/autoware.ai/install/autoware_config_msgs;/home/nuc/autoware.ai/install/autoware_can_msgs;/home/nuc/autoware.ai/install/autoware_build_flags;/home/nuc/autoware.ai/install/autoware_bag_tools;/home/nuc/autoware.ai/install/adi_driver;/opt/ros/melodic
[0.090s] -- Found PythonInterp: /usr/bin/python2 (found suitable version "2.7.17", minimum required is "2") 
[0.090s] -- Using PYTHON_EXECUTABLE: /usr/bin/python2
[0.090s] -- Using Debian Python package layout
[0.090s] -- Using empy: /usr/bin/empy
[0.231s] -- Using CATKIN_ENABLE_TESTING: ON
[0.231s] -- Call enable_testing()
[0.233s] -- Using CATKIN_TEST_RESULTS_DIR: /home/nuc/autoware.ai/src/autoware/utilities/app_cmd_sender/build/app_cmd_sender/test_results
[0.272s] -- Found gtest sources under '/usr/src/googletest': gtests will be built
[0.273s] -- Found gmock sources under '/usr/src/googletest': gmock will be built
[0.288s] -- Found PythonInterp: /usr/bin/python2 (found version "2.7.17") 
[0.294s] -- Using Python nosetests: /usr/bin/nosetests-2.7
[0.344s] -- catkin 0.7.26
[0.344s] -- BUILD_SHARED_LIBS is on
[0.524s] -- Using these message generators: gencpp;geneus;genlisp;gennodejs;genpy
[0.816s] -- Configuring done
[0.889s] -- Generating done
[0.901s] -- Build files have been written to: /home/nuc/autoware.ai/src/autoware/utilities/app_cmd_sender/build/app_cmd_sender
[0.978s] [  0%] Built target rosgraph_msgs_generate_messages_nodejs
[0.980s] [  0%] Built target tablet_socket_msgs_generate_messages_lisp
[0.980s] [  0%] Built target rosgraph_msgs_generate_messages_py
[0.982s] [  0%] Built target tablet_socket_msgs_generate_messages_py
[0.984s] [  0%] Built target sensor_msgs_generate_messages_nodejs
[0.985s] [  0%] Built target rosgraph_msgs_generate_messages_lisp
[0.988s] [  0%] Built target tablet_socket_msgs_generate_messages_nodejs
[0.998s] [  0%] Built target tablet_socket_msgs_generate_messages_eus
[1.027s] [  0%] Built target roscpp_generate_messages_lisp
[1.027s] [  0%] Built target actionlib_msgs_generate_messages_cpp
[1.027s] [  0%] Built target actionlib_msgs_generate_messages_lisp
[1.033s] [  0%] Built target jsk_footstep_msgs_generate_messages_nodejs
[1.044s] [  0%] Built target jsk_footstep_msgs_generate_messages_lisp
[1.047s] [  0%] Built target roscpp_generate_messages_py
[1.058s] [  0%] Built target actionlib_msgs_generate_messages_py
[1.063s] [  0%] Built target jsk_footstep_msgs_generate_messages_eus
[1.076s] [  0%] Built target pcl_msgs_generate_messages_lisp
[1.082s] [  0%] Built target pcl_msgs_generate_messages_py
[1.087s] [  0%] Built target pcl_msgs_generate_messages_nodejs
[1.090s] [  0%] Built target pcl_msgs_generate_messages_eus
[1.107s] [  0%] Built target rosgraph_msgs_generate_messages_cpp
[1.111s] [  0%] Built target autoware_msgs_generate_messages_cpp
[1.111s] [  0%] Built target std_msgs_generate_messages_nodejs
[1.120s] [  0%] Built target std_msgs_generate_messages_lisp
[1.130s] [  0%] Built target sensor_msgs_generate_messages_eus
[1.131s] [  0%] Built target sensor_msgs_generate_messages_cpp
[1.136s] [  0%] Built target autoware_can_msgs_generate_messages_py
[1.157s] [  0%] Built target jsk_footstep_msgs_generate_messages_cpp
[1.157s] [  0%] Built target geometry_msgs_generate_messages_py
[1.162s] [  0%] Built target tablet_socket_msgs_generate_messages_cpp
[1.180s] [  0%] Built target autoware_msgs_generate_messages_nodejs
[1.182s] [  0%] Built target actionlib_msgs_generate_messages_nodejs
[1.183s] [  0%] Built target std_msgs_generate_messages_eus
[1.188s] [  0%] Built target std_msgs_generate_messages_cpp
[1.191s] [  0%] Built target jsk_footstep_msgs_generate_messages_py
[1.200s] [  0%] Built target std_msgs_generate_messages_py
[1.202s] [  0%] Built target autoware_msgs_generate_messages_py
[1.224s] [  0%] Built target autoware_can_msgs_generate_messages_eus
[1.226s] [  0%] Built target geometry_msgs_generate_messages_nodejs
[1.233s] [  0%] Built target sensor_msgs_generate_messages_py
[1.239s] [  0%] Built target autoware_can_msgs_generate_messages_nodejs
[1.245s] [  0%] Built target jsk_recognition_msgs_generate_messages_py
[1.253s] [  0%] Built target autoware_can_msgs_generate_messages_lisp
[1.254s] [  0%] Built target autoware_can_msgs_generate_messages_cpp
[1.256s] [  0%] Built target autoware_msgs_generate_messages_eus
[1.270s] [  0%] Built target jsk_recognition_msgs_generate_messages_cpp
[1.274s] [  0%] Built target sensor_msgs_generate_messages_lisp
[1.293s] [  0%] Built target actionlib_msgs_generate_messages_eus
[1.296s] [  0%] Built target autoware_msgs_generate_messages_lisp
[1.296s] [  0%] Built target pcl_msgs_generate_messages_cpp
[1.311s] [  0%] Built target roscpp_generate_messages_eus
[1.319s] [  0%] Built target roscpp_generate_messages_nodejs
[1.324s] [  0%] Built target geometry_msgs_generate_messages_eus
[1.329s] [  0%] Built target geometry_msgs_generate_messages_cpp
[1.329s] [  0%] Built target geometry_msgs_generate_messages_lisp
[1.345s] [  0%] Built target jsk_recognition_msgs_generate_messages_eus
[1.349s] [  0%] Built target rosgraph_msgs_generate_messages_eus
[1.350s] [  0%] Built target jsk_recognition_msgs_generate_messages_lisp
[1.369s] [  0%] Built target jsk_recognition_msgs_generate_messages_nodejs
[1.372s] [  0%] Built target roscpp_generate_messages_cpp
[1.389s] [35m[1mScanning dependencies of target app_cmd_sender[0m
[1.411s] [ 50%] [32mBuilding CXX object CMakeFiles/app_cmd_sender.dir/nodes/app_cmd_sender.cpp.o[0m
[3.141s] In file included from [01m[K/opt/ros/melodic/include/ros/ros.h:40:0[m[K,
[3.141s]                  from [01m[K/home/nuc/autoware.ai/src/autoware/utilities/app_cmd_sender/nodes/app_cmd_sender.cpp:17[m[K:
[3.141s] [01m[K/home/nuc/autoware.ai/src/autoware/utilities/app_cmd_sender/nodes/app_cmd_sender.cpp:[m[K In function ‘[01m[Kvoid centerlineCallback(const MarkerArray&)[m[K’:
[3.141s] [01m[K/opt/ros/melodic/include/ros/console.h:348:176:[m[K [01;35m[Kwarning: [m[Kformat ‘[01m[K%d[m[K’ expects argument of type ‘[01m[Kint[m[K’, but argument 8 has type ‘[01m[Kstd::vector<geometry_msgs::Point_<std::allocator<void> >, std::allocator<geometry_msgs::Point_<std::allocator<void> > > >::size_type {aka long unsigned int}[m[K’ [[01;35m[K-Wformat=[m[K]
[3.141s]  rosconsole_define_location__loc.level_, __FILE__, __LINE__, __ROSCONSOLE_FUNCTION__, __VA_ARGS__[01;35m[K)[m[K
[3.141s]                                                                                                  [01;35m[K^[m[K
[3.141s] [01m[K/opt/ros/melodic/include/ros/console.h:351:5:[m[K [01;36m[Knote: [m[Kin expansion of macro ‘[01m[KROSCONSOLE_PRINT_AT_LOCATION_WITH_FILTER[m[K’
[3.142s]      [01;36m[KROSCONSOLE_PRINT_AT_LOCATION_WITH_FILTER[m[K(NULL, __VA_ARGS__)
[3.142s]      [01;36m[K^~~~~~~~~~~~~~~~~~~~~~~~~~~~~~~~~~~~~~~~[m[K
[3.142s] [01m[K/opt/ros/melodic/include/ros/console.h:387:7:[m[K [01;36m[Knote: [m[Kin expansion of macro ‘[01m[KROSCONSOLE_PRINT_AT_LOCATION[m[K’
[3.142s]        [01;36m[KROSCONSOLE_PRINT_AT_LOCATION[m[K(__VA_ARGS__); \
[3.142s]        [01;36m[K^~~~~~~~~~~~~~~~~~~~~~~~~~~~[m[K
[3.142s] [01m[K/opt/ros/melodic/include/ros/console.h:572:35:[m[K [01;36m[Knote: [m[Kin expansion of macro ‘[01m[KROS_LOG_COND[m[K’
[3.142s]  #define ROS_LOG(level, name, ...) [01;36m[KROS_LOG_COND[m[K(true, level, name, __VA_ARGS__)
[3.142s]                                    [01;36m[K^~~~~~~~~~~~[m[K
[3.142s] [01m[K/opt/ros/melodic/include/rosconsole/macros_generated.h:162:23:[m[K [01;36m[Knote: [m[Kin expansion of macro ‘[01m[KROS_LOG[m[K’
[3.143s]  #define ROS_WARN(...) [01;36m[KROS_LOG[m[K(::ros::console::levels::Warn, ROSCONSOLE_DEFAULT_NAME, __VA_ARGS__)
[3.143s]                        [01;36m[K^~~~~~~[m[K
[3.143s] [01m[K/home/nuc/autoware.ai/src/autoware/utilities/app_cmd_sender/nodes/app_cmd_sender.cpp:48:5:[m[K [01;36m[Knote: [m[Kin expansion of macro ‘[01m[KROS_WARN[m[K’
[3.143s]      [01;36m[KR[m[KOS_WARN("IM centerline, SIZE=%d",  ary.markers[0].points.size());
[3.143s]      [01;36m[K^[m[K
[3.143s] [01m[K/home/nuc/autoware.ai/src/autoware/utilities/app_cmd_sender/nodes/app_cmd_sender.cpp:[m[K In function ‘[01m[Kvoid planlineCallback(const MarkerArray&)[m[K’:
[3.143s] [01m[K/opt/ros/melodic/include/ros/console.h:348:176:[m[K [01;35m[Kwarning: [m[Kformat ‘[01m[K%d[m[K’ expects argument of type ‘[01m[Kint[m[K’, but argument 8 has type ‘[01m[Kstd::vector<geometry_msgs::Point_<std::allocator<void> >, std::allocator<geometry_msgs::Point_<std::allocator<void> > > >::size_type {aka long unsigned int}[m[K’ [[01;35m[K-Wformat=[m[K]
[3.143s]  rosconsole_define_location__loc.level_, __FILE__, __LINE__, __ROSCONSOLE_FUNCTION__, __VA_ARGS__[01;35m[K)[m[K
[3.144s]                                                                                                  [01;35m[K^[m[K
[3.144s] [01m[K/opt/ros/melodic/include/ros/console.h:351:5:[m[K [01;36m[Knote: [m[Kin expansion of macro ‘[01m[KROSCONSOLE_PRINT_AT_LOCATION_WITH_FILTER[m[K’
[3.144s]      [01;36m[KROSCONSOLE_PRINT_AT_LOCATION_WITH_FILTER[m[K(NULL, __VA_ARGS__)
[3.144s]      [01;36m[K^~~~~~~~~~~~~~~~~~~~~~~~~~~~~~~~~~~~~~~~[m[K
[3.144s] [01m[K/opt/ros/melodic/include/ros/console.h:387:7:[m[K [01;36m[Knote: [m[Kin expansion of macro ‘[01m[KROSCONSOLE_PRINT_AT_LOCATION[m[K’
[3.144s]        [01;36m[KROSCONSOLE_PRINT_AT_LOCATION[m[K(__VA_ARGS__); \
[3.144s]        [01;36m[K^~~~~~~~~~~~~~~~~~~~~~~~~~~~[m[K
[3.144s] [01m[K/opt/ros/melodic/include/ros/console.h:572:35:[m[K [01;36m[Knote: [m[Kin expansion of macro ‘[01m[KROS_LOG_COND[m[K’
[3.145s]  #define ROS_LOG(level, name, ...) [01;36m[KROS_LOG_COND[m[K(true, level, name, __VA_ARGS__)
[3.145s]                                    [01;36m[K^~~~~~~~~~~~[m[K
[3.145s] [01m[K/opt/ros/melodic/include/rosconsole/macros_generated.h:162:23:[m[K [01;36m[Knote: [m[Kin expansion of macro ‘[01m[KROS_LOG[m[K’
[3.145s]  #define ROS_WARN(...) [01;36m[KROS_LOG[m[K(::ros::console::levels::Warn, ROSCONSOLE_DEFAULT_NAME, __VA_ARGS__)
[3.145s]                        [01;36m[K^~~~~~~[m[K
[3.145s] [01m[K/home/nuc/autoware.ai/src/autoware/utilities/app_cmd_sender/nodes/app_cmd_sender.cpp:57:9:[m[K [01;36m[Knote: [m[Kin expansion of macro ‘[01m[KROS_WARN[m[K’
[3.145s]          [01;36m[KR[m[KOS_WARN("IM planline, SIZE=%d",  ary.markers[0].points.size());
[3.145s]          [01;36m[K^[m[K
[3.146s] [01m[K/home/nuc/autoware.ai/src/autoware/utilities/app_cmd_sender/nodes/app_cmd_sender.cpp:61:57:[m[K [01;35m[Kwarning: [m[Knarrowing conversion of ‘[01m[Kpt.geometry_msgs::Point_<std::allocator<void> >::x[m[K’ from ‘[01m[Kgeometry_msgs::Point_<std::allocator<void> >::_x_type {aka double}[m[K’ to ‘[01m[Kfloat[m[K’ inside { } [[01;35m[K-Wnarrowing[m[K]
[3.146s]              plannedline.push_back(std::vector<float>{[01;35m[Kpt.x[m[K,pt.y});
[3.146s]                                                       [01;35m[K~~~^[m[K
[3.146s] [01m[K/home/nuc/autoware.ai/src/autoware/utilities/app_cmd_sender/nodes/app_cmd_sender.cpp:61:57:[m[K [01;35m[Kwarning: [m[Knarrowing conversion of ‘[01m[Kpt.geometry_msgs::Point_<std::allocator<void> >::x[m[K’ from ‘[01m[Kgeometry_msgs::Point_<std::allocator<void> >::_x_type {aka double}[m[K’ to ‘[01m[Kfloat[m[K’ inside { } [[01;35m[K-Wnarrowing[m[K]
[3.146s] [01m[K/home/nuc/autoware.ai/src/autoware/utilities/app_cmd_sender/nodes/app_cmd_sender.cpp:61:62:[m[K [01;35m[Kwarning: [m[Knarrowing conversion of ‘[01m[Kpt.geometry_msgs::Point_<std::allocator<void> >::y[m[K’ from ‘[01m[Kgeometry_msgs::Point_<std::allocator<void> >::_y_type {aka double}[m[K’ to ‘[01m[Kfloat[m[K’ inside { } [[01;35m[K-Wnarrowing[m[K]
[3.146s]              plannedline.push_back(std::vector<float>{pt.x,[01;35m[Kpt.y[m[K});
[3.146s]                                                            [01;35m[K~~~^[m[K
[3.146s] [01m[K/home/nuc/autoware.ai/src/autoware/utilities/app_cmd_sender/nodes/app_cmd_sender.cpp:61:62:[m[K [01;35m[Kwarning: [m[Knarrowing conversion of ‘[01m[Kpt.geometry_msgs::Point_<std::allocator<void> >::y[m[K’ from ‘[01m[Kgeometry_msgs::Point_<std::allocator<void> >::_y_type {aka double}[m[K’ to ‘[01m[Kfloat[m[K’ inside { } [[01;35m[K-Wnarrowing[m[K]
[9.583s] [100%] [32m[1mLinking CXX executable devel/lib/app_cmd_sender/app_cmd_sender[0m
[9.726s] [100%] Built target app_cmd_sender
[9.740s] Invoked command in '/home/nuc/autoware.ai/src/autoware/utilities/app_cmd_sender/build/app_cmd_sender' returned '0': /usr/bin/cmake --build /home/nuc/autoware.ai/src/autoware/utilities/app_cmd_sender/build/app_cmd_sender -- -j8 -l8
[9.866s] Invoking command in '/home/nuc/autoware.ai/src/autoware/utilities/app_cmd_sender/build/app_cmd_sender': /usr/bin/cmake --build /home/nuc/autoware.ai/src/autoware/utilities/app_cmd_sender/build/app_cmd_sender --target tests -- -j8 -l8
[9.954s] Built target tests
[9.967s] Invoked command in '/home/nuc/autoware.ai/src/autoware/utilities/app_cmd_sender/build/app_cmd_sender' returned '0': /usr/bin/cmake --build /home/nuc/autoware.ai/src/autoware/utilities/app_cmd_sender/build/app_cmd_sender --target tests -- -j8 -l8
[10.111s] Invoking command in '/home/nuc/autoware.ai/src/autoware/utilities/app_cmd_sender/build/app_cmd_sender': /usr/bin/cmake --build /home/nuc/autoware.ai/src/autoware/utilities/app_cmd_sender/build/app_cmd_sender --target install -- -j8 -l8
[10.194s] [  0%] Built target tablet_socket_msgs_generate_messages_nodejs
[10.196s] [  0%] Built target rosgraph_msgs_generate_messages_lisp
[10.199s] [  0%] Built target tablet_socket_msgs_generate_messages_eus
[10.199s] [  0%] Built target sensor_msgs_generate_messages_nodejs
[10.200s] [  0%] Built target tablet_socket_msgs_generate_messages_lisp
[10.200s] [  0%] Built target tablet_socket_msgs_generate_messages_py
[10.210s] [  0%] Built target rosgraph_msgs_generate_messages_nodejs
[10.211s] [  0%] Built target rosgraph_msgs_generate_messages_py
[10.244s] [  0%] Built target roscpp_generate_messages_py
[10.244s] [  0%] Built target roscpp_generate_messages_lisp
[10.252s] [  0%] Built target jsk_footstep_msgs_generate_messages_nodejs
[10.255s] [  0%] Built target jsk_footstep_msgs_generate_messages_lisp
[10.257s] [  0%] Built target actionlib_msgs_generate_messages_cpp
[10.261s] [  0%] Built target actionlib_msgs_generate_messages_lisp
[10.265s] [  0%] Built target jsk_footstep_msgs_generate_messages_eus
[10.271s] [  0%] Built target actionlib_msgs_generate_messages_py
[10.298s] [  0%] Built target pcl_msgs_generate_messages_py
[10.308s] [  0%] Built target pcl_msgs_generate_messages_eus
[10.310s] [  0%] Built target pcl_msgs_generate_messages_lisp
[10.313s] [  0%] Built target autoware_msgs_generate_messages_cpp
[10.317s] [  0%] Built target pcl_msgs_generate_messages_nodejs
[10.322s] [  0%] Built target rosgraph_msgs_generate_messages_cpp
[10.331s] [  0%] Built target std_msgs_generate_messages_nodejs
[10.335s] [  0%] Built target std_msgs_generate_messages_lisp
[10.370s] [  0%] Built target sensor_msgs_generate_messages_cpp
[10.370s] [  0%] Built target geometry_msgs_generate_messages_py
[10.385s] [  0%] Built target autoware_can_msgs_generate_messages_py
[10.387s] [  0%] Built target jsk_footstep_msgs_generate_messages_cpp
[10.388s] [  0%] Built target sensor_msgs_generate_messages_eus
[10.394s] [  0%] Built target tablet_socket_msgs_generate_messages_cpp
[10.408s] [  0%] Built target std_msgs_generate_messages_eus
[10.413s] [  0%] Built target autoware_msgs_generate_messages_nodejs
[10.427s] [  0%] Built target std_msgs_generate_messages_cpp
[10.438s] [  0%] Built target jsk_footstep_msgs_generate_messages_py
[10.441s] [  0%] Built target std_msgs_generate_messages_py
[10.442s] [  0%] Built target actionlib_msgs_generate_messages_nodejs
[10.462s] [  0%] Built target autoware_can_msgs_generate_messages_eus
[10.481s] [  0%] Built target autoware_msgs_generate_messages_py
[10.484s] [  0%] Built target geometry_msgs_generate_messages_nodejs
[10.484s] [  0%] Built target sensor_msgs_generate_messages_py
[10.491s] [  0%] Built target jsk_recognition_msgs_generate_messages_py
[10.505s] [  0%] Built target autoware_can_msgs_generate_messages_cpp
[10.505s] [  0%] Built target autoware_can_msgs_generate_messages_nodejs
[10.517s] [  0%] Built target autoware_can_msgs_generate_messages_lisp
[10.522s] [  0%] Built target autoware_msgs_generate_messages_eus
[10.528s] [  0%] Built target sensor_msgs_generate_messages_lisp
[10.552s] [  0%] Built target jsk_recognition_msgs_generate_messages_cpp
[10.556s] [  0%] Built target pcl_msgs_generate_messages_cpp
[10.560s] [  0%] Built target actionlib_msgs_generate_messages_eus
[10.563s] [  0%] Built target roscpp_generate_messages_nodejs
[10.571s] [  0%] Built target autoware_msgs_generate_messages_lisp
[10.582s] [  0%] Built target geometry_msgs_generate_messages_eus
[10.587s] [  0%] Built target roscpp_generate_messages_eus
[10.608s] [  0%] Built target geometry_msgs_generate_messages_cpp
[10.611s] [  0%] Built target jsk_recognition_msgs_generate_messages_eus
[10.612s] [  0%] Built target geometry_msgs_generate_messages_lisp
[10.621s] [  0%] Built target jsk_recognition_msgs_generate_messages_lisp
[10.631s] [  0%] Built target rosgraph_msgs_generate_messages_eus
[10.633s] [  0%] Built target jsk_recognition_msgs_generate_messages_nodejs
[10.635s] [  0%] Built target roscpp_generate_messages_cpp
[10.673s] [100%] Built target app_cmd_sender
[10.702s] [36mInstall the project...[0m
[10.714s] -- Install configuration: ""
[10.714s] -- Installing: /home/nuc/autoware.ai/src/autoware/utilities/app_cmd_sender/install/app_cmd_sender/lib/pkgconfig/app_cmd_sender.pc
[10.715s] -- Up-to-date: /home/nuc/autoware.ai/src/autoware/utilities/app_cmd_sender/install/app_cmd_sender/share/app_cmd_sender/cmake/app_cmd_senderConfig.cmake
[10.715s] -- Up-to-date: /home/nuc/autoware.ai/src/autoware/utilities/app_cmd_sender/install/app_cmd_sender/share/app_cmd_sender/cmake/app_cmd_senderConfig-version.cmake
[10.715s] -- Up-to-date: /home/nuc/autoware.ai/src/autoware/utilities/app_cmd_sender/install/app_cmd_sender/share/app_cmd_sender/package.xml
[10.715s] -- Installing: /home/nuc/autoware.ai/src/autoware/utilities/app_cmd_sender/install/app_cmd_sender/lib/app_cmd_sender/app_cmd_sender
[10.716s] -- Set runtime path of "/home/nuc/autoware.ai/src/autoware/utilities/app_cmd_sender/install/app_cmd_sender/lib/app_cmd_sender/app_cmd_sender" to ""
[10.716s] -- Installing: /home/nuc/autoware.ai/src/autoware/utilities/app_cmd_sender/install/app_cmd_sender/share/app_cmd_sender/launch
[10.717s] -- Installing: /home/nuc/autoware.ai/src/autoware/utilities/app_cmd_sender/install/app_cmd_sender/share/app_cmd_sender/launch/app_cmd_sender.launch
[10.721s] Invoked command in '/home/nuc/autoware.ai/src/autoware/utilities/app_cmd_sender/build/app_cmd_sender' returned '0': /usr/bin/cmake --build /home/nuc/autoware.ai/src/autoware/utilities/app_cmd_sender/build/app_cmd_sender --target install -- -j8 -l8
