[0.024s] Invoking command in '/home/nuc/autoware.ai/src/autoware/utilities/vehicle_socket/build/vehicle_socket': /usr/bin/cmake --build /home/nuc/autoware.ai/src/autoware/utilities/vehicle_socket/build/vehicle_socket -- -j8 -l8
[0.060s] -- CUDA compilation status: .
[0.060s] -- Using CATKIN_DEVEL_PREFIX: /home/nuc/autoware.ai/src/autoware/utilities/vehicle_socket/build/vehicle_socket/devel
[0.060s] -- Using CMAKE_PREFIX_PATH: /home/nuc/autoware.ai/install/ymc;/home/nuc/autoware.ai/install/xsens_driver;/home/nuc/autoware.ai/install/wf_simulator;/home/nuc/autoware.ai/install/lattice_planner;/home/nuc/autoware.ai/install/waypoint_planner;/home/nuc/autoware.ai/install/waypoint_maker;/home/nuc/autoware.ai/install/way_planner;/home/nuc/autoware.ai/install/vlg22c_cam;/home/nuc/autoware.ai/install/vision_ssd_detect;/home/nuc/autoware.ai/install/vision_segment_enet_detect;/home/nuc/autoware.ai/install/vision_lane_detect;/home/nuc/autoware.ai/install/vision_darknet_detect;/home/nuc/autoware.ai/install/vision_beyond_track;/home/nuc/autoware.ai/install/vel_pose_diff_checker;/home/nuc/autoware.ai/install/vehicle_socket;/home/nuc/autoware.ai/install/vehicle_sim_model;/home/nuc/autoware.ai/install/vehicle_model;/home/nuc/autoware.ai/install/vehicle_gazebo_simulation_launcher;/home/nuc/autoware.ai/install/vehicle_gazebo_simulation_interface;/home/nuc/autoware.ai/install/vehicle_engage_panel;/home/nuc/autoware.ai/install/vehicle_description;/home/nuc/autoware.ai/install/trafficlight_recognizer;/home/nuc/autoware.ai/install/op_utilities;/home/nuc/autoware.ai/install/op_simulation_package;/home/nuc/autoware.ai/install/op_local_planner;/home/nuc/autoware.ai/install/op_global_planner;/home/nuc/autoware.ai/install/lidar_kf_contour_track;/home/nuc/autoware.ai/install/op_ros_helpers;/home/nuc/autoware.ai/install/ff_waypoint_follower;/home/nuc/autoware.ai/install/dp_planner;/home/nuc/autoware.ai/install/op_simu;/home/nuc/autoware.ai/install/op_planner;/home/nuc/autoware.ai/install/op_utility;/home/nuc/autoware.ai/install/lidar_euclidean_cluster_detect;/home/nuc/autoware.ai/install/vector_map_server;/home/nuc/autoware.ai/install/road_occupancy_processor;/home/nuc/autoware.ai/install/costmap_generator;/home/nuc/autoware.ai/install/object_map;/home/nuc/autoware.ai/install/naive_motion_predict;/home/nuc/autoware.ai/install/lanelet_aisan_converter;/home/nuc/autoware.ai/install/map_file;/home/nuc/autoware.ai/install/libvectormap;/home/nuc/autoware.ai/install/lane_planner;/home/nuc/autoware.ai/install/imm_ukf_pda_track;/home/nuc/autoware.ai/install/decision_maker;/home/nuc/autoware.ai/install/vector_map;/home/nuc/autoware.ai/install/vector_map_msgs;/home/nuc/autoware.ai/install/vectacam;/home/nuc/autoware.ai/install/udon_socket;/home/nuc/autoware.ai/install/twist_generator;/home/nuc/autoware.ai/install/twist_gate;/home/nuc/autoware.ai/install/twist_filter;/home/nuc/autoware.ai/install/twist2odom;/home/nuc/autoware.ai/install/tablet_socket;/home/nuc/autoware.ai/install/runtime_manager;/home/nuc/autoware.ai/install/mqtt_socket;/home/nuc/autoware.ai/install/tablet_socket_msgs;/home/nuc/autoware.ai/install/system_monitor;/home/nuc/autoware.ai/install/state_machine_lib;/home/nuc/autoware.ai/install/sound_player;/home/nuc/autoware.ai/install/sick_lms5xx;/home/nuc/autoware.ai/install/sick_ldmrs_tools;/home/nuc/autoware.ai/install/sick_ldmrs_driver;/home/nuc/autoware.ai/install/sick_ldmrs_msgs;/home/nuc/autoware.ai/install/sick_ldmrs_description;/home/nuc/autoware.ai/install/sensor_imu;/home/nuc/autoware.ai/install/points2image;/home/nuc/autoware.ai/install/rosinterface;/home/nuc/autoware.ai/install/rosbag_controller;/home/nuc/autoware.ai/install/pure_pursuit;/home/nuc/autoware.ai/install/points_preprocessor;/home/nuc/autoware.ai/install/mpc_follower;/home/nuc/autoware.ai/install/lidar_localizer;/home/nuc/autoware.ai/install/emergency_handler;/home/nuc/autoware.ai/install/autoware_health_checker;/home/nuc/autoware.ai/install/as;/home/nuc/autoware.ai/install/ros_observer;/home/nuc/autoware.ai/install/roi_object_filter;/home/nuc/autoware.ai/install/range_vision_fusion;/home/nuc/autoware.ai/install/pos_db;/home/nuc/autoware.ai/install/points_downsampler;/home/nuc/autoware.ai/install/pixel_cloud_fusion;/home/nuc/autoware.ai/install/pcl_omp_registration;/home/nuc/autoware.ai/install/pc2_downsampler;/home/nuc/autoware.ai/install/oculus_socket;/home/nuc/autoware.ai/install/obj_db;/home/nuc/autoware.ai/install/nmea_navsat;/home/nuc/autoware.ai/install/ndt_tku;/home/nuc/autoware.ai/install/ndt_cpu;/home/nuc/autoware.ai/install/multi_lidar_calibrator;/home/nuc/autoware.ai/install/microstrain_driver;/home/nuc/autoware.ai/install/memsic_imu;/home/nuc/autoware.ai/install/marker_downsampler;/home/nuc/autoware.ai/install/map_tools;/home/nuc/autoware.ai/install/map_tf_generator;/home/nuc/autoware.ai/install/log_tools;/home/nuc/autoware.ai/install/lidar_shape_estimation;/home/nuc/autoware.ai/install/lidar_point_pillars;/home/nuc/autoware.ai/install/lidar_naive_l_shape_detect;/home/nuc/autoware.ai/install/lidar_fake_perception;/home/nuc/autoware.ai/install/lidar_apollo_cnn_seg_detect;/home/nuc/autoware.ai/install/libwaypoint_follower;/home/nuc/autoware.ai/install/lgsvl_simulator_bridge;/home/nuc/autoware.ai/install/lanelet2_extension;/home/nuc/autoware.ai/install/kvaser;/home/nuc/autoware.ai/install/kitti_launch;/home/nuc/autoware.ai/install/kitti_player;/home/nuc/autoware.ai/install/kitti_box_publisher;/home/nuc/autoware.ai/install/javad_navsat_driver;/home/nuc/autoware.ai/install/integrated_viewer;/home/nuc/autoware.ai/install/image_processor;/home/nuc/autoware.ai/install/hokuyo;/home/nuc/autoware.ai/install/graph_tools;/home/nuc/autoware.ai/install/gnss_localizer;/home/nuc/autoware.ai/install/gnss;/home/nuc/autoware.ai/install/glviewer;/home/nuc/autoware.ai/install/gazebo_world_description;/home/nuc/autoware.ai/install/gazebo_imu_description;/home/nuc/autoware.ai/install/gazebo_camera_description;/home/nuc/autoware.ai/install/garmin;/home/nuc/autoware.ai/install/freespace_planner;/home/nuc/autoware.ai/install/fastvirtualscan;/home/nuc/autoware.ai/install/ekf_localizer;/home/nuc/autoware.ai/install/ds4_msgs;/home/nuc/autoware.ai/install/ds4_driver;/home/nuc/autoware.ai/install/detected_objects_visualizer;/home/nuc/autoware.ai/install/decision_maker_panel;/home/nuc/autoware.ai/install/data_preprocessor;/home/nuc/autoware.ai/install/custom_msgs;/home/nuc/autoware.ai/install/carla_autoware_bridge;/home/nuc/autoware.ai/install/calibration_publisher;/home/nuc/autoware.ai/install/autoware_system_msgs;/home/nuc/autoware.ai/install/autoware_rviz_plugins;/home/nuc/autoware.ai/install/autoware_quickstart_examples;/home/nuc/autoware.ai/install/autoware_pointgrey_drivers;/home/nuc/autoware.ai/install/autoware_driveworks_interface;/home/nuc/autoware.ai/install/autoware_connector;/home/nuc/autoware.ai/install/autoware_camera_lidar_calibrator;/home/nuc/autoware.ai/install/astar_search;/home/nuc/autoware.ai/install/amathutils_lib;/home/nuc/autoware.ai/install/autoware_msgs;/home/nuc/autoware.ai/install/autoware_map_msgs;/home/nuc/autoware.ai/install/autoware_launcher_rviz;/home/nuc/autoware.ai/install/autoware_launcher;/home/nuc/autoware.ai/install/autoware_lanelet2_msgs;/home/nuc/autoware.ai/install/autoware_external_msgs;/home/nuc/autoware.ai/install/autoware_driveworks_gmsl_interface;/home/nuc/autoware.ai/install/autoware_config_msgs;/home/nuc/autoware.ai/install/autoware_can_msgs;/home/nuc/autoware.ai/install/autoware_build_flags;/home/nuc/autoware.ai/install/autoware_bag_tools;/home/nuc/autoware.ai/install/adi_driver;/opt/ros/melodic
[0.066s] -- This workspace overlays: /home/nuc/autoware.ai/install/ymc;/home/nuc/autoware.ai/install/xsens_driver;/home/nuc/autoware.ai/install/wf_simulator;/home/nuc/autoware.ai/install/lattice_planner;/home/nuc/autoware.ai/install/waypoint_planner;/home/nuc/autoware.ai/install/waypoint_maker;/home/nuc/autoware.ai/install/way_planner;/home/nuc/autoware.ai/install/vlg22c_cam;/home/nuc/autoware.ai/install/vision_ssd_detect;/home/nuc/autoware.ai/install/vision_segment_enet_detect;/home/nuc/autoware.ai/install/vision_lane_detect;/home/nuc/autoware.ai/install/vision_darknet_detect;/home/nuc/autoware.ai/install/vision_beyond_track;/home/nuc/autoware.ai/install/vel_pose_diff_checker;/home/nuc/autoware.ai/install/vehicle_socket;/home/nuc/autoware.ai/install/vehicle_sim_model;/home/nuc/autoware.ai/install/vehicle_model;/home/nuc/autoware.ai/install/vehicle_gazebo_simulation_launcher;/home/nuc/autoware.ai/install/vehicle_gazebo_simulation_interface;/home/nuc/autoware.ai/install/vehicle_engage_panel;/home/nuc/autoware.ai/install/vehicle_description;/home/nuc/autoware.ai/install/trafficlight_recognizer;/home/nuc/autoware.ai/install/op_utilities;/home/nuc/autoware.ai/install/op_simulation_package;/home/nuc/autoware.ai/install/op_local_planner;/home/nuc/autoware.ai/install/op_global_planner;/home/nuc/autoware.ai/install/lidar_kf_contour_track;/home/nuc/autoware.ai/install/op_ros_helpers;/home/nuc/autoware.ai/install/ff_waypoint_follower;/home/nuc/autoware.ai/install/dp_planner;/home/nuc/autoware.ai/install/op_simu;/home/nuc/autoware.ai/install/op_planner;/home/nuc/autoware.ai/install/op_utility;/home/nuc/autoware.ai/install/lidar_euclidean_cluster_detect;/home/nuc/autoware.ai/install/vector_map_server;/home/nuc/autoware.ai/install/road_occupancy_processor;/home/nuc/autoware.ai/install/costmap_generator;/home/nuc/autoware.ai/install/object_map;/home/nuc/autoware.ai/install/naive_motion_predict;/home/nuc/autoware.ai/install/lanelet_aisan_converter;/home/nuc/autoware.ai/install/map_file;/home/nuc/autoware.ai/install/libvectormap;/home/nuc/autoware.ai/install/lane_planner;/home/nuc/autoware.ai/install/imm_ukf_pda_track;/home/nuc/autoware.ai/install/decision_maker;/home/nuc/autoware.ai/install/vector_map;/home/nuc/autoware.ai/install/vector_map_msgs;/home/nuc/autoware.ai/install/vectacam;/home/nuc/autoware.ai/install/udon_socket;/home/nuc/autoware.ai/install/twist_generator;/home/nuc/autoware.ai/install/twist_gate;/home/nuc/autoware.ai/install/twist_filter;/home/nuc/autoware.ai/install/twist2odom;/home/nuc/autoware.ai/install/tablet_socket;/home/nuc/autoware.ai/install/runtime_manager;/home/nuc/autoware.ai/install/mqtt_socket;/home/nuc/autoware.ai/install/tablet_socket_msgs;/home/nuc/autoware.ai/install/system_monitor;/home/nuc/autoware.ai/install/state_machine_lib;/home/nuc/autoware.ai/install/sound_player;/home/nuc/autoware.ai/install/sick_lms5xx;/home/nuc/autoware.ai/install/sick_ldmrs_tools;/home/nuc/autoware.ai/install/sick_ldmrs_driver;/home/nuc/autoware.ai/install/sick_ldmrs_msgs;/home/nuc/autoware.ai/install/sick_ldmrs_description;/home/nuc/autoware.ai/install/sensor_imu;/home/nuc/autoware.ai/install/points2image;/home/nuc/autoware.ai/install/rosinterface;/home/nuc/autoware.ai/install/rosbag_controller;/home/nuc/autoware.ai/install/pure_pursuit;/home/nuc/autoware.ai/install/points_preprocessor;/home/nuc/autoware.ai/install/mpc_follower;/home/nuc/autoware.ai/install/lidar_localizer;/home/nuc/autoware.ai/install/emergency_handler;/home/nuc/autoware.ai/install/autoware_health_checker;/home/nuc/autoware.ai/install/as;/home/nuc/autoware.ai/install/ros_observer;/home/nuc/autoware.ai/install/roi_object_filter;/home/nuc/autoware.ai/install/range_vision_fusion;/home/nuc/autoware.ai/install/pos_db;/home/nuc/autoware.ai/install/points_downsampler;/home/nuc/autoware.ai/install/pixel_cloud_fusion;/home/nuc/autoware.ai/install/pcl_omp_registration;/home/nuc/autoware.ai/install/pc2_downsampler;/home/nuc/autoware.ai/install/oculus_socket;/home/nuc/autoware.ai/install/obj_db;/home/nuc/autoware.ai/install/nmea_navsat;/home/nuc/autoware.ai/install/ndt_tku;/home/nuc/autoware.ai/install/ndt_cpu;/home/nuc/autoware.ai/install/multi_lidar_calibrator;/home/nuc/autoware.ai/install/microstrain_driver;/home/nuc/autoware.ai/install/memsic_imu;/home/nuc/autoware.ai/install/marker_downsampler;/home/nuc/autoware.ai/install/map_tools;/home/nuc/autoware.ai/install/map_tf_generator;/home/nuc/autoware.ai/install/log_tools;/home/nuc/autoware.ai/install/lidar_shape_estimation;/home/nuc/autoware.ai/install/lidar_point_pillars;/home/nuc/autoware.ai/install/lidar_naive_l_shape_detect;/home/nuc/autoware.ai/install/lidar_fake_perception;/home/nuc/autoware.ai/install/lidar_apollo_cnn_seg_detect;/home/nuc/autoware.ai/install/libwaypoint_follower;/home/nuc/autoware.ai/install/lgsvl_simulator_bridge;/home/nuc/autoware.ai/install/lanelet2_extension;/home/nuc/autoware.ai/install/kvaser;/home/nuc/autoware.ai/install/kitti_launch;/home/nuc/autoware.ai/install/kitti_player;/home/nuc/autoware.ai/install/kitti_box_publisher;/home/nuc/autoware.ai/install/javad_navsat_driver;/home/nuc/autoware.ai/install/integrated_viewer;/home/nuc/autoware.ai/install/image_processor;/home/nuc/autoware.ai/install/hokuyo;/home/nuc/autoware.ai/install/graph_tools;/home/nuc/autoware.ai/install/gnss_localizer;/home/nuc/autoware.ai/install/gnss;/home/nuc/autoware.ai/install/glviewer;/home/nuc/autoware.ai/install/gazebo_world_description;/home/nuc/autoware.ai/install/gazebo_imu_description;/home/nuc/autoware.ai/install/gazebo_camera_description;/home/nuc/autoware.ai/install/garmin;/home/nuc/autoware.ai/install/freespace_planner;/home/nuc/autoware.ai/install/fastvirtualscan;/home/nuc/autoware.ai/install/ekf_localizer;/home/nuc/autoware.ai/install/ds4_msgs;/home/nuc/autoware.ai/install/ds4_driver;/home/nuc/autoware.ai/install/detected_objects_visualizer;/home/nuc/autoware.ai/install/decision_maker_panel;/home/nuc/autoware.ai/install/data_preprocessor;/home/nuc/autoware.ai/install/custom_msgs;/home/nuc/autoware.ai/install/carla_autoware_bridge;/home/nuc/autoware.ai/install/calibration_publisher;/home/nuc/autoware.ai/install/autoware_system_msgs;/home/nuc/autoware.ai/install/autoware_rviz_plugins;/home/nuc/autoware.ai/install/autoware_quickstart_examples;/home/nuc/autoware.ai/install/autoware_pointgrey_drivers;/home/nuc/autoware.ai/install/autoware_driveworks_interface;/home/nuc/autoware.ai/install/autoware_connector;/home/nuc/autoware.ai/install/autoware_camera_lidar_calibrator;/home/nuc/autoware.ai/install/astar_search;/home/nuc/autoware.ai/install/amathutils_lib;/home/nuc/autoware.ai/install/autoware_msgs;/home/nuc/autoware.ai/install/autoware_map_msgs;/home/nuc/autoware.ai/install/autoware_launcher_rviz;/home/nuc/autoware.ai/install/autoware_launcher;/home/nuc/autoware.ai/install/autoware_lanelet2_msgs;/home/nuc/autoware.ai/install/autoware_external_msgs;/home/nuc/autoware.ai/install/autoware_driveworks_gmsl_interface;/home/nuc/autoware.ai/install/autoware_config_msgs;/home/nuc/autoware.ai/install/autoware_can_msgs;/home/nuc/autoware.ai/install/autoware_build_flags;/home/nuc/autoware.ai/install/autoware_bag_tools;/home/nuc/autoware.ai/install/adi_driver;/opt/ros/melodic
[0.081s] -- Found PythonInterp: /usr/bin/python2 (found suitable version "2.7.17", minimum required is "2") 
[0.082s] -- Using PYTHON_EXECUTABLE: /usr/bin/python2
[0.082s] -- Using Debian Python package layout
[0.082s] -- Using empy: /usr/bin/empy
[0.215s] -- Using CATKIN_ENABLE_TESTING: ON
[0.215s] -- Call enable_testing()
[0.216s] -- Using CATKIN_TEST_RESULTS_DIR: /home/nuc/autoware.ai/src/autoware/utilities/vehicle_socket/build/vehicle_socket/test_results
[0.250s] -- Found gtest sources under '/usr/src/googletest': gtests will be built
[0.250s] -- Found gmock sources under '/usr/src/googletest': gmock will be built
[0.265s] -- Found PythonInterp: /usr/bin/python2 (found version "2.7.17") 
[0.270s] -- Using Python nosetests: /usr/bin/nosetests-2.7
[0.314s] -- catkin 0.7.26
[0.314s] -- BUILD_SHARED_LIBS is on
[0.497s] -- Using these message generators: gencpp;geneus;genlisp;gennodejs;genpy
[0.784s] -- Configuring done
[0.815s] -- Generating done
[0.825s] -- Build files have been written to: /home/nuc/autoware.ai/src/autoware/utilities/vehicle_socket/build/vehicle_socket
[0.904s] [  0%] Built target tablet_socket_msgs_generate_messages_lisp
[0.905s] [  0%] Built target tablet_socket_msgs_generate_messages_nodejs
[0.912s] [  0%] Built target rosgraph_msgs_generate_messages_lisp
[0.912s] [  0%] Built target rosgraph_msgs_generate_messages_nodejs
[0.914s] [  0%] Built target tablet_socket_msgs_generate_messages_eus
[0.919s] [  0%] Built target rosgraph_msgs_generate_messages_py
[0.926s] [  0%] Built target sensor_msgs_generate_messages_nodejs
[0.930s] [  0%] Built target tablet_socket_msgs_generate_messages_py
[0.963s] [  0%] Built target actionlib_msgs_generate_messages_lisp
[0.963s] [  0%] Built target roscpp_generate_messages_py
[0.970s] [  0%] Built target roscpp_generate_messages_lisp
[0.979s] [  0%] Built target jsk_footstep_msgs_generate_messages_lisp
[0.979s] [  0%] Built target actionlib_msgs_generate_messages_cpp
[0.981s] [  0%] Built target jsk_footstep_msgs_generate_messages_eus
[0.986s] [  0%] Built target jsk_footstep_msgs_generate_messages_nodejs
[1.003s] [  0%] Built target actionlib_msgs_generate_messages_py
[1.009s] [  0%] Built target pcl_msgs_generate_messages_py
[1.023s] [  0%] Built target pcl_msgs_generate_messages_lisp
[1.024s] [  0%] Built target pcl_msgs_generate_messages_nodejs
[1.027s] [  0%] Built target pcl_msgs_generate_messages_eus
[1.040s] [  0%] Built target std_msgs_generate_messages_nodejs
[1.040s] [  0%] Built target rosgraph_msgs_generate_messages_cpp
[1.049s] [  0%] Built target autoware_msgs_generate_messages_cpp
[1.053s] [  0%] Built target std_msgs_generate_messages_lisp
[1.054s] [  0%] Built target sensor_msgs_generate_messages_cpp
[1.069s] [  0%] Built target autoware_can_msgs_generate_messages_py
[1.070s] [  0%] Built target tablet_socket_msgs_generate_messages_cpp
[1.072s] [  0%] Built target sensor_msgs_generate_messages_eus
[1.083s] [  0%] Built target jsk_footstep_msgs_generate_messages_cpp
[1.096s] [  0%] Built target std_msgs_generate_messages_eus
[1.105s] [  0%] Built target geometry_msgs_generate_messages_py
[1.108s] [  0%] Built target autoware_msgs_generate_messages_nodejs
[1.115s] [  0%] Built target jsk_footstep_msgs_generate_messages_py
[1.119s] [  0%] Built target std_msgs_generate_messages_py
[1.119s] [  0%] Built target actionlib_msgs_generate_messages_nodejs
[1.122s] [  0%] Built target autoware_msgs_generate_messages_py
[1.123s] [  0%] Built target std_msgs_generate_messages_cpp
[1.153s] [  0%] Built target geometry_msgs_generate_messages_nodejs
[1.157s] [  0%] Built target autoware_can_msgs_generate_messages_eus
[1.162s] [  0%] Built target sensor_msgs_generate_messages_py
[1.166s] [  0%] Built target autoware_can_msgs_generate_messages_nodejs
[1.166s] [  0%] Built target autoware_can_msgs_generate_messages_lisp
[1.167s] [  0%] Built target jsk_recognition_msgs_generate_messages_py
[1.178s] [  0%] Built target autoware_can_msgs_generate_messages_cpp
[1.183s] [  0%] Built target autoware_msgs_generate_messages_eus
[1.202s] [  0%] Built target sensor_msgs_generate_messages_lisp
[1.203s] [  0%] Built target jsk_recognition_msgs_generate_messages_cpp
[1.212s] [  0%] Built target autoware_msgs_generate_messages_lisp
[1.216s] [  0%] Built target pcl_msgs_generate_messages_cpp
[1.221s] [  0%] Built target roscpp_generate_messages_nodejs
[1.226s] [  0%] Built target roscpp_generate_messages_eus
[1.231s] [  0%] Built target geometry_msgs_generate_messages_eus
[1.236s] [  0%] Built target actionlib_msgs_generate_messages_eus
[1.258s] [  0%] Built target geometry_msgs_generate_messages_cpp
[1.260s] [  0%] Built target geometry_msgs_generate_messages_lisp
[1.266s] [  0%] Built target jsk_recognition_msgs_generate_messages_eus
[1.274s] [  0%] Built target rosgraph_msgs_generate_messages_eus
[1.275s] [  0%] Built target jsk_recognition_msgs_generate_messages_lisp
[1.276s] [  0%] Built target roscpp_generate_messages_cpp
[1.279s] [  0%] Built target jsk_recognition_msgs_generate_messages_nodejs
[1.314s] [ 25%] [32mBuilding CXX object CMakeFiles/vehicle_sender.dir/nodes/vehicle_sender/vehicle_sender.cpp.o[0m
[1.314s] [ 50%] [32mBuilding CXX object CMakeFiles/vehicle_receiver.dir/nodes/vehicle_receiver/vehicle_receiver.cpp.o[0m
[2.539s] [01m[K/home/nuc/autoware.ai/src/autoware/utilities/vehicle_socket/nodes/vehicle_sender/vehicle_sender.cpp:175:14:[m[K [01;35m[Kwarning: [m[K‘[01m[Kvoid* receiverCaller(void*)[m[K’ defined but not used [[01;35m[K-Wunused-function[m[K]
[2.539s]  static void *[01;35m[KreceiverCaller[m[K(void *unused)
[2.539s]               [01;35m[K^~~~~~~~~~~~~~[m[K
[2.940s] [ 75%] [32m[1mLinking CXX executable devel/lib/vehicle_socket/vehicle_receiver[0m
[2.992s] [100%] [32m[1mLinking CXX executable devel/lib/vehicle_socket/vehicle_sender[0m
[3.065s] [100%] Built target vehicle_receiver
[3.096s] CMakeFiles/vehicle_sender.dir/nodes/vehicle_sender/vehicle_sender.cpp.o: In function `vehicleCmdCallback(autoware_msgs::VehicleCmd_<std::allocator<void> > const&)':
[3.096s] vehicle_sender.cpp:(.text+0x14d): undefined reference to `VCI_Transmit'
[3.096s] vehicle_sender.cpp:(.text+0x1b8): undefined reference to `VCI_Transmit'
[3.096s] vehicle_sender.cpp:(.text+0x227): undefined reference to `VCI_Transmit'
[3.096s] vehicle_sender.cpp:(.text+0x28f): undefined reference to `VCI_Transmit'
[3.097s] vehicle_sender.cpp:(.text+0x2df): undefined reference to `VCI_Transmit'
[3.097s] CMakeFiles/vehicle_sender.dir/nodes/vehicle_sender/vehicle_sender.cpp.o:vehicle_sender.cpp:(.text+0x36f): more undefined references to `VCI_Transmit' follow
[3.097s] CMakeFiles/vehicle_sender.dir/nodes/vehicle_sender/vehicle_sender.cpp.o: In function `Control::Control()':
[3.097s] vehicle_sender.cpp:(.text._ZN7ControlC2Ev[_ZN7ControlC5Ev]+0xb3): undefined reference to `VCI_OpenDevice'
[3.097s] vehicle_sender.cpp:(.text._ZN7ControlC2Ev[_ZN7ControlC5Ev]+0x13e): undefined reference to `VCI_InitCAN'
[3.097s] vehicle_sender.cpp:(.text._ZN7ControlC2Ev[_ZN7ControlC5Ev]+0x168): undefined reference to `VCI_StartCAN'
[3.097s] vehicle_sender.cpp:(.text._ZN7ControlC2Ev[_ZN7ControlC5Ev]+0x2a0): undefined reference to `VCI_Transmit'
[3.097s] vehicle_sender.cpp:(.text._ZN7ControlC2Ev[_ZN7ControlC5Ev]+0x2c0): undefined reference to `VCI_Transmit'
[3.097s] vehicle_sender.cpp:(.text._ZN7ControlC2Ev[_ZN7ControlC5Ev]+0x2e0): undefined reference to `VCI_Transmit'
[3.098s] vehicle_sender.cpp:(.text._ZN7ControlC2Ev[_ZN7ControlC5Ev]+0x300): undefined reference to `VCI_Transmit'
[3.098s] vehicle_sender.cpp:(.text._ZN7ControlC2Ev[_ZN7ControlC5Ev]+0x3ce): undefined reference to `VCI_Transmit'
[3.098s] CMakeFiles/vehicle_sender.dir/nodes/vehicle_sender/vehicle_sender.cpp.o:vehicle_sender.cpp:(.text._ZN7ControlC2Ev[_ZN7ControlC5Ev]+0x3ea): more undefined references to `VCI_Transmit' follow
[3.098s] collect2: error: ld returned 1 exit status
[3.098s] CMakeFiles/vehicle_sender.dir/build.make:112: recipe for target 'devel/lib/vehicle_socket/vehicle_sender' failed
[3.098s] make[2]: *** [devel/lib/vehicle_socket/vehicle_sender] Error 1
[3.098s] make[1]: *** [CMakeFiles/vehicle_sender.dir/all] Error 2
[3.098s] CMakeFiles/Makefile2:190: recipe for target 'CMakeFiles/vehicle_sender.dir/all' failed
[3.098s] Makefile:140: recipe for target 'all' failed
[3.099s] make: *** [all] Error 2
[3.101s] Invoked command in '/home/nuc/autoware.ai/src/autoware/utilities/vehicle_socket/build/vehicle_socket' returned '2': /usr/bin/cmake --build /home/nuc/autoware.ai/src/autoware/utilities/vehicle_socket/build/vehicle_socket -- -j8 -l8
