[0.030s] Invoking command in '/home/nuc/autoware.ai/src/autoware/utilities/app_cmd_sender/build/app_cmd_sender': /usr/bin/cmake --build /home/nuc/autoware.ai/src/autoware/utilities/app_cmd_sender/build/app_cmd_sender -- -j8 -l8
[0.116s] [  0%] Built target tablet_socket_msgs_generate_messages_nodejs
[0.120s] [  0%] Built target rosgraph_msgs_generate_messages_lisp
[0.120s] [  0%] Built target rosgraph_msgs_generate_messages_nodejs
[0.126s] [  0%] Built target sensor_msgs_generate_messages_nodejs
[0.126s] [  0%] Built target tablet_socket_msgs_generate_messages_lisp
[0.127s] [  0%] Built target tablet_socket_msgs_generate_messages_py
[0.129s] [  0%] Built target tablet_socket_msgs_generate_messages_eus
[0.134s] [  0%] Built target rosgraph_msgs_generate_messages_py
[0.162s] [  0%] Built target jsk_footstep_msgs_generate_messages_lisp
[0.169s] [  0%] Built target jsk_footstep_msgs_generate_messages_nodejs
[0.170s] [  0%] Built target roscpp_generate_messages_py
[0.173s] [  0%] Built target roscpp_generate_messages_lisp
[0.180s] [  0%] Built target actionlib_msgs_generate_messages_cpp
[0.181s] [  0%] Built target actionlib_msgs_generate_messages_py
[0.184s] [  0%] Built target actionlib_msgs_generate_messages_lisp
[0.187s] [  0%] Built target jsk_footstep_msgs_generate_messages_eus
[0.214s] [  0%] Built target pcl_msgs_generate_messages_py
[0.220s] [  0%] Built target pcl_msgs_generate_messages_nodejs
[0.228s] [  0%] Built target pcl_msgs_generate_messages_eus
[0.228s] [  0%] Built target pcl_msgs_generate_messages_lisp
[0.235s] [  0%] Built target std_msgs_generate_messages_lisp
[0.244s] [  0%] Built target autoware_msgs_generate_messages_cpp
[0.246s] [  0%] Built target std_msgs_generate_messages_nodejs
[0.247s] [  0%] Built target rosgraph_msgs_generate_messages_cpp
[0.264s] [  0%] Built target sensor_msgs_generate_messages_cpp
[0.281s] [  0%] Built target sensor_msgs_generate_messages_eus
[0.284s] [  0%] Built target std_msgs_generate_messages_eus
[0.286s] [  0%] Built target tablet_socket_msgs_generate_messages_cpp
[0.287s] [  0%] Built target jsk_footstep_msgs_generate_messages_cpp
[0.287s] [  0%] Built target autoware_can_msgs_generate_messages_py
[0.294s] [  0%] Built target autoware_msgs_generate_messages_nodejs
[0.300s] [  0%] Built target geometry_msgs_generate_messages_py
[0.319s] [  0%] Built target jsk_footstep_msgs_generate_messages_py
[0.333s] [  0%] Built target autoware_msgs_generate_messages_py
[0.334s] [  0%] Built target autoware_can_msgs_generate_messages_eus
[0.336s] [  0%] Built target std_msgs_generate_messages_py
[0.340s] [  0%] Built target std_msgs_generate_messages_cpp
[0.347s] [  0%] Built target actionlib_msgs_generate_messages_nodejs
[0.351s] [  0%] Built target sensor_msgs_generate_messages_py
[0.355s] [  0%] Built target geometry_msgs_generate_messages_nodejs
[0.381s] [  0%] Built target autoware_msgs_generate_messages_eus
[0.384s] [  0%] Built target autoware_can_msgs_generate_messages_nodejs
[0.389s] [  0%] Built target autoware_can_msgs_generate_messages_lisp
[0.391s] [  0%] Built target autoware_can_msgs_generate_messages_cpp
[0.404s] [  0%] Built target pcl_msgs_generate_messages_cpp
[0.407s] [  0%] Built target sensor_msgs_generate_messages_lisp
[0.408s] [  0%] Built target jsk_recognition_msgs_generate_messages_py
[0.408s] [  0%] Built target jsk_recognition_msgs_generate_messages_cpp
[0.426s] [  0%] Built target actionlib_msgs_generate_messages_eus
[0.446s] [  0%] Built target geometry_msgs_generate_messages_eus
[0.448s] [  0%] Built target roscpp_generate_messages_eus
[0.450s] [  0%] Built target autoware_msgs_generate_messages_lisp
[0.454s] [  0%] Built target roscpp_generate_messages_nodejs
[0.463s] [  0%] Built target jsk_recognition_msgs_generate_messages_eus
[0.474s] [  0%] Built target geometry_msgs_generate_messages_cpp
[0.480s] [  0%] Built target geometry_msgs_generate_messages_lisp
[0.486s] [  0%] Built target jsk_recognition_msgs_generate_messages_lisp
[0.487s] [  0%] Built target rosgraph_msgs_generate_messages_eus
[0.491s] [  0%] Built target jsk_recognition_msgs_generate_messages_nodejs
[0.502s] [  0%] Built target roscpp_generate_messages_cpp
[0.519s] [35m[1mScanning dependencies of target app_cmd_sender[0m
[0.541s] [ 50%] [32mBuilding CXX object CMakeFiles/app_cmd_sender.dir/nodes/app_cmd_sender.cpp.o[0m
[2.452s] [01m[K/home/nuc/autoware.ai/src/autoware/utilities/app_cmd_sender/nodes/app_cmd_sender.cpp:[m[K In function ‘[01m[Kvoid centerlineCallback(const MarkerArray&)[m[K’:
[2.453s] [01m[K/home/nuc/autoware.ai/src/autoware/utilities/app_cmd_sender/nodes/app_cmd_sender.cpp:65:32:[m[K [01;35m[Kwarning: [m[Knarrowing conversion of ‘[01m[Kpt.geometry_msgs::Point_<std::allocator<void> >::x[m[K’ from ‘[01m[Kgeometry_msgs::Point_<std::allocator<void> >::_x_type {aka double}[m[K’ to ‘[01m[Kfloat[m[K’ inside { } [[01;35m[K-Wnarrowing[m[K]
[2.453s]          centerpt.push_back({[01;35m[Kpt.x[m[K,pt.y});
[2.453s]                              [01;35m[K~~~^[m[K
[2.453s] [01m[K/home/nuc/autoware.ai/src/autoware/utilities/app_cmd_sender/nodes/app_cmd_sender.cpp:65:37:[m[K [01;35m[Kwarning: [m[Knarrowing conversion of ‘[01m[Kpt.geometry_msgs::Point_<std::allocator<void> >::y[m[K’ from ‘[01m[Kgeometry_msgs::Point_<std::allocator<void> >::_y_type {aka double}[m[K’ to ‘[01m[Kfloat[m[K’ inside { } [[01;35m[K-Wnarrowing[m[K]
[2.453s]          centerpt.push_back({pt.x,[01;35m[Kpt.y[m[K});
[2.453s]                                   [01;35m[K~~~^[m[K
[2.453s] In file included from [01m[K/opt/ros/melodic/include/ros/ros.h:40:0[m[K,
[2.453s]                  from [01m[K/home/nuc/autoware.ai/src/autoware/utilities/app_cmd_sender/nodes/app_cmd_sender.cpp:17[m[K:
[2.454s] [01m[K/opt/ros/melodic/include/ros/console.h:348:176:[m[K [01;35m[Kwarning: [m[Kformat ‘[01m[K%d[m[K’ expects argument of type ‘[01m[Kint[m[K’, but argument 8 has type ‘[01m[Kstd::vector<geometry_msgs::Point_<std::allocator<void> >, std::allocator<geometry_msgs::Point_<std::allocator<void> > > >::size_type {aka long unsigned int}[m[K’ [[01;35m[K-Wformat=[m[K]
[2.454s]  ine_location__loc.logger_, __rosconsole_define_location__loc.level_, __FILE__, __LINE__, __ROSCONSOLE_FUNCTION__, __VA_ARGS__[01;35m[K)[m[K
[2.454s]                                                                                                                               [01;35m[K^[m[K
[2.454s] [01m[K/opt/ros/melodic/include/ros/console.h:351:5:[m[K [01;36m[Knote: [m[Kin expansion of macro ‘[01m[KROSCONSOLE_PRINT_AT_LOCATION_WITH_FILTER[m[K’
[2.454s]      [01;36m[KROSCONSOLE_PRINT_AT_LOCATION_WITH_FILTER[m[K(NULL, __VA_ARGS__)
[2.454s]      [01;36m[K^~~~~~~~~~~~~~~~~~~~~~~~~~~~~~~~~~~~~~~~[m[K
[2.454s] [01m[K/opt/ros/melodic/include/ros/console.h:387:7:[m[K [01;36m[Knote: [m[Kin expansion of macro ‘[01m[KROSCONSOLE_PRINT_AT_LOCATION[m[K’
[2.454s]        [01;36m[KROSCONSOLE_PRINT_AT_LOCATION[m[K(__VA_ARGS__); \
[2.454s]        [01;36m[K^~~~~~~~~~~~~~~~~~~~~~~~~~~~[m[K
[2.454s] [01m[K/opt/ros/melodic/include/ros/console.h:572:35:[m[K [01;36m[Knote: [m[Kin expansion of macro ‘[01m[KROS_LOG_COND[m[K’
[2.454s]  #define ROS_LOG(level, name, ...) [01;36m[KROS_LOG_COND[m[K(true, level, name, __VA_ARGS__)
[2.454s]                                    [01;36m[K^~~~~~~~~~~~[m[K
[2.454s] [01m[K/opt/ros/melodic/include/rosconsole/macros_generated.h:162:23:[m[K [01;36m[Knote: [m[Kin expansion of macro ‘[01m[KROS_LOG[m[K’
[2.454s]  #define ROS_WARN(...) [01;36m[KROS_LOG[m[K(::ros::console::levels::Warn, ROSCONSOLE_DEFAULT_NAME, __VA_ARGS__)
[2.454s]                        [01;36m[K^~~~~~~[m[K
[2.455s] [01m[K/home/nuc/autoware.ai/src/autoware/utilities/app_cmd_sender/nodes/app_cmd_sender.cpp:67:5:[m[K [01;36m[Knote: [m[Kin expansion of macro ‘[01m[KROS_WARN[m[K’
[2.455s]      [01;36m[KR[m[KOS_WARN("IM centerline, SIZE=%d",  ary.markers[0].points.size());
[2.455s]      [01;36m[K^[m[K
[2.455s] [01m[K/home/nuc/autoware.ai/src/autoware/utilities/app_cmd_sender/nodes/app_cmd_sender.cpp:[m[K In function ‘[01m[Kvoid planlineCallback(const MarkerArray&)[m[K’:
[2.455s] [01m[K/opt/ros/melodic/include/ros/console.h:348:176:[m[K [01;35m[Kwarning: [m[Kformat ‘[01m[K%d[m[K’ expects argument of type ‘[01m[Kint[m[K’, but argument 8 has type ‘[01m[Kstd::vector<geometry_msgs::Point_<std::allocator<void> >, std::allocator<geometry_msgs::Point_<std::allocator<void> > > >::size_type {aka long unsigned int}[m[K’ [[01;35m[K-Wformat=[m[K]
[2.455s]  ine_location__loc.logger_, __rosconsole_define_location__loc.level_, __FILE__, __LINE__, __ROSCONSOLE_FUNCTION__, __VA_ARGS__[01;35m[K)[m[K
[2.455s]                                                                                                                               [01;35m[K^[m[K
[2.455s] [01m[K/opt/ros/melodic/include/ros/console.h:351:5:[m[K [01;36m[Knote: [m[Kin expansion of macro ‘[01m[KROSCONSOLE_PRINT_AT_LOCATION_WITH_FILTER[m[K’
[2.455s]      [01;36m[KROSCONSOLE_PRINT_AT_LOCATION_WITH_FILTER[m[K(NULL, __VA_ARGS__)
[2.455s]      [01;36m[K^~~~~~~~~~~~~~~~~~~~~~~~~~~~~~~~~~~~~~~~[m[K
[2.455s] [01m[K/opt/ros/melodic/include/ros/console.h:387:7:[m[K [01;36m[Knote: [m[Kin expansion of macro ‘[01m[KROSCONSOLE_PRINT_AT_LOCATION[m[K’
[2.455s]        [01;36m[KROSCONSOLE_PRINT_AT_LOCATION[m[K(__VA_ARGS__); \
[2.455s]        [01;36m[K^~~~~~~~~~~~~~~~~~~~~~~~~~~~[m[K
[2.455s] [01m[K/opt/ros/melodic/include/ros/console.h:572:35:[m[K [01;36m[Knote: [m[Kin expansion of macro ‘[01m[KROS_LOG_COND[m[K’
[2.456s]  #define ROS_LOG(level, name, ...) [01;36m[KROS_LOG_COND[m[K(true, level, name, __VA_ARGS__)
[2.456s]                                    [01;36m[K^~~~~~~~~~~~[m[K
[2.456s] [01m[K/opt/ros/melodic/include/rosconsole/macros_generated.h:162:23:[m[K [01;36m[Knote: [m[Kin expansion of macro ‘[01m[KROS_LOG[m[K’
[2.456s]  #define ROS_WARN(...) [01;36m[KROS_LOG[m[K(::ros::console::levels::Warn, ROSCONSOLE_DEFAULT_NAME, __VA_ARGS__)
[2.456s]                        [01;36m[K^~~~~~~[m[K
[2.456s] [01m[K/home/nuc/autoware.ai/src/autoware/utilities/app_cmd_sender/nodes/app_cmd_sender.cpp:76:9:[m[K [01;36m[Knote: [m[Kin expansion of macro ‘[01m[KROS_WARN[m[K’
[2.456s]          [01;36m[KR[m[KOS_WARN("IM planline, SIZE=%d",  ary.markers[0].points.size());
[2.456s]          [01;36m[K^[m[K
[2.456s] [01m[K/home/nuc/autoware.ai/src/autoware/utilities/app_cmd_sender/nodes/app_cmd_sender.cpp:80:57:[m[K [01;35m[Kwarning: [m[Knarrowing conversion of ‘[01m[Kpt.geometry_msgs::Point_<std::allocator<void> >::x[m[K’ from ‘[01m[Kgeometry_msgs::Point_<std::allocator<void> >::_x_type {aka double}[m[K’ to ‘[01m[Kfloat[m[K’ inside { } [[01;35m[K-Wnarrowing[m[K]
[2.456s]              plannedline.push_back(std::vector<float>{[01;35m[Kpt.x[m[K,pt.y});
[2.456s]                                                       [01;35m[K~~~^[m[K
[2.456s] [01m[K/home/nuc/autoware.ai/src/autoware/utilities/app_cmd_sender/nodes/app_cmd_sender.cpp:80:57:[m[K [01;35m[Kwarning: [m[Knarrowing conversion of ‘[01m[Kpt.geometry_msgs::Point_<std::allocator<void> >::x[m[K’ from ‘[01m[Kgeometry_msgs::Point_<std::allocator<void> >::_x_type {aka double}[m[K’ to ‘[01m[Kfloat[m[K’ inside { } [[01;35m[K-Wnarrowing[m[K]
[2.456s] [01m[K/home/nuc/autoware.ai/src/autoware/utilities/app_cmd_sender/nodes/app_cmd_sender.cpp:80:62:[m[K [01;35m[Kwarning: [m[Knarrowing conversion of ‘[01m[Kpt.geometry_msgs::Point_<std::allocator<void> >::y[m[K’ from ‘[01m[Kgeometry_msgs::Point_<std::allocator<void> >::_y_type {aka double}[m[K’ to ‘[01m[Kfloat[m[K’ inside { } [[01;35m[K-Wnarrowing[m[K]
[2.456s]              plannedline.push_back(std::vector<float>{pt.x,[01;35m[Kpt.y[m[K});
[2.456s]                                                            [01;35m[K~~~^[m[K
[2.456s] [01m[K/home/nuc/autoware.ai/src/autoware/utilities/app_cmd_sender/nodes/app_cmd_sender.cpp:80:62:[m[K [01;35m[Kwarning: [m[Knarrowing conversion of ‘[01m[Kpt.geometry_msgs::Point_<std::allocator<void> >::y[m[K’ from ‘[01m[Kgeometry_msgs::Point_<std::allocator<void> >::_y_type {aka double}[m[K’ to ‘[01m[Kfloat[m[K’ inside { } [[01;35m[K-Wnarrowing[m[K]
[2.460s] [01m[K/home/nuc/autoware.ai/src/autoware/utilities/app_cmd_sender/nodes/app_cmd_sender.cpp:[m[K In function ‘[01m[Kvoid currentposeCallback(const PoseStamped&)[m[K’:
[2.460s] [01m[K/home/nuc/autoware.ai/src/autoware/utilities/app_cmd_sender/nodes/app_cmd_sender.cpp:102:32:[m[K [01;35m[Kwarning: [m[Knarrowing conversion of ‘[01m[K(geometry_msgs::Point_<std::allocator<void> >::_x_type)odm.geometry_msgs::PoseStamped_<std::allocator<void> >::pose.geometry_msgs::Pose_<std::allocator<void> >::position.geometry_msgs::Point_<std::allocator<void> >::x[m[K’ from ‘[01m[Kgeometry_msgs::Point_<std::allocator<void> >::_x_type {aka double}[m[K’ to ‘[01m[Kfloat[m[K’ inside { } [[01;35m[K-Wnarrowing[m[K]
[2.460s]      point pt{[01;35m[Kodm.pose.position.x[m[K,odm.pose.position.y};
[2.460s]               [01;35m[K~~~~~~~~~~~~~~~~~~^[m[K
[2.460s] [01m[K/home/nuc/autoware.ai/src/autoware/utilities/app_cmd_sender/nodes/app_cmd_sender.cpp:102:52:[m[K [01;35m[Kwarning: [m[Knarrowing conversion of ‘[01m[K(geometry_msgs::Point_<std::allocator<void> >::_y_type)odm.geometry_msgs::PoseStamped_<std::allocator<void> >::pose.geometry_msgs::Pose_<std::allocator<void> >::position.geometry_msgs::Point_<std::allocator<void> >::y[m[K’ from ‘[01m[Kgeometry_msgs::Point_<std::allocator<void> >::_y_type {aka double}[m[K’ to ‘[01m[Kfloat[m[K’ inside { } [[01;35m[K-Wnarrowing[m[K]
[2.460s]      point pt{odm.pose.position.x,[01;35m[Kodm.pose.position.y[m[K};
[2.460s]                                   [01;35m[K~~~~~~~~~~~~~~~~~~^[m[K
[2.460s] [01m[K/home/nuc/autoware.ai/src/autoware/utilities/app_cmd_sender/nodes/app_cmd_sender.cpp:114:77:[m[K [01;31m[Kerror: [m[Ktoo many initializers for ‘[01m[Kpoint[m[K’
[2.460s]      point dir = {centerpt[i+1].x-centerpt[i].x,centerpt[i+1].y,centerpt[i].y[01;31m[K}[m[K;
[2.460s]                                                                              [01;31m[K^[m[K
[4.119s] CMakeFiles/app_cmd_sender.dir/build.make:62: recipe for target 'CMakeFiles/app_cmd_sender.dir/nodes/app_cmd_sender.cpp.o' failed
[4.119s] make[2]: *** [CMakeFiles/app_cmd_sender.dir/nodes/app_cmd_sender.cpp.o] Error 1
[4.119s] make[1]: *** [CMakeFiles/app_cmd_sender.dir/all] Error 2
[4.119s] CMakeFiles/Makefile2:126: recipe for target 'CMakeFiles/app_cmd_sender.dir/all' failed
[4.120s] Makefile:140: recipe for target 'all' failed
[4.120s] make: *** [all] Error 2
[4.122s] Invoked command in '/home/nuc/autoware.ai/src/autoware/utilities/app_cmd_sender/build/app_cmd_sender' returned '2': /usr/bin/cmake --build /home/nuc/autoware.ai/src/autoware/utilities/app_cmd_sender/build/app_cmd_sender -- -j8 -l8
