[0.025s] Invoking command in '/home/nuc/autoware.ai/src/autoware/utilities/vehicle_socket/build/vehicle_socket': /usr/bin/cmake --build /home/nuc/autoware.ai/src/autoware/utilities/vehicle_socket/build/vehicle_socket -- -j8 -l8
[0.107s] [  0%] Built target pcl_msgs_generate_messages_lisp
[0.110s] [  0%] Built target autoware_msgs_generate_messages_cpp
[0.111s] [  0%] Built target pcl_msgs_generate_messages_nodejs
[0.112s] [  0%] Built target pcl_msgs_generate_messages_py
[0.114s] [  0%] Built target std_msgs_generate_messages_nodejs
[0.115s] [  0%] Built target geometry_msgs_generate_messages_lisp
[0.118s] [  0%] Built target sensor_msgs_generate_messages_cpp
[0.125s] [  0%] Built target std_msgs_generate_messages_lisp
[0.149s] [  0%] Built target tablet_socket_msgs_generate_messages_eus
[0.158s] [  0%] Built target pcl_msgs_generate_messages_eus
[0.160s] [  0%] Built target actionlib_msgs_generate_messages_nodejs
[0.162s] [  0%] Built target rosgraph_msgs_generate_messages_cpp
[0.164s] [  0%] Built target jsk_footstep_msgs_generate_messages_eus
[0.168s] [  0%] Built target std_msgs_generate_messages_cpp
[0.169s] [  0%] Built target std_msgs_generate_messages_py
[0.173s] [  0%] Built target autoware_msgs_generate_messages_py
[0.203s] [  0%] Built target jsk_footstep_msgs_generate_messages_nodejs
[0.206s] [  0%] Built target actionlib_msgs_generate_messages_cpp
[0.206s] [  0%] Built target sensor_msgs_generate_messages_py
[0.206s] [  0%] Built target actionlib_msgs_generate_messages_lisp
[0.209s] [  0%] Built target roscpp_generate_messages_lisp
[0.212s] [  0%] Built target jsk_recognition_msgs_generate_messages_py
[0.212s] [  0%] Built target autoware_can_msgs_generate_messages_eus
[0.221s] [  0%] Built target autoware_can_msgs_generate_messages_nodejs
[0.247s] [  0%] Built target roscpp_generate_messages_cpp
[0.248s] [  0%] Built target sensor_msgs_generate_messages_nodejs
[0.251s] [  0%] Built target geometry_msgs_generate_messages_nodejs
[0.254s] [  0%] Built target jsk_footstep_msgs_generate_messages_cpp
[0.256s] [  0%] Built target rosgraph_msgs_generate_messages_py
[0.257s] [  0%] Built target jsk_recognition_msgs_generate_messages_eus
[0.258s] [  0%] Built target geometry_msgs_generate_messages_py
[0.265s] [  0%] Built target jsk_recognition_msgs_generate_messages_lisp
[0.290s] [  0%] Built target rosgraph_msgs_generate_messages_eus
[0.292s] [  0%] Built target sensor_msgs_generate_messages_eus
[0.294s] [  0%] Built target jsk_recognition_msgs_generate_messages_nodejs
[0.300s] [  0%] Built target autoware_can_msgs_generate_messages_py
[0.300s] [  0%] Built target tablet_socket_msgs_generate_messages_lisp
[0.303s] [  0%] Built target tablet_socket_msgs_generate_messages_cpp
[0.307s] [  0%] Built target autoware_can_msgs_generate_messages_cpp
[0.309s] [  0%] Built target autoware_can_msgs_generate_messages_lisp
[0.334s] [  0%] Built target autoware_msgs_generate_messages_eus
[0.337s] [  0%] Built target std_msgs_generate_messages_eus
[0.344s] [  0%] Built target jsk_recognition_msgs_generate_messages_cpp
[0.347s] [  0%] Built target jsk_footstep_msgs_generate_messages_lisp
[0.347s] [  0%] Built target jsk_footstep_msgs_generate_messages_py
[0.350s] [  0%] Built target actionlib_msgs_generate_messages_py
[0.350s] [  0%] Built target roscpp_generate_messages_py
[0.352s] [  0%] Built target autoware_msgs_generate_messages_nodejs
[0.381s] [  0%] Built target rosgraph_msgs_generate_messages_nodejs
[0.383s] [  0%] Built target pcl_msgs_generate_messages_cpp
[0.384s] [  0%] Built target rosgraph_msgs_generate_messages_lisp
[0.392s] [  0%] Built target sensor_msgs_generate_messages_lisp
[0.392s] [  0%] Built target actionlib_msgs_generate_messages_eus
[0.393s] [  0%] Built target tablet_socket_msgs_generate_messages_py
[0.394s] [  0%] Built target autoware_msgs_generate_messages_lisp
[0.395s] [  0%] Built target tablet_socket_msgs_generate_messages_nodejs
[0.421s] [  0%] Built target roscpp_generate_messages_eus
[0.421s] [  0%] Built target geometry_msgs_generate_messages_eus
[0.422s] [  0%] Built target roscpp_generate_messages_nodejs
[0.426s] [  0%] Built target geometry_msgs_generate_messages_cpp
[0.442s] [35m[1mScanning dependencies of target vehicle_sender[0m
[0.460s] [ 75%] [32mBuilding CXX object CMakeFiles/vehicle_sender.dir/nodes/vehicle_sender/vehicle_sender.cpp.o[0m
[0.460s] [ 75%] Built target vehicle_receiver
[1.884s] [100%] [32m[1mLinking CXX executable devel/lib/vehicle_socket/vehicle_sender[0m
[1.993s] [100%] Built target vehicle_sender
[2.007s] Invoked command in '/home/nuc/autoware.ai/src/autoware/utilities/vehicle_socket/build/vehicle_socket' returned '0': /usr/bin/cmake --build /home/nuc/autoware.ai/src/autoware/utilities/vehicle_socket/build/vehicle_socket -- -j8 -l8
[2.132s] Invoking command in '/home/nuc/autoware.ai/src/autoware/utilities/vehicle_socket/build/vehicle_socket': /usr/bin/cmake --build /home/nuc/autoware.ai/src/autoware/utilities/vehicle_socket/build/vehicle_socket --target tests -- -j8 -l8
[2.215s] Built target tests
[2.230s] Invoked command in '/home/nuc/autoware.ai/src/autoware/utilities/vehicle_socket/build/vehicle_socket' returned '0': /usr/bin/cmake --build /home/nuc/autoware.ai/src/autoware/utilities/vehicle_socket/build/vehicle_socket --target tests -- -j8 -l8
[2.366s] Invoking command in '/home/nuc/autoware.ai/src/autoware/utilities/vehicle_socket/build/vehicle_socket': /usr/bin/cmake --build /home/nuc/autoware.ai/src/autoware/utilities/vehicle_socket/build/vehicle_socket --target install -- -j8 -l8
[2.449s] [  0%] Built target geometry_msgs_generate_messages_lisp
[2.449s] [  0%] Built target autoware_msgs_generate_messages_cpp
[2.449s] [  0%] Built target pcl_msgs_generate_messages_nodejs
[2.449s] [  0%] Built target std_msgs_generate_messages_nodejs
[2.449s] [  0%] Built target pcl_msgs_generate_messages_lisp
[2.450s] [  0%] Built target sensor_msgs_generate_messages_cpp
[2.450s] [  0%] Built target pcl_msgs_generate_messages_py
[2.452s] [  0%] Built target std_msgs_generate_messages_lisp
[2.486s] [  0%] Built target tablet_socket_msgs_generate_messages_eus
[2.492s] [  0%] Built target jsk_footstep_msgs_generate_messages_eus
[2.493s] [  0%] Built target rosgraph_msgs_generate_messages_cpp
[2.495s] [  0%] Built target pcl_msgs_generate_messages_eus
[2.500s] [  0%] Built target std_msgs_generate_messages_cpp
[2.500s] [  0%] Built target autoware_msgs_generate_messages_py
[2.502s] [  0%] Built target std_msgs_generate_messages_py
[2.509s] [  0%] Built target actionlib_msgs_generate_messages_nodejs
[2.535s] [  0%] Built target actionlib_msgs_generate_messages_cpp
[2.537s] [  0%] Built target actionlib_msgs_generate_messages_lisp
[2.540s] [  0%] Built target jsk_footstep_msgs_generate_messages_nodejs
[2.541s] [  0%] Built target roscpp_generate_messages_lisp
[2.546s] [  0%] Built target jsk_recognition_msgs_generate_messages_py
[2.551s] [  0%] Built target autoware_can_msgs_generate_messages_eus
[2.552s] [  0%] Built target autoware_can_msgs_generate_messages_nodejs
[2.552s] [  0%] Built target sensor_msgs_generate_messages_py
[2.582s] [  0%] Built target geometry_msgs_generate_messages_nodejs
[2.583s] [  0%] Built target rosgraph_msgs_generate_messages_py
[2.583s] [  0%] Built target roscpp_generate_messages_cpp
[2.584s] [  0%] Built target sensor_msgs_generate_messages_nodejs
[2.593s] [  0%] Built target jsk_footstep_msgs_generate_messages_cpp
[2.594s] [  0%] Built target jsk_recognition_msgs_generate_messages_eus
[2.595s] [  0%] Built target jsk_recognition_msgs_generate_messages_lisp
[2.597s] [  0%] Built target geometry_msgs_generate_messages_py
[2.627s] [  0%] Built target sensor_msgs_generate_messages_eus
[2.628s] [  0%] Built target jsk_recognition_msgs_generate_messages_nodejs
[2.628s] [  0%] Built target rosgraph_msgs_generate_messages_eus
[2.634s] [  0%] Built target tablet_socket_msgs_generate_messages_cpp
[2.634s] [  0%] Built target tablet_socket_msgs_generate_messages_lisp
[2.641s] [  0%] Built target autoware_can_msgs_generate_messages_py
[2.645s] [  0%] Built target autoware_can_msgs_generate_messages_lisp
[2.647s] [  0%] Built target autoware_can_msgs_generate_messages_cpp
[2.669s] [  0%] Built target autoware_msgs_generate_messages_eus
[2.673s] [  0%] Built target jsk_recognition_msgs_generate_messages_cpp
[2.673s] [  0%] Built target std_msgs_generate_messages_eus
[2.683s] [  0%] Built target autoware_msgs_generate_messages_nodejs
[2.684s] [  0%] Built target jsk_footstep_msgs_generate_messages_py
[2.684s] [  0%] Built target actionlib_msgs_generate_messages_py
[2.685s] [  0%] Built target jsk_footstep_msgs_generate_messages_lisp
[2.691s] [  0%] Built target roscpp_generate_messages_py
[2.716s] [  0%] Built target rosgraph_msgs_generate_messages_nodejs
[2.717s] [  0%] Built target sensor_msgs_generate_messages_lisp
[2.718s] [  0%] Built target rosgraph_msgs_generate_messages_lisp
[2.728s] [  0%] Built target actionlib_msgs_generate_messages_eus
[2.729s] [  0%] Built target pcl_msgs_generate_messages_cpp
[2.730s] [  0%] Built target autoware_msgs_generate_messages_lisp
[2.734s] [  0%] Built target tablet_socket_msgs_generate_messages_py
[2.738s] [  0%] Built target tablet_socket_msgs_generate_messages_nodejs
[2.751s] [  0%] Built target roscpp_generate_messages_nodejs
[2.751s] [  0%] Built target geometry_msgs_generate_messages_eus
[2.759s] [  0%] Built target roscpp_generate_messages_eus
[2.764s] [  0%] Built target geometry_msgs_generate_messages_cpp
[2.797s] [100%] Built target vehicle_sender
[2.797s] [100%] Built target vehicle_receiver
[2.825s] [36mInstall the project...[0m
[2.837s] -- Install configuration: ""
[2.838s] -- Up-to-date: /home/nuc/autoware.ai/src/autoware/utilities/vehicle_socket/install/vehicle_socket/lib/pkgconfig/vehicle_socket.pc
[2.838s] -- Up-to-date: /home/nuc/autoware.ai/src/autoware/utilities/vehicle_socket/install/vehicle_socket/share/vehicle_socket/cmake/vehicle_socketConfig.cmake
[2.838s] -- Up-to-date: /home/nuc/autoware.ai/src/autoware/utilities/vehicle_socket/install/vehicle_socket/share/vehicle_socket/cmake/vehicle_socketConfig-version.cmake
[2.838s] -- Up-to-date: /home/nuc/autoware.ai/src/autoware/utilities/vehicle_socket/install/vehicle_socket/share/vehicle_socket/package.xml
[2.838s] -- Installing: /home/nuc/autoware.ai/src/autoware/utilities/vehicle_socket/install/vehicle_socket/lib/vehicle_socket/vehicle_sender
[2.838s] -- Set runtime path of "/home/nuc/autoware.ai/src/autoware/utilities/vehicle_socket/install/vehicle_socket/lib/vehicle_socket/vehicle_sender" to ""
[2.838s] -- Up-to-date: /home/nuc/autoware.ai/src/autoware/utilities/vehicle_socket/install/vehicle_socket/lib/vehicle_socket/vehicle_receiver
[2.842s] Invoked command in '/home/nuc/autoware.ai/src/autoware/utilities/vehicle_socket/build/vehicle_socket' returned '0': /usr/bin/cmake --build /home/nuc/autoware.ai/src/autoware/utilities/vehicle_socket/build/vehicle_socket --target install -- -j8 -l8
