[0.023s] Invoking command in '/home/nuc/autoware.ai/src/autoware/utilities/vehicle_socket/build/vehicle_socket': /usr/bin/cmake --build /home/nuc/autoware.ai/src/autoware/utilities/vehicle_socket/build/vehicle_socket -- -j8 -l8
[0.120s] [  0%] Built target sensor_msgs_generate_messages_nodejs
[0.121s] [  0%] Built target tablet_socket_msgs_generate_messages_py
[0.122s] [  0%] Built target rosgraph_msgs_generate_messages_nodejs
[0.124s] [  0%] Built target rosgraph_msgs_generate_messages_lisp
[0.125s] [  0%] Built target tablet_socket_msgs_generate_messages_lisp
[0.126s] [  0%] Built target tablet_socket_msgs_generate_messages_nodejs
[0.127s] [  0%] Built target tablet_socket_msgs_generate_messages_eus
[0.140s] [  0%] Built target rosgraph_msgs_generate_messages_py
[0.178s] [  0%] Built target roscpp_generate_messages_py
[0.183s] [  0%] Built target roscpp_generate_messages_lisp
[0.184s] [  0%] Built target actionlib_msgs_generate_messages_lisp
[0.189s] [  0%] Built target jsk_footstep_msgs_generate_messages_nodejs
[0.194s] [  0%] Built target jsk_footstep_msgs_generate_messages_lisp
[0.203s] [  0%] Built target actionlib_msgs_generate_messages_py
[0.206s] [  0%] Built target jsk_footstep_msgs_generate_messages_eus
[0.207s] [  0%] Built target actionlib_msgs_generate_messages_cpp
[0.246s] [  0%] Built target pcl_msgs_generate_messages_lisp
[0.256s] [  0%] Built target pcl_msgs_generate_messages_nodejs
[0.259s] [  0%] Built target std_msgs_generate_messages_lisp
[0.259s] [  0%] Built target pcl_msgs_generate_messages_py
[0.260s] [  0%] Built target std_msgs_generate_messages_nodejs
[0.265s] [  0%] Built target autoware_msgs_generate_messages_cpp
[0.269s] [  0%] Built target pcl_msgs_generate_messages_eus
[0.287s] [  0%] Built target rosgraph_msgs_generate_messages_cpp
[0.308s] [  0%] Built target jsk_footstep_msgs_generate_messages_cpp
[0.309s] [  0%] Built target sensor_msgs_generate_messages_eus
[0.312s] [  0%] Built target geometry_msgs_generate_messages_py
[0.323s] [  0%] Built target autoware_can_msgs_generate_messages_py
[0.323s] [  0%] Built target tablet_socket_msgs_generate_messages_cpp
[0.328s] [  0%] Built target sensor_msgs_generate_messages_cpp
[0.332s] [  0%] Built target std_msgs_generate_messages_eus
[0.345s] [  0%] Built target autoware_msgs_generate_messages_nodejs
[0.364s] [  0%] Built target jsk_footstep_msgs_generate_messages_py
[0.367s] [  0%] Built target std_msgs_generate_messages_cpp
[0.375s] [  0%] Built target actionlib_msgs_generate_messages_nodejs
[0.377s] [  0%] Built target autoware_can_msgs_generate_messages_eus
[0.378s] [  0%] Built target std_msgs_generate_messages_py
[0.383s] [  0%] Built target autoware_msgs_generate_messages_py
[0.390s] [  0%] Built target geometry_msgs_generate_messages_nodejs
[0.407s] [  0%] Built target sensor_msgs_generate_messages_py
[0.421s] [  0%] Built target autoware_can_msgs_generate_messages_nodejs
[0.423s] [  0%] Built target jsk_recognition_msgs_generate_messages_py
[0.426s] [  0%] Built target autoware_can_msgs_generate_messages_cpp
[0.430s] [  0%] Built target autoware_can_msgs_generate_messages_lisp
[0.439s] [  0%] Built target autoware_msgs_generate_messages_eus
[0.446s] [  0%] Built target jsk_recognition_msgs_generate_messages_cpp
[0.453s] [  0%] Built target sensor_msgs_generate_messages_lisp
[0.469s] [  0%] Built target autoware_msgs_generate_messages_lisp
[0.470s] [  0%] Built target actionlib_msgs_generate_messages_eus
[0.479s] [  0%] Built target pcl_msgs_generate_messages_cpp
[0.479s] [  0%] Built target roscpp_generate_messages_nodejs
[0.495s] [  0%] Built target roscpp_generate_messages_eus
[0.506s] [  0%] Built target geometry_msgs_generate_messages_cpp
[0.507s] [  0%] Built target geometry_msgs_generate_messages_lisp
[0.509s] [  0%] Built target geometry_msgs_generate_messages_eus
[0.524s] [  0%] Built target jsk_recognition_msgs_generate_messages_lisp
[0.524s] [  0%] Built target jsk_recognition_msgs_generate_messages_eus
[0.531s] [  0%] Built target jsk_recognition_msgs_generate_messages_nodejs
[0.531s] [  0%] Built target rosgraph_msgs_generate_messages_eus
[0.542s] [  0%] Built target roscpp_generate_messages_cpp
[0.558s] [35m[1mScanning dependencies of target vehicle_sender[0m
[0.577s] [ 25%] [32mBuilding CXX object CMakeFiles/vehicle_sender.dir/nodes/vehicle_sender/vehicle_sender.cpp.o[0m
[0.578s] [ 75%] Built target vehicle_receiver
[1.709s] [01m[K/home/nuc/autoware.ai/src/autoware/utilities/vehicle_socket/nodes/vehicle_sender/vehicle_sender.cpp:230:14:[m[K [01;35m[Kwarning: [m[K‘[01m[Kvoid* receiverCaller(void*)[m[K’ defined but not used [[01;35m[K-Wunused-function[m[K]
[1.709s]  static void *[01;35m[KreceiverCaller[m[K(void *unused)
[1.709s]               [01;35m[K^~~~~~~~~~~~~~[m[K
[2.541s] [100%] [32m[1mLinking CXX executable devel/lib/vehicle_socket/vehicle_sender[0m
[2.660s] [100%] Built target vehicle_sender
[2.674s] Invoked command in '/home/nuc/autoware.ai/src/autoware/utilities/vehicle_socket/build/vehicle_socket' returned '0': /usr/bin/cmake --build /home/nuc/autoware.ai/src/autoware/utilities/vehicle_socket/build/vehicle_socket -- -j8 -l8
[2.800s] Invoking command in '/home/nuc/autoware.ai/src/autoware/utilities/vehicle_socket/build/vehicle_socket': /usr/bin/cmake --build /home/nuc/autoware.ai/src/autoware/utilities/vehicle_socket/build/vehicle_socket --target tests -- -j8 -l8
[2.888s] Built target tests
[2.902s] Invoked command in '/home/nuc/autoware.ai/src/autoware/utilities/vehicle_socket/build/vehicle_socket' returned '0': /usr/bin/cmake --build /home/nuc/autoware.ai/src/autoware/utilities/vehicle_socket/build/vehicle_socket --target tests -- -j8 -l8
[3.040s] Invoking command in '/home/nuc/autoware.ai/src/autoware/utilities/vehicle_socket/build/vehicle_socket': /usr/bin/cmake --build /home/nuc/autoware.ai/src/autoware/utilities/vehicle_socket/build/vehicle_socket --target install -- -j8 -l8
[3.124s] [  0%] Built target tablet_socket_msgs_generate_messages_py
[3.127s] [  0%] Built target sensor_msgs_generate_messages_nodejs
[3.128s] [  0%] Built target tablet_socket_msgs_generate_messages_nodejs
[3.128s] [  0%] Built target rosgraph_msgs_generate_messages_nodejs
[3.128s] [  0%] Built target rosgraph_msgs_generate_messages_py
[3.129s] [  0%] Built target tablet_socket_msgs_generate_messages_lisp
[3.131s] [  0%] Built target tablet_socket_msgs_generate_messages_eus
[3.139s] [  0%] Built target rosgraph_msgs_generate_messages_lisp
[3.169s] [  0%] Built target roscpp_generate_messages_py
[3.173s] [  0%] Built target actionlib_msgs_generate_messages_lisp
[3.174s] [  0%] Built target roscpp_generate_messages_lisp
[3.176s] [  0%] Built target jsk_footstep_msgs_generate_messages_nodejs
[3.181s] [  0%] Built target actionlib_msgs_generate_messages_cpp
[3.187s] [  0%] Built target jsk_footstep_msgs_generate_messages_eus
[3.194s] [  0%] Built target actionlib_msgs_generate_messages_py
[3.196s] [  0%] Built target jsk_footstep_msgs_generate_messages_lisp
[3.213s] [  0%] Built target pcl_msgs_generate_messages_py
[3.217s] [  0%] Built target pcl_msgs_generate_messages_eus
[3.225s] [  0%] Built target pcl_msgs_generate_messages_nodejs
[3.230s] [  0%] Built target pcl_msgs_generate_messages_lisp
[3.231s] [  0%] Built target rosgraph_msgs_generate_messages_cpp
[3.239s] [  0%] Built target autoware_msgs_generate_messages_cpp
[3.245s] [  0%] Built target std_msgs_generate_messages_nodejs
[3.250s] [  0%] Built target std_msgs_generate_messages_lisp
[3.263s] [  0%] Built target sensor_msgs_generate_messages_cpp
[3.268s] [  0%] Built target sensor_msgs_generate_messages_eus
[3.268s] [  0%] Built target tablet_socket_msgs_generate_messages_cpp
[3.282s] [  0%] Built target autoware_can_msgs_generate_messages_py
[3.283s] [  0%] Built target geometry_msgs_generate_messages_py
[3.284s] [  0%] Built target jsk_footstep_msgs_generate_messages_cpp
[3.290s] [  0%] Built target std_msgs_generate_messages_eus
[3.302s] [  0%] Built target autoware_msgs_generate_messages_nodejs
[3.309s] [  0%] Built target jsk_footstep_msgs_generate_messages_py
[3.316s] [  0%] Built target actionlib_msgs_generate_messages_nodejs
[3.324s] [  0%] Built target std_msgs_generate_messages_cpp
[3.330s] [  0%] Built target autoware_msgs_generate_messages_py
[3.331s] [  0%] Built target std_msgs_generate_messages_py
[3.335s] [  0%] Built target autoware_can_msgs_generate_messages_eus
[3.335s] [  0%] Built target geometry_msgs_generate_messages_nodejs
[3.344s] [  0%] Built target sensor_msgs_generate_messages_py
[3.359s] [  0%] Built target jsk_recognition_msgs_generate_messages_py
[3.370s] [  0%] Built target autoware_can_msgs_generate_messages_cpp
[3.372s] [  0%] Built target autoware_can_msgs_generate_messages_nodejs
[3.375s] [  0%] Built target autoware_can_msgs_generate_messages_lisp
[3.379s] [  0%] Built target jsk_recognition_msgs_generate_messages_cpp
[3.383s] [  0%] Built target autoware_msgs_generate_messages_eus
[3.388s] [  0%] Built target pcl_msgs_generate_messages_cpp
[3.389s] [  0%] Built target sensor_msgs_generate_messages_lisp
[3.409s] [  0%] Built target actionlib_msgs_generate_messages_eus
[3.418s] [  0%] Built target autoware_msgs_generate_messages_lisp
[3.420s] [  0%] Built target roscpp_generate_messages_nodejs
[3.424s] [  0%] Built target roscpp_generate_messages_eus
[3.431s] [  0%] Built target geometry_msgs_generate_messages_eus
[3.431s] [  0%] Built target geometry_msgs_generate_messages_cpp
[3.435s] [  0%] Built target geometry_msgs_generate_messages_lisp
[3.439s] [  0%] Built target jsk_recognition_msgs_generate_messages_eus
[3.455s] [  0%] Built target jsk_recognition_msgs_generate_messages_lisp
[3.464s] [  0%] Built target jsk_recognition_msgs_generate_messages_nodejs
[3.464s] [  0%] Built target rosgraph_msgs_generate_messages_eus
[3.465s] [  0%] Built target roscpp_generate_messages_cpp
[3.499s] [100%] Built target vehicle_sender
[3.499s] [100%] Built target vehicle_receiver
[3.529s] [36mInstall the project...[0m
[3.542s] -- Install configuration: ""
[3.542s] -- Up-to-date: /home/nuc/autoware.ai/src/autoware/utilities/vehicle_socket/install/vehicle_socket/lib/pkgconfig/vehicle_socket.pc
[3.542s] -- Up-to-date: /home/nuc/autoware.ai/src/autoware/utilities/vehicle_socket/install/vehicle_socket/share/vehicle_socket/cmake/vehicle_socketConfig.cmake
[3.542s] -- Up-to-date: /home/nuc/autoware.ai/src/autoware/utilities/vehicle_socket/install/vehicle_socket/share/vehicle_socket/cmake/vehicle_socketConfig-version.cmake
[3.542s] -- Up-to-date: /home/nuc/autoware.ai/src/autoware/utilities/vehicle_socket/install/vehicle_socket/share/vehicle_socket/package.xml
[3.543s] -- Installing: /home/nuc/autoware.ai/src/autoware/utilities/vehicle_socket/install/vehicle_socket/lib/vehicle_socket/vehicle_sender
[3.543s] -- Set runtime path of "/home/nuc/autoware.ai/src/autoware/utilities/vehicle_socket/install/vehicle_socket/lib/vehicle_socket/vehicle_sender" to ""
[3.544s] -- Up-to-date: /home/nuc/autoware.ai/src/autoware/utilities/vehicle_socket/install/vehicle_socket/lib/vehicle_socket/vehicle_receiver
[3.549s] Invoked command in '/home/nuc/autoware.ai/src/autoware/utilities/vehicle_socket/build/vehicle_socket' returned '0': /usr/bin/cmake --build /home/nuc/autoware.ai/src/autoware/utilities/vehicle_socket/build/vehicle_socket --target install -- -j8 -l8
