-- CUDA compilation status: .
-- Using CATKIN_DEVEL_PREFIX: /home/nuc/autoware.ai/src/autoware/utilities/app_cmd_sender/build/app_cmd_sender/devel
-- Using CMAKE_PREFIX_PATH: /home/nuc/autoware.ai/install/ymc;/home/nuc/autoware.ai/install/xsens_driver;/home/nuc/autoware.ai/install/wf_simulator;/home/nuc/autoware.ai/install/lattice_planner;/home/nuc/autoware.ai/install/waypoint_planner;/home/nuc/autoware.ai/install/waypoint_maker;/home/nuc/autoware.ai/install/way_planner;/home/nuc/autoware.ai/install/vlg22c_cam;/home/nuc/autoware.ai/install/vision_ssd_detect;/home/nuc/autoware.ai/install/vision_segment_enet_detect;/home/nuc/autoware.ai/install/vision_lane_detect;/home/nuc/autoware.ai/install/vision_darknet_detect;/home/nuc/autoware.ai/install/vision_beyond_track;/home/nuc/autoware.ai/install/vel_pose_diff_checker;/home/nuc/autoware.ai/install/vehicle_socket;/home/nuc/autoware.ai/install/vehicle_sim_model;/home/nuc/autoware.ai/install/vehicle_model;/home/nuc/autoware.ai/install/vehicle_gazebo_simulation_launcher;/home/nuc/autoware.ai/install/vehicle_gazebo_simulation_interface;/home/nuc/autoware.ai/install/vehicle_engage_panel;/home/nuc/autoware.ai/install/vehicle_description;/home/nuc/autoware.ai/install/trafficlight_recognizer;/home/nuc/autoware.ai/install/op_utilities;/home/nuc/autoware.ai/install/op_simulation_package;/home/nuc/autoware.ai/install/op_local_planner;/home/nuc/autoware.ai/install/op_global_planner;/home/nuc/autoware.ai/install/lidar_kf_contour_track;/home/nuc/autoware.ai/install/op_ros_helpers;/home/nuc/autoware.ai/install/ff_waypoint_follower;/home/nuc/autoware.ai/install/dp_planner;/home/nuc/autoware.ai/install/op_simu;/home/nuc/autoware.ai/install/op_planner;/home/nuc/autoware.ai/install/op_utility;/home/nuc/autoware.ai/install/lidar_euclidean_cluster_detect;/home/nuc/autoware.ai/install/vector_map_server;/home/nuc/autoware.ai/install/road_occupancy_processor;/home/nuc/autoware.ai/install/costmap_generator;/home/nuc/autoware.ai/install/object_map;/home/nuc/autoware.ai/install/naive_motion_predict;/home/nuc/autoware.ai/install/lanelet_aisan_converter;/home/nuc/autoware.ai/install/map_file;/home/nuc/autoware.ai/install/libvectormap;/home/nuc/autoware.ai/install/lane_planner;/home/nuc/autoware.ai/install/imm_ukf_pda_track;/home/nuc/autoware.ai/install/decision_maker;/home/nuc/autoware.ai/install/vector_map;/home/nuc/autoware.ai/install/vector_map_msgs;/home/nuc/autoware.ai/install/vectacam;/home/nuc/autoware.ai/install/udon_socket;/home/nuc/autoware.ai/install/twist_generator;/home/nuc/autoware.ai/install/twist_gate;/home/nuc/autoware.ai/install/twist_filter;/home/nuc/autoware.ai/install/twist2odom;/home/nuc/autoware.ai/install/tablet_socket;/home/nuc/autoware.ai/install/runtime_manager;/home/nuc/autoware.ai/install/mqtt_socket;/home/nuc/autoware.ai/install/tablet_socket_msgs;/home/nuc/autoware.ai/install/system_monitor;/home/nuc/autoware.ai/install/state_machine_lib;/home/nuc/autoware.ai/install/sound_player;/home/nuc/autoware.ai/install/sick_lms5xx;/home/nuc/autoware.ai/install/sick_ldmrs_tools;/home/nuc/autoware.ai/install/sick_ldmrs_driver;/home/nuc/autoware.ai/install/sick_ldmrs_msgs;/home/nuc/autoware.ai/install/sick_ldmrs_description;/home/nuc/autoware.ai/install/sensor_imu;/home/nuc/autoware.ai/install/points2image;/home/nuc/autoware.ai/install/rosinterface;/home/nuc/autoware.ai/install/rosbag_controller;/home/nuc/autoware.ai/install/pure_pursuit;/home/nuc/autoware.ai/install/points_preprocessor;/home/nuc/autoware.ai/install/mpc_follower;/home/nuc/autoware.ai/install/lidar_localizer;/home/nuc/autoware.ai/install/emergency_handler;/home/nuc/autoware.ai/install/autoware_health_checker;/home/nuc/autoware.ai/install/as;/home/nuc/autoware.ai/install/ros_observer;/home/nuc/autoware.ai/install/roi_object_filter;/home/nuc/autoware.ai/install/range_vision_fusion;/home/nuc/autoware.ai/install/pos_db;/home/nuc/autoware.ai/install/points_downsampler;/home/nuc/autoware.ai/install/pixel_cloud_fusion;/home/nuc/autoware.ai/install/pcl_omp_registration;/home/nuc/autoware.ai/install/pc2_downsampler;/home/nuc/autoware.ai/install/oculus_socket;/home/nuc/autoware.ai/install/obj_db;/home/nuc/autoware.ai/install/nmea_navsat;/home/nuc/autoware.ai/install/ndt_tku;/home/nuc/autoware.ai/install/ndt_cpu;/home/nuc/autoware.ai/install/multi_lidar_calibrator;/home/nuc/autoware.ai/install/microstrain_driver;/home/nuc/autoware.ai/install/memsic_imu;/home/nuc/autoware.ai/install/marker_downsampler;/home/nuc/autoware.ai/install/map_tools;/home/nuc/autoware.ai/install/map_tf_generator;/home/nuc/autoware.ai/install/log_tools;/home/nuc/autoware.ai/install/lidar_shape_estimation;/home/nuc/autoware.ai/install/lidar_point_pillars;/home/nuc/autoware.ai/install/lidar_naive_l_shape_detect;/home/nuc/autoware.ai/install/lidar_fake_perception;/home/nuc/autoware.ai/install/lidar_apollo_cnn_seg_detect;/home/nuc/autoware.ai/install/libwaypoint_follower;/home/nuc/autoware.ai/install/lgsvl_simulator_bridge;/home/nuc/autoware.ai/install/lanelet2_extension;/home/nuc/autoware.ai/install/kvaser;/home/nuc/autoware.ai/install/kitti_launch;/home/nuc/autoware.ai/install/kitti_player;/home/nuc/autoware.ai/install/kitti_box_publisher;/home/nuc/autoware.ai/install/javad_navsat_driver;/home/nuc/autoware.ai/install/integrated_viewer;/home/nuc/autoware.ai/install/image_processor;/home/nuc/autoware.ai/install/hokuyo;/home/nuc/autoware.ai/install/graph_tools;/home/nuc/autoware.ai/install/gnss_localizer;/home/nuc/autoware.ai/install/gnss;/home/nuc/autoware.ai/install/glviewer;/home/nuc/autoware.ai/install/gazebo_world_description;/home/nuc/autoware.ai/install/gazebo_imu_description;/home/nuc/autoware.ai/install/gazebo_camera_description;/home/nuc/autoware.ai/install/garmin;/home/nuc/autoware.ai/install/freespace_planner;/home/nuc/autoware.ai/install/fastvirtualscan;/home/nuc/autoware.ai/install/ekf_localizer;/home/nuc/autoware.ai/install/ds4_msgs;/home/nuc/autoware.ai/install/ds4_driver;/home/nuc/autoware.ai/install/detected_objects_visualizer;/home/nuc/autoware.ai/install/decision_maker_panel;/home/nuc/autoware.ai/install/data_preprocessor;/home/nuc/autoware.ai/install/custom_msgs;/home/nuc/autoware.ai/install/carla_autoware_bridge;/home/nuc/autoware.ai/install/calibration_publisher;/home/nuc/autoware.ai/install/autoware_system_msgs;/home/nuc/autoware.ai/install/autoware_rviz_plugins;/home/nuc/autoware.ai/install/autoware_quickstart_examples;/home/nuc/autoware.ai/install/autoware_pointgrey_drivers;/home/nuc/autoware.ai/install/autoware_driveworks_interface;/home/nuc/autoware.ai/install/autoware_connector;/home/nuc/autoware.ai/install/autoware_camera_lidar_calibrator;/home/nuc/autoware.ai/install/astar_search;/home/nuc/autoware.ai/install/amathutils_lib;/home/nuc/autoware.ai/install/autoware_msgs;/home/nuc/autoware.ai/install/autoware_map_msgs;/home/nuc/autoware.ai/install/autoware_launcher_rviz;/home/nuc/autoware.ai/install/autoware_launcher;/home/nuc/autoware.ai/install/autoware_lanelet2_msgs;/home/nuc/autoware.ai/install/autoware_external_msgs;/home/nuc/autoware.ai/install/autoware_driveworks_gmsl_interface;/home/nuc/autoware.ai/install/autoware_config_msgs;/home/nuc/autoware.ai/install/autoware_can_msgs;/home/nuc/autoware.ai/install/autoware_build_flags;/home/nuc/autoware.ai/install/autoware_bag_tools;/home/nuc/autoware.ai/install/adi_driver;/opt/ros/melodic
-- This workspace overlays: /home/nuc/autoware.ai/install/ymc;/home/nuc/autoware.ai/install/xsens_driver;/home/nuc/autoware.ai/install/wf_simulator;/home/nuc/autoware.ai/install/lattice_planner;/home/nuc/autoware.ai/install/waypoint_planner;/home/nuc/autoware.ai/install/waypoint_maker;/home/nuc/autoware.ai/install/way_planner;/home/nuc/autoware.ai/install/vlg22c_cam;/home/nuc/autoware.ai/install/vision_ssd_detect;/home/nuc/autoware.ai/install/vision_segment_enet_detect;/home/nuc/autoware.ai/install/vision_lane_detect;/home/nuc/autoware.ai/install/vision_darknet_detect;/home/nuc/autoware.ai/install/vision_beyond_track;/home/nuc/autoware.ai/install/vel_pose_diff_checker;/home/nuc/autoware.ai/install/vehicle_socket;/home/nuc/autoware.ai/install/vehicle_sim_model;/home/nuc/autoware.ai/install/vehicle_model;/home/nuc/autoware.ai/install/vehicle_gazebo_simulation_launcher;/home/nuc/autoware.ai/install/vehicle_gazebo_simulation_interface;/home/nuc/autoware.ai/install/vehicle_engage_panel;/home/nuc/autoware.ai/install/vehicle_description;/home/nuc/autoware.ai/install/trafficlight_recognizer;/home/nuc/autoware.ai/install/op_utilities;/home/nuc/autoware.ai/install/op_simulation_package;/home/nuc/autoware.ai/install/op_local_planner;/home/nuc/autoware.ai/install/op_global_planner;/home/nuc/autoware.ai/install/lidar_kf_contour_track;/home/nuc/autoware.ai/install/op_ros_helpers;/home/nuc/autoware.ai/install/ff_waypoint_follower;/home/nuc/autoware.ai/install/dp_planner;/home/nuc/autoware.ai/install/op_simu;/home/nuc/autoware.ai/install/op_planner;/home/nuc/autoware.ai/install/op_utility;/home/nuc/autoware.ai/install/lidar_euclidean_cluster_detect;/home/nuc/autoware.ai/install/vector_map_server;/home/nuc/autoware.ai/install/road_occupancy_processor;/home/nuc/autoware.ai/install/costmap_generator;/home/nuc/autoware.ai/install/object_map;/home/nuc/autoware.ai/install/naive_motion_predict;/home/nuc/autoware.ai/install/lanelet_aisan_converter;/home/nuc/autoware.ai/install/map_file;/home/nuc/autoware.ai/install/libvectormap;/home/nuc/autoware.ai/install/lane_planner;/home/nuc/autoware.ai/install/imm_ukf_pda_track;/home/nuc/autoware.ai/install/decision_maker;/home/nuc/autoware.ai/install/vector_map;/home/nuc/autoware.ai/install/vector_map_msgs;/home/nuc/autoware.ai/install/vectacam;/home/nuc/autoware.ai/install/udon_socket;/home/nuc/autoware.ai/install/twist_generator;/home/nuc/autoware.ai/install/twist_gate;/home/nuc/autoware.ai/install/twist_filter;/home/nuc/autoware.ai/install/twist2odom;/home/nuc/autoware.ai/install/tablet_socket;/home/nuc/autoware.ai/install/runtime_manager;/home/nuc/autoware.ai/install/mqtt_socket;/home/nuc/autoware.ai/install/tablet_socket_msgs;/home/nuc/autoware.ai/install/system_monitor;/home/nuc/autoware.ai/install/state_machine_lib;/home/nuc/autoware.ai/install/sound_player;/home/nuc/autoware.ai/install/sick_lms5xx;/home/nuc/autoware.ai/install/sick_ldmrs_tools;/home/nuc/autoware.ai/install/sick_ldmrs_driver;/home/nuc/autoware.ai/install/sick_ldmrs_msgs;/home/nuc/autoware.ai/install/sick_ldmrs_description;/home/nuc/autoware.ai/install/sensor_imu;/home/nuc/autoware.ai/install/points2image;/home/nuc/autoware.ai/install/rosinterface;/home/nuc/autoware.ai/install/rosbag_controller;/home/nuc/autoware.ai/install/pure_pursuit;/home/nuc/autoware.ai/install/points_preprocessor;/home/nuc/autoware.ai/install/mpc_follower;/home/nuc/autoware.ai/install/lidar_localizer;/home/nuc/autoware.ai/install/emergency_handler;/home/nuc/autoware.ai/install/autoware_health_checker;/home/nuc/autoware.ai/install/as;/home/nuc/autoware.ai/install/ros_observer;/home/nuc/autoware.ai/install/roi_object_filter;/home/nuc/autoware.ai/install/range_vision_fusion;/home/nuc/autoware.ai/install/pos_db;/home/nuc/autoware.ai/install/points_downsampler;/home/nuc/autoware.ai/install/pixel_cloud_fusion;/home/nuc/autoware.ai/install/pcl_omp_registration;/home/nuc/autoware.ai/install/pc2_downsampler;/home/nuc/autoware.ai/install/oculus_socket;/home/nuc/autoware.ai/install/obj_db;/home/nuc/autoware.ai/install/nmea_navsat;/home/nuc/autoware.ai/install/ndt_tku;/home/nuc/autoware.ai/install/ndt_cpu;/home/nuc/autoware.ai/install/multi_lidar_calibrator;/home/nuc/autoware.ai/install/microstrain_driver;/home/nuc/autoware.ai/install/memsic_imu;/home/nuc/autoware.ai/install/marker_downsampler;/home/nuc/autoware.ai/install/map_tools;/home/nuc/autoware.ai/install/map_tf_generator;/home/nuc/autoware.ai/install/log_tools;/home/nuc/autoware.ai/install/lidar_shape_estimation;/home/nuc/autoware.ai/install/lidar_point_pillars;/home/nuc/autoware.ai/install/lidar_naive_l_shape_detect;/home/nuc/autoware.ai/install/lidar_fake_perception;/home/nuc/autoware.ai/install/lidar_apollo_cnn_seg_detect;/home/nuc/autoware.ai/install/libwaypoint_follower;/home/nuc/autoware.ai/install/lgsvl_simulator_bridge;/home/nuc/autoware.ai/install/lanelet2_extension;/home/nuc/autoware.ai/install/kvaser;/home/nuc/autoware.ai/install/kitti_launch;/home/nuc/autoware.ai/install/kitti_player;/home/nuc/autoware.ai/install/kitti_box_publisher;/home/nuc/autoware.ai/install/javad_navsat_driver;/home/nuc/autoware.ai/install/integrated_viewer;/home/nuc/autoware.ai/install/image_processor;/home/nuc/autoware.ai/install/hokuyo;/home/nuc/autoware.ai/install/graph_tools;/home/nuc/autoware.ai/install/gnss_localizer;/home/nuc/autoware.ai/install/gnss;/home/nuc/autoware.ai/install/glviewer;/home/nuc/autoware.ai/install/gazebo_world_description;/home/nuc/autoware.ai/install/gazebo_imu_description;/home/nuc/autoware.ai/install/gazebo_camera_description;/home/nuc/autoware.ai/install/garmin;/home/nuc/autoware.ai/install/freespace_planner;/home/nuc/autoware.ai/install/fastvirtualscan;/home/nuc/autoware.ai/install/ekf_localizer;/home/nuc/autoware.ai/install/ds4_msgs;/home/nuc/autoware.ai/install/ds4_driver;/home/nuc/autoware.ai/install/detected_objects_visualizer;/home/nuc/autoware.ai/install/decision_maker_panel;/home/nuc/autoware.ai/install/data_preprocessor;/home/nuc/autoware.ai/install/custom_msgs;/home/nuc/autoware.ai/install/carla_autoware_bridge;/home/nuc/autoware.ai/install/calibration_publisher;/home/nuc/autoware.ai/install/autoware_system_msgs;/home/nuc/autoware.ai/install/autoware_rviz_plugins;/home/nuc/autoware.ai/install/autoware_quickstart_examples;/home/nuc/autoware.ai/install/autoware_pointgrey_drivers;/home/nuc/autoware.ai/install/autoware_driveworks_interface;/home/nuc/autoware.ai/install/autoware_connector;/home/nuc/autoware.ai/install/autoware_camera_lidar_calibrator;/home/nuc/autoware.ai/install/astar_search;/home/nuc/autoware.ai/install/amathutils_lib;/home/nuc/autoware.ai/install/autoware_msgs;/home/nuc/autoware.ai/install/autoware_map_msgs;/home/nuc/autoware.ai/install/autoware_launcher_rviz;/home/nuc/autoware.ai/install/autoware_launcher;/home/nuc/autoware.ai/install/autoware_lanelet2_msgs;/home/nuc/autoware.ai/install/autoware_external_msgs;/home/nuc/autoware.ai/install/autoware_driveworks_gmsl_interface;/home/nuc/autoware.ai/install/autoware_config_msgs;/home/nuc/autoware.ai/install/autoware_can_msgs;/home/nuc/autoware.ai/install/autoware_build_flags;/home/nuc/autoware.ai/install/autoware_bag_tools;/home/nuc/autoware.ai/install/adi_driver;/opt/ros/melodic
-- Found PythonInterp: /usr/bin/python2 (found suitable version "2.7.17", minimum required is "2") 
-- Using PYTHON_EXECUTABLE: /usr/bin/python2
-- Using Debian Python package layout
-- Using empy: /usr/bin/empy
-- Using CATKIN_ENABLE_TESTING: ON
-- Call enable_testing()
-- Using CATKIN_TEST_RESULTS_DIR: /home/nuc/autoware.ai/src/autoware/utilities/app_cmd_sender/build/app_cmd_sender/test_results
-- Found gtest sources under '/usr/src/googletest': gtests will be built
-- Found gmock sources under '/usr/src/googletest': gmock will be built
-- Found PythonInterp: /usr/bin/python2 (found version "2.7.17") 
-- Using Python nosetests: /usr/bin/nosetests-2.7
-- catkin 0.7.26
-- BUILD_SHARED_LIBS is on
-- Using these message generators: gencpp;geneus;genlisp;gennodejs;genpy
-- Configuring done
-- Generating done
-- Build files have been written to: /home/nuc/autoware.ai/src/autoware/utilities/app_cmd_sender/build/app_cmd_sender
[  0%] Built target rosgraph_msgs_generate_messages_py
[  0%] Built target tablet_socket_msgs_generate_messages_py
[  0%] Built target tablet_socket_msgs_generate_messages_lisp
[  0%] Built target tablet_socket_msgs_generate_messages_nodejs
[  0%] Built target sensor_msgs_generate_messages_nodejs
[  0%] Built target tablet_socket_msgs_generate_messages_eus
[  0%] Built target rosgraph_msgs_generate_messages_nodejs
[  0%] Built target rosgraph_msgs_generate_messages_lisp
[  0%] Built target actionlib_msgs_generate_messages_cpp
[  0%] Built target roscpp_generate_messages_py
[  0%] Built target jsk_footstep_msgs_generate_messages_nodejs
[  0%] Built target jsk_footstep_msgs_generate_messages_lisp
[  0%] Built target roscpp_generate_messages_lisp
[  0%] Built target actionlib_msgs_generate_messages_py
[  0%] Built target actionlib_msgs_generate_messages_lisp
[  0%] Built target jsk_footstep_msgs_generate_messages_eus
[  0%] Built target pcl_msgs_generate_messages_py
[  0%] Built target pcl_msgs_generate_messages_nodejs
[  0%] Built target autoware_msgs_generate_messages_cpp
[  0%] Built target pcl_msgs_generate_messages_lisp
[  0%] Built target rosgraph_msgs_generate_messages_cpp
[  0%] Built target std_msgs_generate_messages_nodejs
[  0%] Built target pcl_msgs_generate_messages_eus
[  0%] Built target std_msgs_generate_messages_lisp
[  0%] Built target sensor_msgs_generate_messages_cpp
[  0%] Built target sensor_msgs_generate_messages_eus
[  0%] Built target jsk_footstep_msgs_generate_messages_cpp
[  0%] Built target tablet_socket_msgs_generate_messages_cpp
[  0%] Built target autoware_can_msgs_generate_messages_py
[  0%] Built target std_msgs_generate_messages_eus
[  0%] Built target geometry_msgs_generate_messages_py
[  0%] Built target autoware_msgs_generate_messages_nodejs
[  0%] Built target jsk_footstep_msgs_generate_messages_py
[  0%] Built target std_msgs_generate_messages_cpp
[  0%] Built target std_msgs_generate_messages_py
[  0%] Built target actionlib_msgs_generate_messages_nodejs
[  0%] Built target autoware_msgs_generate_messages_py
[  0%] Built target autoware_can_msgs_generate_messages_eus
[  0%] Built target geometry_msgs_generate_messages_nodejs
[  0%] Built target sensor_msgs_generate_messages_py
[  0%] Built target jsk_recognition_msgs_generate_messages_py
[  0%] Built target autoware_can_msgs_generate_messages_lisp
[  0%] Built target autoware_can_msgs_generate_messages_nodejs
[  0%] Built target autoware_msgs_generate_messages_eus
[  0%] Built target autoware_can_msgs_generate_messages_cpp
[  0%] Built target jsk_recognition_msgs_generate_messages_cpp
[  0%] Built target sensor_msgs_generate_messages_lisp
[  0%] Built target pcl_msgs_generate_messages_cpp
[  0%] Built target actionlib_msgs_generate_messages_eus
[  0%] Built target autoware_msgs_generate_messages_lisp
[  0%] Built target roscpp_generate_messages_nodejs
[  0%] Built target roscpp_generate_messages_eus
[  0%] Built target geometry_msgs_generate_messages_lisp
[  0%] Built target geometry_msgs_generate_messages_cpp
[  0%] Built target geometry_msgs_generate_messages_eus
[  0%] Built target jsk_recognition_msgs_generate_messages_eus
[  0%] Built target rosgraph_msgs_generate_messages_eus
[  0%] Built target jsk_recognition_msgs_generate_messages_lisp
[  0%] Built target jsk_recognition_msgs_generate_messages_nodejs
[  0%] Built target roscpp_generate_messages_cpp
[35m[1mScanning dependencies of target app_cmd_sender[0m
[ 50%] [32mBuilding CXX object CMakeFiles/app_cmd_sender.dir/nodes/app_cmd_sender.cpp.o[0m
[01m[K/home/nuc/autoware.ai/src/autoware/utilities/app_cmd_sender/nodes/app_cmd_sender.cpp:[m[K In function ‘[01m[Kvoid centerlineCallback(const MarkerArray&)[m[K’:
[01m[K/home/nuc/autoware.ai/src/autoware/utilities/app_cmd_sender/nodes/app_cmd_sender.cpp:67:32:[m[K [01;35m[Kwarning: [m[Knarrowing conversion of ‘[01m[Kpt.geometry_msgs::Point_<std::allocator<void> >::x[m[K’ from ‘[01m[Kgeometry_msgs::Point_<std::allocator<void> >::_x_type {aka double}[m[K’ to ‘[01m[Kfloat[m[K’ inside { } [[01;35m[K-Wnarrowing[m[K]
         centerpt.push_back({[01;35m[Kpt.x[m[K,pt.y});
                             [01;35m[K~~~^[m[K
[01m[K/home/nuc/autoware.ai/src/autoware/utilities/app_cmd_sender/nodes/app_cmd_sender.cpp:67:37:[m[K [01;35m[Kwarning: [m[Knarrowing conversion of ‘[01m[Kpt.geometry_msgs::Point_<std::allocator<void> >::y[m[K’ from ‘[01m[Kgeometry_msgs::Point_<std::allocator<void> >::_y_type {aka double}[m[K’ to ‘[01m[Kfloat[m[K’ inside { } [[01;35m[K-Wnarrowing[m[K]
         centerpt.push_back({pt.x,[01;35m[Kpt.y[m[K});
                                  [01;35m[K~~~^[m[K
In file included from [01m[K/opt/ros/melodic/include/ros/ros.h:40:0[m[K,
                 from [01m[K/home/nuc/autoware.ai/src/autoware/utilities/app_cmd_sender/nodes/app_cmd_sender.cpp:17[m[K:
[01m[K/opt/ros/melodic/include/ros/console.h:348:176:[m[K [01;35m[Kwarning: [m[Kformat ‘[01m[K%d[m[K’ expects argument of type ‘[01m[Kint[m[K’, but argument 8 has type ‘[01m[Kstd::vector<geometry_msgs::Point_<std::allocator<void> >, std::allocator<geometry_msgs::Point_<std::allocator<void> > > >::size_type {aka long unsigned int}[m[K’ [[01;35m[K-Wformat=[m[K]
     ::ros::console::print(filter, __rosconsole_define_location__loc.logger_, __rosconsole_define_location__loc.level_, __FILE__, __LINE__, __ROSCONSOLE_FUNCTION__, __VA_ARGS__[01;35m[K)[m[K
                                                                                                                                                                                [01;35m[K^[m[K
[01m[K/opt/ros/melodic/include/ros/console.h:351:5:[m[K [01;36m[Knote: [m[Kin expansion of macro ‘[01m[KROSCONSOLE_PRINT_AT_LOCATION_WITH_FILTER[m[K’
     [01;36m[KROSCONSOLE_PRINT_AT_LOCATION_WITH_FILTER[m[K(NULL, __VA_ARGS__)
     [01;36m[K^~~~~~~~~~~~~~~~~~~~~~~~~~~~~~~~~~~~~~~~[m[K
[01m[K/opt/ros/melodic/include/ros/console.h:387:7:[m[K [01;36m[Knote: [m[Kin expansion of macro ‘[01m[KROSCONSOLE_PRINT_AT_LOCATION[m[K’
       [01;36m[KROSCONSOLE_PRINT_AT_LOCATION[m[K(__VA_ARGS__); \
       [01;36m[K^~~~~~~~~~~~~~~~~~~~~~~~~~~~[m[K
[01m[K/opt/ros/melodic/include/ros/console.h:572:35:[m[K [01;36m[Knote: [m[Kin expansion of macro ‘[01m[KROS_LOG_COND[m[K’
 #define ROS_LOG(level, name, ...) [01;36m[KROS_LOG_COND[m[K(true, level, name, __VA_ARGS__)
                                   [01;36m[K^~~~~~~~~~~~[m[K
[01m[K/opt/ros/melodic/include/rosconsole/macros_generated.h:162:23:[m[K [01;36m[Knote: [m[Kin expansion of macro ‘[01m[KROS_LOG[m[K’
 #define ROS_WARN(...) [01;36m[KROS_LOG[m[K(::ros::console::levels::Warn, ROSCONSOLE_DEFAULT_NAME, __VA_ARGS__)
                       [01;36m[K^~~~~~~[m[K
[01m[K/home/nuc/autoware.ai/src/autoware/utilities/app_cmd_sender/nodes/app_cmd_sender.cpp:69:5:[m[K [01;36m[Knote: [m[Kin expansion of macro ‘[01m[KROS_WARN[m[K’
     [01;36m[KR[m[KOS_WARN("IM centerline, SIZE=%d",  ary.markers[0].points.size());
     [01;36m[K^[m[K
[01m[K/home/nuc/autoware.ai/src/autoware/utilities/app_cmd_sender/nodes/app_cmd_sender.cpp:[m[K In function ‘[01m[Kvoid planlineCallback(const MarkerArray&)[m[K’:
[01m[K/opt/ros/melodic/include/ros/console.h:348:176:[m[K [01;35m[Kwarning: [m[Kformat ‘[01m[K%d[m[K’ expects argument of type ‘[01m[Kint[m[K’, but argument 8 has type ‘[01m[Kstd::vector<geometry_msgs::Point_<std::allocator<void> >, std::allocator<geometry_msgs::Point_<std::allocator<void> > > >::size_type {aka long unsigned int}[m[K’ [[01;35m[K-Wformat=[m[K]
     ::ros::console::print(filter, __rosconsole_define_location__loc.logger_, __rosconsole_define_location__loc.level_, __FILE__, __LINE__, __ROSCONSOLE_FUNCTION__, __VA_ARGS__[01;35m[K)[m[K
                                                                                                                                                                                [01;35m[K^[m[K
[01m[K/opt/ros/melodic/include/ros/console.h:351:5:[m[K [01;36m[Knote: [m[Kin expansion of macro ‘[01m[KROSCONSOLE_PRINT_AT_LOCATION_WITH_FILTER[m[K’
     [01;36m[KROSCONSOLE_PRINT_AT_LOCATION_WITH_FILTER[m[K(NULL, __VA_ARGS__)
     [01;36m[K^~~~~~~~~~~~~~~~~~~~~~~~~~~~~~~~~~~~~~~~[m[K
[01m[K/opt/ros/melodic/include/ros/console.h:387:7:[m[K [01;36m[Knote: [m[Kin expansion of macro ‘[01m[KROSCONSOLE_PRINT_AT_LOCATION[m[K’
       [01;36m[KROSCONSOLE_PRINT_AT_LOCATION[m[K(__VA_ARGS__); \
       [01;36m[K^~~~~~~~~~~~~~~~~~~~~~~~~~~~[m[K
[01m[K/opt/ros/melodic/include/ros/console.h:572:35:[m[K [01;36m[Knote: [m[Kin expansion of macro ‘[01m[KROS_LOG_COND[m[K’
 #define ROS_LOG(level, name, ...) [01;36m[KROS_LOG_COND[m[K(true, level, name, __VA_ARGS__)
                                   [01;36m[K^~~~~~~~~~~~[m[K
[01m[K/opt/ros/melodic/include/rosconsole/macros_generated.h:162:23:[m[K [01;36m[Knote: [m[Kin expansion of macro ‘[01m[KROS_LOG[m[K’
 #define ROS_WARN(...) [01;36m[KROS_LOG[m[K(::ros::console::levels::Warn, ROSCONSOLE_DEFAULT_NAME, __VA_ARGS__)
                       [01;36m[K^~~~~~~[m[K
[01m[K/home/nuc/autoware.ai/src/autoware/utilities/app_cmd_sender/nodes/app_cmd_sender.cpp:78:9:[m[K [01;36m[Knote: [m[Kin expansion of macro ‘[01m[KROS_WARN[m[K’
         [01;36m[KR[m[KOS_WARN("IM planline, SIZE=%d",  ary.markers[0].points.size());
         [01;36m[K^[m[K
[01m[K/home/nuc/autoware.ai/src/autoware/utilities/app_cmd_sender/nodes/app_cmd_sender.cpp:82:57:[m[K [01;35m[Kwarning: [m[Knarrowing conversion of ‘[01m[Kpt.geometry_msgs::Point_<std::allocator<void> >::x[m[K’ from ‘[01m[Kgeometry_msgs::Point_<std::allocator<void> >::_x_type {aka double}[m[K’ to ‘[01m[Kfloat[m[K’ inside { } [[01;35m[K-Wnarrowing[m[K]
             plannedline.push_back(std::vector<float>{[01;35m[Kpt.x[m[K,pt.y});
                                                      [01;35m[K~~~^[m[K
[01m[K/home/nuc/autoware.ai/src/autoware/utilities/app_cmd_sender/nodes/app_cmd_sender.cpp:82:57:[m[K [01;35m[Kwarning: [m[Knarrowing conversion of ‘[01m[Kpt.geometry_msgs::Point_<std::allocator<void> >::x[m[K’ from ‘[01m[Kgeometry_msgs::Point_<std::allocator<void> >::_x_type {aka double}[m[K’ to ‘[01m[Kfloat[m[K’ inside { } [[01;35m[K-Wnarrowing[m[K]
[01m[K/home/nuc/autoware.ai/src/autoware/utilities/app_cmd_sender/nodes/app_cmd_sender.cpp:82:62:[m[K [01;35m[Kwarning: [m[Knarrowing conversion of ‘[01m[Kpt.geometry_msgs::Point_<std::allocator<void> >::y[m[K’ from ‘[01m[Kgeometry_msgs::Point_<std::allocator<void> >::_y_type {aka double}[m[K’ to ‘[01m[Kfloat[m[K’ inside { } [[01;35m[K-Wnarrowing[m[K]
             plannedline.push_back(std::vector<float>{pt.x,[01;35m[Kpt.y[m[K});
                                                           [01;35m[K~~~^[m[K
[01m[K/home/nuc/autoware.ai/src/autoware/utilities/app_cmd_sender/nodes/app_cmd_sender.cpp:82:62:[m[K [01;35m[Kwarning: [m[Knarrowing conversion of ‘[01m[Kpt.geometry_msgs::Point_<std::allocator<void> >::y[m[K’ from ‘[01m[Kgeometry_msgs::Point_<std::allocator<void> >::_y_type {aka double}[m[K’ to ‘[01m[Kfloat[m[K’ inside { } [[01;35m[K-Wnarrowing[m[K]
[01m[K/home/nuc/autoware.ai/src/autoware/utilities/app_cmd_sender/nodes/app_cmd_sender.cpp:[m[K In function ‘[01m[Kvoid currentposeCallback(const PoseStamped&)[m[K’:
[01m[K/home/nuc/autoware.ai/src/autoware/utilities/app_cmd_sender/nodes/app_cmd_sender.cpp:104:32:[m[K [01;35m[Kwarning: [m[Knarrowing conversion of ‘[01m[K(geometry_msgs::Point_<std::allocator<void> >::_x_type)odm.geometry_msgs::PoseStamped_<std::allocator<void> >::pose.geometry_msgs::Pose_<std::allocator<void> >::position.geometry_msgs::Point_<std::allocator<void> >::x[m[K’ from ‘[01m[Kgeometry_msgs::Point_<std::allocator<void> >::_x_type {aka double}[m[K’ to ‘[01m[Kfloat[m[K’ inside { } [[01;35m[K-Wnarrowing[m[K]
     point pt{[01;35m[Kodm.pose.position.x[m[K,odm.pose.position.y};
              [01;35m[K~~~~~~~~~~~~~~~~~~^[m[K
[01m[K/home/nuc/autoware.ai/src/autoware/utilities/app_cmd_sender/nodes/app_cmd_sender.cpp:104:52:[m[K [01;35m[Kwarning: [m[Knarrowing conversion of ‘[01m[K(geometry_msgs::Point_<std::allocator<void> >::_y_type)odm.geometry_msgs::PoseStamped_<std::allocator<void> >::pose.geometry_msgs::Pose_<std::allocator<void> >::position.geometry_msgs::Point_<std::allocator<void> >::y[m[K’ from ‘[01m[Kgeometry_msgs::Point_<std::allocator<void> >::_y_type {aka double}[m[K’ to ‘[01m[Kfloat[m[K’ inside { } [[01;35m[K-Wnarrowing[m[K]
     point pt{odm.pose.position.x,[01;35m[Kodm.pose.position.y[m[K};
                                  [01;35m[K~~~~~~~~~~~~~~~~~~^[m[K
[100%] [32m[1mLinking CXX executable devel/lib/app_cmd_sender/app_cmd_sender[0m
/usr/bin/ld: cannot find -lopencv
collect2: error: ld returned 1 exit status
CMakeFiles/app_cmd_sender.dir/build.make:153: recipe for target 'devel/lib/app_cmd_sender/app_cmd_sender' failed
make[2]: *** [devel/lib/app_cmd_sender/app_cmd_sender] Error 1
CMakeFiles/Makefile2:126: recipe for target 'CMakeFiles/app_cmd_sender.dir/all' failed
make[1]: *** [CMakeFiles/app_cmd_sender.dir/all] Error 2
Makefile:140: recipe for target 'all' failed
make: *** [all] Error 2
