[0.152s] DEBUG:colcon:Command line arguments: ['/usr/bin/colcon', 'build']
[0.152s] DEBUG:colcon:Parsed command line arguments: Namespace(ament_cmake_args=None, base_paths=['.'], build_base='build', catkin_cmake_args=None, catkin_skip_building_tests=False, cmake_args=None, cmake_clean_cache=False, cmake_clean_first=False, cmake_force_configure=False, cmake_target=None, cmake_target_skip_unavailable=False, continue_on_error=False, event_handlers=None, executor='parallel', ignore_user_meta=False, install_base='install', log_base=None, log_level=None, main=<bound method BuildVerb.main of <colcon_core.verb.build.BuildVerb object at 0x7f7fefc48b38>>, merge_install=False, metas=['./colcon.meta'], packages_above=None, packages_above_and_dependencies=None, packages_above_depth=None, packages_end=None, packages_ignore=None, packages_ignore_regex=None, packages_select=None, packages_select_build_failed=False, packages_select_by_dep=None, packages_select_regex=None, packages_select_test_failures=False, packages_skip=None, packages_skip_build_finished=False, packages_skip_by_dep=None, packages_skip_regex=None, packages_skip_test_passed=False, packages_skip_up_to=None, packages_start=None, packages_up_to=None, packages_up_to_regex=None, parallel_workers=8, paths=None, symlink_install=False, test_result_base=None, verb_extension=<colcon_core.verb.build.BuildVerb object at 0x7f7fefc48b38>, verb_name='build', verb_parser=<colcon_defaults.argument_parser.defaults.DefaultArgumentsDecorator object at 0x7f7fefc48ef0>)
[0.169s] Level 1:colcon.colcon_core.package_discovery:discover_packages(colcon_meta) check parameters
[0.169s] Level 1:colcon.colcon_core.package_discovery:discover_packages(recursive) check parameters
[0.169s] Level 1:colcon.colcon_core.package_discovery:discover_packages(ignore) check parameters
[0.169s] Level 1:colcon.colcon_core.package_discovery:discover_packages(path) check parameters
[0.169s] Level 1:colcon.colcon_core.package_discovery:discover_packages(colcon_meta) discover
[0.170s] Level 1:colcon.colcon_core.package_discovery:discover_packages(recursive) discover
[0.170s] INFO:colcon.colcon_core.package_discovery:Crawling recursively for packages in '/home/nuc/autoware.ai/src/autoware/utilities/app_cmd_sender'
[0.170s] Level 1:colcon.colcon_core.package_identification:_identify(.) by extensions ['ignore', 'ignore_ament_install']
[0.170s] Level 1:colcon.colcon_core.package_identification:_identify(.) by extension 'ignore'
[0.170s] Level 1:colcon.colcon_core.package_identification:_identify(.) by extension 'ignore_ament_install'
[0.170s] Level 1:colcon.colcon_core.package_identification:_identify(.) by extensions ['colcon_pkg']
[0.170s] Level 1:colcon.colcon_core.package_identification:_identify(.) by extension 'colcon_pkg'
[0.170s] Level 1:colcon.colcon_core.package_identification:_identify(.) by extensions ['colcon_meta']
[0.170s] Level 1:colcon.colcon_core.package_identification:_identify(.) by extension 'colcon_meta'
[0.170s] Level 1:colcon.colcon_core.package_identification:_identify(.) by extensions ['ros']
[0.170s] Level 1:colcon.colcon_core.package_identification:_identify(.) by extension 'ros'
[0.182s] DEBUG:colcon.colcon_core.package_identification:Package '.' with type 'ros.catkin' and name 'app_cmd_sender'
[0.182s] Level 1:colcon.colcon_core.package_discovery:discover_packages(recursive) using defaults
[0.182s] Level 1:colcon.colcon_core.package_discovery:discover_packages(ignore) discover
[0.182s] Level 1:colcon.colcon_core.package_discovery:discover_packages(ignore) using defaults
[0.182s] Level 1:colcon.colcon_core.package_discovery:discover_packages(path) discover
[0.182s] Level 1:colcon.colcon_core.package_discovery:discover_packages(path) using defaults
[0.187s] Level 5:colcon.colcon_core.verb:set package 'app_cmd_sender' build argument 'cmake_args' from command line to 'None'
[0.187s] Level 5:colcon.colcon_core.verb:set package 'app_cmd_sender' build argument 'cmake_target' from command line to 'None'
[0.187s] Level 5:colcon.colcon_core.verb:set package 'app_cmd_sender' build argument 'cmake_target_skip_unavailable' from command line to 'False'
[0.187s] Level 5:colcon.colcon_core.verb:set package 'app_cmd_sender' build argument 'cmake_clean_cache' from command line to 'False'
[0.187s] Level 5:colcon.colcon_core.verb:set package 'app_cmd_sender' build argument 'cmake_clean_first' from command line to 'False'
[0.187s] Level 5:colcon.colcon_core.verb:set package 'app_cmd_sender' build argument 'cmake_force_configure' from command line to 'False'
[0.187s] Level 5:colcon.colcon_core.verb:set package 'app_cmd_sender' build argument 'ament_cmake_args' from command line to 'None'
[0.187s] Level 5:colcon.colcon_core.verb:set package 'app_cmd_sender' build argument 'catkin_cmake_args' from command line to 'None'
[0.187s] Level 5:colcon.colcon_core.verb:set package 'app_cmd_sender' build argument 'catkin_skip_building_tests' from command line to 'False'
[0.187s] DEBUG:colcon.colcon_core.verb:Building package 'app_cmd_sender' with the following arguments: {'ament_cmake_args': None, 'build_base': '/home/nuc/autoware.ai/src/autoware/utilities/app_cmd_sender/build/app_cmd_sender', 'catkin_cmake_args': None, 'catkin_skip_building_tests': False, 'cmake_args': None, 'cmake_clean_cache': False, 'cmake_clean_first': False, 'cmake_force_configure': False, 'cmake_target': None, 'cmake_target_skip_unavailable': False, 'install_base': '/home/nuc/autoware.ai/src/autoware/utilities/app_cmd_sender/install/app_cmd_sender', 'merge_install': False, 'path': '/home/nuc/autoware.ai/src/autoware/utilities/app_cmd_sender', 'symlink_install': False, 'test_result_base': None}
[0.188s] INFO:colcon.colcon_core.executor:Executing jobs using 'parallel' executor
[0.190s] DEBUG:colcon.colcon_parallel_executor.executor.parallel:run_until_complete
[0.190s] INFO:colcon.colcon_ros.task.catkin.build:Building ROS package in '/home/nuc/autoware.ai/src/autoware/utilities/app_cmd_sender' with build type 'catkin'
[0.190s] INFO:colcon.colcon_cmake.task.cmake.build:Building CMake package in '/home/nuc/autoware.ai/src/autoware/utilities/app_cmd_sender'
[0.195s] INFO:colcon.colcon_core.plugin_system:Skipping extension 'colcon_core.shell.bat': Not used on non-Windows systems
[0.195s] INFO:colcon.colcon_core.shell:Skip shell extension 'powershell' for command environment: Not usable outside of PowerShell
[0.195s] DEBUG:colcon.colcon_core.shell:Skip shell extension 'dsv' for command environment
[0.207s] DEBUG:colcon.colcon_core.shell:Ignoring prefix path '/opt/ros/melodic'
[0.218s] DEBUG:colcon.colcon_core.event_handler.log_command:Invoking command in '/home/nuc/autoware.ai/src/autoware/utilities/app_cmd_sender/build/app_cmd_sender': /usr/bin/cmake --build /home/nuc/autoware.ai/src/autoware/utilities/app_cmd_sender/build/app_cmd_sender -- -j8 -l8
[1.982s] Level 1:colcon.colcon_core.shell:create_environment_hook('app_cmd_sender', 'ros_package_path')
[1.983s] INFO:colcon.colcon_core.shell:Creating environment hook '/home/nuc/autoware.ai/src/autoware/utilities/app_cmd_sender/install/app_cmd_sender/share/app_cmd_sender/hook/ros_package_path.ps1'
[1.984s] DEBUG:colcon.colcon_core.event_handler.log_command:Invoked command in '/home/nuc/autoware.ai/src/autoware/utilities/app_cmd_sender/build/app_cmd_sender' returned '2': /usr/bin/cmake --build /home/nuc/autoware.ai/src/autoware/utilities/app_cmd_sender/build/app_cmd_sender -- -j8 -l8
[1.985s] INFO:colcon.colcon_core.shell:Creating environment descriptor '/home/nuc/autoware.ai/src/autoware/utilities/app_cmd_sender/install/app_cmd_sender/share/app_cmd_sender/hook/ros_package_path.dsv'
[1.986s] INFO:colcon.colcon_core.shell:Creating environment hook '/home/nuc/autoware.ai/src/autoware/utilities/app_cmd_sender/install/app_cmd_sender/share/app_cmd_sender/hook/ros_package_path.sh'
[1.987s] Level 1:colcon.colcon_ros.task.catkin:checking '/home/nuc/autoware.ai/src/autoware/utilities/app_cmd_sender/install/app_cmd_sender/lib/python2.7/dist-packages'
[1.987s] Level 1:colcon.colcon_core.shell:create_environment_hook('app_cmd_sender', 'pkg_config_path')
[1.987s] INFO:colcon.colcon_core.shell:Creating environment hook '/home/nuc/autoware.ai/src/autoware/utilities/app_cmd_sender/install/app_cmd_sender/share/app_cmd_sender/hook/pkg_config_path.ps1'
[1.988s] INFO:colcon.colcon_core.shell:Creating environment descriptor '/home/nuc/autoware.ai/src/autoware/utilities/app_cmd_sender/install/app_cmd_sender/share/app_cmd_sender/hook/pkg_config_path.dsv'
[1.988s] INFO:colcon.colcon_core.shell:Creating environment hook '/home/nuc/autoware.ai/src/autoware/utilities/app_cmd_sender/install/app_cmd_sender/share/app_cmd_sender/hook/pkg_config_path.sh'
[1.992s] Level 1:colcon.colcon_core.shell:create_environment_hook('app_cmd_sender', 'pkg_config_path_multiarch')
[1.993s] INFO:colcon.colcon_core.shell:Creating environment hook '/home/nuc/autoware.ai/src/autoware/utilities/app_cmd_sender/install/app_cmd_sender/share/app_cmd_sender/hook/pkg_config_path_multiarch.ps1'
[1.993s] INFO:colcon.colcon_core.shell:Creating environment descriptor '/home/nuc/autoware.ai/src/autoware/utilities/app_cmd_sender/install/app_cmd_sender/share/app_cmd_sender/hook/pkg_config_path_multiarch.dsv'
[1.994s] INFO:colcon.colcon_core.shell:Creating environment hook '/home/nuc/autoware.ai/src/autoware/utilities/app_cmd_sender/install/app_cmd_sender/share/app_cmd_sender/hook/pkg_config_path_multiarch.sh'
[1.995s] Level 1:colcon.colcon_core.environment:create_environment_scripts_only(app_cmd_sender)
[1.999s] Level 1:colcon.colcon_core.environment:checking '/home/nuc/autoware.ai/src/autoware/utilities/app_cmd_sender/install/app_cmd_sender' for CMake module files
[1.999s] Level 1:colcon.colcon_core.environment:checking '/home/nuc/autoware.ai/src/autoware/utilities/app_cmd_sender/install/app_cmd_sender' for CMake config files
[1.999s] Level 1:colcon.colcon_core.shell:create_environment_hook('app_cmd_sender', 'cmake_prefix_path')
[2.000s] INFO:colcon.colcon_core.shell:Creating environment hook '/home/nuc/autoware.ai/src/autoware/utilities/app_cmd_sender/install/app_cmd_sender/share/app_cmd_sender/hook/cmake_prefix_path.ps1'
[2.001s] INFO:colcon.colcon_core.shell:Creating environment descriptor '/home/nuc/autoware.ai/src/autoware/utilities/app_cmd_sender/install/app_cmd_sender/share/app_cmd_sender/hook/cmake_prefix_path.dsv'
[2.001s] INFO:colcon.colcon_core.shell:Creating environment hook '/home/nuc/autoware.ai/src/autoware/utilities/app_cmd_sender/install/app_cmd_sender/share/app_cmd_sender/hook/cmake_prefix_path.sh'
[2.002s] Level 1:colcon.colcon_core.environment:checking '/home/nuc/autoware.ai/src/autoware/utilities/app_cmd_sender/install/app_cmd_sender/lib'
[2.002s] Level 1:colcon.colcon_core.environment:checking '/home/nuc/autoware.ai/src/autoware/utilities/app_cmd_sender/install/app_cmd_sender/bin'
[2.002s] Level 1:colcon.colcon_core.environment:checking '/home/nuc/autoware.ai/src/autoware/utilities/app_cmd_sender/install/app_cmd_sender/lib/pkgconfig/app_cmd_sender.pc'
[2.003s] Level 1:colcon.colcon_core.shell:create_environment_hook('app_cmd_sender', 'pkg_config')
[2.003s] INFO:colcon.colcon_core.shell:Creating environment hook '/home/nuc/autoware.ai/src/autoware/utilities/app_cmd_sender/install/app_cmd_sender/share/app_cmd_sender/hook/pkg_config.ps1'
[2.004s] INFO:colcon.colcon_core.shell:Creating environment descriptor '/home/nuc/autoware.ai/src/autoware/utilities/app_cmd_sender/install/app_cmd_sender/share/app_cmd_sender/hook/pkg_config.dsv'
[2.004s] INFO:colcon.colcon_core.shell:Creating environment hook '/home/nuc/autoware.ai/src/autoware/utilities/app_cmd_sender/install/app_cmd_sender/share/app_cmd_sender/hook/pkg_config.sh'
[2.005s] Level 1:colcon.colcon_core.environment:checking '/home/nuc/autoware.ai/src/autoware/utilities/app_cmd_sender/install/app_cmd_sender/lib/python3.6/site-packages'
[2.005s] INFO:colcon.colcon_core.shell:Creating package script '/home/nuc/autoware.ai/src/autoware/utilities/app_cmd_sender/install/app_cmd_sender/share/app_cmd_sender/package.ps1'
[2.006s] INFO:colcon.colcon_core.shell:Creating package descriptor '/home/nuc/autoware.ai/src/autoware/utilities/app_cmd_sender/install/app_cmd_sender/share/app_cmd_sender/package.dsv'
[2.007s] INFO:colcon.colcon_core.shell:Creating package script '/home/nuc/autoware.ai/src/autoware/utilities/app_cmd_sender/install/app_cmd_sender/share/app_cmd_sender/package.sh'
[2.008s] INFO:colcon.colcon_core.shell:Creating package script '/home/nuc/autoware.ai/src/autoware/utilities/app_cmd_sender/install/app_cmd_sender/share/app_cmd_sender/package.bash'
[2.009s] INFO:colcon.colcon_core.shell:Creating package script '/home/nuc/autoware.ai/src/autoware/utilities/app_cmd_sender/install/app_cmd_sender/share/app_cmd_sender/package.zsh'
[2.009s] Level 1:colcon.colcon_core.environment:create_file_with_runtime_dependencies(/home/nuc/autoware.ai/src/autoware/utilities/app_cmd_sender/install/app_cmd_sender/share/colcon-core/packages/app_cmd_sender)
[2.010s] DEBUG:colcon.colcon_parallel_executor.executor.parallel:closing loop
[2.010s] DEBUG:colcon.colcon_parallel_executor.executor.parallel:loop closed
[2.011s] DEBUG:colcon.colcon_parallel_executor.executor.parallel:run_until_complete finished with '2'
[2.011s] DEBUG:colcon.colcon_core.event_reactor:joining thread
[2.020s] INFO:colcon.colcon_core.plugin_system:Skipping extension 'colcon_notification.desktop_notification.terminal_notifier': Not used on non-Darwin systems
[2.020s] INFO:colcon.colcon_core.plugin_system:Skipping extension 'colcon_notification.desktop_notification.win32': Not used on non-Windows systems
[2.020s] INFO:colcon.colcon_notification.desktop_notification:Sending desktop notification using 'notify2'
[2.023s] DEBUG:colcon.colcon_core.event_reactor:joined thread
[2.024s] INFO:colcon.colcon_core.shell:Creating prefix script '/home/nuc/autoware.ai/src/autoware/utilities/app_cmd_sender/install/local_setup.ps1'
[2.026s] INFO:colcon.colcon_core.shell:Creating prefix util module '/home/nuc/autoware.ai/src/autoware/utilities/app_cmd_sender/install/_local_setup_util_ps1.py'
[2.028s] INFO:colcon.colcon_core.shell:Creating prefix chain script '/home/nuc/autoware.ai/src/autoware/utilities/app_cmd_sender/install/setup.ps1'
[2.039s] INFO:colcon.colcon_core.shell:Creating prefix script '/home/nuc/autoware.ai/src/autoware/utilities/app_cmd_sender/install/local_setup.sh'
[2.039s] INFO:colcon.colcon_core.shell:Creating prefix util module '/home/nuc/autoware.ai/src/autoware/utilities/app_cmd_sender/install/_local_setup_util_sh.py'
[2.040s] INFO:colcon.colcon_core.shell:Creating prefix chain script '/home/nuc/autoware.ai/src/autoware/utilities/app_cmd_sender/install/setup.sh'
[2.049s] INFO:colcon.colcon_core.shell:Creating prefix script '/home/nuc/autoware.ai/src/autoware/utilities/app_cmd_sender/install/local_setup.bash'
[2.049s] INFO:colcon.colcon_core.shell:Creating prefix chain script '/home/nuc/autoware.ai/src/autoware/utilities/app_cmd_sender/install/setup.bash'
[2.063s] INFO:colcon.colcon_core.shell:Creating prefix script '/home/nuc/autoware.ai/src/autoware/utilities/app_cmd_sender/install/local_setup.zsh'
[2.063s] INFO:colcon.colcon_core.shell:Creating prefix chain script '/home/nuc/autoware.ai/src/autoware/utilities/app_cmd_sender/install/setup.zsh'
