[0.028s] Invoking command in '/home/nuc/autoware.ai/src/autoware/utilities/app_cmd_sender/build/app_cmd_sender': /usr/bin/cmake --build /home/nuc/autoware.ai/src/autoware/utilities/app_cmd_sender/build/app_cmd_sender -- -j8 -l8
[0.125s] [  0%] Built target tablet_socket_msgs_generate_messages_eus
[0.126s] [  0%] Built target rosgraph_msgs_generate_messages_py
[0.126s] [  0%] Built target sensor_msgs_generate_messages_nodejs
[0.128s] [  0%] Built target tablet_socket_msgs_generate_messages_nodejs
[0.128s] [  0%] Built target rosgraph_msgs_generate_messages_lisp
[0.132s] [  0%] Built target tablet_socket_msgs_generate_messages_py
[0.143s] [  0%] Built target tablet_socket_msgs_generate_messages_lisp
[0.144s] [  0%] Built target rosgraph_msgs_generate_messages_nodejs
[0.170s] [  0%] Built target roscpp_generate_messages_lisp
[0.178s] [  0%] Built target actionlib_msgs_generate_messages_lisp
[0.179s] [  0%] Built target jsk_footstep_msgs_generate_messages_nodejs
[0.185s] [  0%] Built target actionlib_msgs_generate_messages_cpp
[0.185s] [  0%] Built target roscpp_generate_messages_py
[0.190s] [  0%] Built target jsk_footstep_msgs_generate_messages_lisp
[0.199s] [  0%] Built target actionlib_msgs_generate_messages_py
[0.211s] [  0%] Built target jsk_footstep_msgs_generate_messages_eus
[0.231s] [  0%] Built target pcl_msgs_generate_messages_py
[0.235s] [  0%] Built target pcl_msgs_generate_messages_nodejs
[0.238s] [  0%] Built target pcl_msgs_generate_messages_lisp
[0.239s] [  0%] Built target pcl_msgs_generate_messages_eus
[0.244s] [  0%] Built target rosgraph_msgs_generate_messages_cpp
[0.246s] [  0%] Built target std_msgs_generate_messages_nodejs
[0.255s] [  0%] Built target autoware_msgs_generate_messages_cpp
[0.278s] [  0%] Built target sensor_msgs_generate_messages_cpp
[0.281s] [  0%] Built target std_msgs_generate_messages_lisp
[0.286s] [  0%] Built target sensor_msgs_generate_messages_eus
[0.286s] [  0%] Built target tablet_socket_msgs_generate_messages_cpp
[0.286s] [  0%] Built target autoware_can_msgs_generate_messages_py
[0.303s] [  0%] Built target geometry_msgs_generate_messages_py
[0.306s] [  0%] Built target std_msgs_generate_messages_eus
[0.312s] [  0%] Built target jsk_footstep_msgs_generate_messages_cpp
[0.332s] [  0%] Built target autoware_msgs_generate_messages_nodejs
[0.334s] [  0%] Built target jsk_footstep_msgs_generate_messages_py
[0.335s] [  0%] Built target std_msgs_generate_messages_cpp
[0.353s] [  0%] Built target autoware_can_msgs_generate_messages_eus
[0.356s] [  0%] Built target autoware_msgs_generate_messages_py
[0.358s] [  0%] Built target actionlib_msgs_generate_messages_nodejs
[0.359s] [  0%] Built target std_msgs_generate_messages_py
[0.364s] [  0%] Built target geometry_msgs_generate_messages_nodejs
[0.382s] [  0%] Built target jsk_recognition_msgs_generate_messages_py
[0.399s] [  0%] Built target sensor_msgs_generate_messages_py
[0.408s] [  0%] Built target jsk_recognition_msgs_generate_messages_cpp
[0.409s] [  0%] Built target autoware_can_msgs_generate_messages_nodejs
[0.411s] [  0%] Built target autoware_can_msgs_generate_messages_lisp
[0.412s] [  0%] Built target autoware_msgs_generate_messages_eus
[0.415s] [  0%] Built target autoware_can_msgs_generate_messages_cpp
[0.416s] [  0%] Built target sensor_msgs_generate_messages_lisp
[0.435s] [  0%] Built target pcl_msgs_generate_messages_cpp
[0.454s] [  0%] Built target actionlib_msgs_generate_messages_eus
[0.461s] [  0%] Built target autoware_msgs_generate_messages_lisp
[0.466s] [  0%] Built target roscpp_generate_messages_eus
[0.467s] [  0%] Built target geometry_msgs_generate_messages_cpp
[0.472s] [  0%] Built target geometry_msgs_generate_messages_lisp
[0.474s] [  0%] Built target roscpp_generate_messages_nodejs
[0.485s] [  0%] Built target geometry_msgs_generate_messages_eus
[0.502s] [  0%] Built target jsk_recognition_msgs_generate_messages_eus
[0.505s] [  0%] Built target jsk_recognition_msgs_generate_messages_nodejs
[0.506s] [  0%] Built target jsk_recognition_msgs_generate_messages_lisp
[0.516s] [  0%] Built target roscpp_generate_messages_cpp
[0.519s] [  0%] Built target rosgraph_msgs_generate_messages_eus
[0.536s] [35m[1mScanning dependencies of target app_cmd_sender[0m
[0.563s] [ 50%] [32mBuilding CXX object CMakeFiles/app_cmd_sender.dir/nodes/app_cmd_sender.cpp.o[0m
[2.748s] [01m[K/home/nuc/autoware.ai/src/autoware/utilities/app_cmd_sender/nodes/app_cmd_sender.cpp:[m[K In function ‘[01m[Kvoid centerlineCallback(const MarkerArray&)[m[K’:
[2.748s] [01m[K/home/nuc/autoware.ai/src/autoware/utilities/app_cmd_sender/nodes/app_cmd_sender.cpp:68:32:[m[K [01;35m[Kwarning: [m[Knarrowing conversion of ‘[01m[Kpt.geometry_msgs::Point_<std::allocator<void> >::x[m[K’ from ‘[01m[Kgeometry_msgs::Point_<std::allocator<void> >::_x_type {aka double}[m[K’ to ‘[01m[Kfloat[m[K’ inside { } [[01;35m[K-Wnarrowing[m[K]
[2.749s]          centerpt.push_back({[01;35m[Kpt.x[m[K,pt.y});
[2.749s]                              [01;35m[K~~~^[m[K
[2.749s] [01m[K/home/nuc/autoware.ai/src/autoware/utilities/app_cmd_sender/nodes/app_cmd_sender.cpp:68:37:[m[K [01;35m[Kwarning: [m[Knarrowing conversion of ‘[01m[Kpt.geometry_msgs::Point_<std::allocator<void> >::y[m[K’ from ‘[01m[Kgeometry_msgs::Point_<std::allocator<void> >::_y_type {aka double}[m[K’ to ‘[01m[Kfloat[m[K’ inside { } [[01;35m[K-Wnarrowing[m[K]
[2.749s]          centerpt.push_back({pt.x,[01;35m[Kpt.y[m[K});
[2.749s]                                   [01;35m[K~~~^[m[K
[2.750s] In file included from [01m[K/opt/ros/melodic/include/ros/ros.h:40:0[m[K,
[2.750s]                  from [01m[K/home/nuc/autoware.ai/src/autoware/utilities/app_cmd_sender/nodes/app_cmd_sender.cpp:17[m[K:
[2.750s] [01m[K/opt/ros/melodic/include/ros/console.h:348:176:[m[K [01;35m[Kwarning: [m[Kformat ‘[01m[K%d[m[K’ expects argument of type ‘[01m[Kint[m[K’, but argument 8 has type ‘[01m[Kstd::vector<geometry_msgs::Point_<std::allocator<void> >, std::allocator<geometry_msgs::Point_<std::allocator<void> > > >::size_type {aka long unsigned int}[m[K’ [[01;35m[K-Wformat=[m[K]
[2.750s]  rosconsole_define_location__loc.level_, __FILE__, __LINE__, __ROSCONSOLE_FUNCTION__, __VA_ARGS__[01;35m[K)[m[K
[2.750s]                                                                                                  [01;35m[K^[m[K
[2.750s] [01m[K/opt/ros/melodic/include/ros/console.h:351:5:[m[K [01;36m[Knote: [m[Kin expansion of macro ‘[01m[KROSCONSOLE_PRINT_AT_LOCATION_WITH_FILTER[m[K’
[2.750s]      [01;36m[KROSCONSOLE_PRINT_AT_LOCATION_WITH_FILTER[m[K(NULL, __VA_ARGS__)
[2.750s]      [01;36m[K^~~~~~~~~~~~~~~~~~~~~~~~~~~~~~~~~~~~~~~~[m[K
[2.750s] [01m[K/opt/ros/melodic/include/ros/console.h:387:7:[m[K [01;36m[Knote: [m[Kin expansion of macro ‘[01m[KROSCONSOLE_PRINT_AT_LOCATION[m[K’
[2.750s]        [01;36m[KROSCONSOLE_PRINT_AT_LOCATION[m[K(__VA_ARGS__); \
[2.751s]        [01;36m[K^~~~~~~~~~~~~~~~~~~~~~~~~~~~[m[K
[2.751s] [01m[K/opt/ros/melodic/include/ros/console.h:572:35:[m[K [01;36m[Knote: [m[Kin expansion of macro ‘[01m[KROS_LOG_COND[m[K’
[2.751s]  #define ROS_LOG(level, name, ...) [01;36m[KROS_LOG_COND[m[K(true, level, name, __VA_ARGS__)
[2.751s]                                    [01;36m[K^~~~~~~~~~~~[m[K
[2.751s] [01m[K/opt/ros/melodic/include/rosconsole/macros_generated.h:162:23:[m[K [01;36m[Knote: [m[Kin expansion of macro ‘[01m[KROS_LOG[m[K’
[2.751s]  #define ROS_WARN(...) [01;36m[KROS_LOG[m[K(::ros::console::levels::Warn, ROSCONSOLE_DEFAULT_NAME, __VA_ARGS__)
[2.751s]                        [01;36m[K^~~~~~~[m[K
[2.751s] [01m[K/home/nuc/autoware.ai/src/autoware/utilities/app_cmd_sender/nodes/app_cmd_sender.cpp:70:5:[m[K [01;36m[Knote: [m[Kin expansion of macro ‘[01m[KROS_WARN[m[K’
[2.751s]      [01;36m[KR[m[KOS_WARN("IM centerline, SIZE=%d",  ary.markers[0].points.size());
[2.751s]      [01;36m[K^[m[K
[2.751s] [01m[K/home/nuc/autoware.ai/src/autoware/utilities/app_cmd_sender/nodes/app_cmd_sender.cpp:[m[K In function ‘[01m[Kvoid planlineCallback(const MarkerArray&)[m[K’:
[2.752s] [01m[K/opt/ros/melodic/include/ros/console.h:348:176:[m[K [01;35m[Kwarning: [m[Kformat ‘[01m[K%d[m[K’ expects argument of type ‘[01m[Kint[m[K’, but argument 8 has type ‘[01m[Kstd::vector<geometry_msgs::Point_<std::allocator<void> >, std::allocator<geometry_msgs::Point_<std::allocator<void> > > >::size_type {aka long unsigned int}[m[K’ [[01;35m[K-Wformat=[m[K]
[2.752s]  rosconsole_define_location__loc.level_, __FILE__, __LINE__, __ROSCONSOLE_FUNCTION__, __VA_ARGS__[01;35m[K)[m[K
[2.752s]                                                                                                  [01;35m[K^[m[K
[2.752s] [01m[K/opt/ros/melodic/include/ros/console.h:351:5:[m[K [01;36m[Knote: [m[Kin expansion of macro ‘[01m[KROSCONSOLE_PRINT_AT_LOCATION_WITH_FILTER[m[K’
[2.752s]      [01;36m[KROSCONSOLE_PRINT_AT_LOCATION_WITH_FILTER[m[K(NULL, __VA_ARGS__)
[2.752s]      [01;36m[K^~~~~~~~~~~~~~~~~~~~~~~~~~~~~~~~~~~~~~~~[m[K
[2.752s] [01m[K/opt/ros/melodic/include/ros/console.h:387:7:[m[K [01;36m[Knote: [m[Kin expansion of macro ‘[01m[KROSCONSOLE_PRINT_AT_LOCATION[m[K’
[2.752s]        [01;36m[KROSCONSOLE_PRINT_AT_LOCATION[m[K(__VA_ARGS__); \
[2.752s]        [01;36m[K^~~~~~~~~~~~~~~~~~~~~~~~~~~~[m[K
[2.752s] [01m[K/opt/ros/melodic/include/ros/console.h:572:35:[m[K [01;36m[Knote: [m[Kin expansion of macro ‘[01m[KROS_LOG_COND[m[K’
[2.753s]  #define ROS_LOG(level, name, ...) [01;36m[KROS_LOG_COND[m[K(true, level, name, __VA_ARGS__)
[2.753s]                                    [01;36m[K^~~~~~~~~~~~[m[K
[2.753s] [01m[K/opt/ros/melodic/include/rosconsole/macros_generated.h:162:23:[m[K [01;36m[Knote: [m[Kin expansion of macro ‘[01m[KROS_LOG[m[K’
[2.753s]  #define ROS_WARN(...) [01;36m[KROS_LOG[m[K(::ros::console::levels::Warn, ROSCONSOLE_DEFAULT_NAME, __VA_ARGS__)
[2.753s]                        [01;36m[K^~~~~~~[m[K
[2.753s] [01m[K/home/nuc/autoware.ai/src/autoware/utilities/app_cmd_sender/nodes/app_cmd_sender.cpp:79:9:[m[K [01;36m[Knote: [m[Kin expansion of macro ‘[01m[KROS_WARN[m[K’
[2.753s]          [01;36m[KR[m[KOS_WARN("IM planline, SIZE=%d",  ary.markers[0].points.size());
[2.753s]          [01;36m[K^[m[K
[2.754s] [01m[K/home/nuc/autoware.ai/src/autoware/utilities/app_cmd_sender/nodes/app_cmd_sender.cpp:83:57:[m[K [01;35m[Kwarning: [m[Knarrowing conversion of ‘[01m[Kpt.geometry_msgs::Point_<std::allocator<void> >::x[m[K’ from ‘[01m[Kgeometry_msgs::Point_<std::allocator<void> >::_x_type {aka double}[m[K’ to ‘[01m[Kfloat[m[K’ inside { } [[01;35m[K-Wnarrowing[m[K]
[2.754s]              plannedline.push_back(std::vector<float>{[01;35m[Kpt.x[m[K,pt.y});
[2.754s]                                                       [01;35m[K~~~^[m[K
[2.754s] [01m[K/home/nuc/autoware.ai/src/autoware/utilities/app_cmd_sender/nodes/app_cmd_sender.cpp:83:57:[m[K [01;35m[Kwarning: [m[Knarrowing conversion of ‘[01m[Kpt.geometry_msgs::Point_<std::allocator<void> >::x[m[K’ from ‘[01m[Kgeometry_msgs::Point_<std::allocator<void> >::_x_type {aka double}[m[K’ to ‘[01m[Kfloat[m[K’ inside { } [[01;35m[K-Wnarrowing[m[K]
[2.754s] [01m[K/home/nuc/autoware.ai/src/autoware/utilities/app_cmd_sender/nodes/app_cmd_sender.cpp:83:62:[m[K [01;35m[Kwarning: [m[Knarrowing conversion of ‘[01m[Kpt.geometry_msgs::Point_<std::allocator<void> >::y[m[K’ from ‘[01m[Kgeometry_msgs::Point_<std::allocator<void> >::_y_type {aka double}[m[K’ to ‘[01m[Kfloat[m[K’ inside { } [[01;35m[K-Wnarrowing[m[K]
[2.754s]              plannedline.push_back(std::vector<float>{pt.x,[01;35m[Kpt.y[m[K});
[2.754s]                                                            [01;35m[K~~~^[m[K
[2.754s] [01m[K/home/nuc/autoware.ai/src/autoware/utilities/app_cmd_sender/nodes/app_cmd_sender.cpp:83:62:[m[K [01;35m[Kwarning: [m[Knarrowing conversion of ‘[01m[Kpt.geometry_msgs::Point_<std::allocator<void> >::y[m[K’ from ‘[01m[Kgeometry_msgs::Point_<std::allocator<void> >::_y_type {aka double}[m[K’ to ‘[01m[Kfloat[m[K’ inside { } [[01;35m[K-Wnarrowing[m[K]
[2.754s] [01m[K/home/nuc/autoware.ai/src/autoware/utilities/app_cmd_sender/nodes/app_cmd_sender.cpp:[m[K In function ‘[01m[Kvoid currentposeCallback(const PoseStamped&)[m[K’:
[2.754s] [01m[K/home/nuc/autoware.ai/src/autoware/utilities/app_cmd_sender/nodes/app_cmd_sender.cpp:105:32:[m[K [01;35m[Kwarning: [m[Knarrowing conversion of ‘[01m[K(geometry_msgs::Point_<std::allocator<void> >::_x_type)odm.geometry_msgs::PoseStamped_<std::allocator<void> >::pose.geometry_msgs::Pose_<std::allocator<void> >::position.geometry_msgs::Point_<std::allocator<void> >::x[m[K’ from ‘[01m[Kgeometry_msgs::Point_<std::allocator<void> >::_x_type {aka double}[m[K’ to ‘[01m[Kfloat[m[K’ inside { } [[01;35m[K-Wnarrowing[m[K]
[2.754s]      point pt{[01;35m[Kodm.pose.position.x[m[K,odm.pose.position.y};
[2.755s]               [01;35m[K~~~~~~~~~~~~~~~~~~^[m[K
[2.755s] [01m[K/home/nuc/autoware.ai/src/autoware/utilities/app_cmd_sender/nodes/app_cmd_sender.cpp:105:52:[m[K [01;35m[Kwarning: [m[Knarrowing conversion of ‘[01m[K(geometry_msgs::Point_<std::allocator<void> >::_y_type)odm.geometry_msgs::PoseStamped_<std::allocator<void> >::pose.geometry_msgs::Pose_<std::allocator<void> >::position.geometry_msgs::Point_<std::allocator<void> >::y[m[K’ from ‘[01m[Kgeometry_msgs::Point_<std::allocator<void> >::_y_type {aka double}[m[K’ to ‘[01m[Kfloat[m[K’ inside { } [[01;35m[K-Wnarrowing[m[K]
[2.755s]      point pt{odm.pose.position.x,[01;35m[Kodm.pose.position.y[m[K};
[2.755s]                                   [01;35m[K~~~~~~~~~~~~~~~~~~^[m[K
[9.428s] [100%] [32m[1mLinking CXX executable devel/lib/app_cmd_sender/app_cmd_sender[0m
[9.819s] [100%] Built target app_cmd_sender
[9.833s] Invoked command in '/home/nuc/autoware.ai/src/autoware/utilities/app_cmd_sender/build/app_cmd_sender' returned '0': /usr/bin/cmake --build /home/nuc/autoware.ai/src/autoware/utilities/app_cmd_sender/build/app_cmd_sender -- -j8 -l8
[9.951s] Invoking command in '/home/nuc/autoware.ai/src/autoware/utilities/app_cmd_sender/build/app_cmd_sender': /usr/bin/cmake --build /home/nuc/autoware.ai/src/autoware/utilities/app_cmd_sender/build/app_cmd_sender --target tests -- -j8 -l8
[10.036s] Built target tests
[10.050s] Invoked command in '/home/nuc/autoware.ai/src/autoware/utilities/app_cmd_sender/build/app_cmd_sender' returned '0': /usr/bin/cmake --build /home/nuc/autoware.ai/src/autoware/utilities/app_cmd_sender/build/app_cmd_sender --target tests -- -j8 -l8
[10.180s] Invoking command in '/home/nuc/autoware.ai/src/autoware/utilities/app_cmd_sender/build/app_cmd_sender': /usr/bin/cmake --build /home/nuc/autoware.ai/src/autoware/utilities/app_cmd_sender/build/app_cmd_sender --target install -- -j8 -l8
[10.275s] [  0%] Built target tablet_socket_msgs_generate_messages_py
[10.279s] [  0%] Built target tablet_socket_msgs_generate_messages_nodejs
[10.280s] [  0%] Built target sensor_msgs_generate_messages_nodejs
[10.283s] [  0%] Built target rosgraph_msgs_generate_messages_nodejs
[10.284s] [  0%] Built target rosgraph_msgs_generate_messages_lisp
[10.296s] [  0%] Built target tablet_socket_msgs_generate_messages_lisp
[10.299s] [  0%] Built target tablet_socket_msgs_generate_messages_eus
[10.301s] [  0%] Built target rosgraph_msgs_generate_messages_py
[10.334s] [  0%] Built target actionlib_msgs_generate_messages_lisp
[10.337s] [  0%] Built target roscpp_generate_messages_py
[10.340s] [  0%] Built target roscpp_generate_messages_lisp
[10.346s] [  0%] Built target actionlib_msgs_generate_messages_py
[10.346s] [  0%] Built target actionlib_msgs_generate_messages_cpp
[10.347s] [  0%] Built target jsk_footstep_msgs_generate_messages_nodejs
[10.351s] [  0%] Built target jsk_footstep_msgs_generate_messages_lisp
[10.367s] [  0%] Built target jsk_footstep_msgs_generate_messages_eus
[10.385s] [  0%] Built target pcl_msgs_generate_messages_py
[10.387s] [  0%] Built target pcl_msgs_generate_messages_nodejs
[10.388s] [  0%] Built target autoware_msgs_generate_messages_cpp
[10.390s] [  0%] Built target pcl_msgs_generate_messages_lisp
[10.392s] [  0%] Built target rosgraph_msgs_generate_messages_cpp
[10.395s] [  0%] Built target pcl_msgs_generate_messages_eus
[10.402s] [  0%] Built target std_msgs_generate_messages_nodejs
[10.414s] [  0%] Built target std_msgs_generate_messages_lisp
[10.432s] [  0%] Built target sensor_msgs_generate_messages_cpp
[10.437s] [  0%] Built target sensor_msgs_generate_messages_eus
[10.441s] [  0%] Built target jsk_footstep_msgs_generate_messages_cpp
[10.444s] [  0%] Built target autoware_can_msgs_generate_messages_py
[10.447s] [  0%] Built target geometry_msgs_generate_messages_py
[10.448s] [  0%] Built target tablet_socket_msgs_generate_messages_cpp
[10.454s] [  0%] Built target std_msgs_generate_messages_eus
[10.463s] [  0%] Built target autoware_msgs_generate_messages_nodejs
[10.483s] [  0%] Built target jsk_footstep_msgs_generate_messages_py
[10.488s] [  0%] Built target std_msgs_generate_messages_py
[10.488s] [  0%] Built target actionlib_msgs_generate_messages_nodejs
[10.488s] [  0%] Built target autoware_msgs_generate_messages_py
[10.492s] [  0%] Built target autoware_can_msgs_generate_messages_eus
[10.493s] [  0%] Built target std_msgs_generate_messages_cpp
[10.503s] [  0%] Built target geometry_msgs_generate_messages_nodejs
[10.507s] [  0%] Built target sensor_msgs_generate_messages_py
[10.529s] [  0%] Built target jsk_recognition_msgs_generate_messages_py
[10.530s] [  0%] Built target autoware_can_msgs_generate_messages_nodejs
[10.530s] [  0%] Built target autoware_can_msgs_generate_messages_lisp
[10.537s] [  0%] Built target autoware_can_msgs_generate_messages_cpp
[10.537s] [  0%] Built target jsk_recognition_msgs_generate_messages_cpp
[10.537s] [  0%] Built target autoware_msgs_generate_messages_eus
[10.550s] [  0%] Built target pcl_msgs_generate_messages_cpp
[10.550s] [  0%] Built target sensor_msgs_generate_messages_lisp
[10.572s] [  0%] Built target actionlib_msgs_generate_messages_eus
[10.574s] [  0%] Built target roscpp_generate_messages_nodejs
[10.580s] [  0%] Built target autoware_msgs_generate_messages_lisp
[10.588s] [  0%] Built target geometry_msgs_generate_messages_cpp
[10.588s] [  0%] Built target roscpp_generate_messages_eus
[10.596s] [  0%] Built target geometry_msgs_generate_messages_eus
[10.596s] [  0%] Built target jsk_recognition_msgs_generate_messages_eus
[10.596s] [  0%] Built target geometry_msgs_generate_messages_lisp
[10.614s] [  0%] Built target jsk_recognition_msgs_generate_messages_lisp
[10.619s] [  0%] Built target rosgraph_msgs_generate_messages_eus
[10.624s] [  0%] Built target roscpp_generate_messages_cpp
[10.624s] [  0%] Built target jsk_recognition_msgs_generate_messages_nodejs
[10.659s] [100%] Built target app_cmd_sender
[10.687s] [36mInstall the project...[0m
[10.698s] -- Install configuration: ""
[10.699s] -- Installing: /home/nuc/autoware.ai/src/autoware/utilities/app_cmd_sender/install/app_cmd_sender/lib/pkgconfig/app_cmd_sender.pc
[10.699s] -- Installing: /home/nuc/autoware.ai/src/autoware/utilities/app_cmd_sender/install/app_cmd_sender/share/app_cmd_sender/cmake/app_cmd_senderConfig.cmake
[10.699s] -- Up-to-date: /home/nuc/autoware.ai/src/autoware/utilities/app_cmd_sender/install/app_cmd_sender/share/app_cmd_sender/cmake/app_cmd_senderConfig-version.cmake
[10.699s] -- Up-to-date: /home/nuc/autoware.ai/src/autoware/utilities/app_cmd_sender/install/app_cmd_sender/share/app_cmd_sender/package.xml
[10.699s] -- Installing: /home/nuc/autoware.ai/src/autoware/utilities/app_cmd_sender/install/app_cmd_sender/lib/app_cmd_sender/app_cmd_sender
[10.700s] -- Set runtime path of "/home/nuc/autoware.ai/src/autoware/utilities/app_cmd_sender/install/app_cmd_sender/lib/app_cmd_sender/app_cmd_sender" to ""
[10.700s] -- Up-to-date: /home/nuc/autoware.ai/src/autoware/utilities/app_cmd_sender/install/app_cmd_sender/share/app_cmd_sender/launch
[10.700s] -- Up-to-date: /home/nuc/autoware.ai/src/autoware/utilities/app_cmd_sender/install/app_cmd_sender/share/app_cmd_sender/launch/app_cmd_sender.launch
[10.705s] Invoked command in '/home/nuc/autoware.ai/src/autoware/utilities/app_cmd_sender/build/app_cmd_sender' returned '0': /usr/bin/cmake --build /home/nuc/autoware.ai/src/autoware/utilities/app_cmd_sender/build/app_cmd_sender --target install -- -j8 -l8
