In file included from [01m[K/opt/ros/melodic/include/ros/ros.h:40:0[m[K,
                 from [01m[K/home/nuc/autoware.ai/src/autoware/utilities/app_cmd_sender/nodes/app_cmd_sender.cpp:17[m[K:
[01m[K/home/nuc/autoware.ai/src/autoware/utilities/app_cmd_sender/nodes/app_cmd_sender.cpp:[m[K In function ‘[01m[Kvoid centerlineCallback(const MarkerArray&)[m[K’:
[01m[K/opt/ros/melodic/include/ros/console.h:348:176:[m[K [01;35m[Kwarning: [m[Kformat ‘[01m[K%d[m[K’ expects argument of type ‘[01m[Kint[m[K’, but argument 8 has type ‘[01m[Kstd::vector<geometry_msgs::Point_<std::allocator<void> >, std::allocator<geometry_msgs::Point_<std::allocator<void> > > >::size_type {aka long unsigned int}[m[K’ [[01;35m[K-Wformat=[m[K]
 rosconsole_define_location__loc.level_, __FILE__, __LINE__, __ROSCONSOLE_FUNCTION__, __VA_ARGS__[01;35m[K)[m[K
                                                                                                 [01;35m[K^[m[K
[01m[K/opt/ros/melodic/include/ros/console.h:351:5:[m[K [01;36m[Knote: [m[Kin expansion of macro ‘[01m[KROSCONSOLE_PRINT_AT_LOCATION_WITH_FILTER[m[K’
     [01;36m[KROSCONSOLE_PRINT_AT_LOCATION_WITH_FILTER[m[K(NULL, __VA_ARGS__)
     [01;36m[K^~~~~~~~~~~~~~~~~~~~~~~~~~~~~~~~~~~~~~~~[m[K
[01m[K/opt/ros/melodic/include/ros/console.h:387:7:[m[K [01;36m[Knote: [m[Kin expansion of macro ‘[01m[KROSCONSOLE_PRINT_AT_LOCATION[m[K’
       [01;36m[KROSCONSOLE_PRINT_AT_LOCATION[m[K(__VA_ARGS__); \
       [01;36m[K^~~~~~~~~~~~~~~~~~~~~~~~~~~~[m[K
[01m[K/opt/ros/melodic/include/ros/console.h:572:35:[m[K [01;36m[Knote: [m[Kin expansion of macro ‘[01m[KROS_LOG_COND[m[K’
 #define ROS_LOG(level, name, ...) [01;36m[KROS_LOG_COND[m[K(true, level, name, __VA_ARGS__)
                                   [01;36m[K^~~~~~~~~~~~[m[K
[01m[K/opt/ros/melodic/include/rosconsole/macros_generated.h:110:23:[m[K [01;36m[Knote: [m[Kin expansion of macro ‘[01m[KROS_LOG[m[K’
 #define ROS_INFO(...) [01;36m[KROS_LOG[m[K(::ros::console::levels::Info, ROSCONSOLE_DEFAULT_NAME, __VA_ARGS__)
                       [01;36m[K^~~~~~~[m[K
[01m[K/home/nuc/autoware.ai/src/autoware/utilities/app_cmd_sender/nodes/app_cmd_sender.cpp:42:5:[m[K [01;36m[Knote: [m[Kin expansion of macro ‘[01m[KROS_INFO[m[K’
     [01;36m[KR[m[KOS_INFO("IM HERE, SIZE=%d",  ary.markers[0].points.size());
     [01;36m[K^[m[K
