[0.027s] Invoking command in '/home/nuc/autoware.ai/src/autoware/utilities/app_cmd_sender/build/app_cmd_sender': /usr/bin/cmake --build /home/nuc/autoware.ai/src/autoware/utilities/app_cmd_sender/build/app_cmd_sender -- -j8 -l8
[0.112s] [  0%] Built target sensor_msgs_generate_messages_nodejs
[0.114s] [  0%] Built target tablet_socket_msgs_generate_messages_nodejs
[0.115s] [  0%] Built target tablet_socket_msgs_generate_messages_py
[0.117s] [  0%] Built target tablet_socket_msgs_generate_messages_eus
[0.120s] [  0%] Built target tablet_socket_msgs_generate_messages_lisp
[0.121s] [  0%] Built target rosgraph_msgs_generate_messages_py
[0.123s] [  0%] Built target rosgraph_msgs_generate_messages_nodejs
[0.140s] [  0%] Built target rosgraph_msgs_generate_messages_lisp
[0.166s] [  0%] Built target roscpp_generate_messages_py
[0.166s] [  0%] Built target actionlib_msgs_generate_messages_cpp
[0.172s] [  0%] Built target actionlib_msgs_generate_messages_lisp
[0.172s] [  0%] Built target roscpp_generate_messages_lisp
[0.173s] [  0%] Built target actionlib_msgs_generate_messages_py
[0.186s] [  0%] Built target jsk_footstep_msgs_generate_messages_nodejs
[0.189s] [  0%] Built target jsk_footstep_msgs_generate_messages_lisp
[0.191s] [  0%] Built target jsk_footstep_msgs_generate_messages_eus
[0.229s] [  0%] Built target pcl_msgs_generate_messages_py
[0.230s] [  0%] Built target pcl_msgs_generate_messages_lisp
[0.237s] [  0%] Built target pcl_msgs_generate_messages_eus
[0.240s] [  0%] Built target rosgraph_msgs_generate_messages_cpp
[0.243s] [  0%] Built target pcl_msgs_generate_messages_nodejs
[0.251s] [  0%] Built target std_msgs_generate_messages_nodejs
[0.252s] [  0%] Built target autoware_msgs_generate_messages_cpp
[0.256s] [  0%] Built target std_msgs_generate_messages_lisp
[0.283s] [  0%] Built target tablet_socket_msgs_generate_messages_cpp
[0.292s] [  0%] Built target sensor_msgs_generate_messages_eus
[0.293s] [  0%] Built target autoware_can_msgs_generate_messages_py
[0.294s] [  0%] Built target jsk_footstep_msgs_generate_messages_cpp
[0.298s] [  0%] Built target sensor_msgs_generate_messages_cpp
[0.298s] [  0%] Built target geometry_msgs_generate_messages_py
[0.310s] [  0%] Built target std_msgs_generate_messages_eus
[0.319s] [  0%] Built target autoware_msgs_generate_messages_nodejs
[0.336s] [  0%] Built target jsk_footstep_msgs_generate_messages_py
[0.346s] [  0%] Built target std_msgs_generate_messages_py
[0.349s] [  0%] Built target std_msgs_generate_messages_cpp
[0.350s] [  0%] Built target autoware_can_msgs_generate_messages_eus
[0.351s] [  0%] Built target autoware_msgs_generate_messages_py
[0.358s] [  0%] Built target actionlib_msgs_generate_messages_nodejs
[0.365s] [  0%] Built target geometry_msgs_generate_messages_nodejs
[0.368s] [  0%] Built target sensor_msgs_generate_messages_py
[0.389s] [  0%] Built target autoware_can_msgs_generate_messages_nodejs
[0.389s] [  0%] Built target jsk_recognition_msgs_generate_messages_py
[0.400s] [  0%] Built target jsk_recognition_msgs_generate_messages_cpp
[0.401s] [  0%] Built target autoware_can_msgs_generate_messages_cpp
[0.402s] [  0%] Built target autoware_can_msgs_generate_messages_lisp
[0.404s] [  0%] Built target autoware_msgs_generate_messages_eus
[0.419s] [  0%] Built target pcl_msgs_generate_messages_cpp
[0.420s] [  0%] Built target sensor_msgs_generate_messages_lisp
[0.435s] [  0%] Built target actionlib_msgs_generate_messages_eus
[0.447s] [  0%] Built target roscpp_generate_messages_nodejs
[0.458s] [  0%] Built target geometry_msgs_generate_messages_cpp
[0.462s] [  0%] Built target autoware_msgs_generate_messages_lisp
[0.462s] [  0%] Built target geometry_msgs_generate_messages_eus
[0.462s] [  0%] Built target roscpp_generate_messages_eus
[0.474s] [  0%] Built target jsk_recognition_msgs_generate_messages_eus
[0.482s] [  0%] Built target geometry_msgs_generate_messages_lisp
[0.484s] [  0%] Built target jsk_recognition_msgs_generate_messages_lisp
[0.485s] [  0%] Built target rosgraph_msgs_generate_messages_eus
[0.495s] [  0%] Built target jsk_recognition_msgs_generate_messages_nodejs
[0.498s] [  0%] Built target roscpp_generate_messages_cpp
[0.515s] [35m[1mScanning dependencies of target app_cmd_sender[0m
[0.537s] [ 50%] [32mBuilding CXX object CMakeFiles/app_cmd_sender.dir/nodes/app_cmd_sender.cpp.o[0m
[2.069s] In file included from [01m[K/opt/ros/melodic/include/ros/ros.h:40:0[m[K,
[2.069s]                  from [01m[K/home/nuc/autoware.ai/src/autoware/utilities/app_cmd_sender/nodes/app_cmd_sender.cpp:17[m[K:
[2.069s] [01m[K/home/nuc/autoware.ai/src/autoware/utilities/app_cmd_sender/nodes/app_cmd_sender.cpp:[m[K In function ‘[01m[Kvoid centerlineCallback(const MarkerArray&)[m[K’:
[2.069s] [01m[K/opt/ros/melodic/include/ros/console.h:348:176:[m[K [01;35m[Kwarning: [m[Kformat ‘[01m[K%d[m[K’ expects argument of type ‘[01m[Kint[m[K’, but argument 8 has type ‘[01m[Kstd::vector<geometry_msgs::Point_<std::allocator<void> >, std::allocator<geometry_msgs::Point_<std::allocator<void> > > >::size_type {aka long unsigned int}[m[K’ [[01;35m[K-Wformat=[m[K]
[2.069s]  rosconsole_define_location__loc.level_, __FILE__, __LINE__, __ROSCONSOLE_FUNCTION__, __VA_ARGS__[01;35m[K)[m[K
[2.069s]                                                                                                  [01;35m[K^[m[K
[2.069s] [01m[K/opt/ros/melodic/include/ros/console.h:351:5:[m[K [01;36m[Knote: [m[Kin expansion of macro ‘[01m[KROSCONSOLE_PRINT_AT_LOCATION_WITH_FILTER[m[K’
[2.069s]      [01;36m[KROSCONSOLE_PRINT_AT_LOCATION_WITH_FILTER[m[K(NULL, __VA_ARGS__)
[2.069s]      [01;36m[K^~~~~~~~~~~~~~~~~~~~~~~~~~~~~~~~~~~~~~~~[m[K
[2.069s] [01m[K/opt/ros/melodic/include/ros/console.h:387:7:[m[K [01;36m[Knote: [m[Kin expansion of macro ‘[01m[KROSCONSOLE_PRINT_AT_LOCATION[m[K’
[2.070s]        [01;36m[KROSCONSOLE_PRINT_AT_LOCATION[m[K(__VA_ARGS__); \
[2.070s]        [01;36m[K^~~~~~~~~~~~~~~~~~~~~~~~~~~~[m[K
[2.070s] [01m[K/opt/ros/melodic/include/ros/console.h:572:35:[m[K [01;36m[Knote: [m[Kin expansion of macro ‘[01m[KROS_LOG_COND[m[K’
[2.070s]  #define ROS_LOG(level, name, ...) [01;36m[KROS_LOG_COND[m[K(true, level, name, __VA_ARGS__)
[2.070s]                                    [01;36m[K^~~~~~~~~~~~[m[K
[2.070s] [01m[K/opt/ros/melodic/include/rosconsole/macros_generated.h:110:23:[m[K [01;36m[Knote: [m[Kin expansion of macro ‘[01m[KROS_LOG[m[K’
[2.070s]  #define ROS_INFO(...) [01;36m[KROS_LOG[m[K(::ros::console::levels::Info, ROSCONSOLE_DEFAULT_NAME, __VA_ARGS__)
[2.070s]                        [01;36m[K^~~~~~~[m[K
[2.070s] [01m[K/home/nuc/autoware.ai/src/autoware/utilities/app_cmd_sender/nodes/app_cmd_sender.cpp:42:5:[m[K [01;36m[Knote: [m[Kin expansion of macro ‘[01m[KROS_INFO[m[K’
[2.070s]      [01;36m[KR[m[KOS_INFO("IM HERE, SIZE=%d",  ary.markers[0].points.size());
[2.070s]      [01;36m[K^[m[K
[7.242s] [100%] [32m[1mLinking CXX executable devel/lib/app_cmd_sender/app_cmd_sender[0m
[7.379s] [100%] Built target app_cmd_sender
[7.393s] Invoked command in '/home/nuc/autoware.ai/src/autoware/utilities/app_cmd_sender/build/app_cmd_sender' returned '0': /usr/bin/cmake --build /home/nuc/autoware.ai/src/autoware/utilities/app_cmd_sender/build/app_cmd_sender -- -j8 -l8
[7.517s] Invoking command in '/home/nuc/autoware.ai/src/autoware/utilities/app_cmd_sender/build/app_cmd_sender': /usr/bin/cmake --build /home/nuc/autoware.ai/src/autoware/utilities/app_cmd_sender/build/app_cmd_sender --target tests -- -j8 -l8
[7.605s] Built target tests
[7.619s] Invoked command in '/home/nuc/autoware.ai/src/autoware/utilities/app_cmd_sender/build/app_cmd_sender' returned '0': /usr/bin/cmake --build /home/nuc/autoware.ai/src/autoware/utilities/app_cmd_sender/build/app_cmd_sender --target tests -- -j8 -l8
[7.758s] Invoking command in '/home/nuc/autoware.ai/src/autoware/utilities/app_cmd_sender/build/app_cmd_sender': /usr/bin/cmake --build /home/nuc/autoware.ai/src/autoware/utilities/app_cmd_sender/build/app_cmd_sender --target install -- -j8 -l8
[7.841s] [  0%] Built target sensor_msgs_generate_messages_nodejs
[7.842s] [  0%] Built target tablet_socket_msgs_generate_messages_eus
[7.842s] [  0%] Built target rosgraph_msgs_generate_messages_py
[7.843s] [  0%] Built target tablet_socket_msgs_generate_messages_nodejs
[7.844s] [  0%] Built target rosgraph_msgs_generate_messages_nodejs
[7.848s] [  0%] Built target tablet_socket_msgs_generate_messages_lisp
[7.851s] [  0%] Built target rosgraph_msgs_generate_messages_lisp
[7.855s] [  0%] Built target tablet_socket_msgs_generate_messages_py
[7.885s] [  0%] Built target roscpp_generate_messages_py
[7.885s] [  0%] Built target roscpp_generate_messages_lisp
[7.885s] [  0%] Built target jsk_footstep_msgs_generate_messages_nodejs
[7.887s] [  0%] Built target actionlib_msgs_generate_messages_lisp
[7.899s] [  0%] Built target actionlib_msgs_generate_messages_cpp
[7.902s] [  0%] Built target actionlib_msgs_generate_messages_py
[7.906s] [  0%] Built target jsk_footstep_msgs_generate_messages_lisp
[7.907s] [  0%] Built target jsk_footstep_msgs_generate_messages_eus
[7.928s] [  0%] Built target pcl_msgs_generate_messages_lisp
[7.929s] [  0%] Built target pcl_msgs_generate_messages_py
[7.944s] [  0%] Built target pcl_msgs_generate_messages_nodejs
[7.952s] [  0%] Built target rosgraph_msgs_generate_messages_cpp
[7.953s] [  0%] Built target autoware_msgs_generate_messages_cpp
[7.954s] [  0%] Built target pcl_msgs_generate_messages_eus
[7.955s] [  0%] Built target std_msgs_generate_messages_nodejs
[7.957s] [  0%] Built target std_msgs_generate_messages_lisp
[7.979s] [  0%] Built target sensor_msgs_generate_messages_cpp
[7.983s] [  0%] Built target sensor_msgs_generate_messages_eus
[7.993s] [  0%] Built target autoware_can_msgs_generate_messages_py
[7.993s] [  0%] Built target tablet_socket_msgs_generate_messages_cpp
[8.000s] [  0%] Built target std_msgs_generate_messages_eus
[8.002s] [  0%] Built target geometry_msgs_generate_messages_py
[8.002s] [  0%] Built target jsk_footstep_msgs_generate_messages_cpp
[8.010s] [  0%] Built target autoware_msgs_generate_messages_nodejs
[8.030s] [  0%] Built target std_msgs_generate_messages_cpp
[8.033s] [  0%] Built target jsk_footstep_msgs_generate_messages_py
[8.044s] [  0%] Built target std_msgs_generate_messages_py
[8.047s] [  0%] Built target autoware_can_msgs_generate_messages_eus
[8.051s] [  0%] Built target actionlib_msgs_generate_messages_nodejs
[8.052s] [  0%] Built target geometry_msgs_generate_messages_nodejs
[8.061s] [  0%] Built target autoware_msgs_generate_messages_py
[8.067s] [  0%] Built target sensor_msgs_generate_messages_py
[8.076s] [  0%] Built target jsk_recognition_msgs_generate_messages_py
[8.086s] [  0%] Built target autoware_can_msgs_generate_messages_nodejs
[8.091s] [  0%] Built target autoware_can_msgs_generate_messages_lisp
[8.102s] [  0%] Built target autoware_msgs_generate_messages_eus
[8.102s] [  0%] Built target jsk_recognition_msgs_generate_messages_cpp
[8.103s] [  0%] Built target autoware_can_msgs_generate_messages_cpp
[8.118s] [  0%] Built target sensor_msgs_generate_messages_lisp
[8.128s] [  0%] Built target pcl_msgs_generate_messages_cpp
[8.135s] [  0%] Built target actionlib_msgs_generate_messages_eus
[8.144s] [  0%] Built target autoware_msgs_generate_messages_lisp
[8.149s] [  0%] Built target roscpp_generate_messages_nodejs
[8.160s] [  0%] Built target roscpp_generate_messages_eus
[8.160s] [  0%] Built target geometry_msgs_generate_messages_cpp
[8.172s] [  0%] Built target geometry_msgs_generate_messages_lisp
[8.175s] [  0%] Built target geometry_msgs_generate_messages_eus
[8.180s] [  0%] Built target jsk_recognition_msgs_generate_messages_eus
[8.189s] [  0%] Built target jsk_recognition_msgs_generate_messages_lisp
[8.191s] [  0%] Built target rosgraph_msgs_generate_messages_eus
[8.194s] [  0%] Built target jsk_recognition_msgs_generate_messages_nodejs
[8.206s] [  0%] Built target roscpp_generate_messages_cpp
[8.240s] [100%] Built target app_cmd_sender
[8.269s] [36mInstall the project...[0m
[8.280s] -- Install configuration: ""
[8.281s] -- Up-to-date: /home/nuc/autoware.ai/src/autoware/utilities/app_cmd_sender/install/app_cmd_sender/lib/pkgconfig/app_cmd_sender.pc
[8.281s] -- Up-to-date: /home/nuc/autoware.ai/src/autoware/utilities/app_cmd_sender/install/app_cmd_sender/share/app_cmd_sender/cmake/app_cmd_senderConfig.cmake
[8.281s] -- Up-to-date: /home/nuc/autoware.ai/src/autoware/utilities/app_cmd_sender/install/app_cmd_sender/share/app_cmd_sender/cmake/app_cmd_senderConfig-version.cmake
[8.281s] -- Up-to-date: /home/nuc/autoware.ai/src/autoware/utilities/app_cmd_sender/install/app_cmd_sender/share/app_cmd_sender/package.xml
[8.281s] -- Installing: /home/nuc/autoware.ai/src/autoware/utilities/app_cmd_sender/install/app_cmd_sender/lib/app_cmd_sender/app_cmd_sender
[8.282s] -- Set runtime path of "/home/nuc/autoware.ai/src/autoware/utilities/app_cmd_sender/install/app_cmd_sender/lib/app_cmd_sender/app_cmd_sender" to ""
[8.286s] Invoked command in '/home/nuc/autoware.ai/src/autoware/utilities/app_cmd_sender/build/app_cmd_sender' returned '0': /usr/bin/cmake --build /home/nuc/autoware.ai/src/autoware/utilities/app_cmd_sender/build/app_cmd_sender --target install -- -j8 -l8
