[0.026s] Invoking command in '/home/nuc/autoware.ai/src/autoware/utilities/app_cmd_sender/build/app_cmd_sender': /usr/bin/cmake --build /home/nuc/autoware.ai/src/autoware/utilities/app_cmd_sender/build/app_cmd_sender -- -j8 -l8
[0.112s] [  0%] Built target sensor_msgs_generate_messages_nodejs
[0.114s] [  0%] Built target rosgraph_msgs_generate_messages_py
[0.115s] [  0%] Built target tablet_socket_msgs_generate_messages_py
[0.117s] [  0%] Built target tablet_socket_msgs_generate_messages_eus
[0.120s] [  0%] Built target tablet_socket_msgs_generate_messages_nodejs
[0.121s] [  0%] Built target rosgraph_msgs_generate_messages_nodejs
[0.127s] [  0%] Built target rosgraph_msgs_generate_messages_lisp
[0.128s] [  0%] Built target tablet_socket_msgs_generate_messages_lisp
[0.156s] [  0%] Built target roscpp_generate_messages_py
[0.159s] [  0%] Built target actionlib_msgs_generate_messages_lisp
[0.161s] [  0%] Built target actionlib_msgs_generate_messages_cpp
[0.165s] [  0%] Built target roscpp_generate_messages_lisp
[0.171s] [  0%] Built target jsk_footstep_msgs_generate_messages_lisp
[0.174s] [  0%] Built target jsk_footstep_msgs_generate_messages_nodejs
[0.180s] [  0%] Built target jsk_footstep_msgs_generate_messages_eus
[0.180s] [  0%] Built target actionlib_msgs_generate_messages_py
[0.209s] [  0%] Built target pcl_msgs_generate_messages_py
[0.212s] [  0%] Built target pcl_msgs_generate_messages_lisp
[0.213s] [  0%] Built target pcl_msgs_generate_messages_nodejs
[0.217s] [  0%] Built target pcl_msgs_generate_messages_eus
[0.218s] [  0%] Built target rosgraph_msgs_generate_messages_cpp
[0.222s] [  0%] Built target std_msgs_generate_messages_nodejs
[0.232s] [  0%] Built target autoware_msgs_generate_messages_cpp
[0.240s] [  0%] Built target std_msgs_generate_messages_lisp
[0.255s] [  0%] Built target sensor_msgs_generate_messages_eus
[0.255s] [  0%] Built target sensor_msgs_generate_messages_cpp
[0.262s] [  0%] Built target tablet_socket_msgs_generate_messages_cpp
[0.263s] [  0%] Built target jsk_footstep_msgs_generate_messages_cpp
[0.266s] [  0%] Built target autoware_can_msgs_generate_messages_py
[0.270s] [  0%] Built target geometry_msgs_generate_messages_py
[0.285s] [  0%] Built target std_msgs_generate_messages_eus
[0.301s] [  0%] Built target jsk_footstep_msgs_generate_messages_py
[0.308s] [  0%] Built target std_msgs_generate_messages_cpp
[0.308s] [  0%] Built target autoware_msgs_generate_messages_nodejs
[0.309s] [  0%] Built target std_msgs_generate_messages_py
[0.309s] [  0%] Built target autoware_msgs_generate_messages_py
[0.309s] [  0%] Built target actionlib_msgs_generate_messages_nodejs
[0.315s] [  0%] Built target autoware_can_msgs_generate_messages_eus
[0.331s] [  0%] Built target geometry_msgs_generate_messages_nodejs
[0.349s] [  0%] Built target autoware_can_msgs_generate_messages_lisp
[0.349s] [  0%] Built target jsk_recognition_msgs_generate_messages_py
[0.354s] [  0%] Built target autoware_can_msgs_generate_messages_nodejs
[0.361s] [  0%] Built target sensor_msgs_generate_messages_py
[0.367s] [  0%] Built target autoware_msgs_generate_messages_eus
[0.370s] [  0%] Built target autoware_can_msgs_generate_messages_cpp
[0.373s] [  0%] Built target jsk_recognition_msgs_generate_messages_cpp
[0.380s] [  0%] Built target sensor_msgs_generate_messages_lisp
[0.397s] [  0%] Built target pcl_msgs_generate_messages_cpp
[0.403s] [  0%] Built target autoware_msgs_generate_messages_lisp
[0.404s] [  0%] Built target actionlib_msgs_generate_messages_eus
[0.419s] [  0%] Built target roscpp_generate_messages_eus
[0.419s] [  0%] Built target geometry_msgs_generate_messages_cpp
[0.421s] [  0%] Built target roscpp_generate_messages_nodejs
[0.430s] [  0%] Built target geometry_msgs_generate_messages_eus
[0.436s] [  0%] Built target geometry_msgs_generate_messages_lisp
[0.437s] [  0%] Built target jsk_recognition_msgs_generate_messages_eus
[0.447s] [  0%] Built target jsk_recognition_msgs_generate_messages_lisp
[0.449s] [  0%] Built target rosgraph_msgs_generate_messages_eus
[0.459s] [  0%] Built target roscpp_generate_messages_cpp
[0.459s] [  0%] Built target jsk_recognition_msgs_generate_messages_nodejs
[0.474s] [35m[1mScanning dependencies of target app_cmd_sender[0m
[0.496s] [ 50%] [32mBuilding CXX object CMakeFiles/app_cmd_sender.dir/nodes/app_cmd_sender.cpp.o[0m
[1.937s] [01m[K/home/nuc/autoware.ai/src/autoware/utilities/app_cmd_sender/nodes/app_cmd_sender.cpp:[m[K In function ‘[01m[Kvoid centerlineCallback(const MarkerArray&)[m[K’:
[1.937s] [01m[K/home/nuc/autoware.ai/src/autoware/utilities/app_cmd_sender/nodes/app_cmd_sender.cpp:41:22:[m[K [01;31m[Kerror: [m[K‘[01m[Kconst MarkerArray {aka const struct visualization_msgs::MarkerArray_<std::allocator<void> >}[m[K’ has no member named ‘[01m[Kns[m[K’
[1.937s]      std::cout << ary.[01;31m[Kns[m[K.size();
[1.937s]                       [01;31m[K^~[m[K
[2.916s] make[2]: *** [CMakeFiles/app_cmd_sender.dir/nodes/app_cmd_sender.cpp.o] Error 1
[2.916s] CMakeFiles/app_cmd_sender.dir/build.make:62: recipe for target 'CMakeFiles/app_cmd_sender.dir/nodes/app_cmd_sender.cpp.o' failed
[2.917s] CMakeFiles/Makefile2:126: recipe for target 'CMakeFiles/app_cmd_sender.dir/all' failed
[2.917s] make[1]: *** [CMakeFiles/app_cmd_sender.dir/all] Error 2
[2.917s] Makefile:140: recipe for target 'all' failed
[2.917s] make: *** [all] Error 2
[2.920s] Invoked command in '/home/nuc/autoware.ai/src/autoware/utilities/app_cmd_sender/build/app_cmd_sender' returned '2': /usr/bin/cmake --build /home/nuc/autoware.ai/src/autoware/utilities/app_cmd_sender/build/app_cmd_sender -- -j8 -l8
