[0.022s] Invoking command in '/home/nuc/autoware.ai/src/autoware/utilities/vehicle_socket/build/vehicle_socket': /usr/bin/cmake --build /home/nuc/autoware.ai/src/autoware/utilities/vehicle_socket/build/vehicle_socket -- -j8 -l8
[0.111s] [  0%] Built target autoware_msgs_generate_messages_cpp
[0.112s] [  0%] Built target pcl_msgs_generate_messages_py
[0.112s] [  0%] Built target sensor_msgs_generate_messages_cpp
[0.112s] [  0%] Built target geometry_msgs_generate_messages_lisp
[0.112s] [  0%] Built target std_msgs_generate_messages_nodejs
[0.113s] [  0%] Built target pcl_msgs_generate_messages_nodejs
[0.114s] [  0%] Built target pcl_msgs_generate_messages_lisp
[0.117s] [  0%] Built target std_msgs_generate_messages_lisp
[0.151s] [  0%] Built target jsk_footstep_msgs_generate_messages_eus
[0.158s] [  0%] Built target actionlib_msgs_generate_messages_nodejs
[0.161s] [  0%] Built target pcl_msgs_generate_messages_eus
[0.161s] [  0%] Built target tablet_socket_msgs_generate_messages_eus
[0.164s] [  0%] Built target rosgraph_msgs_generate_messages_cpp
[0.165s] [  0%] Built target std_msgs_generate_messages_cpp
[0.172s] [  0%] Built target autoware_msgs_generate_messages_py
[0.174s] [  0%] Built target std_msgs_generate_messages_py
[0.201s] [  0%] Built target jsk_footstep_msgs_generate_messages_nodejs
[0.201s] [  0%] Built target actionlib_msgs_generate_messages_cpp
[0.208s] [  0%] Built target actionlib_msgs_generate_messages_lisp
[0.208s] [  0%] Built target roscpp_generate_messages_lisp
[0.218s] [  0%] Built target jsk_recognition_msgs_generate_messages_py
[0.218s] [  0%] Built target autoware_can_msgs_generate_messages_nodejs
[0.218s] [  0%] Built target sensor_msgs_generate_messages_py
[0.219s] [  0%] Built target autoware_can_msgs_generate_messages_eus
[0.251s] [  0%] Built target geometry_msgs_generate_messages_nodejs
[0.255s] [  0%] Built target rosgraph_msgs_generate_messages_py
[0.257s] [  0%] Built target geometry_msgs_generate_messages_py
[0.257s] [  0%] Built target jsk_recognition_msgs_generate_messages_eus
[0.259s] [  0%] Built target roscpp_generate_messages_cpp
[0.263s] [  0%] Built target sensor_msgs_generate_messages_nodejs
[0.265s] [  0%] Built target jsk_footstep_msgs_generate_messages_cpp
[0.276s] [  0%] Built target jsk_recognition_msgs_generate_messages_lisp
[0.297s] [  0%] Built target rosgraph_msgs_generate_messages_eus
[0.298s] [  0%] Built target jsk_recognition_msgs_generate_messages_nodejs
[0.307s] [  0%] Built target tablet_socket_msgs_generate_messages_cpp
[0.312s] [  0%] Built target sensor_msgs_generate_messages_eus
[0.315s] [  0%] Built target autoware_can_msgs_generate_messages_py
[0.318s] [  0%] Built target tablet_socket_msgs_generate_messages_lisp
[0.319s] [  0%] Built target autoware_can_msgs_generate_messages_lisp
[0.332s] [  0%] Built target autoware_can_msgs_generate_messages_cpp
[0.346s] [  0%] Built target jsk_recognition_msgs_generate_messages_cpp
[0.354s] [  0%] Built target autoware_msgs_generate_messages_eus
[0.359s] [  0%] Built target jsk_footstep_msgs_generate_messages_lisp
[0.361s] [  0%] Built target autoware_msgs_generate_messages_nodejs
[0.362s] [  0%] Built target actionlib_msgs_generate_messages_py
[0.362s] [  0%] Built target jsk_footstep_msgs_generate_messages_py
[0.367s] [  0%] Built target std_msgs_generate_messages_eus
[0.383s] [  0%] Built target roscpp_generate_messages_py
[0.401s] [  0%] Built target rosgraph_msgs_generate_messages_lisp
[0.405s] [  0%] Built target pcl_msgs_generate_messages_cpp
[0.407s] [  0%] Built target rosgraph_msgs_generate_messages_nodejs
[0.408s] [  0%] Built target actionlib_msgs_generate_messages_eus
[0.408s] [  0%] Built target sensor_msgs_generate_messages_lisp
[0.414s] [  0%] Built target tablet_socket_msgs_generate_messages_py
[0.423s] [  0%] Built target autoware_msgs_generate_messages_lisp
[0.431s] [  0%] Built target tablet_socket_msgs_generate_messages_nodejs
[0.443s] [  0%] Built target roscpp_generate_messages_eus
[0.443s] [  0%] Built target geometry_msgs_generate_messages_eus
[0.446s] [  0%] Built target geometry_msgs_generate_messages_cpp
[0.447s] [  0%] Built target roscpp_generate_messages_nodejs
[0.463s] [35m[1mScanning dependencies of target vehicle_sender[0m
[0.481s] [ 75%] Built target vehicle_receiver
[0.482s] [ 75%] [32mBuilding CXX object CMakeFiles/vehicle_sender.dir/nodes/vehicle_sender/vehicle_sender.cpp.o[0m
[1.351s] [01m[K/home/nuc/autoware.ai/src/autoware/utilities/vehicle_socket/nodes/vehicle_sender/vehicle_sender.cpp:56:1:[m[K [01;31m[Kerror: [m[Knew types may not be defined in a return type
[1.352s]  [01;31m[Kenum[m[K class GEAR
[1.352s]  [01;31m[K^~~~[m[K
[1.352s] [01m[K/home/nuc/autoware.ai/src/autoware/utilities/vehicle_socket/nodes/vehicle_sender/vehicle_sender.cpp:56:1:[m[K [01;36m[Knote: [m[K(perhaps a semicolon is missing after the definition of ‘[01m[KGEAR[m[K’)
[1.352s] [01m[K/home/nuc/autoware.ai/src/autoware/utilities/vehicle_socket/nodes/vehicle_sender/vehicle_sender.cpp:64:25:[m[K [01;31m[Kerror: [m[Ktwo or more data types in declaration of ‘[01m[Kreset[m[K’
[1.352s]  void CommandData::reset([01;31m[K)[m[K
[1.352s]                          [01;31m[K^[m[K
[1.506s] CMakeFiles/vehicle_sender.dir/build.make:62: recipe for target 'CMakeFiles/vehicle_sender.dir/nodes/vehicle_sender/vehicle_sender.cpp.o' failed
[1.506s] make[2]: *** [CMakeFiles/vehicle_sender.dir/nodes/vehicle_sender/vehicle_sender.cpp.o] Error 1
[1.506s] CMakeFiles/Makefile2:190: recipe for target 'CMakeFiles/vehicle_sender.dir/all' failed
[1.506s] make[1]: *** [CMakeFiles/vehicle_sender.dir/all] Error 2
[1.507s] make: *** [all] Error 2
[1.507s] Makefile:140: recipe for target 'all' failed
[1.509s] Invoked command in '/home/nuc/autoware.ai/src/autoware/utilities/vehicle_socket/build/vehicle_socket' returned '2': /usr/bin/cmake --build /home/nuc/autoware.ai/src/autoware/utilities/vehicle_socket/build/vehicle_socket -- -j8 -l8
