[0.040s] Invoking command in '/home/nuc/autoware.ai/src/autoware/utilities/vehicle_socket/build/vehicle_socket': /usr/bin/cmake --build /home/nuc/autoware.ai/src/autoware/utilities/vehicle_socket/build/vehicle_socket -- -j8 -l8
[0.171s] [  0%] Built target tablet_socket_msgs_generate_messages_eus
[0.176s] [  0%] Built target sensor_msgs_generate_messages_nodejs
[0.179s] [  0%] Built target tablet_socket_msgs_generate_messages_py
[0.180s] [  0%] Built target rosgraph_msgs_generate_messages_nodejs
[0.181s] [  0%] Built target tablet_socket_msgs_generate_messages_lisp
[0.185s] [  0%] Built target tablet_socket_msgs_generate_messages_nodejs
[0.189s] [  0%] Built target rosgraph_msgs_generate_messages_py
[0.194s] [  0%] Built target rosgraph_msgs_generate_messages_lisp
[0.234s] [  0%] Built target actionlib_msgs_generate_messages_lisp
[0.234s] [  0%] Built target actionlib_msgs_generate_messages_cpp
[0.237s] [  0%] Built target roscpp_generate_messages_py
[0.241s] [  0%] Built target roscpp_generate_messages_lisp
[0.241s] [  0%] Built target jsk_footstep_msgs_generate_messages_nodejs
[0.246s] [  0%] Built target jsk_footstep_msgs_generate_messages_lisp
[0.254s] [  0%] Built target jsk_footstep_msgs_generate_messages_eus
[0.266s] [  0%] Built target actionlib_msgs_generate_messages_py
[0.287s] [  0%] Built target pcl_msgs_generate_messages_py
[0.288s] [  0%] Built target pcl_msgs_generate_messages_lisp
[0.290s] [  0%] Built target pcl_msgs_generate_messages_eus
[0.307s] [  0%] Built target pcl_msgs_generate_messages_nodejs
[0.310s] [  0%] Built target rosgraph_msgs_generate_messages_cpp
[0.314s] [  0%] Built target std_msgs_generate_messages_lisp
[0.323s] [  0%] Built target autoware_msgs_generate_messages_cpp
[0.329s] [  0%] Built target std_msgs_generate_messages_nodejs
[0.341s] [  0%] Built target sensor_msgs_generate_messages_eus
[0.351s] [  0%] Built target sensor_msgs_generate_messages_cpp
[0.359s] [  0%] Built target tablet_socket_msgs_generate_messages_cpp
[0.360s] [  0%] Built target jsk_footstep_msgs_generate_messages_cpp
[0.363s] [  0%] Built target autoware_can_msgs_generate_messages_py
[0.376s] [  0%] Built target geometry_msgs_generate_messages_py
[0.385s] [  0%] Built target autoware_msgs_generate_messages_nodejs
[0.390s] [  0%] Built target jsk_footstep_msgs_generate_messages_py
[0.390s] [  0%] Built target std_msgs_generate_messages_eus
[0.413s] [  0%] Built target std_msgs_generate_messages_cpp
[0.417s] [  0%] Built target std_msgs_generate_messages_py
[0.424s] [  0%] Built target actionlib_msgs_generate_messages_nodejs
[0.430s] [  0%] Built target autoware_msgs_generate_messages_py
[0.431s] [  0%] Built target autoware_can_msgs_generate_messages_eus
[0.443s] [  0%] Built target jsk_recognition_msgs_generate_messages_py
[0.447s] [  0%] Built target sensor_msgs_generate_messages_py
[0.451s] [  0%] Built target geometry_msgs_generate_messages_nodejs
[0.468s] [  0%] Built target autoware_can_msgs_generate_messages_nodejs
[0.476s] [  0%] Built target autoware_can_msgs_generate_messages_lisp
[0.488s] [  0%] Built target pcl_msgs_generate_messages_cpp
[0.488s] [  0%] Built target autoware_can_msgs_generate_messages_cpp
[0.492s] [  0%] Built target sensor_msgs_generate_messages_lisp
[0.496s] [  0%] Built target autoware_msgs_generate_messages_eus
[0.512s] [  0%] Built target jsk_recognition_msgs_generate_messages_cpp
[0.516s] [  0%] Built target actionlib_msgs_generate_messages_eus
[0.523s] [  0%] Built target autoware_msgs_generate_messages_lisp
[0.547s] [  0%] Built target roscpp_generate_messages_nodejs
[0.555s] [  0%] Built target geometry_msgs_generate_messages_cpp
[0.559s] [  0%] Built target roscpp_generate_messages_eus
[0.560s] [  0%] Built target geometry_msgs_generate_messages_eus
[0.567s] [  0%] Built target jsk_recognition_msgs_generate_messages_eus
[0.575s] [  0%] Built target geometry_msgs_generate_messages_lisp
[0.577s] [  0%] Built target rosgraph_msgs_generate_messages_eus
[0.582s] [  0%] Built target jsk_recognition_msgs_generate_messages_lisp
[0.597s] [  0%] Built target jsk_recognition_msgs_generate_messages_nodejs
[0.598s] [  0%] Built target roscpp_generate_messages_cpp
[0.616s] [35m[1mScanning dependencies of target vehicle_sender[0m
[0.643s] [ 50%] Built target vehicle_receiver
[0.645s] [ 75%] [32mBuilding CXX object CMakeFiles/vehicle_sender.dir/nodes/vehicle_sender/vehicle_sender.cpp.o[0m
[2.042s] [01m[K/home/nuc/autoware.ai/src/autoware/utilities/vehicle_socket/nodes/vehicle_sender/vehicle_sender.cpp:232:14:[m[K [01;35m[Kwarning: [m[K‘[01m[Kvoid* receiverCaller(void*)[m[K’ defined but not used [[01;35m[K-Wunused-function[m[K]
[2.043s]  static void *[01;35m[KreceiverCaller[m[K(void *unused)
[2.043s]               [01;35m[K^~~~~~~~~~~~~~[m[K
[2.997s] [100%] [32m[1mLinking CXX executable devel/lib/vehicle_socket/vehicle_sender[0m
[3.135s] [100%] Built target vehicle_sender
[3.150s] Invoked command in '/home/nuc/autoware.ai/src/autoware/utilities/vehicle_socket/build/vehicle_socket' returned '0': /usr/bin/cmake --build /home/nuc/autoware.ai/src/autoware/utilities/vehicle_socket/build/vehicle_socket -- -j8 -l8
[3.278s] Invoking command in '/home/nuc/autoware.ai/src/autoware/utilities/vehicle_socket/build/vehicle_socket': /usr/bin/cmake --build /home/nuc/autoware.ai/src/autoware/utilities/vehicle_socket/build/vehicle_socket --target tests -- -j8 -l8
[3.368s] Built target tests
[3.386s] Invoked command in '/home/nuc/autoware.ai/src/autoware/utilities/vehicle_socket/build/vehicle_socket' returned '0': /usr/bin/cmake --build /home/nuc/autoware.ai/src/autoware/utilities/vehicle_socket/build/vehicle_socket --target tests -- -j8 -l8
[3.533s] Invoking command in '/home/nuc/autoware.ai/src/autoware/utilities/vehicle_socket/build/vehicle_socket': /usr/bin/cmake --build /home/nuc/autoware.ai/src/autoware/utilities/vehicle_socket/build/vehicle_socket --target install -- -j8 -l8
[3.624s] [  0%] Built target sensor_msgs_generate_messages_nodejs
[3.624s] [  0%] Built target rosgraph_msgs_generate_messages_py
[3.625s] [  0%] Built target rosgraph_msgs_generate_messages_nodejs
[3.657s] [  0%] Built target rosgraph_msgs_generate_messages_lisp
[3.657s] [  0%] Built target tablet_socket_msgs_generate_messages_nodejs
[3.658s] [  0%] Built target tablet_socket_msgs_generate_messages_lisp
[3.673s] [  0%] Built target tablet_socket_msgs_generate_messages_eus
[3.686s] [  0%] Built target tablet_socket_msgs_generate_messages_py
[3.706s] [  0%] Built target roscpp_generate_messages_py
[3.715s] [  0%] Built target roscpp_generate_messages_lisp
[3.732s] [  0%] Built target actionlib_msgs_generate_messages_cpp
[3.737s] [  0%] Built target jsk_footstep_msgs_generate_messages_nodejs
[3.742s] [  0%] Built target actionlib_msgs_generate_messages_lisp
[3.751s] [  0%] Built target actionlib_msgs_generate_messages_py
[3.756s] [  0%] Built target jsk_footstep_msgs_generate_messages_eus
[3.786s] [  0%] Built target jsk_footstep_msgs_generate_messages_lisp
[3.789s] [  0%] Built target pcl_msgs_generate_messages_py
[3.792s] [  0%] Built target pcl_msgs_generate_messages_nodejs
[3.796s] [  0%] Built target pcl_msgs_generate_messages_lisp
[3.818s] [  0%] Built target std_msgs_generate_messages_nodejs
[3.832s] [  0%] Built target rosgraph_msgs_generate_messages_cpp
[3.840s] [  0%] Built target pcl_msgs_generate_messages_eus
[3.854s] [  0%] Built target std_msgs_generate_messages_lisp
[3.855s] [  0%] Built target autoware_msgs_generate_messages_cpp
[3.871s] [  0%] Built target sensor_msgs_generate_messages_cpp
[3.895s] [  0%] Built target tablet_socket_msgs_generate_messages_cpp
[3.901s] [  0%] Built target sensor_msgs_generate_messages_eus
[3.919s] [  0%] Built target autoware_can_msgs_generate_messages_py
[3.923s] [  0%] Built target geometry_msgs_generate_messages_py
[3.938s] [  0%] Built target jsk_footstep_msgs_generate_messages_cpp
[3.942s] [  0%] Built target std_msgs_generate_messages_eus
[3.962s] [  0%] Built target jsk_footstep_msgs_generate_messages_py
[3.963s] [  0%] Built target autoware_msgs_generate_messages_nodejs
[3.969s] [  0%] Built target actionlib_msgs_generate_messages_nodejs
[3.975s] [  0%] Built target std_msgs_generate_messages_cpp
[3.992s] [  0%] Built target std_msgs_generate_messages_py
[3.993s] [  0%] Built target geometry_msgs_generate_messages_nodejs
[4.011s] [  0%] Built target autoware_msgs_generate_messages_py
[4.033s] [  0%] Built target autoware_can_msgs_generate_messages_eus
[4.033s] [  0%] Built target jsk_recognition_msgs_generate_messages_py
[4.037s] [  0%] Built target autoware_can_msgs_generate_messages_nodejs
[4.041s] [  0%] Built target sensor_msgs_generate_messages_py
[4.042s] [  0%] Built target autoware_can_msgs_generate_messages_lisp
[4.067s] [  0%] Built target autoware_msgs_generate_messages_eus
[4.075s] [  0%] Built target autoware_can_msgs_generate_messages_cpp
[4.091s] [  0%] Built target jsk_recognition_msgs_generate_messages_cpp
[4.095s] [  0%] Built target roscpp_generate_messages_nodejs
[4.097s] [  0%] Built target actionlib_msgs_generate_messages_eus
[4.099s] [  0%] Built target pcl_msgs_generate_messages_cpp
[4.100s] [  0%] Built target sensor_msgs_generate_messages_lisp
[4.127s] [  0%] Built target roscpp_generate_messages_eus
[4.133s] [  0%] Built target autoware_msgs_generate_messages_lisp
[4.152s] [  0%] Built target geometry_msgs_generate_messages_eus
[4.154s] [  0%] Built target jsk_recognition_msgs_generate_messages_eus
[4.160s] [  0%] Built target geometry_msgs_generate_messages_cpp
[4.166s] [  0%] Built target jsk_recognition_msgs_generate_messages_lisp
[4.166s] [  0%] Built target geometry_msgs_generate_messages_lisp
[4.175s] [  0%] Built target rosgraph_msgs_generate_messages_eus
[4.180s] [  0%] Built target jsk_recognition_msgs_generate_messages_nodejs
[4.191s] [  0%] Built target roscpp_generate_messages_cpp
[4.234s] [ 50%] Built target vehicle_receiver
[4.237s] [100%] Built target vehicle_sender
[4.277s] [36mInstall the project...[0m
[4.290s] -- Install configuration: ""
[4.291s] -- Up-to-date: /home/nuc/autoware.ai/src/autoware/utilities/vehicle_socket/install/vehicle_socket/lib/pkgconfig/vehicle_socket.pc
[4.291s] -- Up-to-date: /home/nuc/autoware.ai/src/autoware/utilities/vehicle_socket/install/vehicle_socket/share/vehicle_socket/cmake/vehicle_socketConfig.cmake
[4.291s] -- Up-to-date: /home/nuc/autoware.ai/src/autoware/utilities/vehicle_socket/install/vehicle_socket/share/vehicle_socket/cmake/vehicle_socketConfig-version.cmake
[4.291s] -- Up-to-date: /home/nuc/autoware.ai/src/autoware/utilities/vehicle_socket/install/vehicle_socket/share/vehicle_socket/package.xml
[4.291s] -- Installing: /home/nuc/autoware.ai/src/autoware/utilities/vehicle_socket/install/vehicle_socket/lib/vehicle_socket/vehicle_sender
[4.291s] -- Set runtime path of "/home/nuc/autoware.ai/src/autoware/utilities/vehicle_socket/install/vehicle_socket/lib/vehicle_socket/vehicle_sender" to ""
[4.292s] -- Up-to-date: /home/nuc/autoware.ai/src/autoware/utilities/vehicle_socket/install/vehicle_socket/lib/vehicle_socket/vehicle_receiver
[4.298s] Invoked command in '/home/nuc/autoware.ai/src/autoware/utilities/vehicle_socket/build/vehicle_socket' returned '0': /usr/bin/cmake --build /home/nuc/autoware.ai/src/autoware/utilities/vehicle_socket/build/vehicle_socket --target install -- -j8 -l8
