[0.167s] DEBUG:colcon:Command line arguments: ['/usr/bin/colcon', 'build']
[0.167s] DEBUG:colcon:Parsed command line arguments: Namespace(ament_cmake_args=None, base_paths=['.'], build_base='build', catkin_cmake_args=None, catkin_skip_building_tests=False, cmake_args=None, cmake_clean_cache=False, cmake_clean_first=False, cmake_force_configure=False, cmake_target=None, cmake_target_skip_unavailable=False, continue_on_error=False, event_handlers=None, executor='parallel', ignore_user_meta=False, install_base='install', log_base=None, log_level=None, main=<bound method BuildVerb.main of <colcon_core.verb.build.BuildVerb object at 0x7f3fd5ea1a20>>, merge_install=False, metas=['./colcon.meta'], packages_above=None, packages_above_and_dependencies=None, packages_above_depth=None, packages_end=None, packages_ignore=None, packages_ignore_regex=None, packages_select=None, packages_select_build_failed=False, packages_select_by_dep=None, packages_select_regex=None, packages_select_test_failures=False, packages_skip=None, packages_skip_build_finished=False, packages_skip_by_dep=None, packages_skip_regex=None, packages_skip_test_passed=False, packages_skip_up_to=None, packages_start=None, packages_up_to=None, packages_up_to_regex=None, parallel_workers=8, paths=None, symlink_install=False, test_result_base=None, verb_extension=<colcon_core.verb.build.BuildVerb object at 0x7f3fd5ea1a20>, verb_name='build', verb_parser=<colcon_defaults.argument_parser.defaults.DefaultArgumentsDecorator object at 0x7f3fd5ea1dd8>)
[0.186s] Level 1:colcon.colcon_core.package_discovery:discover_packages(colcon_meta) check parameters
[0.186s] Level 1:colcon.colcon_core.package_discovery:discover_packages(recursive) check parameters
[0.186s] Level 1:colcon.colcon_core.package_discovery:discover_packages(ignore) check parameters
[0.186s] Level 1:colcon.colcon_core.package_discovery:discover_packages(path) check parameters
[0.186s] Level 1:colcon.colcon_core.package_discovery:discover_packages(colcon_meta) discover
[0.187s] Level 1:colcon.colcon_core.package_discovery:discover_packages(recursive) discover
[0.187s] INFO:colcon.colcon_core.package_discovery:Crawling recursively for packages in '/home/nuc/autoware.ai/src/autoware/core_planning/app_way_planner'
[0.187s] Level 1:colcon.colcon_core.package_identification:_identify(.) by extensions ['ignore', 'ignore_ament_install']
[0.187s] Level 1:colcon.colcon_core.package_identification:_identify(.) by extension 'ignore'
[0.187s] Level 1:colcon.colcon_core.package_identification:_identify(.) by extension 'ignore_ament_install'
[0.187s] Level 1:colcon.colcon_core.package_identification:_identify(.) by extensions ['colcon_pkg']
[0.187s] Level 1:colcon.colcon_core.package_identification:_identify(.) by extension 'colcon_pkg'
[0.187s] Level 1:colcon.colcon_core.package_identification:_identify(.) by extensions ['colcon_meta']
[0.187s] Level 1:colcon.colcon_core.package_identification:_identify(.) by extension 'colcon_meta'
[0.187s] Level 1:colcon.colcon_core.package_identification:_identify(.) by extensions ['ros']
[0.187s] Level 1:colcon.colcon_core.package_identification:_identify(.) by extension 'ros'
[0.200s] DEBUG:colcon.colcon_core.package_identification:Package '.' with type 'ros.catkin' and name 'app_way_planner'
[0.200s] Level 1:colcon.colcon_core.package_discovery:discover_packages(recursive) using defaults
[0.201s] Level 1:colcon.colcon_core.package_discovery:discover_packages(ignore) discover
[0.201s] Level 1:colcon.colcon_core.package_discovery:discover_packages(ignore) using defaults
[0.201s] Level 1:colcon.colcon_core.package_discovery:discover_packages(path) discover
[0.201s] Level 1:colcon.colcon_core.package_discovery:discover_packages(path) using defaults
[0.206s] Level 5:colcon.colcon_core.verb:set package 'app_way_planner' build argument 'cmake_args' from command line to 'None'
[0.206s] Level 5:colcon.colcon_core.verb:set package 'app_way_planner' build argument 'cmake_target' from command line to 'None'
[0.206s] Level 5:colcon.colcon_core.verb:set package 'app_way_planner' build argument 'cmake_target_skip_unavailable' from command line to 'False'
[0.206s] Level 5:colcon.colcon_core.verb:set package 'app_way_planner' build argument 'cmake_clean_cache' from command line to 'False'
[0.206s] Level 5:colcon.colcon_core.verb:set package 'app_way_planner' build argument 'cmake_clean_first' from command line to 'False'
[0.206s] Level 5:colcon.colcon_core.verb:set package 'app_way_planner' build argument 'cmake_force_configure' from command line to 'False'
[0.206s] Level 5:colcon.colcon_core.verb:set package 'app_way_planner' build argument 'ament_cmake_args' from command line to 'None'
[0.206s] Level 5:colcon.colcon_core.verb:set package 'app_way_planner' build argument 'catkin_cmake_args' from command line to 'None'
[0.206s] Level 5:colcon.colcon_core.verb:set package 'app_way_planner' build argument 'catkin_skip_building_tests' from command line to 'False'
[0.207s] DEBUG:colcon.colcon_core.verb:Building package 'app_way_planner' with the following arguments: {'ament_cmake_args': None, 'build_base': '/home/nuc/autoware.ai/src/autoware/core_planning/app_way_planner/build/app_way_planner', 'catkin_cmake_args': None, 'catkin_skip_building_tests': False, 'cmake_args': None, 'cmake_clean_cache': False, 'cmake_clean_first': False, 'cmake_force_configure': False, 'cmake_target': None, 'cmake_target_skip_unavailable': False, 'install_base': '/home/nuc/autoware.ai/src/autoware/core_planning/app_way_planner/install/app_way_planner', 'merge_install': False, 'path': '/home/nuc/autoware.ai/src/autoware/core_planning/app_way_planner', 'symlink_install': False, 'test_result_base': None}
[0.207s] INFO:colcon.colcon_core.executor:Executing jobs using 'parallel' executor
[0.209s] DEBUG:colcon.colcon_parallel_executor.executor.parallel:run_until_complete
[0.209s] INFO:colcon.colcon_ros.task.catkin.build:Building ROS package in '/home/nuc/autoware.ai/src/autoware/core_planning/app_way_planner' with build type 'catkin'
[0.209s] INFO:colcon.colcon_cmake.task.cmake.build:Building CMake package in '/home/nuc/autoware.ai/src/autoware/core_planning/app_way_planner'
[0.214s] INFO:colcon.colcon_core.plugin_system:Skipping extension 'colcon_core.shell.bat': Not used on non-Windows systems
[0.214s] INFO:colcon.colcon_core.shell:Skip shell extension 'powershell' for command environment: Not usable outside of PowerShell
[0.214s] DEBUG:colcon.colcon_core.shell:Skip shell extension 'dsv' for command environment
[0.219s] WARNING:colcon.colcon_ros.prefix_path.catkin:The path '/home/nuc/autoware.ai/install/app_cmd_sender' in the environment variable CMAKE_PREFIX_PATH doesn't exist
[0.226s] DEBUG:colcon.colcon_core.shell:Ignoring prefix path '/opt/ros/melodic'
[0.237s] DEBUG:colcon.colcon_core.event_handler.log_command:Invoking command in '/home/nuc/autoware.ai/src/autoware/core_planning/app_way_planner/build/app_way_planner': /usr/bin/cmake --build /home/nuc/autoware.ai/src/autoware/core_planning/app_way_planner/build/app_way_planner -- -j8 -l8
[0.356s] DEBUG:colcon.colcon_core.event_handler.log_command:Invoked command in '/home/nuc/autoware.ai/src/autoware/core_planning/app_way_planner/build/app_way_planner' returned '0': /usr/bin/cmake --build /home/nuc/autoware.ai/src/autoware/core_planning/app_way_planner/build/app_way_planner -- -j8 -l8
[0.579s] DEBUG:colcon.colcon_core.event_handler.log_command:Invoking command in '/home/nuc/autoware.ai/src/autoware/core_planning/app_way_planner/build/app_way_planner': /usr/bin/cmake --build /home/nuc/autoware.ai/src/autoware/core_planning/app_way_planner/build/app_way_planner --target tests -- -j8 -l8
[0.694s] DEBUG:colcon.colcon_core.event_handler.log_command:Invoked command in '/home/nuc/autoware.ai/src/autoware/core_planning/app_way_planner/build/app_way_planner' returned '0': /usr/bin/cmake --build /home/nuc/autoware.ai/src/autoware/core_planning/app_way_planner/build/app_way_planner --target tests -- -j8 -l8
[0.935s] DEBUG:colcon.colcon_core.event_handler.log_command:Invoking command in '/home/nuc/autoware.ai/src/autoware/core_planning/app_way_planner/build/app_way_planner': /usr/bin/cmake --build /home/nuc/autoware.ai/src/autoware/core_planning/app_way_planner/build/app_way_planner --target install -- -j8 -l8
[1.081s] Level 1:colcon.colcon_core.shell:create_environment_hook('app_way_planner', 'ros_package_path')
[1.082s] INFO:colcon.colcon_core.shell:Creating environment hook '/home/nuc/autoware.ai/src/autoware/core_planning/app_way_planner/install/app_way_planner/share/app_way_planner/hook/ros_package_path.ps1'
[1.082s] DEBUG:colcon.colcon_core.event_handler.log_command:Invoked command in '/home/nuc/autoware.ai/src/autoware/core_planning/app_way_planner/build/app_way_planner' returned '0': /usr/bin/cmake --build /home/nuc/autoware.ai/src/autoware/core_planning/app_way_planner/build/app_way_planner --target install -- -j8 -l8
[1.083s] INFO:colcon.colcon_core.shell:Creating environment descriptor '/home/nuc/autoware.ai/src/autoware/core_planning/app_way_planner/install/app_way_planner/share/app_way_planner/hook/ros_package_path.dsv'
[1.083s] INFO:colcon.colcon_core.shell:Creating environment hook '/home/nuc/autoware.ai/src/autoware/core_planning/app_way_planner/install/app_way_planner/share/app_way_planner/hook/ros_package_path.sh'
[1.084s] Level 1:colcon.colcon_ros.task.catkin:checking '/home/nuc/autoware.ai/src/autoware/core_planning/app_way_planner/install/app_way_planner/lib/python2.7/dist-packages'
[1.084s] Level 1:colcon.colcon_core.shell:create_environment_hook('app_way_planner', 'pkg_config_path')
[1.084s] INFO:colcon.colcon_core.shell:Creating environment hook '/home/nuc/autoware.ai/src/autoware/core_planning/app_way_planner/install/app_way_planner/share/app_way_planner/hook/pkg_config_path.ps1'
[1.085s] INFO:colcon.colcon_core.shell:Creating environment descriptor '/home/nuc/autoware.ai/src/autoware/core_planning/app_way_planner/install/app_way_planner/share/app_way_planner/hook/pkg_config_path.dsv'
[1.085s] INFO:colcon.colcon_core.shell:Creating environment hook '/home/nuc/autoware.ai/src/autoware/core_planning/app_way_planner/install/app_way_planner/share/app_way_planner/hook/pkg_config_path.sh'
[1.088s] Level 1:colcon.colcon_core.shell:create_environment_hook('app_way_planner', 'pkg_config_path_multiarch')
[1.089s] INFO:colcon.colcon_core.shell:Creating environment hook '/home/nuc/autoware.ai/src/autoware/core_planning/app_way_planner/install/app_way_planner/share/app_way_planner/hook/pkg_config_path_multiarch.ps1'
[1.090s] INFO:colcon.colcon_core.shell:Creating environment descriptor '/home/nuc/autoware.ai/src/autoware/core_planning/app_way_planner/install/app_way_planner/share/app_way_planner/hook/pkg_config_path_multiarch.dsv'
[1.090s] INFO:colcon.colcon_core.shell:Creating environment hook '/home/nuc/autoware.ai/src/autoware/core_planning/app_way_planner/install/app_way_planner/share/app_way_planner/hook/pkg_config_path_multiarch.sh'
[1.092s] Level 1:colcon.colcon_core.environment:create_environment_scripts_only(app_way_planner)
[1.097s] Level 1:colcon.colcon_core.environment:checking '/home/nuc/autoware.ai/src/autoware/core_planning/app_way_planner/install/app_way_planner' for CMake module files
[1.097s] Level 1:colcon.colcon_core.environment:checking '/home/nuc/autoware.ai/src/autoware/core_planning/app_way_planner/install/app_way_planner' for CMake config files
[1.098s] Level 1:colcon.colcon_core.shell:create_environment_hook('app_way_planner', 'cmake_prefix_path')
[1.098s] INFO:colcon.colcon_core.shell:Creating environment hook '/home/nuc/autoware.ai/src/autoware/core_planning/app_way_planner/install/app_way_planner/share/app_way_planner/hook/cmake_prefix_path.ps1'
[1.099s] INFO:colcon.colcon_core.shell:Creating environment descriptor '/home/nuc/autoware.ai/src/autoware/core_planning/app_way_planner/install/app_way_planner/share/app_way_planner/hook/cmake_prefix_path.dsv'
[1.099s] INFO:colcon.colcon_core.shell:Creating environment hook '/home/nuc/autoware.ai/src/autoware/core_planning/app_way_planner/install/app_way_planner/share/app_way_planner/hook/cmake_prefix_path.sh'
[1.100s] Level 1:colcon.colcon_core.environment:checking '/home/nuc/autoware.ai/src/autoware/core_planning/app_way_planner/install/app_way_planner/lib'
[1.100s] Level 1:colcon.colcon_core.environment:checking '/home/nuc/autoware.ai/src/autoware/core_planning/app_way_planner/install/app_way_planner/bin'
[1.100s] Level 1:colcon.colcon_core.environment:checking '/home/nuc/autoware.ai/src/autoware/core_planning/app_way_planner/install/app_way_planner/lib/pkgconfig/app_way_planner.pc'
[1.100s] Level 1:colcon.colcon_core.shell:create_environment_hook('app_way_planner', 'pkg_config')
[1.101s] INFO:colcon.colcon_core.shell:Creating environment hook '/home/nuc/autoware.ai/src/autoware/core_planning/app_way_planner/install/app_way_planner/share/app_way_planner/hook/pkg_config.ps1'
[1.101s] INFO:colcon.colcon_core.shell:Creating environment descriptor '/home/nuc/autoware.ai/src/autoware/core_planning/app_way_planner/install/app_way_planner/share/app_way_planner/hook/pkg_config.dsv'
[1.101s] INFO:colcon.colcon_core.shell:Creating environment hook '/home/nuc/autoware.ai/src/autoware/core_planning/app_way_planner/install/app_way_planner/share/app_way_planner/hook/pkg_config.sh'
[1.102s] Level 1:colcon.colcon_core.environment:checking '/home/nuc/autoware.ai/src/autoware/core_planning/app_way_planner/install/app_way_planner/lib/python3.6/site-packages'
[1.102s] INFO:colcon.colcon_core.shell:Creating package script '/home/nuc/autoware.ai/src/autoware/core_planning/app_way_planner/install/app_way_planner/share/app_way_planner/package.ps1'
[1.103s] INFO:colcon.colcon_core.shell:Creating package descriptor '/home/nuc/autoware.ai/src/autoware/core_planning/app_way_planner/install/app_way_planner/share/app_way_planner/package.dsv'
[1.104s] INFO:colcon.colcon_core.shell:Creating package script '/home/nuc/autoware.ai/src/autoware/core_planning/app_way_planner/install/app_way_planner/share/app_way_planner/package.sh'
[1.105s] INFO:colcon.colcon_core.shell:Creating package script '/home/nuc/autoware.ai/src/autoware/core_planning/app_way_planner/install/app_way_planner/share/app_way_planner/package.bash'
[1.106s] INFO:colcon.colcon_core.shell:Creating package script '/home/nuc/autoware.ai/src/autoware/core_planning/app_way_planner/install/app_way_planner/share/app_way_planner/package.zsh'
[1.107s] Level 1:colcon.colcon_core.environment:create_file_with_runtime_dependencies(/home/nuc/autoware.ai/src/autoware/core_planning/app_way_planner/install/app_way_planner/share/colcon-core/packages/app_way_planner)
[1.108s] DEBUG:colcon.colcon_parallel_executor.executor.parallel:closing loop
[1.108s] DEBUG:colcon.colcon_parallel_executor.executor.parallel:loop closed
[1.108s] DEBUG:colcon.colcon_parallel_executor.executor.parallel:run_until_complete finished with '0'
[1.108s] DEBUG:colcon.colcon_core.event_reactor:joining thread
[1.114s] INFO:colcon.colcon_core.plugin_system:Skipping extension 'colcon_notification.desktop_notification.terminal_notifier': Not used on non-Darwin systems
[1.114s] INFO:colcon.colcon_core.plugin_system:Skipping extension 'colcon_notification.desktop_notification.win32': Not used on non-Windows systems
[1.114s] INFO:colcon.colcon_notification.desktop_notification:Sending desktop notification using 'notify2'
[1.117s] DEBUG:colcon.colcon_core.event_reactor:joined thread
[1.118s] INFO:colcon.colcon_core.shell:Creating prefix script '/home/nuc/autoware.ai/src/autoware/core_planning/app_way_planner/install/local_setup.ps1'
[1.119s] INFO:colcon.colcon_core.shell:Creating prefix util module '/home/nuc/autoware.ai/src/autoware/core_planning/app_way_planner/install/_local_setup_util_ps1.py'
[1.121s] INFO:colcon.colcon_core.shell:Creating prefix chain script '/home/nuc/autoware.ai/src/autoware/core_planning/app_way_planner/install/setup.ps1'
[1.138s] INFO:colcon.colcon_core.shell:Creating prefix script '/home/nuc/autoware.ai/src/autoware/core_planning/app_way_planner/install/local_setup.sh'
[1.138s] INFO:colcon.colcon_core.shell:Creating prefix util module '/home/nuc/autoware.ai/src/autoware/core_planning/app_way_planner/install/_local_setup_util_sh.py'
[1.139s] INFO:colcon.colcon_core.shell:Creating prefix chain script '/home/nuc/autoware.ai/src/autoware/core_planning/app_way_planner/install/setup.sh'
[1.150s] INFO:colcon.colcon_core.shell:Creating prefix script '/home/nuc/autoware.ai/src/autoware/core_planning/app_way_planner/install/local_setup.bash'
[1.151s] INFO:colcon.colcon_core.shell:Creating prefix chain script '/home/nuc/autoware.ai/src/autoware/core_planning/app_way_planner/install/setup.bash'
[1.158s] INFO:colcon.colcon_core.shell:Creating prefix script '/home/nuc/autoware.ai/src/autoware/core_planning/app_way_planner/install/local_setup.zsh'
[1.159s] INFO:colcon.colcon_core.shell:Creating prefix chain script '/home/nuc/autoware.ai/src/autoware/core_planning/app_way_planner/install/setup.zsh'
