[  0%] Built target std_msgs_generate_messages_nodejs
[  0%] Built target std_msgs_generate_messages_lisp
[  0%] Built target pcl_msgs_generate_messages_py
[  0%] Built target pcl_msgs_generate_messages_nodejs
[  0%] Built target pcl_msgs_generate_messages_lisp
[  0%] Built target geometry_msgs_generate_messages_lisp
[  0%] Built target sensor_msgs_generate_messages_cpp
[  0%] Built target autoware_msgs_generate_messages_cpp
[  0%] Built target jsk_footstep_msgs_generate_messages_eus
[  0%] Built target tablet_socket_msgs_generate_messages_eus
[  0%] Built target pcl_msgs_generate_messages_eus
[  0%] Built target std_msgs_generate_messages_py
[  0%] Built target actionlib_msgs_generate_messages_nodejs
[  0%] Built target rosgraph_msgs_generate_messages_cpp
[  0%] Built target autoware_msgs_generate_messages_py
[  0%] Built target std_msgs_generate_messages_cpp
[  0%] Built target roscpp_generate_messages_lisp
[  0%] Built target actionlib_msgs_generate_messages_cpp
[  0%] Built target jsk_footstep_msgs_generate_messages_nodejs
[  0%] Built target actionlib_msgs_generate_messages_lisp
[  0%] Built target jsk_recognition_msgs_generate_messages_py
[  0%] Built target autoware_can_msgs_generate_messages_nodejs
[  0%] Built target sensor_msgs_generate_messages_py
[  0%] Built target autoware_can_msgs_generate_messages_eus
[  0%] Built target geometry_msgs_generate_messages_nodejs
[  0%] Built target rosgraph_msgs_generate_messages_py
[  0%] Built target roscpp_generate_messages_cpp
[  0%] Built target sensor_msgs_generate_messages_nodejs
[  0%] Built target jsk_recognition_msgs_generate_messages_eus
[  0%] Built target jsk_footstep_msgs_generate_messages_cpp
[  0%] Built target geometry_msgs_generate_messages_py
[  0%] Built target jsk_recognition_msgs_generate_messages_lisp
[  0%] Built target rosgraph_msgs_generate_messages_eus
[  0%] Built target sensor_msgs_generate_messages_eus
[  0%] Built target jsk_recognition_msgs_generate_messages_nodejs
[  0%] Built target tablet_socket_msgs_generate_messages_lisp
[  0%] Built target tablet_socket_msgs_generate_messages_cpp
[  0%] Built target autoware_can_msgs_generate_messages_lisp
[  0%] Built target autoware_can_msgs_generate_messages_py
[  0%] Built target autoware_can_msgs_generate_messages_cpp
[  0%] Built target jsk_recognition_msgs_generate_messages_cpp
[  0%] Built target autoware_msgs_generate_messages_eus
[  0%] Built target std_msgs_generate_messages_eus
[  0%] Built target jsk_footstep_msgs_generate_messages_py
[  0%] Built target actionlib_msgs_generate_messages_py
[  0%] Built target autoware_msgs_generate_messages_nodejs
[  0%] Built target jsk_footstep_msgs_generate_messages_lisp
[  0%] Built target roscpp_generate_messages_py
[  0%] Built target rosgraph_msgs_generate_messages_nodejs
[  0%] Built target rosgraph_msgs_generate_messages_lisp
[  0%] Built target pcl_msgs_generate_messages_cpp
[  0%] Built target sensor_msgs_generate_messages_lisp
[  0%] Built target autoware_msgs_generate_messages_lisp
[  0%] Built target actionlib_msgs_generate_messages_eus
[  0%] Built target tablet_socket_msgs_generate_messages_py
[  0%] Built target tablet_socket_msgs_generate_messages_nodejs
[  0%] Built target roscpp_generate_messages_nodejs
[  0%] Built target geometry_msgs_generate_messages_eus
[  0%] Built target roscpp_generate_messages_eus
[  0%] Built target geometry_msgs_generate_messages_cpp
[35m[1mScanning dependencies of target vehicle_sender[0m
[ 75%] [32mBuilding CXX object CMakeFiles/vehicle_sender.dir/nodes/vehicle_sender/vehicle_sender.cpp.o[0m
[ 75%] Built target vehicle_receiver
In file included from [01m[K/home/nuc/autoware.ai/src/autoware/utilities/vehicle_socket/nodes/vehicle_sender/vehicle_sender.cpp:30:0[m[K:
[01m[K/home/nuc/autoware.ai/src/autoware/utilities/vehicle_socket/nodes/vehicle_sender/control.h:[m[K In member function ‘[01m[Kvoid Control::brake(uint8_t)[m[K’:
[01m[K/home/nuc/autoware.ai/src/autoware/utilities/vehicle_socket/nodes/vehicle_sender/control.h:207:17:[m[K [01;31m[Kerror: [m[K‘[01m[Kerr[m[K’ was not declared in this scope
                 [01;31m[Kerr[m[K = 1;
                 [01;31m[K^~~[m[K
[01m[K/home/nuc/autoware.ai/src/autoware/utilities/vehicle_socket/nodes/vehicle_sender/control.h:207:17:[m[K [01;36m[Knote: [m[Ksuggested alternative: ‘[01m[Kerf[m[K’
                 [01;36m[Kerr[m[K = 1;
                 [01;36m[K^~~[m[K
                 [32m[Kerf[m[K
[01m[K/home/nuc/autoware.ai/src/autoware/utilities/vehicle_socket/nodes/vehicle_sender/control.h:[m[K In member function ‘[01m[Kvoid Control::steer(int16_t)[m[K’:
[01m[K/home/nuc/autoware.ai/src/autoware/utilities/vehicle_socket/nodes/vehicle_sender/control.h:226:17:[m[K [01;31m[Kerror: [m[K‘[01m[Kerr[m[K’ was not declared in this scope
                 [01;31m[Kerr[m[K = 1;
                 [01;31m[K^~~[m[K
[01m[K/home/nuc/autoware.ai/src/autoware/utilities/vehicle_socket/nodes/vehicle_sender/control.h:226:17:[m[K [01;36m[Knote: [m[Ksuggested alternative: ‘[01m[Kerf[m[K’
                 [01;36m[Kerr[m[K = 1;
                 [01;36m[K^~~[m[K
                 [32m[Kerf[m[K
[01m[K/home/nuc/autoware.ai/src/autoware/utilities/vehicle_socket/nodes/vehicle_sender/control.h:[m[K In member function ‘[01m[Kvoid Control::throttle(uint8_t)[m[K’:
[01m[K/home/nuc/autoware.ai/src/autoware/utilities/vehicle_socket/nodes/vehicle_sender/control.h:244:17:[m[K [01;31m[Kerror: [m[K‘[01m[Kerr[m[K’ was not declared in this scope
                 [01;31m[Kerr[m[K = 1;
                 [01;31m[K^~~[m[K
[01m[K/home/nuc/autoware.ai/src/autoware/utilities/vehicle_socket/nodes/vehicle_sender/control.h:244:17:[m[K [01;36m[Knote: [m[Ksuggested alternative: ‘[01m[Kerf[m[K’
                 [01;36m[Kerr[m[K = 1;
                 [01;36m[K^~~[m[K
                 [32m[Kerf[m[K
[01m[K/home/nuc/autoware.ai/src/autoware/utilities/vehicle_socket/nodes/vehicle_sender/control.h:[m[K In member function ‘[01m[Kvoid Control::geer(uint8_t)[m[K’:
[01m[K/home/nuc/autoware.ai/src/autoware/utilities/vehicle_socket/nodes/vehicle_sender/control.h:261:17:[m[K [01;31m[Kerror: [m[K‘[01m[Kerr[m[K’ was not declared in this scope
                 [01;31m[Kerr[m[K = 1;
                 [01;31m[K^~~[m[K
[01m[K/home/nuc/autoware.ai/src/autoware/utilities/vehicle_socket/nodes/vehicle_sender/control.h:261:17:[m[K [01;36m[Knote: [m[Ksuggested alternative: ‘[01m[Kerf[m[K’
                 [01;36m[Kerr[m[K = 1;
                 [01;36m[K^~~[m[K
                 [32m[Kerf[m[K
[01m[K/home/nuc/autoware.ai/src/autoware/utilities/vehicle_socket/nodes/vehicle_sender/vehicle_sender.cpp:[m[K In function ‘[01m[Kvoid vehicleCmdCallback(const VehicleCmd&)[m[K’:
[01m[K/home/nuc/autoware.ai/src/autoware/utilities/vehicle_socket/nodes/vehicle_sender/vehicle_sender.cpp:91:18:[m[K [01;31m[Kerror: [m[K‘[01m[Kclass Control[m[K’ has no member named ‘[01m[Kgear[m[K’; did you mean ‘[01m[Kgeer[m[K’?
         g_pctrl->[01;31m[Kgear[m[K(command_data.gearValue);
                  [01;31m[K^~~~[m[K
                  [32m[Kgeer[m[K
[01m[K/home/nuc/autoware.ai/src/autoware/utilities/vehicle_socket/nodes/vehicle_sender/vehicle_sender.cpp:96:18:[m[K [01;31m[Kerror: [m[K‘[01m[Kclass Control[m[K’ has no member named ‘[01m[Kgear[m[K’; did you mean ‘[01m[Kgeer[m[K’?
         g_pctrl->[01;31m[Kgear[m[K(command_data.gearValue);
                  [01;31m[K^~~~[m[K
                  [32m[Kgeer[m[K
[01m[K/home/nuc/autoware.ai/src/autoware/utilities/vehicle_socket/nodes/vehicle_sender/vehicle_sender.cpp:105:18:[m[K [01;31m[Kerror: [m[K‘[01m[Kclass Control[m[K’ has no member named ‘[01m[Kgear[m[K’; did you mean ‘[01m[Kgeer[m[K’?
         g_pctrl->[01;31m[Kgear[m[K(command_data.gearValue);
                  [01;31m[K^~~~[m[K
                  [32m[Kgeer[m[K
[01m[K/home/nuc/autoware.ai/src/autoware/utilities/vehicle_socket/nodes/vehicle_sender/vehicle_sender.cpp:110:18:[m[K [01;31m[Kerror: [m[K‘[01m[Kclass Control[m[K’ has no member named ‘[01m[Kgear[m[K’; did you mean ‘[01m[Kgeer[m[K’?
         g_pctrl->[01;31m[Kgear[m[K(command_data.gearValue);
                  [01;31m[K^~~~[m[K
                  [32m[Kgeer[m[K
[01m[K/home/nuc/autoware.ai/src/autoware/utilities/vehicle_socket/nodes/vehicle_sender/vehicle_sender.cpp:131:39:[m[K [01;31m[Kerror: [m[K‘[01m[Kvoid Control::steer(int16_t)[m[K’ is private within this context
     g_pctrl->steer(msg.steer_cmd.steer[01;31m[K)[m[K;
                                       [01;31m[K^[m[K
In file included from [01m[K/home/nuc/autoware.ai/src/autoware/utilities/vehicle_socket/nodes/vehicle_sender/vehicle_sender.cpp:30:0[m[K:
[01m[K/home/nuc/autoware.ai/src/autoware/utilities/vehicle_socket/nodes/vehicle_sender/control.h:214:10:[m[K [01;36m[Knote: [m[Kdeclared private here
     void [01;36m[Ksteer[m[K(int16_t value)
          [01;36m[K^~~~~[m[K
[01m[K/home/nuc/autoware.ai/src/autoware/utilities/vehicle_socket/nodes/vehicle_sender/vehicle_sender.cpp:133:39:[m[K [01;31m[Kerror: [m[K‘[01m[Kvoid Control::brake(uint8_t)[m[K’ is private within this context
     g_pctrl->brake(msg.brake_cmd.brake[01;31m[K)[m[K;
                                       [01;31m[K^[m[K
In file included from [01m[K/home/nuc/autoware.ai/src/autoware/utilities/vehicle_socket/nodes/vehicle_sender/vehicle_sender.cpp:30:0[m[K:
[01m[K/home/nuc/autoware.ai/src/autoware/utilities/vehicle_socket/nodes/vehicle_sender/control.h:196:10:[m[K [01;36m[Knote: [m[Kdeclared private here
     void [01;36m[Kbrake[m[K(uint8_t value)
          [01;36m[K^~~~~[m[K
[01m[K/home/nuc/autoware.ai/src/autoware/utilities/vehicle_socket/nodes/vehicle_sender/vehicle_sender.cpp:[m[K In function ‘[01m[Kint main(int, char**)[m[K’:
[01m[K/home/nuc/autoware.ai/src/autoware/utilities/vehicle_socket/nodes/vehicle_sender/vehicle_sender.cpp:247:13:[m[K [01;31m[Kerror: [m[K‘[01m[KControl::Control()[m[K’ is private within this context
     Control [01;31m[Kctrl[m[K;
             [01;31m[K^~~~[m[K
In file included from [01m[K/home/nuc/autoware.ai/src/autoware/utilities/vehicle_socket/nodes/vehicle_sender/vehicle_sender.cpp:30:0[m[K:
[01m[K/home/nuc/autoware.ai/src/autoware/utilities/vehicle_socket/nodes/vehicle_sender/control.h:18:5:[m[K [01;36m[Knote: [m[Kdeclared private here
     [01;36m[KControl[m[K()
     [01;36m[K^~~~~~~[m[K
[01m[K/home/nuc/autoware.ai/src/autoware/utilities/vehicle_socket/nodes/vehicle_sender/vehicle_sender.cpp:[m[K At global scope:
[01m[K/home/nuc/autoware.ai/src/autoware/utilities/vehicle_socket/nodes/vehicle_sender/vehicle_sender.cpp:175:14:[m[K [01;35m[Kwarning: [m[K‘[01m[Kvoid* receiverCaller(void*)[m[K’ defined but not used [[01;35m[K-Wunused-function[m[K]
 static void *[01;35m[KreceiverCaller[m[K(void *unused)
              [01;35m[K^~~~~~~~~~~~~~[m[K
CMakeFiles/vehicle_sender.dir/build.make:62: recipe for target 'CMakeFiles/vehicle_sender.dir/nodes/vehicle_sender/vehicle_sender.cpp.o' failed
make[2]: *** [CMakeFiles/vehicle_sender.dir/nodes/vehicle_sender/vehicle_sender.cpp.o] Error 1
CMakeFiles/Makefile2:190: recipe for target 'CMakeFiles/vehicle_sender.dir/all' failed
make[1]: *** [CMakeFiles/vehicle_sender.dir/all] Error 2
make: *** [all] Error 2
Makefile:140: recipe for target 'all' failed
