[0.168s] DEBUG:colcon:Command line arguments: ['/usr/bin/colcon', 'build']
[0.168s] DEBUG:colcon:Parsed command line arguments: Namespace(ament_cmake_args=None, base_paths=['.'], build_base='build', catkin_cmake_args=None, catkin_skip_building_tests=False, cmake_args=None, cmake_clean_cache=False, cmake_clean_first=False, cmake_force_configure=False, cmake_target=None, cmake_target_skip_unavailable=False, continue_on_error=False, event_handlers=None, executor='parallel', ignore_user_meta=False, install_base='install', log_base=None, log_level=None, main=<bound method BuildVerb.main of <colcon_core.verb.build.BuildVerb object at 0x7fd4956329b0>>, merge_install=False, metas=['./colcon.meta'], packages_above=None, packages_above_and_dependencies=None, packages_above_depth=None, packages_end=None, packages_ignore=None, packages_ignore_regex=None, packages_select=None, packages_select_build_failed=False, packages_select_by_dep=None, packages_select_regex=None, packages_select_test_failures=False, packages_skip=None, packages_skip_build_finished=False, packages_skip_by_dep=None, packages_skip_regex=None, packages_skip_test_passed=False, packages_skip_up_to=None, packages_start=None, packages_up_to=None, packages_up_to_regex=None, parallel_workers=8, paths=None, symlink_install=False, test_result_base=None, verb_extension=<colcon_core.verb.build.BuildVerb object at 0x7fd4956329b0>, verb_name='build', verb_parser=<colcon_defaults.argument_parser.defaults.DefaultArgumentsDecorator object at 0x7fd495632d68>)
[0.186s] Level 1:colcon.colcon_core.package_discovery:discover_packages(colcon_meta) check parameters
[0.186s] Level 1:colcon.colcon_core.package_discovery:discover_packages(recursive) check parameters
[0.186s] Level 1:colcon.colcon_core.package_discovery:discover_packages(ignore) check parameters
[0.186s] Level 1:colcon.colcon_core.package_discovery:discover_packages(path) check parameters
[0.186s] Level 1:colcon.colcon_core.package_discovery:discover_packages(colcon_meta) discover
[0.187s] Level 1:colcon.colcon_core.package_discovery:discover_packages(recursive) discover
[0.187s] INFO:colcon.colcon_core.package_discovery:Crawling recursively for packages in '/home/nuc/autoware.ai/src/autoware/core_planning/app_way_planner'
[0.187s] Level 1:colcon.colcon_core.package_identification:_identify(.) by extensions ['ignore', 'ignore_ament_install']
[0.187s] Level 1:colcon.colcon_core.package_identification:_identify(.) by extension 'ignore'
[0.187s] Level 1:colcon.colcon_core.package_identification:_identify(.) by extension 'ignore_ament_install'
[0.187s] Level 1:colcon.colcon_core.package_identification:_identify(.) by extensions ['colcon_pkg']
[0.188s] Level 1:colcon.colcon_core.package_identification:_identify(.) by extension 'colcon_pkg'
[0.188s] Level 1:colcon.colcon_core.package_identification:_identify(.) by extensions ['colcon_meta']
[0.188s] Level 1:colcon.colcon_core.package_identification:_identify(.) by extension 'colcon_meta'
[0.188s] Level 1:colcon.colcon_core.package_identification:_identify(.) by extensions ['ros']
[0.188s] Level 1:colcon.colcon_core.package_identification:_identify(.) by extension 'ros'
[0.201s] DEBUG:colcon.colcon_core.package_identification:Package '.' with type 'ros.catkin' and name 'app_way_planner'
[0.201s] Level 1:colcon.colcon_core.package_discovery:discover_packages(recursive) using defaults
[0.202s] Level 1:colcon.colcon_core.package_discovery:discover_packages(ignore) discover
[0.202s] Level 1:colcon.colcon_core.package_discovery:discover_packages(ignore) using defaults
[0.202s] Level 1:colcon.colcon_core.package_discovery:discover_packages(path) discover
[0.202s] Level 1:colcon.colcon_core.package_discovery:discover_packages(path) using defaults
[0.207s] Level 5:colcon.colcon_core.verb:set package 'app_way_planner' build argument 'cmake_args' from command line to 'None'
[0.207s] Level 5:colcon.colcon_core.verb:set package 'app_way_planner' build argument 'cmake_target' from command line to 'None'
[0.207s] Level 5:colcon.colcon_core.verb:set package 'app_way_planner' build argument 'cmake_target_skip_unavailable' from command line to 'False'
[0.207s] Level 5:colcon.colcon_core.verb:set package 'app_way_planner' build argument 'cmake_clean_cache' from command line to 'False'
[0.207s] Level 5:colcon.colcon_core.verb:set package 'app_way_planner' build argument 'cmake_clean_first' from command line to 'False'
[0.207s] Level 5:colcon.colcon_core.verb:set package 'app_way_planner' build argument 'cmake_force_configure' from command line to 'False'
[0.207s] Level 5:colcon.colcon_core.verb:set package 'app_way_planner' build argument 'ament_cmake_args' from command line to 'None'
[0.207s] Level 5:colcon.colcon_core.verb:set package 'app_way_planner' build argument 'catkin_cmake_args' from command line to 'None'
[0.207s] Level 5:colcon.colcon_core.verb:set package 'app_way_planner' build argument 'catkin_skip_building_tests' from command line to 'False'
[0.207s] DEBUG:colcon.colcon_core.verb:Building package 'app_way_planner' with the following arguments: {'ament_cmake_args': None, 'build_base': '/home/nuc/autoware.ai/src/autoware/core_planning/app_way_planner/build/app_way_planner', 'catkin_cmake_args': None, 'catkin_skip_building_tests': False, 'cmake_args': None, 'cmake_clean_cache': False, 'cmake_clean_first': False, 'cmake_force_configure': False, 'cmake_target': None, 'cmake_target_skip_unavailable': False, 'install_base': '/home/nuc/autoware.ai/src/autoware/core_planning/app_way_planner/install/app_way_planner', 'merge_install': False, 'path': '/home/nuc/autoware.ai/src/autoware/core_planning/app_way_planner', 'symlink_install': False, 'test_result_base': None}
[0.208s] INFO:colcon.colcon_core.executor:Executing jobs using 'parallel' executor
[0.210s] DEBUG:colcon.colcon_parallel_executor.executor.parallel:run_until_complete
[0.210s] INFO:colcon.colcon_ros.task.catkin.build:Building ROS package in '/home/nuc/autoware.ai/src/autoware/core_planning/app_way_planner' with build type 'catkin'
[0.210s] INFO:colcon.colcon_cmake.task.cmake.build:Building CMake package in '/home/nuc/autoware.ai/src/autoware/core_planning/app_way_planner'
[0.215s] INFO:colcon.colcon_core.plugin_system:Skipping extension 'colcon_core.shell.bat': Not used on non-Windows systems
[0.215s] INFO:colcon.colcon_core.shell:Skip shell extension 'powershell' for command environment: Not usable outside of PowerShell
[0.215s] DEBUG:colcon.colcon_core.shell:Skip shell extension 'dsv' for command environment
[0.230s] DEBUG:colcon.colcon_core.shell:Ignoring prefix path '/opt/ros/melodic'
[0.240s] DEBUG:colcon.colcon_core.event_handler.log_command:Invoking command in '/home/nuc/autoware.ai/src/autoware/core_planning/app_way_planner/build/app_way_planner': /usr/bin/cmake --build /home/nuc/autoware.ai/src/autoware/core_planning/app_way_planner/build/app_way_planner -- -j8 -l8
[11.799s] DEBUG:colcon.colcon_core.event_handler.log_command:Invoked command in '/home/nuc/autoware.ai/src/autoware/core_planning/app_way_planner/build/app_way_planner' returned '0': /usr/bin/cmake --build /home/nuc/autoware.ai/src/autoware/core_planning/app_way_planner/build/app_way_planner -- -j8 -l8
[12.012s] DEBUG:colcon.colcon_core.event_handler.log_command:Invoking command in '/home/nuc/autoware.ai/src/autoware/core_planning/app_way_planner/build/app_way_planner': /usr/bin/cmake --build /home/nuc/autoware.ai/src/autoware/core_planning/app_way_planner/build/app_way_planner --target tests -- -j8 -l8
[12.122s] DEBUG:colcon.colcon_core.event_handler.log_command:Invoked command in '/home/nuc/autoware.ai/src/autoware/core_planning/app_way_planner/build/app_way_planner' returned '0': /usr/bin/cmake --build /home/nuc/autoware.ai/src/autoware/core_planning/app_way_planner/build/app_way_planner --target tests -- -j8 -l8
[12.349s] DEBUG:colcon.colcon_core.event_handler.log_command:Invoking command in '/home/nuc/autoware.ai/src/autoware/core_planning/app_way_planner/build/app_way_planner': /usr/bin/cmake --build /home/nuc/autoware.ai/src/autoware/core_planning/app_way_planner/build/app_way_planner --target install -- -j8 -l8
[12.498s] Level 1:colcon.colcon_core.shell:create_environment_hook('app_way_planner', 'ros_package_path')
[12.499s] INFO:colcon.colcon_core.shell:Creating environment hook '/home/nuc/autoware.ai/src/autoware/core_planning/app_way_planner/install/app_way_planner/share/app_way_planner/hook/ros_package_path.ps1'
[12.500s] DEBUG:colcon.colcon_core.event_handler.log_command:Invoked command in '/home/nuc/autoware.ai/src/autoware/core_planning/app_way_planner/build/app_way_planner' returned '0': /usr/bin/cmake --build /home/nuc/autoware.ai/src/autoware/core_planning/app_way_planner/build/app_way_planner --target install -- -j8 -l8
[12.501s] INFO:colcon.colcon_core.shell:Creating environment descriptor '/home/nuc/autoware.ai/src/autoware/core_planning/app_way_planner/install/app_way_planner/share/app_way_planner/hook/ros_package_path.dsv'
[12.501s] INFO:colcon.colcon_core.shell:Creating environment hook '/home/nuc/autoware.ai/src/autoware/core_planning/app_way_planner/install/app_way_planner/share/app_way_planner/hook/ros_package_path.sh'
[12.502s] Level 1:colcon.colcon_ros.task.catkin:checking '/home/nuc/autoware.ai/src/autoware/core_planning/app_way_planner/install/app_way_planner/lib/python2.7/dist-packages'
[12.502s] Level 1:colcon.colcon_core.shell:create_environment_hook('app_way_planner', 'pkg_config_path')
[12.502s] INFO:colcon.colcon_core.shell:Creating environment hook '/home/nuc/autoware.ai/src/autoware/core_planning/app_way_planner/install/app_way_planner/share/app_way_planner/hook/pkg_config_path.ps1'
[12.503s] INFO:colcon.colcon_core.shell:Creating environment descriptor '/home/nuc/autoware.ai/src/autoware/core_planning/app_way_planner/install/app_way_planner/share/app_way_planner/hook/pkg_config_path.dsv'
[12.503s] INFO:colcon.colcon_core.shell:Creating environment hook '/home/nuc/autoware.ai/src/autoware/core_planning/app_way_planner/install/app_way_planner/share/app_way_planner/hook/pkg_config_path.sh'
[12.506s] Level 1:colcon.colcon_core.shell:create_environment_hook('app_way_planner', 'pkg_config_path_multiarch')
[12.507s] INFO:colcon.colcon_core.shell:Creating environment hook '/home/nuc/autoware.ai/src/autoware/core_planning/app_way_planner/install/app_way_planner/share/app_way_planner/hook/pkg_config_path_multiarch.ps1'
[12.508s] INFO:colcon.colcon_core.shell:Creating environment descriptor '/home/nuc/autoware.ai/src/autoware/core_planning/app_way_planner/install/app_way_planner/share/app_way_planner/hook/pkg_config_path_multiarch.dsv'
[12.508s] INFO:colcon.colcon_core.shell:Creating environment hook '/home/nuc/autoware.ai/src/autoware/core_planning/app_way_planner/install/app_way_planner/share/app_way_planner/hook/pkg_config_path_multiarch.sh'
[12.510s] Level 1:colcon.colcon_core.environment:create_environment_scripts_only(app_way_planner)
[12.516s] Level 1:colcon.colcon_core.environment:checking '/home/nuc/autoware.ai/src/autoware/core_planning/app_way_planner/install/app_way_planner' for CMake module files
[12.517s] Level 1:colcon.colcon_core.environment:checking '/home/nuc/autoware.ai/src/autoware/core_planning/app_way_planner/install/app_way_planner' for CMake config files
[12.517s] Level 1:colcon.colcon_core.shell:create_environment_hook('app_way_planner', 'cmake_prefix_path')
[12.518s] INFO:colcon.colcon_core.shell:Creating environment hook '/home/nuc/autoware.ai/src/autoware/core_planning/app_way_planner/install/app_way_planner/share/app_way_planner/hook/cmake_prefix_path.ps1'
[12.519s] INFO:colcon.colcon_core.shell:Creating environment descriptor '/home/nuc/autoware.ai/src/autoware/core_planning/app_way_planner/install/app_way_planner/share/app_way_planner/hook/cmake_prefix_path.dsv'
[12.519s] INFO:colcon.colcon_core.shell:Creating environment hook '/home/nuc/autoware.ai/src/autoware/core_planning/app_way_planner/install/app_way_planner/share/app_way_planner/hook/cmake_prefix_path.sh'
[12.520s] Level 1:colcon.colcon_core.environment:checking '/home/nuc/autoware.ai/src/autoware/core_planning/app_way_planner/install/app_way_planner/lib'
[12.521s] Level 1:colcon.colcon_core.environment:checking '/home/nuc/autoware.ai/src/autoware/core_planning/app_way_planner/install/app_way_planner/bin'
[12.521s] Level 1:colcon.colcon_core.environment:checking '/home/nuc/autoware.ai/src/autoware/core_planning/app_way_planner/install/app_way_planner/lib/pkgconfig/app_way_planner.pc'
[12.521s] Level 1:colcon.colcon_core.shell:create_environment_hook('app_way_planner', 'pkg_config')
[12.522s] INFO:colcon.colcon_core.shell:Creating environment hook '/home/nuc/autoware.ai/src/autoware/core_planning/app_way_planner/install/app_way_planner/share/app_way_planner/hook/pkg_config.ps1'
[12.522s] INFO:colcon.colcon_core.shell:Creating environment descriptor '/home/nuc/autoware.ai/src/autoware/core_planning/app_way_planner/install/app_way_planner/share/app_way_planner/hook/pkg_config.dsv'
[12.523s] INFO:colcon.colcon_core.shell:Creating environment hook '/home/nuc/autoware.ai/src/autoware/core_planning/app_way_planner/install/app_way_planner/share/app_way_planner/hook/pkg_config.sh'
[12.523s] Level 1:colcon.colcon_core.environment:checking '/home/nuc/autoware.ai/src/autoware/core_planning/app_way_planner/install/app_way_planner/lib/python3.6/site-packages'
[12.524s] INFO:colcon.colcon_core.shell:Creating package script '/home/nuc/autoware.ai/src/autoware/core_planning/app_way_planner/install/app_way_planner/share/app_way_planner/package.ps1'
[12.526s] INFO:colcon.colcon_core.shell:Creating package descriptor '/home/nuc/autoware.ai/src/autoware/core_planning/app_way_planner/install/app_way_planner/share/app_way_planner/package.dsv'
[12.527s] INFO:colcon.colcon_core.shell:Creating package script '/home/nuc/autoware.ai/src/autoware/core_planning/app_way_planner/install/app_way_planner/share/app_way_planner/package.sh'
[12.528s] INFO:colcon.colcon_core.shell:Creating package script '/home/nuc/autoware.ai/src/autoware/core_planning/app_way_planner/install/app_way_planner/share/app_way_planner/package.bash'
[12.529s] INFO:colcon.colcon_core.shell:Creating package script '/home/nuc/autoware.ai/src/autoware/core_planning/app_way_planner/install/app_way_planner/share/app_way_planner/package.zsh'
[12.530s] Level 1:colcon.colcon_core.environment:create_file_with_runtime_dependencies(/home/nuc/autoware.ai/src/autoware/core_planning/app_way_planner/install/app_way_planner/share/colcon-core/packages/app_way_planner)
[12.532s] DEBUG:colcon.colcon_parallel_executor.executor.parallel:closing loop
[12.532s] DEBUG:colcon.colcon_parallel_executor.executor.parallel:loop closed
[12.532s] DEBUG:colcon.colcon_parallel_executor.executor.parallel:run_until_complete finished with '0'
[12.532s] DEBUG:colcon.colcon_core.event_reactor:joining thread
[12.541s] INFO:colcon.colcon_core.plugin_system:Skipping extension 'colcon_notification.desktop_notification.terminal_notifier': Not used on non-Darwin systems
[12.541s] INFO:colcon.colcon_core.plugin_system:Skipping extension 'colcon_notification.desktop_notification.win32': Not used on non-Windows systems
[12.542s] INFO:colcon.colcon_notification.desktop_notification:Sending desktop notification using 'notify2'
[12.545s] DEBUG:colcon.colcon_core.event_reactor:joined thread
[12.546s] INFO:colcon.colcon_core.shell:Creating prefix script '/home/nuc/autoware.ai/src/autoware/core_planning/app_way_planner/install/local_setup.ps1'
[12.547s] INFO:colcon.colcon_core.shell:Creating prefix util module '/home/nuc/autoware.ai/src/autoware/core_planning/app_way_planner/install/_local_setup_util_ps1.py'
[12.549s] INFO:colcon.colcon_core.shell:Creating prefix chain script '/home/nuc/autoware.ai/src/autoware/core_planning/app_way_planner/install/setup.ps1'
[12.559s] INFO:colcon.colcon_core.shell:Creating prefix script '/home/nuc/autoware.ai/src/autoware/core_planning/app_way_planner/install/local_setup.sh'
[12.560s] INFO:colcon.colcon_core.shell:Creating prefix util module '/home/nuc/autoware.ai/src/autoware/core_planning/app_way_planner/install/_local_setup_util_sh.py'
[12.560s] INFO:colcon.colcon_core.shell:Creating prefix chain script '/home/nuc/autoware.ai/src/autoware/core_planning/app_way_planner/install/setup.sh'
[12.569s] INFO:colcon.colcon_core.shell:Creating prefix script '/home/nuc/autoware.ai/src/autoware/core_planning/app_way_planner/install/local_setup.bash'
[12.569s] INFO:colcon.colcon_core.shell:Creating prefix chain script '/home/nuc/autoware.ai/src/autoware/core_planning/app_way_planner/install/setup.bash'
[12.578s] INFO:colcon.colcon_core.shell:Creating prefix script '/home/nuc/autoware.ai/src/autoware/core_planning/app_way_planner/install/local_setup.zsh'
[12.578s] INFO:colcon.colcon_core.shell:Creating prefix chain script '/home/nuc/autoware.ai/src/autoware/core_planning/app_way_planner/install/setup.zsh'
