[0.029s] Invoking command in '/home/nuc/autoware.ai/src/autoware/utilities/app_cmd_sender/build/app_cmd_sender': /usr/bin/cmake --build /home/nuc/autoware.ai/src/autoware/utilities/app_cmd_sender/build/app_cmd_sender -- -j8 -l8
[0.118s] [  0%] Built target rosgraph_msgs_generate_messages_nodejs
[0.122s] [  0%] Built target tablet_socket_msgs_generate_messages_nodejs
[0.125s] [  0%] Built target sensor_msgs_generate_messages_nodejs
[0.125s] [  0%] Built target tablet_socket_msgs_generate_messages_eus
[0.133s] [  0%] Built target rosgraph_msgs_generate_messages_lisp
[0.135s] [  0%] Built target tablet_socket_msgs_generate_messages_py
[0.136s] [  0%] Built target rosgraph_msgs_generate_messages_py
[0.138s] [  0%] Built target tablet_socket_msgs_generate_messages_lisp
[0.168s] [  0%] Built target actionlib_msgs_generate_messages_lisp
[0.170s] [  0%] Built target roscpp_generate_messages_py
[0.173s] [  0%] Built target actionlib_msgs_generate_messages_cpp
[0.179s] [  0%] Built target roscpp_generate_messages_lisp
[0.180s] [  0%] Built target jsk_footstep_msgs_generate_messages_lisp
[0.180s] [  0%] Built target actionlib_msgs_generate_messages_py
[0.186s] [  0%] Built target jsk_footstep_msgs_generate_messages_nodejs
[0.199s] [  0%] Built target jsk_footstep_msgs_generate_messages_eus
[0.213s] [  0%] Built target pcl_msgs_generate_messages_py
[0.216s] [  0%] Built target pcl_msgs_generate_messages_nodejs
[0.218s] [  0%] Built target pcl_msgs_generate_messages_lisp
[0.226s] [  0%] Built target rosgraph_msgs_generate_messages_cpp
[0.228s] [  0%] Built target pcl_msgs_generate_messages_eus
[0.234s] [  0%] Built target autoware_msgs_generate_messages_cpp
[0.236s] [  0%] Built target std_msgs_generate_messages_nodejs
[0.248s] [  0%] Built target std_msgs_generate_messages_lisp
[0.265s] [  0%] Built target sensor_msgs_generate_messages_cpp
[0.267s] [  0%] Built target tablet_socket_msgs_generate_messages_cpp
[0.272s] [  0%] Built target sensor_msgs_generate_messages_eus
[0.276s] [  0%] Built target autoware_can_msgs_generate_messages_py
[0.290s] [  0%] Built target geometry_msgs_generate_messages_py
[0.290s] [  0%] Built target jsk_footstep_msgs_generate_messages_cpp
[0.290s] [  0%] Built target std_msgs_generate_messages_eus
[0.296s] [  0%] Built target autoware_msgs_generate_messages_nodejs
[0.314s] [  0%] Built target jsk_footstep_msgs_generate_messages_py
[0.316s] [  0%] Built target std_msgs_generate_messages_cpp
[0.319s] [  0%] Built target actionlib_msgs_generate_messages_nodejs
[0.336s] [  0%] Built target std_msgs_generate_messages_py
[0.337s] [  0%] Built target geometry_msgs_generate_messages_nodejs
[0.337s] [  0%] Built target autoware_msgs_generate_messages_py
[0.339s] [  0%] Built target autoware_can_msgs_generate_messages_eus
[0.340s] [  0%] Built target sensor_msgs_generate_messages_py
[0.361s] [  0%] Built target jsk_recognition_msgs_generate_messages_py
[0.369s] [  0%] Built target autoware_can_msgs_generate_messages_nodejs
[0.369s] [  0%] Built target autoware_can_msgs_generate_messages_lisp
[0.378s] [  0%] Built target sensor_msgs_generate_messages_lisp
[0.382s] [  0%] Built target autoware_msgs_generate_messages_eus
[0.387s] [  0%] Built target jsk_recognition_msgs_generate_messages_cpp
[0.391s] [  0%] Built target pcl_msgs_generate_messages_cpp
[0.391s] [  0%] Built target autoware_can_msgs_generate_messages_cpp
[0.400s] [  0%] Built target actionlib_msgs_generate_messages_eus
[0.413s] [  0%] Built target roscpp_generate_messages_nodejs
[0.420s] [  0%] Built target roscpp_generate_messages_eus
[0.437s] [  0%] Built target autoware_msgs_generate_messages_lisp
[0.437s] [  0%] Built target geometry_msgs_generate_messages_eus
[0.438s] [  0%] Built target geometry_msgs_generate_messages_cpp
[0.441s] [  0%] Built target geometry_msgs_generate_messages_lisp
[0.451s] [  0%] Built target jsk_recognition_msgs_generate_messages_eus
[0.451s] [  0%] Built target jsk_recognition_msgs_generate_messages_lisp
[0.454s] [  0%] Built target rosgraph_msgs_generate_messages_eus
[0.462s] [  0%] Built target jsk_recognition_msgs_generate_messages_nodejs
[0.470s] [  0%] Built target roscpp_generate_messages_cpp
[0.488s] [35m[1mScanning dependencies of target app_cmd_sender[0m
[0.513s] [ 50%] [32mBuilding CXX object CMakeFiles/app_cmd_sender.dir/nodes/app_cmd_sender.cpp.o[0m
[2.684s] [01m[K/home/nuc/autoware.ai/src/autoware/utilities/app_cmd_sender/nodes/app_cmd_sender.cpp:[m[K In function ‘[01m[Kvoid centerlineCallback(const MarkerArray&)[m[K’:
[2.685s] [01m[K/home/nuc/autoware.ai/src/autoware/utilities/app_cmd_sender/nodes/app_cmd_sender.cpp:67:32:[m[K [01;35m[Kwarning: [m[Knarrowing conversion of ‘[01m[Kpt.geometry_msgs::Point_<std::allocator<void> >::x[m[K’ from ‘[01m[Kgeometry_msgs::Point_<std::allocator<void> >::_x_type {aka double}[m[K’ to ‘[01m[Kfloat[m[K’ inside { } [[01;35m[K-Wnarrowing[m[K]
[2.685s]          centerpt.push_back({[01;35m[Kpt.x[m[K,pt.y});
[2.685s]                              [01;35m[K~~~^[m[K
[2.685s] [01m[K/home/nuc/autoware.ai/src/autoware/utilities/app_cmd_sender/nodes/app_cmd_sender.cpp:67:37:[m[K [01;35m[Kwarning: [m[Knarrowing conversion of ‘[01m[Kpt.geometry_msgs::Point_<std::allocator<void> >::y[m[K’ from ‘[01m[Kgeometry_msgs::Point_<std::allocator<void> >::_y_type {aka double}[m[K’ to ‘[01m[Kfloat[m[K’ inside { } [[01;35m[K-Wnarrowing[m[K]
[2.685s]          centerpt.push_back({pt.x,[01;35m[Kpt.y[m[K});
[2.685s]                                   [01;35m[K~~~^[m[K
[2.685s] In file included from [01m[K/opt/ros/melodic/include/ros/ros.h:40:0[m[K,
[2.685s]                  from [01m[K/home/nuc/autoware.ai/src/autoware/utilities/app_cmd_sender/nodes/app_cmd_sender.cpp:17[m[K:
[2.686s] [01m[K/opt/ros/melodic/include/ros/console.h:348:176:[m[K [01;35m[Kwarning: [m[Kformat ‘[01m[K%d[m[K’ expects argument of type ‘[01m[Kint[m[K’, but argument 8 has type ‘[01m[Kstd::vector<geometry_msgs::Point_<std::allocator<void> >, std::allocator<geometry_msgs::Point_<std::allocator<void> > > >::size_type {aka long unsigned int}[m[K’ [[01;35m[K-Wformat=[m[K]
[2.686s]  rosconsole_define_location__loc.level_, __FILE__, __LINE__, __ROSCONSOLE_FUNCTION__, __VA_ARGS__[01;35m[K)[m[K
[2.686s]                                                                                                  [01;35m[K^[m[K
[2.686s] [01m[K/opt/ros/melodic/include/ros/console.h:351:5:[m[K [01;36m[Knote: [m[Kin expansion of macro ‘[01m[KROSCONSOLE_PRINT_AT_LOCATION_WITH_FILTER[m[K’
[2.686s]      [01;36m[KROSCONSOLE_PRINT_AT_LOCATION_WITH_FILTER[m[K(NULL, __VA_ARGS__)
[2.686s]      [01;36m[K^~~~~~~~~~~~~~~~~~~~~~~~~~~~~~~~~~~~~~~~[m[K
[2.686s] [01m[K/opt/ros/melodic/include/ros/console.h:387:7:[m[K [01;36m[Knote: [m[Kin expansion of macro ‘[01m[KROSCONSOLE_PRINT_AT_LOCATION[m[K’
[2.686s]        [01;36m[KROSCONSOLE_PRINT_AT_LOCATION[m[K(__VA_ARGS__); \
[2.686s]        [01;36m[K^~~~~~~~~~~~~~~~~~~~~~~~~~~~[m[K
[2.686s] [01m[K/opt/ros/melodic/include/ros/console.h:572:35:[m[K [01;36m[Knote: [m[Kin expansion of macro ‘[01m[KROS_LOG_COND[m[K’
[2.686s]  #define ROS_LOG(level, name, ...) [01;36m[KROS_LOG_COND[m[K(true, level, name, __VA_ARGS__)
[2.686s]                                    [01;36m[K^~~~~~~~~~~~[m[K
[2.686s] [01m[K/opt/ros/melodic/include/rosconsole/macros_generated.h:162:23:[m[K [01;36m[Knote: [m[Kin expansion of macro ‘[01m[KROS_LOG[m[K’
[2.686s]  #define ROS_WARN(...) [01;36m[KROS_LOG[m[K(::ros::console::levels::Warn, ROSCONSOLE_DEFAULT_NAME, __VA_ARGS__)
[2.686s]                        [01;36m[K^~~~~~~[m[K
[2.687s] [01m[K/home/nuc/autoware.ai/src/autoware/utilities/app_cmd_sender/nodes/app_cmd_sender.cpp:69:5:[m[K [01;36m[Knote: [m[Kin expansion of macro ‘[01m[KROS_WARN[m[K’
[2.687s]      [01;36m[KR[m[KOS_WARN("IM centerline, SIZE=%d",  ary.markers[0].points.size());
[2.687s]      [01;36m[K^[m[K
[2.687s] [01m[K/home/nuc/autoware.ai/src/autoware/utilities/app_cmd_sender/nodes/app_cmd_sender.cpp:[m[K In function ‘[01m[Kvoid planlineCallback(const MarkerArray&)[m[K’:
[2.687s] [01m[K/opt/ros/melodic/include/ros/console.h:348:176:[m[K [01;35m[Kwarning: [m[Kformat ‘[01m[K%d[m[K’ expects argument of type ‘[01m[Kint[m[K’, but argument 8 has type ‘[01m[Kstd::vector<geometry_msgs::Point_<std::allocator<void> >, std::allocator<geometry_msgs::Point_<std::allocator<void> > > >::size_type {aka long unsigned int}[m[K’ [[01;35m[K-Wformat=[m[K]
[2.687s]  rosconsole_define_location__loc.level_, __FILE__, __LINE__, __ROSCONSOLE_FUNCTION__, __VA_ARGS__[01;35m[K)[m[K
[2.687s]                                                                                                  [01;35m[K^[m[K
[2.687s] [01m[K/opt/ros/melodic/include/ros/console.h:351:5:[m[K [01;36m[Knote: [m[Kin expansion of macro ‘[01m[KROSCONSOLE_PRINT_AT_LOCATION_WITH_FILTER[m[K’
[2.687s]      [01;36m[KROSCONSOLE_PRINT_AT_LOCATION_WITH_FILTER[m[K(NULL, __VA_ARGS__)
[2.687s]      [01;36m[K^~~~~~~~~~~~~~~~~~~~~~~~~~~~~~~~~~~~~~~~[m[K
[2.687s] [01m[K/opt/ros/melodic/include/ros/console.h:387:7:[m[K [01;36m[Knote: [m[Kin expansion of macro ‘[01m[KROSCONSOLE_PRINT_AT_LOCATION[m[K’
[2.687s]        [01;36m[KROSCONSOLE_PRINT_AT_LOCATION[m[K(__VA_ARGS__); \
[2.687s]        [01;36m[K^~~~~~~~~~~~~~~~~~~~~~~~~~~~[m[K
[2.687s] [01m[K/opt/ros/melodic/include/ros/console.h:572:35:[m[K [01;36m[Knote: [m[Kin expansion of macro ‘[01m[KROS_LOG_COND[m[K’
[2.687s]  #define ROS_LOG(level, name, ...) [01;36m[KROS_LOG_COND[m[K(true, level, name, __VA_ARGS__)
[2.687s]                                    [01;36m[K^~~~~~~~~~~~[m[K
[2.687s] [01m[K/opt/ros/melodic/include/rosconsole/macros_generated.h:162:23:[m[K [01;36m[Knote: [m[Kin expansion of macro ‘[01m[KROS_LOG[m[K’
[2.687s]  #define ROS_WARN(...) [01;36m[KROS_LOG[m[K(::ros::console::levels::Warn, ROSCONSOLE_DEFAULT_NAME, __VA_ARGS__)
[2.688s]                        [01;36m[K^~~~~~~[m[K
[2.688s] [01m[K/home/nuc/autoware.ai/src/autoware/utilities/app_cmd_sender/nodes/app_cmd_sender.cpp:78:9:[m[K [01;36m[Knote: [m[Kin expansion of macro ‘[01m[KROS_WARN[m[K’
[2.688s]          [01;36m[KR[m[KOS_WARN("IM planline, SIZE=%d",  ary.markers[0].points.size());
[2.688s]          [01;36m[K^[m[K
[2.688s] [01m[K/home/nuc/autoware.ai/src/autoware/utilities/app_cmd_sender/nodes/app_cmd_sender.cpp:82:57:[m[K [01;35m[Kwarning: [m[Knarrowing conversion of ‘[01m[Kpt.geometry_msgs::Point_<std::allocator<void> >::x[m[K’ from ‘[01m[Kgeometry_msgs::Point_<std::allocator<void> >::_x_type {aka double}[m[K’ to ‘[01m[Kfloat[m[K’ inside { } [[01;35m[K-Wnarrowing[m[K]
[2.688s]              plannedline.push_back(std::vector<float>{[01;35m[Kpt.x[m[K,pt.y});
[2.688s]                                                       [01;35m[K~~~^[m[K
[2.688s] [01m[K/home/nuc/autoware.ai/src/autoware/utilities/app_cmd_sender/nodes/app_cmd_sender.cpp:82:57:[m[K [01;35m[Kwarning: [m[Knarrowing conversion of ‘[01m[Kpt.geometry_msgs::Point_<std::allocator<void> >::x[m[K’ from ‘[01m[Kgeometry_msgs::Point_<std::allocator<void> >::_x_type {aka double}[m[K’ to ‘[01m[Kfloat[m[K’ inside { } [[01;35m[K-Wnarrowing[m[K]
[2.688s] [01m[K/home/nuc/autoware.ai/src/autoware/utilities/app_cmd_sender/nodes/app_cmd_sender.cpp:82:62:[m[K [01;35m[Kwarning: [m[Knarrowing conversion of ‘[01m[Kpt.geometry_msgs::Point_<std::allocator<void> >::y[m[K’ from ‘[01m[Kgeometry_msgs::Point_<std::allocator<void> >::_y_type {aka double}[m[K’ to ‘[01m[Kfloat[m[K’ inside { } [[01;35m[K-Wnarrowing[m[K]
[2.688s]              plannedline.push_back(std::vector<float>{pt.x,[01;35m[Kpt.y[m[K});
[2.688s]                                                            [01;35m[K~~~^[m[K
[2.688s] [01m[K/home/nuc/autoware.ai/src/autoware/utilities/app_cmd_sender/nodes/app_cmd_sender.cpp:82:62:[m[K [01;35m[Kwarning: [m[Knarrowing conversion of ‘[01m[Kpt.geometry_msgs::Point_<std::allocator<void> >::y[m[K’ from ‘[01m[Kgeometry_msgs::Point_<std::allocator<void> >::_y_type {aka double}[m[K’ to ‘[01m[Kfloat[m[K’ inside { } [[01;35m[K-Wnarrowing[m[K]
[2.690s] [01m[K/home/nuc/autoware.ai/src/autoware/utilities/app_cmd_sender/nodes/app_cmd_sender.cpp:[m[K In function ‘[01m[Kvoid currentposeCallback(const PoseStamped&)[m[K’:
[2.690s] [01m[K/home/nuc/autoware.ai/src/autoware/utilities/app_cmd_sender/nodes/app_cmd_sender.cpp:104:32:[m[K [01;35m[Kwarning: [m[Knarrowing conversion of ‘[01m[K(geometry_msgs::Point_<std::allocator<void> >::_x_type)odm.geometry_msgs::PoseStamped_<std::allocator<void> >::pose.geometry_msgs::Pose_<std::allocator<void> >::position.geometry_msgs::Point_<std::allocator<void> >::x[m[K’ from ‘[01m[Kgeometry_msgs::Point_<std::allocator<void> >::_x_type {aka double}[m[K’ to ‘[01m[Kfloat[m[K’ inside { } [[01;35m[K-Wnarrowing[m[K]
[2.690s]      point pt{[01;35m[Kodm.pose.position.x[m[K,odm.pose.position.y};
[2.690s]               [01;35m[K~~~~~~~~~~~~~~~~~~^[m[K
[2.690s] [01m[K/home/nuc/autoware.ai/src/autoware/utilities/app_cmd_sender/nodes/app_cmd_sender.cpp:104:52:[m[K [01;35m[Kwarning: [m[Knarrowing conversion of ‘[01m[K(geometry_msgs::Point_<std::allocator<void> >::_y_type)odm.geometry_msgs::PoseStamped_<std::allocator<void> >::pose.geometry_msgs::Pose_<std::allocator<void> >::position.geometry_msgs::Point_<std::allocator<void> >::y[m[K’ from ‘[01m[Kgeometry_msgs::Point_<std::allocator<void> >::_y_type {aka double}[m[K’ to ‘[01m[Kfloat[m[K’ inside { } [[01;35m[K-Wnarrowing[m[K]
[2.690s]      point pt{odm.pose.position.x,[01;35m[Kodm.pose.position.y[m[K};
[2.690s]                                   [01;35m[K~~~~~~~~~~~~~~~~~~^[m[K
[8.892s] [100%] [32m[1mLinking CXX executable devel/lib/app_cmd_sender/app_cmd_sender[0m
[9.274s] [100%] Built target app_cmd_sender
[9.287s] Invoked command in '/home/nuc/autoware.ai/src/autoware/utilities/app_cmd_sender/build/app_cmd_sender' returned '0': /usr/bin/cmake --build /home/nuc/autoware.ai/src/autoware/utilities/app_cmd_sender/build/app_cmd_sender -- -j8 -l8
[9.405s] Invoking command in '/home/nuc/autoware.ai/src/autoware/utilities/app_cmd_sender/build/app_cmd_sender': /usr/bin/cmake --build /home/nuc/autoware.ai/src/autoware/utilities/app_cmd_sender/build/app_cmd_sender --target tests -- -j8 -l8
[9.494s] Built target tests
[9.509s] Invoked command in '/home/nuc/autoware.ai/src/autoware/utilities/app_cmd_sender/build/app_cmd_sender' returned '0': /usr/bin/cmake --build /home/nuc/autoware.ai/src/autoware/utilities/app_cmd_sender/build/app_cmd_sender --target tests -- -j8 -l8
[9.639s] Invoking command in '/home/nuc/autoware.ai/src/autoware/utilities/app_cmd_sender/build/app_cmd_sender': /usr/bin/cmake --build /home/nuc/autoware.ai/src/autoware/utilities/app_cmd_sender/build/app_cmd_sender --target install -- -j8 -l8
[9.721s] [  0%] Built target tablet_socket_msgs_generate_messages_nodejs
[9.721s] [  0%] Built target tablet_socket_msgs_generate_messages_py
[9.721s] [  0%] Built target tablet_socket_msgs_generate_messages_eus
[9.722s] [  0%] Built target tablet_socket_msgs_generate_messages_lisp
[9.722s] [  0%] Built target rosgraph_msgs_generate_messages_py
[9.723s] [  0%] Built target rosgraph_msgs_generate_messages_nodejs
[9.726s] [  0%] Built target rosgraph_msgs_generate_messages_lisp
[9.726s] [  0%] Built target sensor_msgs_generate_messages_nodejs
[9.766s] [  0%] Built target actionlib_msgs_generate_messages_py
[9.768s] [  0%] Built target jsk_footstep_msgs_generate_messages_lisp
[9.768s] [  0%] Built target roscpp_generate_messages_lisp
[9.774s] [  0%] Built target jsk_footstep_msgs_generate_messages_nodejs
[9.775s] [  0%] Built target jsk_footstep_msgs_generate_messages_eus
[9.778s] [  0%] Built target actionlib_msgs_generate_messages_lisp
[9.789s] [  0%] Built target actionlib_msgs_generate_messages_cpp
[9.792s] [  0%] Built target roscpp_generate_messages_py
[9.810s] [  0%] Built target pcl_msgs_generate_messages_nodejs
[9.811s] [  0%] Built target pcl_msgs_generate_messages_py
[9.820s] [  0%] Built target pcl_msgs_generate_messages_eus
[9.820s] [  0%] Built target rosgraph_msgs_generate_messages_cpp
[9.821s] [  0%] Built target pcl_msgs_generate_messages_lisp
[9.826s] [  0%] Built target autoware_msgs_generate_messages_cpp
[9.835s] [  0%] Built target std_msgs_generate_messages_nodejs
[9.841s] [  0%] Built target std_msgs_generate_messages_lisp
[9.856s] [  0%] Built target sensor_msgs_generate_messages_eus
[9.859s] [  0%] Built target sensor_msgs_generate_messages_cpp
[9.863s] [  0%] Built target tablet_socket_msgs_generate_messages_cpp
[9.865s] [  0%] Built target autoware_can_msgs_generate_messages_py
[9.878s] [  0%] Built target jsk_footstep_msgs_generate_messages_cpp
[9.880s] [  0%] Built target geometry_msgs_generate_messages_py
[9.881s] [  0%] Built target std_msgs_generate_messages_eus
[9.888s] [  0%] Built target autoware_msgs_generate_messages_nodejs
[9.901s] [  0%] Built target std_msgs_generate_messages_cpp
[9.903s] [  0%] Built target jsk_footstep_msgs_generate_messages_py
[9.908s] [  0%] Built target actionlib_msgs_generate_messages_nodejs
[9.909s] [  0%] Built target std_msgs_generate_messages_py
[9.928s] [  0%] Built target geometry_msgs_generate_messages_nodejs
[9.928s] [  0%] Built target autoware_msgs_generate_messages_py
[9.928s] [  0%] Built target autoware_can_msgs_generate_messages_eus
[9.939s] [  0%] Built target sensor_msgs_generate_messages_py
[9.951s] [  0%] Built target jsk_recognition_msgs_generate_messages_py
[9.954s] [  0%] Built target autoware_can_msgs_generate_messages_nodejs
[9.955s] [  0%] Built target autoware_can_msgs_generate_messages_lisp
[9.960s] [  0%] Built target autoware_can_msgs_generate_messages_cpp
[9.973s] [  0%] Built target autoware_msgs_generate_messages_eus
[9.979s] [  0%] Built target sensor_msgs_generate_messages_lisp
[9.982s] [  0%] Built target jsk_recognition_msgs_generate_messages_cpp
[9.990s] [  0%] Built target pcl_msgs_generate_messages_cpp
[9.990s] [  0%] Built target actionlib_msgs_generate_messages_eus
[9.999s] [  0%] Built target roscpp_generate_messages_nodejs
[10.003s] [  0%] Built target autoware_msgs_generate_messages_lisp
[10.008s] [  0%] Built target roscpp_generate_messages_eus
[10.020s] [  0%] Built target geometry_msgs_generate_messages_cpp
[10.023s] [  0%] Built target geometry_msgs_generate_messages_eus
[10.028s] [  0%] Built target geometry_msgs_generate_messages_lisp
[10.030s] [  0%] Built target jsk_recognition_msgs_generate_messages_eus
[10.031s] [  0%] Built target jsk_recognition_msgs_generate_messages_lisp
[10.041s] [  0%] Built target jsk_recognition_msgs_generate_messages_nodejs
[10.042s] [  0%] Built target rosgraph_msgs_generate_messages_eus
[10.047s] [  0%] Built target roscpp_generate_messages_cpp
[10.081s] [100%] Built target app_cmd_sender
[10.113s] [36mInstall the project...[0m
[10.125s] -- Install configuration: ""
[10.126s] -- Up-to-date: /home/nuc/autoware.ai/src/autoware/utilities/app_cmd_sender/install/app_cmd_sender/lib/pkgconfig/app_cmd_sender.pc
[10.126s] -- Up-to-date: /home/nuc/autoware.ai/src/autoware/utilities/app_cmd_sender/install/app_cmd_sender/share/app_cmd_sender/cmake/app_cmd_senderConfig.cmake
[10.126s] -- Up-to-date: /home/nuc/autoware.ai/src/autoware/utilities/app_cmd_sender/install/app_cmd_sender/share/app_cmd_sender/cmake/app_cmd_senderConfig-version.cmake
[10.126s] -- Up-to-date: /home/nuc/autoware.ai/src/autoware/utilities/app_cmd_sender/install/app_cmd_sender/share/app_cmd_sender/package.xml
[10.126s] -- Installing: /home/nuc/autoware.ai/src/autoware/utilities/app_cmd_sender/install/app_cmd_sender/lib/app_cmd_sender/app_cmd_sender
[10.127s] -- Set runtime path of "/home/nuc/autoware.ai/src/autoware/utilities/app_cmd_sender/install/app_cmd_sender/lib/app_cmd_sender/app_cmd_sender" to ""
[10.127s] -- Up-to-date: /home/nuc/autoware.ai/src/autoware/utilities/app_cmd_sender/install/app_cmd_sender/share/app_cmd_sender/launch
[10.127s] -- Up-to-date: /home/nuc/autoware.ai/src/autoware/utilities/app_cmd_sender/install/app_cmd_sender/share/app_cmd_sender/launch/app_cmd_sender.launch
[10.131s] Invoked command in '/home/nuc/autoware.ai/src/autoware/utilities/app_cmd_sender/build/app_cmd_sender' returned '0': /usr/bin/cmake --build /home/nuc/autoware.ai/src/autoware/utilities/app_cmd_sender/build/app_cmd_sender --target install -- -j8 -l8
