[0.028s] Invoking command in '/home/nuc/autoware.ai/src/autoware/utilities/app_cmd_sender/build/app_cmd_sender': /usr/bin/cmake --build /home/nuc/autoware.ai/src/autoware/utilities/app_cmd_sender/build/app_cmd_sender -- -j8 -l8
[0.113s] [  0%] Built target tablet_socket_msgs_generate_messages_py
[0.118s] [  0%] Built target tablet_socket_msgs_generate_messages_eus
[0.118s] [  0%] Built target sensor_msgs_generate_messages_nodejs
[0.119s] [  0%] Built target rosgraph_msgs_generate_messages_nodejs
[0.119s] [  0%] Built target tablet_socket_msgs_generate_messages_nodejs
[0.122s] [  0%] Built target tablet_socket_msgs_generate_messages_lisp
[0.124s] [  0%] Built target rosgraph_msgs_generate_messages_py
[0.131s] [  0%] Built target rosgraph_msgs_generate_messages_lisp
[0.159s] [  0%] Built target actionlib_msgs_generate_messages_cpp
[0.162s] [  0%] Built target actionlib_msgs_generate_messages_lisp
[0.162s] [  0%] Built target roscpp_generate_messages_lisp
[0.166s] [  0%] Built target roscpp_generate_messages_py
[0.167s] [  0%] Built target jsk_footstep_msgs_generate_messages_nodejs
[0.171s] [  0%] Built target jsk_footstep_msgs_generate_messages_lisp
[0.179s] [  0%] Built target actionlib_msgs_generate_messages_py
[0.191s] [  0%] Built target jsk_footstep_msgs_generate_messages_eus
[0.203s] [  0%] Built target pcl_msgs_generate_messages_py
[0.209s] [  0%] Built target pcl_msgs_generate_messages_lisp
[0.212s] [  0%] Built target pcl_msgs_generate_messages_eus
[0.215s] [  0%] Built target pcl_msgs_generate_messages_nodejs
[0.225s] [  0%] Built target autoware_msgs_generate_messages_cpp
[0.226s] [  0%] Built target rosgraph_msgs_generate_messages_cpp
[0.226s] [  0%] Built target std_msgs_generate_messages_nodejs
[0.241s] [  0%] Built target std_msgs_generate_messages_lisp
[0.247s] [  0%] Built target sensor_msgs_generate_messages_cpp
[0.253s] [  0%] Built target tablet_socket_msgs_generate_messages_cpp
[0.254s] [  0%] Built target sensor_msgs_generate_messages_eus
[0.264s] [  0%] Built target autoware_can_msgs_generate_messages_py
[0.269s] [  0%] Built target geometry_msgs_generate_messages_py
[0.269s] [  0%] Built target std_msgs_generate_messages_eus
[0.275s] [  0%] Built target jsk_footstep_msgs_generate_messages_cpp
[0.288s] [  0%] Built target autoware_msgs_generate_messages_nodejs
[0.297s] [  0%] Built target std_msgs_generate_messages_cpp
[0.300s] [  0%] Built target jsk_footstep_msgs_generate_messages_py
[0.301s] [  0%] Built target actionlib_msgs_generate_messages_nodejs
[0.307s] [  0%] Built target std_msgs_generate_messages_py
[0.313s] [  0%] Built target autoware_can_msgs_generate_messages_eus
[0.316s] [  0%] Built target geometry_msgs_generate_messages_nodejs
[0.322s] [  0%] Built target autoware_msgs_generate_messages_py
[0.335s] [  0%] Built target sensor_msgs_generate_messages_py
[0.349s] [  0%] Built target autoware_can_msgs_generate_messages_nodejs
[0.350s] [  0%] Built target jsk_recognition_msgs_generate_messages_py
[0.351s] [  0%] Built target autoware_can_msgs_generate_messages_lisp
[0.354s] [  0%] Built target autoware_can_msgs_generate_messages_cpp
[0.359s] [  0%] Built target jsk_recognition_msgs_generate_messages_cpp
[0.363s] [  0%] Built target sensor_msgs_generate_messages_lisp
[0.372s] [  0%] Built target autoware_msgs_generate_messages_eus
[0.383s] [  0%] Built target pcl_msgs_generate_messages_cpp
[0.395s] [  0%] Built target roscpp_generate_messages_nodejs
[0.398s] [  0%] Built target actionlib_msgs_generate_messages_eus
[0.402s] [  0%] Built target roscpp_generate_messages_eus
[0.402s] [  0%] Built target autoware_msgs_generate_messages_lisp
[0.403s] [  0%] Built target geometry_msgs_generate_messages_eus
[0.413s] [  0%] Built target geometry_msgs_generate_messages_cpp
[0.417s] [  0%] Built target geometry_msgs_generate_messages_lisp
[0.427s] [  0%] Built target jsk_recognition_msgs_generate_messages_eus
[0.435s] [  0%] Built target rosgraph_msgs_generate_messages_eus
[0.438s] [  0%] Built target roscpp_generate_messages_cpp
[0.439s] [  0%] Built target jsk_recognition_msgs_generate_messages_lisp
[0.440s] [  0%] Built target jsk_recognition_msgs_generate_messages_nodejs
[0.472s] [100%] Built target app_cmd_sender
[0.486s] Invoked command in '/home/nuc/autoware.ai/src/autoware/utilities/app_cmd_sender/build/app_cmd_sender' returned '0': /usr/bin/cmake --build /home/nuc/autoware.ai/src/autoware/utilities/app_cmd_sender/build/app_cmd_sender -- -j8 -l8
[0.607s] Invoking command in '/home/nuc/autoware.ai/src/autoware/utilities/app_cmd_sender/build/app_cmd_sender': /usr/bin/cmake --build /home/nuc/autoware.ai/src/autoware/utilities/app_cmd_sender/build/app_cmd_sender --target tests -- -j8 -l8
[0.696s] Built target tests
[0.710s] Invoked command in '/home/nuc/autoware.ai/src/autoware/utilities/app_cmd_sender/build/app_cmd_sender' returned '0': /usr/bin/cmake --build /home/nuc/autoware.ai/src/autoware/utilities/app_cmd_sender/build/app_cmd_sender --target tests -- -j8 -l8
[0.839s] Invoking command in '/home/nuc/autoware.ai/src/autoware/utilities/app_cmd_sender/build/app_cmd_sender': /usr/bin/cmake --build /home/nuc/autoware.ai/src/autoware/utilities/app_cmd_sender/build/app_cmd_sender --target install -- -j8 -l8
[0.921s] [  0%] Built target tablet_socket_msgs_generate_messages_py
[0.923s] [  0%] Built target rosgraph_msgs_generate_messages_nodejs
[0.923s] [  0%] Built target rosgraph_msgs_generate_messages_py
[0.926s] [  0%] Built target tablet_socket_msgs_generate_messages_lisp
[0.928s] [  0%] Built target tablet_socket_msgs_generate_messages_eus
[0.932s] [  0%] Built target sensor_msgs_generate_messages_nodejs
[0.937s] [  0%] Built target rosgraph_msgs_generate_messages_lisp
[0.945s] [  0%] Built target tablet_socket_msgs_generate_messages_nodejs
[0.976s] [  0%] Built target roscpp_generate_messages_py
[0.978s] [  0%] Built target jsk_footstep_msgs_generate_messages_nodejs
[0.979s] [  0%] Built target actionlib_msgs_generate_messages_cpp
[0.979s] [  0%] Built target roscpp_generate_messages_lisp
[0.980s] [  0%] Built target jsk_footstep_msgs_generate_messages_lisp
[0.991s] [  0%] Built target actionlib_msgs_generate_messages_py
[0.991s] [  0%] Built target actionlib_msgs_generate_messages_lisp
[1.003s] [  0%] Built target jsk_footstep_msgs_generate_messages_eus
[1.016s] [  0%] Built target pcl_msgs_generate_messages_py
[1.019s] [  0%] Built target pcl_msgs_generate_messages_lisp
[1.020s] [  0%] Built target pcl_msgs_generate_messages_nodejs
[1.026s] [  0%] Built target rosgraph_msgs_generate_messages_cpp
[1.033s] [  0%] Built target pcl_msgs_generate_messages_eus
[1.038s] [  0%] Built target std_msgs_generate_messages_nodejs
[1.042s] [  0%] Built target autoware_msgs_generate_messages_cpp
[1.058s] [  0%] Built target std_msgs_generate_messages_lisp
[1.066s] [  0%] Built target sensor_msgs_generate_messages_cpp
[1.066s] [  0%] Built target tablet_socket_msgs_generate_messages_cpp
[1.073s] [  0%] Built target sensor_msgs_generate_messages_eus
[1.075s] [  0%] Built target autoware_can_msgs_generate_messages_py
[1.077s] [  0%] Built target jsk_footstep_msgs_generate_messages_cpp
[1.081s] [  0%] Built target geometry_msgs_generate_messages_py
[1.086s] [  0%] Built target std_msgs_generate_messages_eus
[1.110s] [  0%] Built target autoware_msgs_generate_messages_nodejs
[1.114s] [  0%] Built target std_msgs_generate_messages_cpp
[1.116s] [  0%] Built target jsk_footstep_msgs_generate_messages_py
[1.117s] [  0%] Built target actionlib_msgs_generate_messages_nodejs
[1.122s] [  0%] Built target std_msgs_generate_messages_py
[1.123s] [  0%] Built target autoware_msgs_generate_messages_py
[1.128s] [  0%] Built target autoware_can_msgs_generate_messages_eus
[1.138s] [  0%] Built target geometry_msgs_generate_messages_nodejs
[1.157s] [  0%] Built target sensor_msgs_generate_messages_py
[1.158s] [  0%] Built target autoware_can_msgs_generate_messages_nodejs
[1.164s] [  0%] Built target autoware_can_msgs_generate_messages_lisp
[1.164s] [  0%] Built target jsk_recognition_msgs_generate_messages_py
[1.172s] [  0%] Built target autoware_msgs_generate_messages_eus
[1.172s] [  0%] Built target autoware_can_msgs_generate_messages_cpp
[1.176s] [  0%] Built target sensor_msgs_generate_messages_lisp
[1.182s] [  0%] Built target jsk_recognition_msgs_generate_messages_cpp
[1.199s] [  0%] Built target pcl_msgs_generate_messages_cpp
[1.206s] [  0%] Built target actionlib_msgs_generate_messages_eus
[1.214s] [  0%] Built target roscpp_generate_messages_eus
[1.214s] [  0%] Built target roscpp_generate_messages_nodejs
[1.217s] [  0%] Built target autoware_msgs_generate_messages_lisp
[1.220s] [  0%] Built target geometry_msgs_generate_messages_cpp
[1.226s] [  0%] Built target geometry_msgs_generate_messages_eus
[1.229s] [  0%] Built target geometry_msgs_generate_messages_lisp
[1.239s] [  0%] Built target jsk_recognition_msgs_generate_messages_eus
[1.249s] [  0%] Built target jsk_recognition_msgs_generate_messages_nodejs
[1.251s] [  0%] Built target jsk_recognition_msgs_generate_messages_lisp
[1.253s] [  0%] Built target rosgraph_msgs_generate_messages_eus
[1.253s] [  0%] Built target roscpp_generate_messages_cpp
[1.285s] [100%] Built target app_cmd_sender
[1.311s] [36mInstall the project...[0m
[1.323s] -- Install configuration: ""
[1.323s] -- Up-to-date: /home/nuc/autoware.ai/src/autoware/utilities/app_cmd_sender/install/app_cmd_sender/lib/pkgconfig/app_cmd_sender.pc
[1.323s] -- Up-to-date: /home/nuc/autoware.ai/src/autoware/utilities/app_cmd_sender/install/app_cmd_sender/share/app_cmd_sender/cmake/app_cmd_senderConfig.cmake
[1.323s] -- Up-to-date: /home/nuc/autoware.ai/src/autoware/utilities/app_cmd_sender/install/app_cmd_sender/share/app_cmd_sender/cmake/app_cmd_senderConfig-version.cmake
[1.323s] -- Up-to-date: /home/nuc/autoware.ai/src/autoware/utilities/app_cmd_sender/install/app_cmd_sender/share/app_cmd_sender/package.xml
[1.324s] -- Up-to-date: /home/nuc/autoware.ai/src/autoware/utilities/app_cmd_sender/install/app_cmd_sender/lib/app_cmd_sender/app_cmd_sender
[1.324s] -- Up-to-date: /home/nuc/autoware.ai/src/autoware/utilities/app_cmd_sender/install/app_cmd_sender/share/app_cmd_sender/launch
[1.324s] -- Up-to-date: /home/nuc/autoware.ai/src/autoware/utilities/app_cmd_sender/install/app_cmd_sender/share/app_cmd_sender/launch/app_cmd_sender.launch
[1.328s] Invoked command in '/home/nuc/autoware.ai/src/autoware/utilities/app_cmd_sender/build/app_cmd_sender' returned '0': /usr/bin/cmake --build /home/nuc/autoware.ai/src/autoware/utilities/app_cmd_sender/build/app_cmd_sender --target install -- -j8 -l8
