[0.026s] Invoking command in '/home/nuc/autoware.ai/src/autoware/utilities/app_cmd_sender/build/app_cmd_sender': /usr/bin/cmake --build /home/nuc/autoware.ai/src/autoware/utilities/app_cmd_sender/build/app_cmd_sender -- -j8 -l8
[0.121s] [  0%] Built target tablet_socket_msgs_generate_messages_lisp
[0.121s] [  0%] Built target sensor_msgs_generate_messages_nodejs
[0.125s] [  0%] Built target tablet_socket_msgs_generate_messages_nodejs
[0.131s] [  0%] Built target rosgraph_msgs_generate_messages_lisp
[0.135s] [  0%] Built target tablet_socket_msgs_generate_messages_py
[0.137s] [  0%] Built target rosgraph_msgs_generate_messages_nodejs
[0.140s] [  0%] Built target tablet_socket_msgs_generate_messages_eus
[0.140s] [  0%] Built target rosgraph_msgs_generate_messages_py
[0.176s] [  0%] Built target roscpp_generate_messages_py
[0.179s] [  0%] Built target roscpp_generate_messages_lisp
[0.184s] [  0%] Built target jsk_footstep_msgs_generate_messages_eus
[0.187s] [  0%] Built target actionlib_msgs_generate_messages_lisp
[0.190s] [  0%] Built target actionlib_msgs_generate_messages_cpp
[0.196s] [  0%] Built target jsk_footstep_msgs_generate_messages_nodejs
[0.197s] [  0%] Built target actionlib_msgs_generate_messages_py
[0.208s] [  0%] Built target jsk_footstep_msgs_generate_messages_lisp
[0.230s] [  0%] Built target pcl_msgs_generate_messages_nodejs
[0.239s] [  0%] Built target pcl_msgs_generate_messages_lisp
[0.246s] [  0%] Built target pcl_msgs_generate_messages_eus
[0.246s] [  0%] Built target pcl_msgs_generate_messages_py
[0.251s] [  0%] Built target std_msgs_generate_messages_nodejs
[0.258s] [  0%] Built target rosgraph_msgs_generate_messages_cpp
[0.267s] [  0%] Built target autoware_msgs_generate_messages_cpp
[0.287s] [  0%] Built target sensor_msgs_generate_messages_cpp
[0.294s] [  0%] Built target std_msgs_generate_messages_lisp
[0.297s] [  0%] Built target sensor_msgs_generate_messages_eus
[0.300s] [  0%] Built target tablet_socket_msgs_generate_messages_cpp
[0.303s] [  0%] Built target autoware_can_msgs_generate_messages_py
[0.318s] [  0%] Built target geometry_msgs_generate_messages_py
[0.324s] [  0%] Built target jsk_footstep_msgs_generate_messages_cpp
[0.335s] [  0%] Built target std_msgs_generate_messages_eus
[0.350s] [  0%] Built target autoware_msgs_generate_messages_nodejs
[0.357s] [  0%] Built target std_msgs_generate_messages_cpp
[0.359s] [  0%] Built target jsk_footstep_msgs_generate_messages_py
[0.360s] [  0%] Built target std_msgs_generate_messages_py
[0.377s] [  0%] Built target actionlib_msgs_generate_messages_nodejs
[0.386s] [  0%] Built target geometry_msgs_generate_messages_nodejs
[0.389s] [  0%] Built target autoware_msgs_generate_messages_py
[0.399s] [  0%] Built target autoware_can_msgs_generate_messages_eus
[0.405s] [  0%] Built target jsk_recognition_msgs_generate_messages_py
[0.407s] [  0%] Built target sensor_msgs_generate_messages_py
[0.431s] [  0%] Built target autoware_can_msgs_generate_messages_lisp
[0.434s] [  0%] Built target autoware_can_msgs_generate_messages_nodejs
[0.453s] [  0%] Built target autoware_msgs_generate_messages_eus
[0.456s] [  0%] Built target pcl_msgs_generate_messages_cpp
[0.458s] [  0%] Built target actionlib_msgs_generate_messages_eus
[0.464s] [  0%] Built target autoware_can_msgs_generate_messages_cpp
[0.477s] [  0%] Built target sensor_msgs_generate_messages_lisp
[0.478s] [  0%] Built target jsk_recognition_msgs_generate_messages_cpp
[0.504s] [  0%] Built target roscpp_generate_messages_nodejs
[0.513s] [  0%] Built target autoware_msgs_generate_messages_lisp
[0.518s] [  0%] Built target geometry_msgs_generate_messages_lisp
[0.523s] [  0%] Built target geometry_msgs_generate_messages_cpp
[0.529s] [  0%] Built target roscpp_generate_messages_eus
[0.535s] [  0%] Built target jsk_recognition_msgs_generate_messages_lisp
[0.541s] [  0%] Built target geometry_msgs_generate_messages_eus
[0.553s] [  0%] Built target jsk_recognition_msgs_generate_messages_eus
[0.555s] [  0%] Built target jsk_recognition_msgs_generate_messages_nodejs
[0.564s] [  0%] Built target rosgraph_msgs_generate_messages_eus
[0.569s] [  0%] Built target roscpp_generate_messages_cpp
[0.590s] [35m[1mScanning dependencies of target app_cmd_sender[0m
[0.611s] [ 50%] [32mBuilding CXX object CMakeFiles/app_cmd_sender.dir/nodes/app_cmd_sender.cpp.o[0m
[2.164s] [01m[K/home/nuc/autoware.ai/src/autoware/utilities/app_cmd_sender/nodes/app_cmd_sender.cpp:[m[K In lambda function:
[2.164s] [01m[K/home/nuc/autoware.ai/src/autoware/utilities/app_cmd_sender/nodes/app_cmd_sender.cpp:69:26:[m[K [01;31m[Kerror: [m[K‘[01m[Kgoal_pose[m[K’ was not declared in this scope
[2.164s]          pub_goal.publish([01;31m[Kgoal_pose[m[K);
[2.164s]                           [01;31m[K^~~~~~~~~[m[K
[2.167s] [01m[K/home/nuc/autoware.ai/src/autoware/utilities/app_cmd_sender/nodes/app_cmd_sender.cpp:69:26:[m[K [01;36m[Knote: [m[Ksuggested alternative: ‘[01m[Kinit_pose[m[K’
[2.167s]          pub_goal.publish([01;36m[Kgoal_pose[m[K);
[2.167s]                           [01;36m[K^~~~~~~~~[m[K
[2.167s]                           [32m[Kinit_pose[m[K
[3.047s] make[2]: *** [CMakeFiles/app_cmd_sender.dir/nodes/app_cmd_sender.cpp.o] Error 1
[3.048s] CMakeFiles/app_cmd_sender.dir/build.make:62: recipe for target 'CMakeFiles/app_cmd_sender.dir/nodes/app_cmd_sender.cpp.o' failed
[3.048s] CMakeFiles/Makefile2:126: recipe for target 'CMakeFiles/app_cmd_sender.dir/all' failed
[3.048s] make[1]: *** [CMakeFiles/app_cmd_sender.dir/all] Error 2
[3.048s] Makefile:140: recipe for target 'all' failed
[3.048s] make: *** [all] Error 2
[3.050s] Invoked command in '/home/nuc/autoware.ai/src/autoware/utilities/app_cmd_sender/build/app_cmd_sender' returned '2': /usr/bin/cmake --build /home/nuc/autoware.ai/src/autoware/utilities/app_cmd_sender/build/app_cmd_sender -- -j8 -l8
