[0.023s] Invoking command in '/home/nuc/autoware.ai/src/autoware/utilities/vehicle_socket/build/vehicle_socket': /usr/bin/cmake --build /home/nuc/autoware.ai/src/autoware/utilities/vehicle_socket/build/vehicle_socket -- -j8 -l8
[0.110s] [  0%] Built target pcl_msgs_generate_messages_nodejs
[0.111s] [  0%] Built target std_msgs_generate_messages_nodejs
[0.111s] [  0%] Built target pcl_msgs_generate_messages_py
[0.111s] [  0%] Built target autoware_msgs_generate_messages_cpp
[0.112s] [  0%] Built target geometry_msgs_generate_messages_lisp
[0.113s] [  0%] Built target pcl_msgs_generate_messages_lisp
[0.114s] [  0%] Built target sensor_msgs_generate_messages_cpp
[0.120s] [  0%] Built target std_msgs_generate_messages_lisp
[0.153s] [  0%] Built target tablet_socket_msgs_generate_messages_eus
[0.155s] [  0%] Built target jsk_footstep_msgs_generate_messages_eus
[0.157s] [  0%] Built target actionlib_msgs_generate_messages_nodejs
[0.157s] [  0%] Built target rosgraph_msgs_generate_messages_cpp
[0.157s] [  0%] Built target std_msgs_generate_messages_cpp
[0.164s] [  0%] Built target pcl_msgs_generate_messages_eus
[0.164s] [  0%] Built target std_msgs_generate_messages_py
[0.167s] [  0%] Built target autoware_msgs_generate_messages_py
[0.195s] [  0%] Built target actionlib_msgs_generate_messages_cpp
[0.196s] [  0%] Built target actionlib_msgs_generate_messages_lisp
[0.197s] [  0%] Built target roscpp_generate_messages_lisp
[0.200s] [  0%] Built target jsk_footstep_msgs_generate_messages_nodejs
[0.207s] [  0%] Built target autoware_can_msgs_generate_messages_nodejs
[0.207s] [  0%] Built target sensor_msgs_generate_messages_py
[0.218s] [  0%] Built target jsk_recognition_msgs_generate_messages_py
[0.219s] [  0%] Built target autoware_can_msgs_generate_messages_eus
[0.239s] [  0%] Built target rosgraph_msgs_generate_messages_py
[0.243s] [  0%] Built target roscpp_generate_messages_cpp
[0.247s] [  0%] Built target geometry_msgs_generate_messages_nodejs
[0.251s] [  0%] Built target jsk_recognition_msgs_generate_messages_eus
[0.252s] [  0%] Built target sensor_msgs_generate_messages_nodejs
[0.255s] [  0%] Built target jsk_footstep_msgs_generate_messages_cpp
[0.256s] [  0%] Built target geometry_msgs_generate_messages_py
[0.258s] [  0%] Built target jsk_recognition_msgs_generate_messages_lisp
[0.278s] [  0%] Built target rosgraph_msgs_generate_messages_eus
[0.292s] [  0%] Built target jsk_recognition_msgs_generate_messages_nodejs
[0.295s] [  0%] Built target tablet_socket_msgs_generate_messages_cpp
[0.297s] [  0%] Built target autoware_can_msgs_generate_messages_py
[0.298s] [  0%] Built target sensor_msgs_generate_messages_eus
[0.298s] [  0%] Built target autoware_can_msgs_generate_messages_lisp
[0.302s] [  0%] Built target tablet_socket_msgs_generate_messages_lisp
[0.311s] [  0%] Built target autoware_can_msgs_generate_messages_cpp
[0.320s] [  0%] Built target autoware_msgs_generate_messages_eus
[0.341s] [  0%] Built target jsk_footstep_msgs_generate_messages_py
[0.341s] [  0%] Built target jsk_recognition_msgs_generate_messages_cpp
[0.342s] [  0%] Built target std_msgs_generate_messages_eus
[0.345s] [  0%] Built target autoware_msgs_generate_messages_nodejs
[0.349s] [  0%] Built target actionlib_msgs_generate_messages_py
[0.350s] [  0%] Built target jsk_footstep_msgs_generate_messages_lisp
[0.360s] [  0%] Built target roscpp_generate_messages_py
[0.362s] [  0%] Built target rosgraph_msgs_generate_messages_nodejs
[0.383s] [  0%] Built target pcl_msgs_generate_messages_cpp
[0.384s] [  0%] Built target rosgraph_msgs_generate_messages_lisp
[0.387s] [  0%] Built target sensor_msgs_generate_messages_lisp
[0.390s] [  0%] Built target actionlib_msgs_generate_messages_eus
[0.398s] [  0%] Built target autoware_msgs_generate_messages_lisp
[0.402s] [  0%] Built target tablet_socket_msgs_generate_messages_py
[0.404s] [  0%] Built target tablet_socket_msgs_generate_messages_nodejs
[0.405s] [  0%] Built target roscpp_generate_messages_nodejs
[0.419s] [  0%] Built target roscpp_generate_messages_eus
[0.424s] [  0%] Built target geometry_msgs_generate_messages_eus
[0.430s] [  0%] Built target geometry_msgs_generate_messages_cpp
[0.445s] [35m[1mScanning dependencies of target vehicle_sender[0m
[0.467s] [ 50%] Built target vehicle_receiver
[0.467s] [ 75%] [32mBuilding CXX object CMakeFiles/vehicle_sender.dir/nodes/vehicle_sender/vehicle_sender.cpp.o[0m
[1.456s] In file included from [01m[K/home/nuc/autoware.ai/src/autoware/utilities/vehicle_socket/nodes/vehicle_sender/vehicle_sender.cpp:30:0[m[K:
[1.456s] [01m[K/home/nuc/autoware.ai/src/autoware/utilities/vehicle_socket/nodes/vehicle_sender/control.h:[m[K In constructor ‘[01m[KControl::Control()[m[K’:
[1.456s] [01m[K/home/nuc/autoware.ai/src/autoware/utilities/vehicle_socket/nodes/vehicle_sender/control.h:49:16:[m[K [01;35m[Kwarning: [m[Kunused variable ‘[01m[Kj[m[K’ [[01;35m[K-Wunused-variable[m[K]
[1.456s]          int i, [01;35m[Kj[m[K;
[1.456s]                 [01;35m[K^[m[K
[2.057s] [100%] [32m[1mLinking CXX executable devel/lib/vehicle_socket/vehicle_sender[0m
[2.168s] [100%] Built target vehicle_sender
[2.182s] Invoked command in '/home/nuc/autoware.ai/src/autoware/utilities/vehicle_socket/build/vehicle_socket' returned '0': /usr/bin/cmake --build /home/nuc/autoware.ai/src/autoware/utilities/vehicle_socket/build/vehicle_socket -- -j8 -l8
[2.313s] Invoking command in '/home/nuc/autoware.ai/src/autoware/utilities/vehicle_socket/build/vehicle_socket': /usr/bin/cmake --build /home/nuc/autoware.ai/src/autoware/utilities/vehicle_socket/build/vehicle_socket --target tests -- -j8 -l8
[2.402s] Built target tests
[2.417s] Invoked command in '/home/nuc/autoware.ai/src/autoware/utilities/vehicle_socket/build/vehicle_socket' returned '0': /usr/bin/cmake --build /home/nuc/autoware.ai/src/autoware/utilities/vehicle_socket/build/vehicle_socket --target tests -- -j8 -l8
[2.555s] Invoking command in '/home/nuc/autoware.ai/src/autoware/utilities/vehicle_socket/build/vehicle_socket': /usr/bin/cmake --build /home/nuc/autoware.ai/src/autoware/utilities/vehicle_socket/build/vehicle_socket --target install -- -j8 -l8
[2.637s] [  0%] Built target std_msgs_generate_messages_lisp
[2.637s] [  0%] Built target autoware_msgs_generate_messages_cpp
[2.637s] [  0%] Built target pcl_msgs_generate_messages_nodejs
[2.637s] [  0%] Built target geometry_msgs_generate_messages_lisp
[2.638s] [  0%] Built target pcl_msgs_generate_messages_py
[2.638s] [  0%] Built target std_msgs_generate_messages_nodejs
[2.639s] [  0%] Built target sensor_msgs_generate_messages_cpp
[2.645s] [  0%] Built target pcl_msgs_generate_messages_lisp
[2.677s] [  0%] Built target actionlib_msgs_generate_messages_nodejs
[2.680s] [  0%] Built target pcl_msgs_generate_messages_eus
[2.680s] [  0%] Built target std_msgs_generate_messages_py
[2.680s] [  0%] Built target tablet_socket_msgs_generate_messages_eus
[2.682s] [  0%] Built target jsk_footstep_msgs_generate_messages_eus
[2.685s] [  0%] Built target rosgraph_msgs_generate_messages_cpp
[2.690s] [  0%] Built target std_msgs_generate_messages_cpp
[2.702s] [  0%] Built target autoware_msgs_generate_messages_py
[2.721s] [  0%] Built target sensor_msgs_generate_messages_py
[2.721s] [  0%] Built target actionlib_msgs_generate_messages_cpp
[2.723s] [  0%] Built target roscpp_generate_messages_lisp
[2.723s] [  0%] Built target jsk_footstep_msgs_generate_messages_nodejs
[2.724s] [  0%] Built target actionlib_msgs_generate_messages_lisp
[2.738s] [  0%] Built target jsk_recognition_msgs_generate_messages_py
[2.739s] [  0%] Built target autoware_can_msgs_generate_messages_nodejs
[2.750s] [  0%] Built target autoware_can_msgs_generate_messages_eus
[2.760s] [  0%] Built target roscpp_generate_messages_cpp
[2.764s] [  0%] Built target rosgraph_msgs_generate_messages_py
[2.764s] [  0%] Built target geometry_msgs_generate_messages_nodejs
[2.770s] [  0%] Built target jsk_footstep_msgs_generate_messages_cpp
[2.779s] [  0%] Built target sensor_msgs_generate_messages_nodejs
[2.782s] [  0%] Built target geometry_msgs_generate_messages_py
[2.786s] [  0%] Built target jsk_recognition_msgs_generate_messages_eus
[2.795s] [  0%] Built target jsk_recognition_msgs_generate_messages_lisp
[2.806s] [  0%] Built target rosgraph_msgs_generate_messages_eus
[2.808s] [  0%] Built target sensor_msgs_generate_messages_eus
[2.808s] [  0%] Built target jsk_recognition_msgs_generate_messages_nodejs
[2.824s] [  0%] Built target tablet_socket_msgs_generate_messages_cpp
[2.834s] [  0%] Built target autoware_can_msgs_generate_messages_lisp
[2.839s] [  0%] Built target autoware_can_msgs_generate_messages_cpp
[2.840s] [  0%] Built target tablet_socket_msgs_generate_messages_lisp
[2.841s] [  0%] Built target autoware_can_msgs_generate_messages_py
[2.853s] [  0%] Built target jsk_recognition_msgs_generate_messages_cpp
[2.855s] [  0%] Built target autoware_msgs_generate_messages_eus
[2.860s] [  0%] Built target std_msgs_generate_messages_eus
[2.871s] [  0%] Built target autoware_msgs_generate_messages_nodejs
[2.876s] [  0%] Built target jsk_footstep_msgs_generate_messages_py
[2.884s] [  0%] Built target actionlib_msgs_generate_messages_py
[2.887s] [  0%] Built target jsk_footstep_msgs_generate_messages_lisp
[2.887s] [  0%] Built target roscpp_generate_messages_py
[2.898s] [  0%] Built target rosgraph_msgs_generate_messages_nodejs
[2.898s] [  0%] Built target rosgraph_msgs_generate_messages_lisp
[2.912s] [  0%] Built target sensor_msgs_generate_messages_lisp
[2.919s] [  0%] Built target pcl_msgs_generate_messages_cpp
[2.930s] [  0%] Built target actionlib_msgs_generate_messages_eus
[2.935s] [  0%] Built target tablet_socket_msgs_generate_messages_py
[2.940s] [  0%] Built target autoware_msgs_generate_messages_lisp
[2.944s] [  0%] Built target roscpp_generate_messages_nodejs
[2.944s] [  0%] Built target tablet_socket_msgs_generate_messages_nodejs
[2.949s] [  0%] Built target roscpp_generate_messages_eus
[2.961s] [  0%] Built target geometry_msgs_generate_messages_cpp
[2.963s] [  0%] Built target geometry_msgs_generate_messages_eus
[3.000s] [ 50%] Built target vehicle_sender
[3.001s] [100%] Built target vehicle_receiver
[3.032s] [36mInstall the project...[0m
[3.044s] -- Install configuration: ""
[3.045s] -- Up-to-date: /home/nuc/autoware.ai/src/autoware/utilities/vehicle_socket/install/vehicle_socket/lib/pkgconfig/vehicle_socket.pc
[3.045s] -- Up-to-date: /home/nuc/autoware.ai/src/autoware/utilities/vehicle_socket/install/vehicle_socket/share/vehicle_socket/cmake/vehicle_socketConfig.cmake
[3.045s] -- Up-to-date: /home/nuc/autoware.ai/src/autoware/utilities/vehicle_socket/install/vehicle_socket/share/vehicle_socket/cmake/vehicle_socketConfig-version.cmake
[3.045s] -- Up-to-date: /home/nuc/autoware.ai/src/autoware/utilities/vehicle_socket/install/vehicle_socket/share/vehicle_socket/package.xml
[3.045s] -- Installing: /home/nuc/autoware.ai/src/autoware/utilities/vehicle_socket/install/vehicle_socket/lib/vehicle_socket/vehicle_sender
[3.045s] -- Set runtime path of "/home/nuc/autoware.ai/src/autoware/utilities/vehicle_socket/install/vehicle_socket/lib/vehicle_socket/vehicle_sender" to ""
[3.045s] -- Up-to-date: /home/nuc/autoware.ai/src/autoware/utilities/vehicle_socket/install/vehicle_socket/lib/vehicle_socket/vehicle_receiver
[3.050s] Invoked command in '/home/nuc/autoware.ai/src/autoware/utilities/vehicle_socket/build/vehicle_socket' returned '0': /usr/bin/cmake --build /home/nuc/autoware.ai/src/autoware/utilities/vehicle_socket/build/vehicle_socket --target install -- -j8 -l8
