Determining if the pthread_create exist failed with the following output:
Change Dir: /home/nuc/autoware.ai/src/autoware/core_planning/app_way_planner/build/app_way_planner/CMakeFiles/CMakeTmp

Run Build Command:"/usr/bin/make" "cmTC_de19b/fast"
/usr/bin/make -f CMakeFiles/cmTC_de19b.dir/build.make CMakeFiles/cmTC_de19b.dir/build
make[1]: Entering directory '/home/nuc/autoware.ai/src/autoware/core_planning/app_way_planner/build/app_way_planner/CMakeFiles/CMakeTmp'
Building C object CMakeFiles/cmTC_de19b.dir/CheckSymbolExists.c.o
/usr/bin/cc    -o CMakeFiles/cmTC_de19b.dir/CheckSymbolExists.c.o   -c /home/nuc/autoware.ai/src/autoware/core_planning/app_way_planner/build/app_way_planner/CMakeFiles/CMakeTmp/CheckSymbolExists.c
Linking C executable cmTC_de19b
/usr/bin/cmake -E cmake_link_script CMakeFiles/cmTC_de19b.dir/link.txt --verbose=1
/usr/bin/cc      -rdynamic CMakeFiles/cmTC_de19b.dir/CheckSymbolExists.c.o  -o cmTC_de19b 
CMakeFiles/cmTC_de19b.dir/CheckSymbolExists.c.o: In function `main':
CheckSymbolExists.c:(.text+0x1b): undefined reference to `pthread_create'
collect2: error: ld returned 1 exit status
CMakeFiles/cmTC_de19b.dir/build.make:97: recipe for target 'cmTC_de19b' failed
make[1]: *** [cmTC_de19b] Error 1
make[1]: Leaving directory '/home/nuc/autoware.ai/src/autoware/core_planning/app_way_planner/build/app_way_planner/CMakeFiles/CMakeTmp'
Makefile:126: recipe for target 'cmTC_de19b/fast' failed
make: *** [cmTC_de19b/fast] Error 2

File /home/nuc/autoware.ai/src/autoware/core_planning/app_way_planner/build/app_way_planner/CMakeFiles/CMakeTmp/CheckSymbolExists.c:
/* */
#include <pthread.h>

int main(int argc, char** argv)
{
  (void)argv;
#ifndef pthread_create
  return ((int*)(&pthread_create))[argc];
#else
  (void)argc;
  return 0;
#endif
}

Determining if the function pthread_create exists in the pthreads failed with the following output:
Change Dir: /home/nuc/autoware.ai/src/autoware/core_planning/app_way_planner/build/app_way_planner/CMakeFiles/CMakeTmp

Run Build Command:"/usr/bin/make" "cmTC_d3988/fast"
/usr/bin/make -f CMakeFiles/cmTC_d3988.dir/build.make CMakeFiles/cmTC_d3988.dir/build
make[1]: Entering directory '/home/nuc/autoware.ai/src/autoware/core_planning/app_way_planner/build/app_way_planner/CMakeFiles/CMakeTmp'
Building C object CMakeFiles/cmTC_d3988.dir/CheckFunctionExists.c.o
/usr/bin/cc   -DCHECK_FUNCTION_EXISTS=pthread_create   -o CMakeFiles/cmTC_d3988.dir/CheckFunctionExists.c.o   -c /usr/share/cmake-3.10/Modules/CheckFunctionExists.c
Linking C executable cmTC_d3988
/usr/bin/cmake -E cmake_link_script CMakeFiles/cmTC_d3988.dir/link.txt --verbose=1
/usr/bin/cc  -DCHECK_FUNCTION_EXISTS=pthread_create    -rdynamic CMakeFiles/cmTC_d3988.dir/CheckFunctionExists.c.o  -o cmTC_d3988 -lpthreads 
/usr/bin/ld: cannot find -lpthreads
collect2: error: ld returned 1 exit status
CMakeFiles/cmTC_d3988.dir/build.make:97: recipe for target 'cmTC_d3988' failed
make[1]: *** [cmTC_d3988] Error 1
make[1]: Leaving directory '/home/nuc/autoware.ai/src/autoware/core_planning/app_way_planner/build/app_way_planner/CMakeFiles/CMakeTmp'
Makefile:126: recipe for target 'cmTC_d3988/fast' failed
make: *** [cmTC_d3988/fast] Error 2


