[0.028s] Invoking command in '/home/nuc/autoware.ai/src/autoware/utilities/app_cmd_sender/build/app_cmd_sender': /usr/bin/cmake --build /home/nuc/autoware.ai/src/autoware/utilities/app_cmd_sender/build/app_cmd_sender -- -j8 -l8
[0.125s] [  0%] Built target rosgraph_msgs_generate_messages_py
[0.126s] [  0%] Built target tablet_socket_msgs_generate_messages_nodejs
[0.126s] [  0%] Built target tablet_socket_msgs_generate_messages_eus
[0.126s] [  0%] Built target sensor_msgs_generate_messages_nodejs
[0.126s] [  0%] Built target rosgraph_msgs_generate_messages_lisp
[0.132s] [  0%] Built target tablet_socket_msgs_generate_messages_lisp
[0.132s] [  0%] Built target rosgraph_msgs_generate_messages_nodejs
[0.144s] [  0%] Built target tablet_socket_msgs_generate_messages_py
[0.172s] [  0%] Built target roscpp_generate_messages_lisp
[0.178s] [  0%] Built target jsk_footstep_msgs_generate_messages_nodejs
[0.180s] [  0%] Built target actionlib_msgs_generate_messages_lisp
[0.181s] [  0%] Built target roscpp_generate_messages_py
[0.186s] [  0%] Built target jsk_footstep_msgs_generate_messages_lisp
[0.194s] [  0%] Built target actionlib_msgs_generate_messages_py
[0.195s] [  0%] Built target actionlib_msgs_generate_messages_cpp
[0.198s] [  0%] Built target jsk_footstep_msgs_generate_messages_eus
[0.220s] [  0%] Built target pcl_msgs_generate_messages_py
[0.229s] [  0%] Built target pcl_msgs_generate_messages_lisp
[0.230s] [  0%] Built target rosgraph_msgs_generate_messages_cpp
[0.234s] [  0%] Built target pcl_msgs_generate_messages_nodejs
[0.242s] [  0%] Built target pcl_msgs_generate_messages_eus
[0.248s] [  0%] Built target std_msgs_generate_messages_nodejs
[0.249s] [  0%] Built target autoware_msgs_generate_messages_cpp
[0.257s] [  0%] Built target std_msgs_generate_messages_lisp
[0.271s] [  0%] Built target sensor_msgs_generate_messages_cpp
[0.282s] [  0%] Built target tablet_socket_msgs_generate_messages_cpp
[0.282s] [  0%] Built target autoware_can_msgs_generate_messages_py
[0.290s] [  0%] Built target sensor_msgs_generate_messages_eus
[0.294s] [  0%] Built target jsk_footstep_msgs_generate_messages_cpp
[0.298s] [  0%] Built target geometry_msgs_generate_messages_py
[0.308s] [  0%] Built target std_msgs_generate_messages_eus
[0.316s] [  0%] Built target jsk_footstep_msgs_generate_messages_py
[0.318s] [  0%] Built target autoware_msgs_generate_messages_nodejs
[0.332s] [  0%] Built target std_msgs_generate_messages_cpp
[0.337s] [  0%] Built target actionlib_msgs_generate_messages_nodejs
[0.351s] [  0%] Built target std_msgs_generate_messages_py
[0.362s] [  0%] Built target autoware_can_msgs_generate_messages_eus
[0.368s] [  0%] Built target autoware_msgs_generate_messages_py
[0.377s] [  0%] Built target autoware_can_msgs_generate_messages_lisp
[0.379s] [  0%] Built target geometry_msgs_generate_messages_nodejs
[0.382s] [  0%] Built target autoware_can_msgs_generate_messages_nodejs
[0.382s] [  0%] Built target sensor_msgs_generate_messages_py
[0.389s] [  0%] Built target jsk_recognition_msgs_generate_messages_py
[0.405s] [  0%] Built target autoware_can_msgs_generate_messages_cpp
[0.421s] [  0%] Built target jsk_recognition_msgs_generate_messages_cpp
[0.432s] [  0%] Built target actionlib_msgs_generate_messages_eus
[0.433s] [  0%] Built target autoware_msgs_generate_messages_eus
[0.440s] [  0%] Built target autoware_msgs_generate_messages_lisp
[0.441s] [  0%] Built target pcl_msgs_generate_messages_cpp
[0.448s] [  0%] Built target sensor_msgs_generate_messages_lisp
[0.454s] [  0%] Built target roscpp_generate_messages_eus
[0.458s] [  0%] Built target roscpp_generate_messages_nodejs
[0.478s] [  0%] Built target geometry_msgs_generate_messages_eus
[0.481s] [  0%] Built target geometry_msgs_generate_messages_cpp
[0.487s] [  0%] Built target geometry_msgs_generate_messages_lisp
[0.494s] [  0%] Built target roscpp_generate_messages_cpp
[0.494s] [  0%] Built target jsk_recognition_msgs_generate_messages_lisp
[0.496s] [  0%] Built target jsk_recognition_msgs_generate_messages_eus
[0.498s] [  0%] Built target rosgraph_msgs_generate_messages_eus
[0.501s] [  0%] Built target jsk_recognition_msgs_generate_messages_nodejs
[0.519s] [35m[1mScanning dependencies of target app_cmd_sender[0m
[0.543s] [ 50%] [32mBuilding CXX object CMakeFiles/app_cmd_sender.dir/nodes/app_cmd_sender.cpp.o[0m
[2.367s] [01m[K/home/nuc/autoware.ai/src/autoware/utilities/app_cmd_sender/nodes/app_cmd_sender.cpp:[m[K In function ‘[01m[Kvoid centerlineCallback(const MarkerArray&)[m[K’:
[2.367s] [01m[K/home/nuc/autoware.ai/src/autoware/utilities/app_cmd_sender/nodes/app_cmd_sender.cpp:61:50:[m[K [01;35m[Kwarning: [m[Knarrowing conversion of ‘[01m[Kpt.geometry_msgs::Point_<std::allocator<void> >::x[m[K’ from ‘[01m[Kgeometry_msgs::Point_<std::allocator<void> >::_x_type {aka double}[m[K’ to ‘[01m[Kfloat[m[K’ inside { } [[01;35m[K-Wnarrowing[m[K]
[2.367s]          centerpt.push_back(std::vector<float>{[01;35m[Kpt.x[m[K,pt.y});
[2.367s]                                                [01;35m[K~~~^[m[K
[2.367s] [01m[K/home/nuc/autoware.ai/src/autoware/utilities/app_cmd_sender/nodes/app_cmd_sender.cpp:61:50:[m[K [01;35m[Kwarning: [m[Knarrowing conversion of ‘[01m[Kpt.geometry_msgs::Point_<std::allocator<void> >::x[m[K’ from ‘[01m[Kgeometry_msgs::Point_<std::allocator<void> >::_x_type {aka double}[m[K’ to ‘[01m[Kfloat[m[K’ inside { } [[01;35m[K-Wnarrowing[m[K]
[2.367s] [01m[K/home/nuc/autoware.ai/src/autoware/utilities/app_cmd_sender/nodes/app_cmd_sender.cpp:61:55:[m[K [01;35m[Kwarning: [m[Knarrowing conversion of ‘[01m[Kpt.geometry_msgs::Point_<std::allocator<void> >::y[m[K’ from ‘[01m[Kgeometry_msgs::Point_<std::allocator<void> >::_y_type {aka double}[m[K’ to ‘[01m[Kfloat[m[K’ inside { } [[01;35m[K-Wnarrowing[m[K]
[2.368s]          centerpt.push_back(std::vector<float>{pt.x,[01;35m[Kpt.y[m[K});
[2.368s]                                                     [01;35m[K~~~^[m[K
[2.368s] [01m[K/home/nuc/autoware.ai/src/autoware/utilities/app_cmd_sender/nodes/app_cmd_sender.cpp:61:55:[m[K [01;35m[Kwarning: [m[Knarrowing conversion of ‘[01m[Kpt.geometry_msgs::Point_<std::allocator<void> >::y[m[K’ from ‘[01m[Kgeometry_msgs::Point_<std::allocator<void> >::_y_type {aka double}[m[K’ to ‘[01m[Kfloat[m[K’ inside { } [[01;35m[K-Wnarrowing[m[K]
[2.368s] [01m[K/home/nuc/autoware.ai/src/autoware/utilities/app_cmd_sender/nodes/app_cmd_sender.cpp:61:57:[m[K [01;31m[Kerror: [m[Kno matching function for call to ‘[01m[Kstd::vector<point>::push_back(std::vector<float>)[m[K’
[2.368s]          centerpt.push_back(std::vector<float>{pt.x,pt.y}[01;31m[K)[m[K;
[2.368s]                                                          [01;31m[K^[m[K
[2.368s] In file included from [01m[K/usr/include/c++/7/vector:64:0[m[K,
[2.369s]                  from [01m[K/usr/include/boost/math/special_functions/math_fwd.hpp:26[m[K,
[2.369s]                  from [01m[K/usr/include/boost/math/special_functions/round.hpp:15[m[K,
[2.369s]                  from [01m[K/opt/ros/melodic/include/ros/time.h:58[m[K,
[2.369s]                  from [01m[K/opt/ros/melodic/include/ros/ros.h:38[m[K,
[2.369s]                  from [01m[K/home/nuc/autoware.ai/src/autoware/utilities/app_cmd_sender/nodes/app_cmd_sender.cpp:17[m[K:
[2.369s] [01m[K/usr/include/c++/7/bits/stl_vector.h:939:7:[m[K [01;36m[Knote: [m[Kcandidate: void std::vector<_Tp, _Alloc>::push_back(const value_type&) [with _Tp = point; _Alloc = std::allocator<point>; std::vector<_Tp, _Alloc>::value_type = point]
[2.369s]        [01;36m[Kpush_back[m[K(const value_type& __x)
[2.370s]        [01;36m[K^~~~~~~~~[m[K
[2.370s] [01m[K/usr/include/c++/7/bits/stl_vector.h:939:7:[m[K [01;36m[Knote: [m[K  no known conversion for argument 1 from ‘[01m[Kstd::vector<float>[m[K’ to ‘[01m[Kconst value_type& {aka const point&}[m[K’
[2.370s] [01m[K/usr/include/c++/7/bits/stl_vector.h:953:7:[m[K [01;36m[Knote: [m[Kcandidate: void std::vector<_Tp, _Alloc>::push_back(std::vector<_Tp, _Alloc>::value_type&&) [with _Tp = point; _Alloc = std::allocator<point>; std::vector<_Tp, _Alloc>::value_type = point]
[2.370s]        [01;36m[Kpush_back[m[K(value_type&& __x)
[2.370s]        [01;36m[K^~~~~~~~~[m[K
[2.370s] [01m[K/usr/include/c++/7/bits/stl_vector.h:953:7:[m[K [01;36m[Knote: [m[K  no known conversion for argument 1 from ‘[01m[Kstd::vector<float>[m[K’ to ‘[01m[Kstd::vector<point>::value_type&& {aka point&&}[m[K’
[2.370s] In file included from [01m[K/opt/ros/melodic/include/ros/ros.h:40:0[m[K,
[2.370s]                  from [01m[K/home/nuc/autoware.ai/src/autoware/utilities/app_cmd_sender/nodes/app_cmd_sender.cpp:17[m[K:
[2.371s] [01m[K/opt/ros/melodic/include/ros/console.h:348:176:[m[K [01;35m[Kwarning: [m[Kformat ‘[01m[K%d[m[K’ expects argument of type ‘[01m[Kint[m[K’, but argument 8 has type ‘[01m[Kstd::vector<geometry_msgs::Point_<std::allocator<void> >, std::allocator<geometry_msgs::Point_<std::allocator<void> > > >::size_type {aka long unsigned int}[m[K’ [[01;35m[K-Wformat=[m[K]
[2.371s]  cation__loc.logger_, __rosconsole_define_location__loc.level_, __FILE__, __LINE__, __ROSCONSOLE_FUNCTION__, __VA_ARGS__[01;35m[K)[m[K
[2.371s]                                                                                                                         [01;35m[K^[m[K
[2.371s] [01m[K/opt/ros/melodic/include/ros/console.h:351:5:[m[K [01;36m[Knote: [m[Kin expansion of macro ‘[01m[KROSCONSOLE_PRINT_AT_LOCATION_WITH_FILTER[m[K’
[2.371s]      [01;36m[KROSCONSOLE_PRINT_AT_LOCATION_WITH_FILTER[m[K(NULL, __VA_ARGS__)
[2.371s]      [01;36m[K^~~~~~~~~~~~~~~~~~~~~~~~~~~~~~~~~~~~~~~~[m[K
[2.371s] [01m[K/opt/ros/melodic/include/ros/console.h:387:7:[m[K [01;36m[Knote: [m[Kin expansion of macro ‘[01m[KROSCONSOLE_PRINT_AT_LOCATION[m[K’
[2.371s]        [01;36m[KROSCONSOLE_PRINT_AT_LOCATION[m[K(__VA_ARGS__); \
[2.372s]        [01;36m[K^~~~~~~~~~~~~~~~~~~~~~~~~~~~[m[K
[2.372s] [01m[K/opt/ros/melodic/include/ros/console.h:572:35:[m[K [01;36m[Knote: [m[Kin expansion of macro ‘[01m[KROS_LOG_COND[m[K’
[2.372s]  #define ROS_LOG(level, name, ...) [01;36m[KROS_LOG_COND[m[K(true, level, name, __VA_ARGS__)
[2.372s]                                    [01;36m[K^~~~~~~~~~~~[m[K
[2.372s] [01m[K/opt/ros/melodic/include/rosconsole/macros_generated.h:162:23:[m[K [01;36m[Knote: [m[Kin expansion of macro ‘[01m[KROS_LOG[m[K’
[2.372s]  #define ROS_WARN(...) [01;36m[KROS_LOG[m[K(::ros::console::levels::Warn, ROSCONSOLE_DEFAULT_NAME, __VA_ARGS__)
[2.372s]                        [01;36m[K^~~~~~~[m[K
[2.372s] [01m[K/home/nuc/autoware.ai/src/autoware/utilities/app_cmd_sender/nodes/app_cmd_sender.cpp:63:5:[m[K [01;36m[Knote: [m[Kin expansion of macro ‘[01m[KROS_WARN[m[K’
[2.372s]      [01;36m[KR[m[KOS_WARN("IM centerline, SIZE=%d",  ary.markers[0].points.size());
[2.373s]      [01;36m[K^[m[K
[2.373s] [01m[K/home/nuc/autoware.ai/src/autoware/utilities/app_cmd_sender/nodes/app_cmd_sender.cpp:[m[K In function ‘[01m[Kvoid planlineCallback(const MarkerArray&)[m[K’:
[2.373s] [01m[K/opt/ros/melodic/include/ros/console.h:348:176:[m[K [01;35m[Kwarning: [m[Kformat ‘[01m[K%d[m[K’ expects argument of type ‘[01m[Kint[m[K’, but argument 8 has type ‘[01m[Kstd::vector<geometry_msgs::Point_<std::allocator<void> >, std::allocator<geometry_msgs::Point_<std::allocator<void> > > >::size_type {aka long unsigned int}[m[K’ [[01;35m[K-Wformat=[m[K]
[2.373s]  cation__loc.logger_, __rosconsole_define_location__loc.level_, __FILE__, __LINE__, __ROSCONSOLE_FUNCTION__, __VA_ARGS__[01;35m[K)[m[K
[2.373s]                                                                                                                         [01;35m[K^[m[K
[2.373s] [01m[K/opt/ros/melodic/include/ros/console.h:351:5:[m[K [01;36m[Knote: [m[Kin expansion of macro ‘[01m[KROSCONSOLE_PRINT_AT_LOCATION_WITH_FILTER[m[K’
[2.373s]      [01;36m[KROSCONSOLE_PRINT_AT_LOCATION_WITH_FILTER[m[K(NULL, __VA_ARGS__)
[2.373s]      [01;36m[K^~~~~~~~~~~~~~~~~~~~~~~~~~~~~~~~~~~~~~~~[m[K
[2.374s] [01m[K/opt/ros/melodic/include/ros/console.h:387:7:[m[K [01;36m[Knote: [m[Kin expansion of macro ‘[01m[KROSCONSOLE_PRINT_AT_LOCATION[m[K’
[2.374s]        [01;36m[KROSCONSOLE_PRINT_AT_LOCATION[m[K(__VA_ARGS__); \
[2.374s]        [01;36m[K^~~~~~~~~~~~~~~~~~~~~~~~~~~~[m[K
[2.374s] [01m[K/opt/ros/melodic/include/ros/console.h:572:35:[m[K [01;36m[Knote: [m[Kin expansion of macro ‘[01m[KROS_LOG_COND[m[K’
[2.374s]  #define ROS_LOG(level, name, ...) [01;36m[KROS_LOG_COND[m[K(true, level, name, __VA_ARGS__)
[2.374s]                                    [01;36m[K^~~~~~~~~~~~[m[K
[2.374s] [01m[K/opt/ros/melodic/include/rosconsole/macros_generated.h:162:23:[m[K [01;36m[Knote: [m[Kin expansion of macro ‘[01m[KROS_LOG[m[K’
[2.374s]  #define ROS_WARN(...) [01;36m[KROS_LOG[m[K(::ros::console::levels::Warn, ROSCONSOLE_DEFAULT_NAME, __VA_ARGS__)
[2.375s]                        [01;36m[K^~~~~~~[m[K
[2.375s] [01m[K/home/nuc/autoware.ai/src/autoware/utilities/app_cmd_sender/nodes/app_cmd_sender.cpp:72:9:[m[K [01;36m[Knote: [m[Kin expansion of macro ‘[01m[KROS_WARN[m[K’
[2.375s]          [01;36m[KR[m[KOS_WARN("IM planline, SIZE=%d",  ary.markers[0].points.size());
[2.375s]          [01;36m[K^[m[K
[2.375s] [01m[K/home/nuc/autoware.ai/src/autoware/utilities/app_cmd_sender/nodes/app_cmd_sender.cpp:76:57:[m[K [01;35m[Kwarning: [m[Knarrowing conversion of ‘[01m[Kpt.geometry_msgs::Point_<std::allocator<void> >::x[m[K’ from ‘[01m[Kgeometry_msgs::Point_<std::allocator<void> >::_x_type {aka double}[m[K’ to ‘[01m[Kfloat[m[K’ inside { } [[01;35m[K-Wnarrowing[m[K]
[2.375s]              plannedline.push_back(std::vector<float>{[01;35m[Kpt.x[m[K,pt.y});
[2.375s]                                                       [01;35m[K~~~^[m[K
[2.375s] [01m[K/home/nuc/autoware.ai/src/autoware/utilities/app_cmd_sender/nodes/app_cmd_sender.cpp:76:57:[m[K [01;35m[Kwarning: [m[Knarrowing conversion of ‘[01m[Kpt.geometry_msgs::Point_<std::allocator<void> >::x[m[K’ from ‘[01m[Kgeometry_msgs::Point_<std::allocator<void> >::_x_type {aka double}[m[K’ to ‘[01m[Kfloat[m[K’ inside { } [[01;35m[K-Wnarrowing[m[K]
[2.376s] [01m[K/home/nuc/autoware.ai/src/autoware/utilities/app_cmd_sender/nodes/app_cmd_sender.cpp:76:62:[m[K [01;35m[Kwarning: [m[Knarrowing conversion of ‘[01m[Kpt.geometry_msgs::Point_<std::allocator<void> >::y[m[K’ from ‘[01m[Kgeometry_msgs::Point_<std::allocator<void> >::_y_type {aka double}[m[K’ to ‘[01m[Kfloat[m[K’ inside { } [[01;35m[K-Wnarrowing[m[K]
[2.376s]              plannedline.push_back(std::vector<float>{pt.x,[01;35m[Kpt.y[m[K});
[2.376s]                                                            [01;35m[K~~~^[m[K
[2.376s] [01m[K/home/nuc/autoware.ai/src/autoware/utilities/app_cmd_sender/nodes/app_cmd_sender.cpp:76:62:[m[K [01;35m[Kwarning: [m[Knarrowing conversion of ‘[01m[Kpt.geometry_msgs::Point_<std::allocator<void> >::y[m[K’ from ‘[01m[Kgeometry_msgs::Point_<std::allocator<void> >::_y_type {aka double}[m[K’ to ‘[01m[Kfloat[m[K’ inside { } [[01;35m[K-Wnarrowing[m[K]
[2.376s] [01m[K/home/nuc/autoware.ai/src/autoware/utilities/app_cmd_sender/nodes/app_cmd_sender.cpp:[m[K In function ‘[01m[Kbool ishere(const point&, const point&, const point&)[m[K’:
[2.376s] [01m[K/home/nuc/autoware.ai/src/autoware/utilities/app_cmd_sender/nodes/app_cmd_sender.cpp:91:58:[m[K [01;31m[Kerror: [m[K‘[01m[Kv[m[K’ was not declared in this scope
[2.376s]      return std::abs(v1*r)<std::abs(v1*v1) && std::abs(v2*[01;31m[Kv[m[K) < std::sqrt(v2*v2)*droad/2;
[2.376s]                                                           [01;31m[K^[m[K
[2.378s] [01m[K/home/nuc/autoware.ai/src/autoware/utilities/app_cmd_sender/nodes/app_cmd_sender.cpp:[m[K In function ‘[01m[Kvoid currentposeCallback(const PoseStamped&)[m[K’:
[2.378s] [01m[K/home/nuc/autoware.ai/src/autoware/utilities/app_cmd_sender/nodes/app_cmd_sender.cpp:98:32:[m[K [01;35m[Kwarning: [m[Knarrowing conversion of ‘[01m[K(geometry_msgs::Point_<std::allocator<void> >::_x_type)odm.geometry_msgs::PoseStamped_<std::allocator<void> >::pose.geometry_msgs::Pose_<std::allocator<void> >::position.geometry_msgs::Point_<std::allocator<void> >::x[m[K’ from ‘[01m[Kgeometry_msgs::Point_<std::allocator<void> >::_x_type {aka double}[m[K’ to ‘[01m[Kfloat[m[K’ inside { } [[01;35m[K-Wnarrowing[m[K]
[2.378s]      point pt{[01;35m[Kodm.pose.position.x[m[K,odm.pose.position.y};
[2.378s]               [01;35m[K~~~~~~~~~~~~~~~~~~^[m[K
[2.378s] [01m[K/home/nuc/autoware.ai/src/autoware/utilities/app_cmd_sender/nodes/app_cmd_sender.cpp:98:52:[m[K [01;35m[Kwarning: [m[Knarrowing conversion of ‘[01m[K(geometry_msgs::Point_<std::allocator<void> >::_y_type)odm.geometry_msgs::PoseStamped_<std::allocator<void> >::pose.geometry_msgs::Pose_<std::allocator<void> >::position.geometry_msgs::Point_<std::allocator<void> >::y[m[K’ from ‘[01m[Kgeometry_msgs::Point_<std::allocator<void> >::_y_type {aka double}[m[K’ to ‘[01m[Kfloat[m[K’ inside { } [[01;35m[K-Wnarrowing[m[K]
[2.378s]      point pt{odm.pose.position.x,[01;35m[Kodm.pose.position.y[m[K};
[2.378s]                                   [01;35m[K~~~~~~~~~~~~~~~~~~^[m[K
[4.058s] CMakeFiles/app_cmd_sender.dir/build.make:62: recipe for target 'CMakeFiles/app_cmd_sender.dir/nodes/app_cmd_sender.cpp.o' failed
[4.058s] make[2]: *** [CMakeFiles/app_cmd_sender.dir/nodes/app_cmd_sender.cpp.o] Error 1
[4.059s] make[1]: *** [CMakeFiles/app_cmd_sender.dir/all] Error 2
[4.059s] CMakeFiles/Makefile2:126: recipe for target 'CMakeFiles/app_cmd_sender.dir/all' failed
[4.059s] Makefile:140: recipe for target 'all' failed
[4.059s] make: *** [all] Error 2
[4.062s] Invoked command in '/home/nuc/autoware.ai/src/autoware/utilities/app_cmd_sender/build/app_cmd_sender' returned '2': /usr/bin/cmake --build /home/nuc/autoware.ai/src/autoware/utilities/app_cmd_sender/build/app_cmd_sender -- -j8 -l8
