[0.024s] Invoking command in '/home/nuc/autoware.ai/src/autoware/utilities/app_cmd_sender/build/app_cmd_sender': /usr/bin/cmake --build /home/nuc/autoware.ai/src/autoware/utilities/app_cmd_sender/build/app_cmd_sender -- -j8 -l8
[0.113s] [  0%] Built target tablet_socket_msgs_generate_messages_lisp
[0.116s] [  0%] Built target tablet_socket_msgs_generate_messages_py
[0.117s] [  0%] Built target tablet_socket_msgs_generate_messages_eus
[0.118s] [  0%] Built target tablet_socket_msgs_generate_messages_nodejs
[0.118s] [  0%] Built target rosgraph_msgs_generate_messages_nodejs
[0.118s] [  0%] Built target sensor_msgs_generate_messages_nodejs
[0.126s] [  0%] Built target rosgraph_msgs_generate_messages_lisp
[0.128s] [  0%] Built target rosgraph_msgs_generate_messages_py
[0.153s] [  0%] Built target roscpp_generate_messages_lisp
[0.158s] [  0%] Built target roscpp_generate_messages_py
[0.158s] [  0%] Built target actionlib_msgs_generate_messages_lisp
[0.159s] [  0%] Built target actionlib_msgs_generate_messages_cpp
[0.166s] [  0%] Built target jsk_footstep_msgs_generate_messages_lisp
[0.171s] [  0%] Built target jsk_footstep_msgs_generate_messages_nodejs
[0.177s] [  0%] Built target actionlib_msgs_generate_messages_py
[0.178s] [  0%] Built target jsk_footstep_msgs_generate_messages_eus
[0.206s] [  0%] Built target pcl_msgs_generate_messages_nodejs
[0.208s] [  0%] Built target pcl_msgs_generate_messages_py
[0.209s] [  0%] Built target pcl_msgs_generate_messages_lisp
[0.211s] [  0%] Built target pcl_msgs_generate_messages_eus
[0.216s] [  0%] Built target rosgraph_msgs_generate_messages_cpp
[0.217s] [  0%] Built target std_msgs_generate_messages_nodejs
[0.222s] [  0%] Built target autoware_msgs_generate_messages_cpp
[0.228s] [  0%] Built target std_msgs_generate_messages_lisp
[0.252s] [  0%] Built target tablet_socket_msgs_generate_messages_cpp
[0.252s] [  0%] Built target sensor_msgs_generate_messages_eus
[0.254s] [  0%] Built target sensor_msgs_generate_messages_cpp
[0.266s] [  0%] Built target geometry_msgs_generate_messages_py
[0.271s] [  0%] Built target autoware_can_msgs_generate_messages_py
[0.271s] [  0%] Built target jsk_footstep_msgs_generate_messages_cpp
[0.272s] [  0%] Built target std_msgs_generate_messages_eus
[0.283s] [  0%] Built target autoware_msgs_generate_messages_nodejs
[0.296s] [  0%] Built target actionlib_msgs_generate_messages_nodejs
[0.301s] [  0%] Built target std_msgs_generate_messages_cpp
[0.301s] [  0%] Built target jsk_footstep_msgs_generate_messages_py
[0.315s] [  0%] Built target std_msgs_generate_messages_py
[0.317s] [  0%] Built target autoware_msgs_generate_messages_py
[0.320s] [  0%] Built target autoware_can_msgs_generate_messages_eus
[0.321s] [  0%] Built target geometry_msgs_generate_messages_nodejs
[0.341s] [  0%] Built target sensor_msgs_generate_messages_py
[0.344s] [  0%] Built target jsk_recognition_msgs_generate_messages_py
[0.351s] [  0%] Built target autoware_can_msgs_generate_messages_lisp
[0.351s] [  0%] Built target autoware_can_msgs_generate_messages_nodejs
[0.362s] [  0%] Built target autoware_msgs_generate_messages_eus
[0.366s] [  0%] Built target autoware_can_msgs_generate_messages_cpp
[0.367s] [  0%] Built target jsk_recognition_msgs_generate_messages_cpp
[0.374s] [  0%] Built target sensor_msgs_generate_messages_lisp
[0.383s] [  0%] Built target pcl_msgs_generate_messages_cpp
[0.394s] [  0%] Built target actionlib_msgs_generate_messages_eus
[0.407s] [  0%] Built target geometry_msgs_generate_messages_eus
[0.407s] [  0%] Built target roscpp_generate_messages_nodejs
[0.408s] [  0%] Built target roscpp_generate_messages_eus
[0.412s] [  0%] Built target autoware_msgs_generate_messages_lisp
[0.417s] [  0%] Built target geometry_msgs_generate_messages_cpp
[0.422s] [  0%] Built target geometry_msgs_generate_messages_lisp
[0.435s] [  0%] Built target jsk_recognition_msgs_generate_messages_eus
[0.443s] [  0%] Built target jsk_recognition_msgs_generate_messages_lisp
[0.445s] [  0%] Built target jsk_recognition_msgs_generate_messages_nodejs
[0.446s] [  0%] Built target roscpp_generate_messages_cpp
[0.452s] [  0%] Built target rosgraph_msgs_generate_messages_eus
[0.467s] [35m[1mScanning dependencies of target app_cmd_sender[0m
[0.486s] [ 50%] [32mBuilding CXX object CMakeFiles/app_cmd_sender.dir/nodes/app_cmd_sender.cpp.o[0m
[1.946s] [01m[K/home/nuc/autoware.ai/src/autoware/utilities/app_cmd_sender/nodes/app_cmd_sender.cpp:[m[K In function ‘[01m[Kvoid centerlineCallback(const MarkerArray&)[m[K’:
[1.946s] [01m[K/home/nuc/autoware.ai/src/autoware/utilities/app_cmd_sender/nodes/app_cmd_sender.cpp:41:30:[m[K [01;31m[Kerror: [m[K‘[01m[Kconst _markers_type {aka const class std::vector<visualization_msgs::Marker_<std::allocator<void> >, std::allocator<visualization_msgs::Marker_<std::allocator<void> > > >}[m[K’ has no member named ‘[01m[Kpoints[m[K’; did you mean ‘[01m[Kpointer[m[K’?
[1.946s]      std::cout << ary.markers.[01;31m[Kpoints[m[K.size();
[1.946s]                               [01;31m[K^~~~~~[m[K
[1.946s]                               [32m[Kpointer[m[K
[2.888s] CMakeFiles/app_cmd_sender.dir/build.make:62: recipe for target 'CMakeFiles/app_cmd_sender.dir/nodes/app_cmd_sender.cpp.o' failed
[2.889s] make[2]: *** [CMakeFiles/app_cmd_sender.dir/nodes/app_cmd_sender.cpp.o] Error 1
[2.889s] CMakeFiles/Makefile2:126: recipe for target 'CMakeFiles/app_cmd_sender.dir/all' failed
[2.889s] Makefile:140: recipe for target 'all' failed
[2.889s] make[1]: *** [CMakeFiles/app_cmd_sender.dir/all] Error 2
[2.889s] make: *** [all] Error 2
[2.892s] Invoked command in '/home/nuc/autoware.ai/src/autoware/utilities/app_cmd_sender/build/app_cmd_sender' returned '2': /usr/bin/cmake --build /home/nuc/autoware.ai/src/autoware/utilities/app_cmd_sender/build/app_cmd_sender -- -j8 -l8
