[0.045s] Invoking command in '/home/nuc/autoware.ai/src/autoware/utilities/vehicle_socket/build/vehicle_socket': /usr/bin/cmake --build /home/nuc/autoware.ai/src/autoware/utilities/vehicle_socket/build/vehicle_socket -- -j8 -l8
[0.210s] [  0%] Built target tablet_socket_msgs_generate_messages_py
[0.262s] [  0%] Built target tablet_socket_msgs_generate_messages_lisp
[0.271s] [  0%] Built target tablet_socket_msgs_generate_messages_nodejs
[0.276s] [  0%] Built target sensor_msgs_generate_messages_nodejs
[0.304s] [  0%] Built target rosgraph_msgs_generate_messages_lisp
[0.380s] [  0%] Built target roscpp_generate_messages_py
[0.382s] [  0%] Built target roscpp_generate_messages_lisp
[0.386s] [  0%] Built target rosgraph_msgs_generate_messages_nodejs
[0.393s] [  0%] Built target actionlib_msgs_generate_messages_lisp
[0.398s] [  0%] Built target actionlib_msgs_generate_messages_cpp
[0.473s] [  0%] Built target jsk_footstep_msgs_generate_messages_eus
[0.485s] [  0%] Built target actionlib_msgs_generate_messages_py
[0.499s] [  0%] Built target jsk_footstep_msgs_generate_messages_lisp
[0.499s] [  0%] Built target jsk_footstep_msgs_generate_messages_nodejs
[0.543s] [  0%] Built target pcl_msgs_generate_messages_py
[0.565s] [  0%] Built target pcl_msgs_generate_messages_nodejs
[0.582s] [  0%] Built target pcl_msgs_generate_messages_eus
[0.584s] [  0%] Built target rosgraph_msgs_generate_messages_cpp
[0.620s] [  0%] Built target pcl_msgs_generate_messages_lisp
[0.675s] [  0%] Built target autoware_msgs_generate_messages_cpp
[0.679s] [  0%] Built target std_msgs_generate_messages_lisp
[0.686s] [  0%] Built target std_msgs_generate_messages_nodejs
[0.747s] [  0%] Built target sensor_msgs_generate_messages_eus
[0.747s] [  0%] Built target sensor_msgs_generate_messages_cpp
[0.778s] [  0%] Built target jsk_footstep_msgs_generate_messages_cpp
[0.816s] [  0%] Built target tablet_socket_msgs_generate_messages_cpp
[0.845s] [  0%] Built target geometry_msgs_generate_messages_py
[0.846s] [  0%] Built target std_msgs_generate_messages_eus
[0.848s] [  0%] Built target autoware_can_msgs_generate_messages_py
[0.906s] [  0%] Built target autoware_msgs_generate_messages_nodejs
[0.944s] [  0%] Built target jsk_footstep_msgs_generate_messages_py
[0.961s] [  0%] Built target actionlib_msgs_generate_messages_nodejs
[0.964s] [  0%] Built target std_msgs_generate_messages_py
[0.994s] [  0%] Built target autoware_msgs_generate_messages_py
[0.997s] [  0%] Built target std_msgs_generate_messages_cpp
[1.077s] [  0%] Built target geometry_msgs_generate_messages_nodejs
[1.083s] [  0%] Built target autoware_can_msgs_generate_messages_eus
[1.085s] [  0%] Built target sensor_msgs_generate_messages_py
[1.116s] [  0%] Built target jsk_recognition_msgs_generate_messages_py
[1.154s] [  0%] Built target autoware_can_msgs_generate_messages_nodejs
[1.205s] [  0%] Built target autoware_can_msgs_generate_messages_cpp
[1.206s] [  0%] Built target jsk_recognition_msgs_generate_messages_cpp
[1.209s] [  0%] Built target autoware_can_msgs_generate_messages_lisp
[1.226s] [  0%] Built target sensor_msgs_generate_messages_lisp
[1.232s] [  0%] Built target autoware_msgs_generate_messages_eus
[1.296s] [  0%] Built target roscpp_generate_messages_nodejs
[1.353s] [  0%] Built target autoware_msgs_generate_messages_lisp
[1.353s] [  0%] Built target pcl_msgs_generate_messages_cpp
[1.355s] [  0%] Built target actionlib_msgs_generate_messages_eus
[1.357s] [  0%] Built target geometry_msgs_generate_messages_eus
[1.399s] [  0%] Built target rosgraph_msgs_generate_messages_py
[1.405s] [  0%] Built target roscpp_generate_messages_eus
[1.434s] [  0%] Built target tablet_socket_msgs_generate_messages_eus
[1.484s] [  0%] Built target geometry_msgs_generate_messages_cpp
[1.495s] [  0%] Built target jsk_recognition_msgs_generate_messages_lisp
[1.526s] [  0%] Built target jsk_recognition_msgs_generate_messages_nodejs
[1.531s] [  0%] Built target rosgraph_msgs_generate_messages_eus
[1.551s] [  0%] Built target roscpp_generate_messages_cpp
[1.553s] [  0%] Built target geometry_msgs_generate_messages_lisp
[1.555s] [  0%] Built target jsk_recognition_msgs_generate_messages_eus
[1.592s] [35m[1mScanning dependencies of target vehicle_sender[0m
[1.630s] [ 50%] Built target vehicle_receiver
[1.632s] [ 75%] [32mBuilding CXX object CMakeFiles/vehicle_sender.dir/nodes/vehicle_sender/vehicle_sender.cpp.o[0m
[2.406s] [01m[K/home/nuc/autoware.ai/src/autoware/utilities/vehicle_socket/nodes/vehicle_sender/vehicle_sender.cpp:333:0:[m[K [01;31m[Kerror: [m[Kunterminated argument list invoking macro "ROS_WARN"
[2.407s]  }
[2.407s]  
[3.338s] [01m[K/home/nuc/autoware.ai/src/autoware/utilities/vehicle_socket/nodes/vehicle_sender/vehicle_sender.cpp:[m[K In function ‘[01m[Kvoid callbackAppCmd(const ConstPtr&)[m[K’:
[3.338s] [01m[K/home/nuc/autoware.ai/src/autoware/utilities/vehicle_socket/nodes/vehicle_sender/vehicle_sender.cpp:178:5:[m[K [01;31m[Kerror: [m[K‘[01m[KROS_WARN[m[K’ was not declared in this scope
[3.338s]      [01;31m[KROS_WARN[m[K(("I RECEIVE CMD!");
[3.338s]      [01;31m[K^~~~~~~~[m[K
[3.339s] [01m[K/home/nuc/autoware.ai/src/autoware/utilities/vehicle_socket/nodes/vehicle_sender/vehicle_sender.cpp:178:5:[m[K [01;31m[Kerror: [m[Kexpected ‘[01m[K}[m[K’ at end of input
[3.523s] [01m[K/home/nuc/autoware.ai/src/autoware/utilities/vehicle_socket/nodes/vehicle_sender/vehicle_sender.cpp:[m[K At global scope:
[3.523s] [01m[K/home/nuc/autoware.ai/src/autoware/utilities/vehicle_socket/nodes/vehicle_sender/vehicle_sender.cpp:90:13:[m[K [01;35m[Kwarning: [m[K‘[01m[Kvoid vehicleCmdCallback(const VehicleCmd&)[m[K’ defined but not used [[01;35m[K-Wunused-function[m[K]
[3.523s]  static void [01;35m[KvehicleCmdCallback[m[K(const autoware_msgs::VehicleCmd &msg)
[3.523s]              [01;35m[K^~~~~~~~~~~~~~~~~~[m[K
[3.533s] CMakeFiles/vehicle_sender.dir/build.make:62: recipe for target 'CMakeFiles/vehicle_sender.dir/nodes/vehicle_sender/vehicle_sender.cpp.o' failed
[3.533s] make[2]: *** [CMakeFiles/vehicle_sender.dir/nodes/vehicle_sender/vehicle_sender.cpp.o] Error 1
[3.533s] CMakeFiles/Makefile2:190: recipe for target 'CMakeFiles/vehicle_sender.dir/all' failed
[3.533s] make[1]: *** [CMakeFiles/vehicle_sender.dir/all] Error 2
[3.534s] Makefile:140: recipe for target 'all' failed
[3.534s] make: *** [all] Error 2
[3.547s] Invoked command in '/home/nuc/autoware.ai/src/autoware/utilities/vehicle_socket/build/vehicle_socket' returned '2': /usr/bin/cmake --build /home/nuc/autoware.ai/src/autoware/utilities/vehicle_socket/build/vehicle_socket -- -j8 -l8
